<?xml version="1.0" encoding="UTF-8"?>
<testsuites name="jest tests" tests="187" failures="85" errors="0" time="249.663">
  <testsuite name="StatsOverview" errors="0" failures="2" skipped="0" timestamp="2025-10-16T07:17:13" time="28.015" tests="2">
    <testcase classname="StatsOverview" name="renders server stats correctly" time="3.341">
      <failure>Error: Unable to find an element with the text: 42,137. This could be because the text is broken up by multiple elements. In this case, you can provide a function for your text matcher to make your matcher more flexible.

Ignored nodes: comments, script, style
&lt;body&gt;
  &lt;div&gt;
    &lt;div
      aria-label=&quot;Overview stats&quot;
      class=&quot;MuiStack-root css-1875w52-MuiStack-root&quot;
      role=&quot;group&quot;
    &gt;
      &lt;div&gt;
        &lt;h6
          class=&quot;MuiTypography-root MuiTypography-subtitle2 css-1x0mq5c-MuiTypography-root&quot;
        &gt;
          Total Entities
        &lt;/h6&gt;
        &lt;h5
          class=&quot;MuiTypography-root MuiTypography-h5 css-16xl4zq-MuiTypography-root&quot;
        &gt;
          0
        &lt;/h5&gt;
      &lt;/div&gt;
      &lt;div&gt;
        &lt;h6
          class=&quot;MuiTypography-root MuiTypography-subtitle2 css-1x0mq5c-MuiTypography-root&quot;
        &gt;
          Total Relationships
        &lt;/h6&gt;
        &lt;h5
          class=&quot;MuiTypography-root MuiTypography-h5 css-16xl4zq-MuiTypography-root&quot;
        &gt;
          0
        &lt;/h5&gt;
      &lt;/div&gt;
      &lt;div&gt;
        &lt;h6
          class=&quot;MuiTypography-root MuiTypography-subtitle2 css-1x0mq5c-MuiTypography-root&quot;
        &gt;
          Investigations
        &lt;/h6&gt;
        &lt;h5
          class=&quot;MuiTypography-root MuiTypography-h5 css-16xl4zq-MuiTypography-root&quot;
        &gt;
          0
        &lt;/h5&gt;
      &lt;/div&gt;
      &lt;div&gt;
        &lt;h6
          class=&quot;MuiTypography-root MuiTypography-subtitle2 css-1x0mq5c-MuiTypography-root&quot;
        &gt;
          Query Latency
        &lt;/h6&gt;
        &lt;h5
          class=&quot;MuiTypography-root MuiTypography-h5 css-16xl4zq-MuiTypography-root&quot;
        &gt;
          0
          ms
        &lt;/h5&gt;
      &lt;/div&gt;
    &lt;/div&gt;
  &lt;/div&gt;
&lt;/body&gt;
    at waitForWrapper (/Users/brianlong/Developer/summit/client/node_modules/@testing-library/dom/dist/wait-for.js:166:27)
    at Object.&lt;anonymous&gt; (/Users/brianlong/Developer/summit/client/src/components/dashboard/__tests__/StatsOverview.test.tsx:30:18)
    at Promise.finally.completed (/Users/brianlong/Developer/summit/client/node_modules/jest-circus/build/jestAdapterInit.js:1556:28)
    at new Promise (&lt;anonymous&gt;)
    at callAsyncCircusFn (/Users/brianlong/Developer/summit/client/node_modules/jest-circus/build/jestAdapterInit.js:1496:10)
    at _callCircusTest (/Users/brianlong/Developer/summit/client/node_modules/jest-circus/build/jestAdapterInit.js:1006:40)
    at processTicksAndRejections (node:internal/process/task_queues:95:5)
    at _runTest (/Users/brianlong/Developer/summit/client/node_modules/jest-circus/build/jestAdapterInit.js:946:3)
    at _runTestsForDescribeBlock (/Users/brianlong/Developer/summit/client/node_modules/jest-circus/build/jestAdapterInit.js:839:13)
    at _runTestsForDescribeBlock (/Users/brianlong/Developer/summit/client/node_modules/jest-circus/build/jestAdapterInit.js:829:11)
    at run (/Users/brianlong/Developer/summit/client/node_modules/jest-circus/build/jestAdapterInit.js:757:3)
    at runAndTransformResultsToJestFormat (/Users/brianlong/Developer/summit/client/node_modules/jest-circus/build/jestAdapterInit.js:1917:21)
    at jestAdapter (/Users/brianlong/Developer/summit/client/node_modules/jest-circus/build/runner.js:101:19)
    at runTestInternal (/Users/brianlong/Developer/summit/client/node_modules/jest-runner/build/testWorker.js:275:16)
    at runTest (/Users/brianlong/Developer/summit/client/node_modules/jest-runner/build/testWorker.js:343:7)
    at Object.worker (/Users/brianlong/Developer/summit/client/node_modules/jest-runner/build/testWorker.js:497:12)</failure>
    </testcase>
    <testcase classname="StatsOverview" name="shows loading state" time="0.078">
      <failure>TestingLibraryElementError: Unable to find an element by: [data-testid=&quot;skeleton&quot;]

Ignored nodes: comments, script, style
&lt;body&gt;
  &lt;div&gt;
    &lt;div
      aria-label=&quot;Overview stats&quot;
      class=&quot;MuiStack-root css-1875w52-MuiStack-root&quot;
      role=&quot;group&quot;
    &gt;
      &lt;div&gt;
        &lt;h6
          class=&quot;MuiTypography-root MuiTypography-subtitle2 css-1x0mq5c-MuiTypography-root&quot;
        &gt;
          Total Entities
        &lt;/h6&gt;
        &lt;h5
          class=&quot;MuiTypography-root MuiTypography-h5 css-16xl4zq-MuiTypography-root&quot;
        &gt;
          0
        &lt;/h5&gt;
      &lt;/div&gt;
      &lt;div&gt;
        &lt;h6
          class=&quot;MuiTypography-root MuiTypography-subtitle2 css-1x0mq5c-MuiTypography-root&quot;
        &gt;
          Total Relationships
        &lt;/h6&gt;
        &lt;h5
          class=&quot;MuiTypography-root MuiTypography-h5 css-16xl4zq-MuiTypography-root&quot;
        &gt;
          0
        &lt;/h5&gt;
      &lt;/div&gt;
      &lt;div&gt;
        &lt;h6
          class=&quot;MuiTypography-root MuiTypography-subtitle2 css-1x0mq5c-MuiTypography-root&quot;
        &gt;
          Investigations
        &lt;/h6&gt;
        &lt;h5
          class=&quot;MuiTypography-root MuiTypography-h5 css-16xl4zq-MuiTypography-root&quot;
        &gt;
          0
        &lt;/h5&gt;
      &lt;/div&gt;
      &lt;div&gt;
        &lt;h6
          class=&quot;MuiTypography-root MuiTypography-subtitle2 css-1x0mq5c-MuiTypography-root&quot;
        &gt;
          Query Latency
        &lt;/h6&gt;
        &lt;h5
          class=&quot;MuiTypography-root MuiTypography-h5 css-16xl4zq-MuiTypography-root&quot;
        &gt;
          0
          ms
        &lt;/h5&gt;
      &lt;/div&gt;
    &lt;/div&gt;
  &lt;/div&gt;
&lt;/body&gt;
    at Object.getElementError (/Users/brianlong/Developer/summit/client/node_modules/@testing-library/dom/dist/config.js:37:19)
    at /Users/brianlong/Developer/summit/client/node_modules/@testing-library/dom/dist/query-helpers.js:76:38
    at /Users/brianlong/Developer/summit/client/node_modules/@testing-library/dom/dist/query-helpers.js:109:15
    at Object.&lt;anonymous&gt; (/Users/brianlong/Developer/summit/client/src/components/dashboard/__tests__/StatsOverview.test.tsx:63:19)</failure>
    </testcase>
  </testsuite>
  <testsuite name="ModelManagementDashboard" errors="0" failures="5" skipped="0" timestamp="2025-10-16T07:17:13" time="36.739" tests="28">
    <testcase classname="ModelManagementDashboard" name="renders MLOps dashboard header" time="0.969">
    </testcase>
    <testcase classname="ModelManagementDashboard" name="renders view tabs" time="0.482">
    </testcase>
    <testcase classname="ModelManagementDashboard" name="renders search and filters" time="0.173">
    </testcase>
    <testcase classname="ModelManagementDashboard" name="displays models by default" time="0.168">
    </testcase>
    <testcase classname="ModelManagementDashboard" name="switches between view tabs" time="2.819">
    </testcase>
    <testcase classname="ModelManagementDashboard" name="filters models by search query" time="1.355">
    </testcase>
    <testcase classname="ModelManagementDashboard" name="filters models by status" time="1.109">
    </testcase>
    <testcase classname="ModelManagementDashboard" name="selects model and shows details" time="0.889">
    </testcase>
    <testcase classname="ModelManagementDashboard" name="calls model select callback" time="0.685">
    </testcase>
    <testcase classname="ModelManagementDashboard" name="shows deploy button for non-production models" time="0.899">
    </testcase>
    <testcase classname="ModelManagementDashboard" name="hides deploy button for production models" time="0.856">
    </testcase>
    <testcase classname="ModelManagementDashboard" name="handles model deployment" time="1.276">
    </testcase>
    <testcase classname="ModelManagementDashboard" name="displays model performance metrics" time="2.157">
      <failure>TestingLibraryElementError: Found multiple elements with the text: (_, node) =&gt; !!node &amp;&amp; node.textContent?.includes(t)

Here are the matching elements:

Ignored nodes: comments, script, style
&lt;body&gt;
  &lt;div&gt;
    &lt;div
      class=&quot;model-management-dashboard &quot;
      style=&quot;height: 100%; display: flex; flex-direction: column;&quot;
    &gt;
      &lt;div
        style=&quot;margin-bottom: 24px;&quot;
      &gt;
        &lt;h3
          style=&quot;font-size: 1.2rem; font-weight: 600; margin-bottom: 16px;&quot;
        &gt;
          ü§ñ MLOps Model Management
        &lt;/h3&gt;
        &lt;div
          style=&quot;display: flex; border-bottom: 1px solid var(--hairline); margin-bottom: 16px;&quot;
        &gt;
          &lt;button
            style=&quot;padding: 12px 16px; background-color: transparent; border-bottom: 2px solid rgb(26, 115, 232); cursor: pointer; font-size: 14px; font-weight: 600; color: rgb(26, 115, 232);&quot;
          &gt;
            üéØ Models
             (
            3
            )
          &lt;/button&gt;
          &lt;button
            style=&quot;padding: 12px 16px; background-color: transparent; border-bottom: 2px solid transparent; cursor: pointer; font-size: 14px; font-weight: 400; color: rgb(102, 102, 102);&quot;
          &gt;
            üèãÔ∏è Training Jobs
             (
            2
            )
          &lt;/button&gt;
          &lt;button
            style=&quot;padding: 12px 16px; background-color: transparent; border-bottom: 2px solid transparent; cursor: pointer; font-size: 14px; font-weight: 400; color: rgb(102, 102, 102);&quot;
          &gt;
            üß™ Experiments
             (
            1
            )
          &lt;/button&gt;
          &lt;button
            style=&quot;padding: 12px 16px; background-color: transparent; border-bottom: 2px solid transparent; cursor: pointer; font-size: 14px; font-weight: 400; color: rgb(102, 102, 102);&quot;
          &gt;
            üìä Monitoring
             (
            0
            )
          &lt;/button&gt;
        &lt;/div&gt;
        &lt;div
          style=&quot;display: flex; gap: 12px; align-items: center; flex-wrap: wrap;&quot;
        &gt;
          &lt;input
            placeholder=&quot;Search models, tags, or algorithms...&quot;
            style=&quot;padding: 8px 12px; border: 1px solid var(--hairline); border-radius: 4px; flex: 1 1 300px; font-size: 14px;&quot;
            type=&quot;text&quot;
            value=&quot;&quot;
          /&gt;
          &lt;select
            style=&quot;padding: 8px; border: 1px solid var(--hairline); border-radius: 4px; font-size: 14px;&quot;
          &gt;
            &lt;option
              value=&quot;all&quot;
            &gt;
              All Status
            &lt;/option&gt;
            &lt;option
              value=&quot;production&quot;
            &gt;
              Production
            &lt;/option&gt;
            &lt;option
              value=&quot;staging&quot;
            &gt;
              Staging
            &lt;/option&gt;
            &lt;option
              value=&quot;development&quot;
            &gt;
              Development
            &lt;/option&gt;
            &lt;option
              value=&quot;deprecated&quot;
            &gt;
              Deprecated
            &lt;/option&gt;
          &lt;/select&gt;
        &lt;/div&gt;
      &lt;/div&gt;
      &lt;div
        style=&quot;flex: 1 1 0%; overflow: hidden;&quot;
      &gt;
        &lt;div
          style=&quot;height: 100%; display: grid; grid-template-columns: 1fr 1fr; gap: 16px;&quot;
        &gt;
          &lt;div
            style=&quot;overflow: auto; border: 1px solid var(--hairline); border-radius: 8px;&quot;
          &gt;
            &lt;div
              style=&quot;padding: 16px; border-bottom: 1px solid var(--hairline); background-color: rgb(248, 249, 250);&quot;
            &gt;
              &lt;h4
                style=&quot;margin: 0px; font-size: 14px; font-weight: 600;&quot;
              &gt;
                ML Models (
                3
                )
              &lt;/h4&gt;
            &lt;/div&gt;
            &lt;div&gt;
              &lt;div
                style=&quot;padding: 16px; border-bottom: 1px solid rgb(240, 240, 240); cursor: pointer; background-color: rgb(227, 242, 253); transition: background-color 0.2s;&quot;
              &gt;
                &lt;div
                  style=&quot;display: flex; justify-content: space-between; align-items: flex-start; margin-bottom: 8px;&quot;
                &gt;
                  &lt;div&gt;
                    &lt;h5
                      style=&quot;font-size: 14px; font-weight: 600; margin: 0px 0px 4px 0px;&quot;
                    &gt;
                      Entity Resolution Neural Network
                    &lt;/h5&gt;
                    &lt;div
                      style=&quot;font-size: 12px; color: rgb(102, 102, 102);&quot;
                    &gt;
                      v2.3.1
                       ‚Ä¢ 
                      Siamese Neural Network
                    &lt;/div&gt;
                  &lt;/div&gt;
                  &lt;div
                    style=&quot;display: flex; align-items: center; gap: 8px;&quot;
                  &gt;
                    &lt;span
                      style=&quot;font-size: 16px;&quot;
                    &gt;
                      üü¢
                    &lt;/span&gt;
                    &lt;span
                      style=&quot;font-size: 11px; padding: 2px 6px; border-radius: 12px; background-color: rgb(40, 167, 69); color: white; font-weight: 600;&quot;
                    &gt;
                      PRODUCTION
                    &lt;/span&gt;
                  &lt;/div&gt;
                &lt;/div&gt;
                &lt;div
                  style=&quot;display: grid; grid-template-columns: 1fr 1fr 1fr; gap: 8px; margin-bottom: 8px; font-size: 12px;&quot;
                &gt;
                  &lt;div&gt;
                    &lt;strong&gt;
                      Accuracy:
           ...

Ignored nodes: comments, script, style
&lt;div&gt;
  &lt;div
    class=&quot;model-management-dashboard &quot;
    style=&quot;height: 100%; display: flex; flex-direction: column;&quot;
  &gt;
    &lt;div
      style=&quot;margin-bottom: 24px;&quot;
    &gt;
      &lt;h3
        style=&quot;font-size: 1.2rem; font-weight: 600; margin-bottom: 16px;&quot;
      &gt;
        ü§ñ MLOps Model Management
      &lt;/h3&gt;
      &lt;div
        style=&quot;display: flex; border-bottom: 1px solid var(--hairline); margin-bottom: 16px;&quot;
      &gt;
        &lt;button
          style=&quot;padding: 12px 16px; background-color: transparent; border-bottom: 2px solid rgb(26, 115, 232); cursor: pointer; font-size: 14px; font-weight: 600; color: rgb(26, 115, 232);&quot;
        &gt;
          üéØ Models
           (
          3
          )
        &lt;/button&gt;
        &lt;button
          style=&quot;padding: 12px 16px; background-color: transparent; border-bottom: 2px solid transparent; cursor: pointer; font-size: 14px; font-weight: 400; color: rgb(102, 102, 102);&quot;
        &gt;
          üèãÔ∏è Training Jobs
           (
          2
          )
        &lt;/button&gt;
        &lt;button
          style=&quot;padding: 12px 16px; background-color: transparent; border-bottom: 2px solid transparent; cursor: pointer; font-size: 14px; font-weight: 400; color: rgb(102, 102, 102);&quot;
        &gt;
          üß™ Experiments
           (
          1
          )
        &lt;/button&gt;
        &lt;button
          style=&quot;padding: 12px 16px; background-color: transparent; border-bottom: 2px solid transparent; cursor: pointer; font-size: 14px; font-weight: 400; color: rgb(102, 102, 102);&quot;
        &gt;
          üìä Monitoring
           (
          0
          )
        &lt;/button&gt;
      &lt;/div&gt;
      &lt;div
        style=&quot;display: flex; gap: 12px; align-items: center; flex-wrap: wrap;&quot;
      &gt;
        &lt;input
          placeholder=&quot;Search models, tags, or algorithms...&quot;
          style=&quot;padding: 8px 12px; border: 1px solid var(--hairline); border-radius: 4px; flex: 1 1 300px; font-size: 14px;&quot;
          type=&quot;text&quot;
          value=&quot;&quot;
        /&gt;
        &lt;select
          style=&quot;padding: 8px; border: 1px solid var(--hairline); border-radius: 4px; font-size: 14px;&quot;
        &gt;
          &lt;option
            value=&quot;all&quot;
          &gt;
            All Status
          &lt;/option&gt;
          &lt;option
            value=&quot;production&quot;
          &gt;
            Production
          &lt;/option&gt;
          &lt;option
            value=&quot;staging&quot;
          &gt;
            Staging
          &lt;/option&gt;
          &lt;option
            value=&quot;development&quot;
          &gt;
            Development
          &lt;/option&gt;
          &lt;option
            value=&quot;deprecated&quot;
          &gt;
            Deprecated
          &lt;/option&gt;
        &lt;/select&gt;
      &lt;/div&gt;
    &lt;/div&gt;
    &lt;div
      style=&quot;flex: 1 1 0%; overflow: hidden;&quot;
    &gt;
      &lt;div
        style=&quot;height: 100%; display: grid; grid-template-columns: 1fr 1fr; gap: 16px;&quot;
      &gt;
        &lt;div
          style=&quot;overflow: auto; border: 1px solid var(--hairline); border-radius: 8px;&quot;
        &gt;
          &lt;div
            style=&quot;padding: 16px; border-bottom: 1px solid var(--hairline); background-color: rgb(248, 249, 250);&quot;
          &gt;
            &lt;h4
              style=&quot;margin: 0px; font-size: 14px; font-weight: 600;&quot;
            &gt;
              ML Models (
              3
              )
            &lt;/h4&gt;
          &lt;/div&gt;
          &lt;div&gt;
            &lt;div
              style=&quot;padding: 16px; border-bottom: 1px solid rgb(240, 240, 240); cursor: pointer; background-color: rgb(227, 242, 253); transition: background-color 0.2s;&quot;
            &gt;
              &lt;div
                style=&quot;display: flex; justify-content: space-between; align-items: flex-start; margin-bottom: 8px;&quot;
              &gt;
                &lt;div&gt;
                  &lt;h5
                    style=&quot;font-size: 14px; font-weight: 600; margin: 0px 0px 4px 0px;&quot;
                  &gt;
                    Entity Resolution Neural Network
                  &lt;/h5&gt;
                  &lt;div
                    style=&quot;font-size: 12px; color: rgb(102, 102, 102);&quot;
                  &gt;
                    v2.3.1
                     ‚Ä¢ 
                    Siamese Neural Network
                  &lt;/div&gt;
                &lt;/div&gt;
                &lt;div
                  style=&quot;display: flex; align-items: center; gap: 8px;&quot;
                &gt;
                  &lt;span
                    style=&quot;font-size: 16px;&quot;
                  &gt;
                    üü¢
                  &lt;/span&gt;
                  &lt;span
                    style=&quot;font-size: 11px; padding: 2px 6px; border-radius: 12px; background-color: rgb(40, 167, 69); color: white; font-weight: 600;&quot;
                  &gt;
                    PRODUCTION
                  &lt;/span&gt;
                &lt;/div&gt;
              &lt;/div&gt;
              &lt;div
                style=&quot;display: grid; grid-template-columns: 1fr 1fr 1fr; gap: 8px; margin-bottom: 8px; font-size: 12px;&quot;
              &gt;
                &lt;div&gt;
                  &lt;strong&gt;
                    Accuracy:
                  &lt;/strong&gt;
                   
                  94.2
                  %
                &lt;/div&gt;
                &lt;div&gt;
                  &lt;strong&gt;
                    F1:
                  &lt;/strong&gt;
                   
     ...

Ignored nodes: comments, script, style
&lt;div
  class=&quot;model-management-dashboard &quot;
  style=&quot;height: 100%; display: flex; flex-direction: column;&quot;
&gt;
  &lt;div
    style=&quot;margin-bottom: 24px;&quot;
  &gt;
    &lt;h3
      style=&quot;font-size: 1.2rem; font-weight: 600; margin-bottom: 16px;&quot;
    &gt;
      ü§ñ MLOps Model Management
    &lt;/h3&gt;
    &lt;div
      style=&quot;display: flex; border-bottom: 1px solid var(--hairline); margin-bottom: 16px;&quot;
    &gt;
      &lt;button
        style=&quot;padding: 12px 16px; background-color: transparent; border-bottom: 2px solid rgb(26, 115, 232); cursor: pointer; font-size: 14px; font-weight: 600; color: rgb(26, 115, 232);&quot;
      &gt;
        üéØ Models
         (
        3
        )
      &lt;/button&gt;
      &lt;button
        style=&quot;padding: 12px 16px; background-color: transparent; border-bottom: 2px solid transparent; cursor: pointer; font-size: 14px; font-weight: 400; color: rgb(102, 102, 102);&quot;
      &gt;
        üèãÔ∏è Training Jobs
         (
        2
        )
      &lt;/button&gt;
      &lt;button
        style=&quot;padding: 12px 16px; background-color: transparent; border-bottom: 2px solid transparent; cursor: pointer; font-size: 14px; font-weight: 400; color: rgb(102, 102, 102);&quot;
      &gt;
        üß™ Experiments
         (
        1
        )
      &lt;/button&gt;
      &lt;button
        style=&quot;padding: 12px 16px; background-color: transparent; border-bottom: 2px solid transparent; cursor: pointer; font-size: 14px; font-weight: 400; color: rgb(102, 102, 102);&quot;
      &gt;
        üìä Monitoring
         (
        0
        )
      &lt;/button&gt;
    &lt;/div&gt;
    &lt;div
      style=&quot;display: flex; gap: 12px; align-items: center; flex-wrap: wrap;&quot;
    &gt;
      &lt;input
        placeholder=&quot;Search models, tags, or algorithms...&quot;
        style=&quot;padding: 8px 12px; border: 1px solid var(--hairline); border-radius: 4px; flex: 1 1 300px; font-size: 14px;&quot;
        type=&quot;text&quot;
        value=&quot;&quot;
      /&gt;
      &lt;select
        style=&quot;padding: 8px; border: 1px solid var(--hairline); border-radius: 4px; font-size: 14px;&quot;
      &gt;
        &lt;option
          value=&quot;all&quot;
        &gt;
          All Status
        &lt;/option&gt;
        &lt;option
          value=&quot;production&quot;
        &gt;
          Production
        &lt;/option&gt;
        &lt;option
          value=&quot;staging&quot;
        &gt;
          Staging
        &lt;/option&gt;
        &lt;option
          value=&quot;development&quot;
        &gt;
          Development
        &lt;/option&gt;
        &lt;option
          value=&quot;deprecated&quot;
        &gt;
          Deprecated
        &lt;/option&gt;
      &lt;/select&gt;
    &lt;/div&gt;
  &lt;/div&gt;
  &lt;div
    style=&quot;flex: 1 1 0%; overflow: hidden;&quot;
  &gt;
    &lt;div
      style=&quot;height: 100%; display: grid; grid-template-columns: 1fr 1fr; gap: 16px;&quot;
    &gt;
      &lt;div
        style=&quot;overflow: auto; border: 1px solid var(--hairline); border-radius: 8px;&quot;
      &gt;
        &lt;div
          style=&quot;padding: 16px; border-bottom: 1px solid var(--hairline); background-color: rgb(248, 249, 250);&quot;
        &gt;
          &lt;h4
            style=&quot;margin: 0px; font-size: 14px; font-weight: 600;&quot;
          &gt;
            ML Models (
            3
            )
          &lt;/h4&gt;
        &lt;/div&gt;
        &lt;div&gt;
          &lt;div
            style=&quot;padding: 16px; border-bottom: 1px solid rgb(240, 240, 240); cursor: pointer; background-color: rgb(227, 242, 253); transition: background-color 0.2s;&quot;
          &gt;
            &lt;div
              style=&quot;display: flex; justify-content: space-between; align-items: flex-start; margin-bottom: 8px;&quot;
            &gt;
              &lt;div&gt;
                &lt;h5
                  style=&quot;font-size: 14px; font-weight: 600; margin: 0px 0px 4px 0px;&quot;
                &gt;
                  Entity Resolution Neural Network
                &lt;/h5&gt;
                &lt;div
                  style=&quot;font-size: 12px; color: rgb(102, 102, 102);&quot;
                &gt;
                  v2.3.1
                   ‚Ä¢ 
                  Siamese Neural Network
                &lt;/div&gt;
              &lt;/div&gt;
              &lt;div
                style=&quot;display: flex; align-items: center; gap: 8px;&quot;
              &gt;
                &lt;span
                  style=&quot;font-size: 16px;&quot;
                &gt;
                  üü¢
                &lt;/span&gt;
                &lt;span
                  style=&quot;font-size: 11px; padding: 2px 6px; border-radius: 12px; background-color: rgb(40, 167, 69); color: white; font-weight: 600;&quot;
                &gt;
                  PRODUCTION
                &lt;/span&gt;
              &lt;/div&gt;
            &lt;/div&gt;
            &lt;div
              style=&quot;display: grid; grid-template-columns: 1fr 1fr 1fr; gap: 8px; margin-bottom: 8px; font-size: 12px;&quot;
            &gt;
              &lt;div&gt;
                &lt;strong&gt;
                  Accuracy:
                &lt;/strong&gt;
                 
                94.2
                %
              &lt;/div&gt;
              &lt;div&gt;
                &lt;strong&gt;
                  F1:
                &lt;/strong&gt;
                 
                94.2
                %
              &lt;/div&gt;
              &lt;div&gt;
                &lt;strong&gt;
                  Latency:
                &lt;/strong&gt;
                 
                12.5
                ms
              &lt;/div&gt;
      ...

Ignored nodes: comments, script, style
&lt;div
  style=&quot;flex: 1 1 0%; overflow: hidden;&quot;
&gt;
  &lt;div
    style=&quot;height: 100%; display: grid; grid-template-columns: 1fr 1fr; gap: 16px;&quot;
  &gt;
    &lt;div
      style=&quot;overflow: auto; border: 1px solid var(--hairline); border-radius: 8px;&quot;
    &gt;
      &lt;div
        style=&quot;padding: 16px; border-bottom: 1px solid var(--hairline); background-color: rgb(248, 249, 250);&quot;
      &gt;
        &lt;h4
          style=&quot;margin: 0px; font-size: 14px; font-weight: 600;&quot;
        &gt;
          ML Models (
          3
          )
        &lt;/h4&gt;
      &lt;/div&gt;
      &lt;div&gt;
        &lt;div
          style=&quot;padding: 16px; border-bottom: 1px solid rgb(240, 240, 240); cursor: pointer; background-color: rgb(227, 242, 253); transition: background-color 0.2s;&quot;
        &gt;
          &lt;div
            style=&quot;display: flex; justify-content: space-between; align-items: flex-start; margin-bottom: 8px;&quot;
          &gt;
            &lt;div&gt;
              &lt;h5
                style=&quot;font-size: 14px; font-weight: 600; margin: 0px 0px 4px 0px;&quot;
              &gt;
                Entity Resolution Neural Network
              &lt;/h5&gt;
              &lt;div
                style=&quot;font-size: 12px; color: rgb(102, 102, 102);&quot;
              &gt;
                v2.3.1
                 ‚Ä¢ 
                Siamese Neural Network
              &lt;/div&gt;
            &lt;/div&gt;
            &lt;div
              style=&quot;display: flex; align-items: center; gap: 8px;&quot;
            &gt;
              &lt;span
                style=&quot;font-size: 16px;&quot;
              &gt;
                üü¢
              &lt;/span&gt;
              &lt;span
                style=&quot;font-size: 11px; padding: 2px 6px; border-radius: 12px; background-color: rgb(40, 167, 69); color: white; font-weight: 600;&quot;
              &gt;
                PRODUCTION
              &lt;/span&gt;
            &lt;/div&gt;
          &lt;/div&gt;
          &lt;div
            style=&quot;display: grid; grid-template-columns: 1fr 1fr 1fr; gap: 8px; margin-bottom: 8px; font-size: 12px;&quot;
          &gt;
            &lt;div&gt;
              &lt;strong&gt;
                Accuracy:
              &lt;/strong&gt;
               
              94.2
              %
            &lt;/div&gt;
            &lt;div&gt;
              &lt;strong&gt;
                F1:
              &lt;/strong&gt;
               
              94.2
              %
            &lt;/div&gt;
            &lt;div&gt;
              &lt;strong&gt;
                Latency:
              &lt;/strong&gt;
               
              12.5
              ms
            &lt;/div&gt;
          &lt;/div&gt;
          &lt;div
            style=&quot;display: flex; flex-wrap: wrap; gap: 4px; margin-bottom: 8px;&quot;
          &gt;
            &lt;span
              style=&quot;font-size: 11px; padding: 2px 6px; background-color: rgb(233, 236, 239); border-radius: 12px; color: rgb(73, 80, 87);&quot;
            &gt;
              entity-resolution
            &lt;/span&gt;
            &lt;span
              style=&quot;font-size: 11px; padding: 2px 6px; background-color: rgb(233, 236, 239); border-radius: 12px; color: rgb(73, 80, 87);&quot;
            &gt;
              neural-network
            &lt;/span&gt;
            &lt;span
              style=&quot;font-size: 11px; padding: 2px 6px; background-color: rgb(233, 236, 239); border-radius: 12px; color: rgb(73, 80, 87);&quot;
            &gt;
              production
            &lt;/span&gt;
          &lt;/div&gt;
          &lt;div
            style=&quot;font-size: 12px; color: rgb(102, 102, 102);&quot;
          &gt;
            &lt;div&gt;
              Author: 
              Dr. Sarah Chen
            &lt;/div&gt;
            &lt;div&gt;
              Created: 
              1/15/2024
            &lt;/div&gt;
          &lt;/div&gt;
        &lt;/div&gt;
        &lt;div
          style=&quot;padding: 16px; border-bottom: 1px solid rgb(240, 240, 240); cursor: pointer; background-color: transparent; transition: background-color 0.2s;&quot;
        &gt;
          &lt;div
            style=&quot;display: flex; justify-content: space-between; align-items: flex-start; margin-bottom: 8px;&quot;
          &gt;
            &lt;div&gt;
              &lt;h5
                style=&quot;font-size: 14px; font-weight: 600; margin: 0px 0px 4px 0px;&quot;
              &gt;
                Anomaly Detection Ensemble
              &lt;/h5&gt;
              &lt;div
                style=&quot;font-size: 12px; color: rgb(102, 102, 102);&quot;
              &gt;
                v1.8.4
                 ‚Ä¢ 
                Random Forest + Isolation Forest
              &lt;/div&gt;
            &lt;/div&gt;
            &lt;div
              style=&quot;display: flex; align-items: center; gap: 8px;&quot;
            &gt;
              &lt;span
                style=&quot;font-size: 16px;&quot;
              &gt;
                üü°
              &lt;/span&gt;
              &lt;span
                style=&quot;font-size: 11px; padding: 2px 6px; border-radius: 12px; background-color: rgb(255, 193, 7); color: white; font-weight: 600;&quot;
              &gt;
                STAGING
              &lt;/span&gt;
            &lt;/div&gt;
          &lt;/div&gt;
          &lt;div
            style=&quot;display: grid; grid-template-columns: 1fr 1fr 1fr; gap: 8px; margin-bottom: 8px; font-size: 12px;&quot;
          &gt;
            &lt;div&gt;
              &lt;strong&gt;
                Accuracy:
              &lt;/strong&gt;
               
              89.7
              %
            &lt;/div&gt;
            &lt;div&gt;
              &lt;strong&gt;
                F1:
              &lt;/strong&gt;
          ...

Ignored nodes: comments, script, style
&lt;div
  style=&quot;height: 100%; display: grid; grid-template-columns: 1fr 1fr; gap: 16px;&quot;
&gt;
  &lt;div
    style=&quot;overflow: auto; border: 1px solid var(--hairline); border-radius: 8px;&quot;
  &gt;
    &lt;div
      style=&quot;padding: 16px; border-bottom: 1px solid var(--hairline); background-color: rgb(248, 249, 250);&quot;
    &gt;
      &lt;h4
        style=&quot;margin: 0px; font-size: 14px; font-weight: 600;&quot;
      &gt;
        ML Models (
        3
        )
      &lt;/h4&gt;
    &lt;/div&gt;
    &lt;div&gt;
      &lt;div
        style=&quot;padding: 16px; border-bottom: 1px solid rgb(240, 240, 240); cursor: pointer; background-color: rgb(227, 242, 253); transition: background-color 0.2s;&quot;
      &gt;
        &lt;div
          style=&quot;display: flex; justify-content: space-between; align-items: flex-start; margin-bottom: 8px;&quot;
        &gt;
          &lt;div&gt;
            &lt;h5
              style=&quot;font-size: 14px; font-weight: 600; margin: 0px 0px 4px 0px;&quot;
            &gt;
              Entity Resolution Neural Network
            &lt;/h5&gt;
            &lt;div
              style=&quot;font-size: 12px; color: rgb(102, 102, 102);&quot;
            &gt;
              v2.3.1
               ‚Ä¢ 
              Siamese Neural Network
            &lt;/div&gt;
          &lt;/div&gt;
          &lt;div
            style=&quot;display: flex; align-items: center; gap: 8px;&quot;
          &gt;
            &lt;span
              style=&quot;font-size: 16px;&quot;
            &gt;
              üü¢
            &lt;/span&gt;
            &lt;span
              style=&quot;font-size: 11px; padding: 2px 6px; border-radius: 12px; background-color: rgb(40, 167, 69); color: white; font-weight: 600;&quot;
            &gt;
              PRODUCTION
            &lt;/span&gt;
          &lt;/div&gt;
        &lt;/div&gt;
        &lt;div
          style=&quot;display: grid; grid-template-columns: 1fr 1fr 1fr; gap: 8px; margin-bottom: 8px; font-size: 12px;&quot;
        &gt;
          &lt;div&gt;
            &lt;strong&gt;
              Accuracy:
            &lt;/strong&gt;
             
            94.2
            %
          &lt;/div&gt;
          &lt;div&gt;
            &lt;strong&gt;
              F1:
            &lt;/strong&gt;
             
            94.2
            %
          &lt;/div&gt;
          &lt;div&gt;
            &lt;strong&gt;
              Latency:
            &lt;/strong&gt;
             
            12.5
            ms
          &lt;/div&gt;
        &lt;/div&gt;
        &lt;div
          style=&quot;display: flex; flex-wrap: wrap; gap: 4px; margin-bottom: 8px;&quot;
        &gt;
          &lt;span
            style=&quot;font-size: 11px; padding: 2px 6px; background-color: rgb(233, 236, 239); border-radius: 12px; color: rgb(73, 80, 87);&quot;
          &gt;
            entity-resolution
          &lt;/span&gt;
          &lt;span
            style=&quot;font-size: 11px; padding: 2px 6px; background-color: rgb(233, 236, 239); border-radius: 12px; color: rgb(73, 80, 87);&quot;
          &gt;
            neural-network
          &lt;/span&gt;
          &lt;span
            style=&quot;font-size: 11px; padding: 2px 6px; background-color: rgb(233, 236, 239); border-radius: 12px; color: rgb(73, 80, 87);&quot;
          &gt;
            production
          &lt;/span&gt;
        &lt;/div&gt;
        &lt;div
          style=&quot;font-size: 12px; color: rgb(102, 102, 102);&quot;
        &gt;
          &lt;div&gt;
            Author: 
            Dr. Sarah Chen
          &lt;/div&gt;
          &lt;div&gt;
            Created: 
            1/15/2024
          &lt;/div&gt;
        &lt;/div&gt;
      &lt;/div&gt;
      &lt;div
        style=&quot;padding: 16px; border-bottom: 1px solid rgb(240, 240, 240); cursor: pointer; background-color: transparent; transition: background-color 0.2s;&quot;
      &gt;
        &lt;div
          style=&quot;display: flex; justify-content: space-between; align-items: flex-start; margin-bottom: 8px;&quot;
        &gt;
          &lt;div&gt;
            &lt;h5
              style=&quot;font-size: 14px; font-weight: 600; margin: 0px 0px 4px 0px;&quot;
            &gt;
              Anomaly Detection Ensemble
            &lt;/h5&gt;
            &lt;div
              style=&quot;font-size: 12px; color: rgb(102, 102, 102);&quot;
            &gt;
              v1.8.4
               ‚Ä¢ 
              Random Forest + Isolation Forest
            &lt;/div&gt;
          &lt;/div&gt;
          &lt;div
            style=&quot;display: flex; align-items: center; gap: 8px;&quot;
          &gt;
            &lt;span
              style=&quot;font-size: 16px;&quot;
            &gt;
              üü°
            &lt;/span&gt;
            &lt;span
              style=&quot;font-size: 11px; padding: 2px 6px; border-radius: 12px; background-color: rgb(255, 193, 7); color: white; font-weight: 600;&quot;
            &gt;
              STAGING
            &lt;/span&gt;
          &lt;/div&gt;
        &lt;/div&gt;
        &lt;div
          style=&quot;display: grid; grid-template-columns: 1fr 1fr 1fr; gap: 8px; margin-bottom: 8px; font-size: 12px;&quot;
        &gt;
          &lt;div&gt;
            &lt;strong&gt;
              Accuracy:
            &lt;/strong&gt;
             
            89.7
            %
          &lt;/div&gt;
          &lt;div&gt;
            &lt;strong&gt;
              F1:
            &lt;/strong&gt;
             
            89.6
            %
          &lt;/div&gt;
          &lt;div&gt;
            &lt;strong&gt;
              Latency:
            &lt;/strong&gt;
             
            8.2
            ms
          &lt;/div&gt;
        &lt;/div&gt;
        &lt;div
          style=&quot;display: flex; flex-wrap: wrap; g...

Ignored nodes: comments, script, style
&lt;div
  style=&quot;overflow: auto; border: 1px solid var(--hairline); border-radius: 8px;&quot;
&gt;
  &lt;div
    style=&quot;padding: 16px; border-bottom: 1px solid var(--hairline); background-color: rgb(248, 249, 250);&quot;
  &gt;
    &lt;h4
      style=&quot;margin: 0px; font-size: 14px; font-weight: 600;&quot;
    &gt;
      ML Models (
      3
      )
    &lt;/h4&gt;
  &lt;/div&gt;
  &lt;div&gt;
    &lt;div
      style=&quot;padding: 16px; border-bottom: 1px solid rgb(240, 240, 240); cursor: pointer; background-color: rgb(227, 242, 253); transition: background-color 0.2s;&quot;
    &gt;
      &lt;div
        style=&quot;display: flex; justify-content: space-between; align-items: flex-start; margin-bottom: 8px;&quot;
      &gt;
        &lt;div&gt;
          &lt;h5
            style=&quot;font-size: 14px; font-weight: 600; margin: 0px 0px 4px 0px;&quot;
          &gt;
            Entity Resolution Neural Network
          &lt;/h5&gt;
          &lt;div
            style=&quot;font-size: 12px; color: rgb(102, 102, 102);&quot;
          &gt;
            v2.3.1
             ‚Ä¢ 
            Siamese Neural Network
          &lt;/div&gt;
        &lt;/div&gt;
        &lt;div
          style=&quot;display: flex; align-items: center; gap: 8px;&quot;
        &gt;
          &lt;span
            style=&quot;font-size: 16px;&quot;
          &gt;
            üü¢
          &lt;/span&gt;
          &lt;span
            style=&quot;font-size: 11px; padding: 2px 6px; border-radius: 12px; background-color: rgb(40, 167, 69); color: white; font-weight: 600;&quot;
          &gt;
            PRODUCTION
          &lt;/span&gt;
        &lt;/div&gt;
      &lt;/div&gt;
      &lt;div
        style=&quot;display: grid; grid-template-columns: 1fr 1fr 1fr; gap: 8px; margin-bottom: 8px; font-size: 12px;&quot;
      &gt;
        &lt;div&gt;
          &lt;strong&gt;
            Accuracy:
          &lt;/strong&gt;
           
          94.2
          %
        &lt;/div&gt;
        &lt;div&gt;
          &lt;strong&gt;
            F1:
          &lt;/strong&gt;
           
          94.2
          %
        &lt;/div&gt;
        &lt;div&gt;
          &lt;strong&gt;
            Latency:
          &lt;/strong&gt;
           
          12.5
          ms
        &lt;/div&gt;
      &lt;/div&gt;
      &lt;div
        style=&quot;display: flex; flex-wrap: wrap; gap: 4px; margin-bottom: 8px;&quot;
      &gt;
        &lt;span
          style=&quot;font-size: 11px; padding: 2px 6px; background-color: rgb(233, 236, 239); border-radius: 12px; color: rgb(73, 80, 87);&quot;
        &gt;
          entity-resolution
        &lt;/span&gt;
        &lt;span
          style=&quot;font-size: 11px; padding: 2px 6px; background-color: rgb(233, 236, 239); border-radius: 12px; color: rgb(73, 80, 87);&quot;
        &gt;
          neural-network
        &lt;/span&gt;
        &lt;span
          style=&quot;font-size: 11px; padding: 2px 6px; background-color: rgb(233, 236, 239); border-radius: 12px; color: rgb(73, 80, 87);&quot;
        &gt;
          production
        &lt;/span&gt;
      &lt;/div&gt;
      &lt;div
        style=&quot;font-size: 12px; color: rgb(102, 102, 102);&quot;
      &gt;
        &lt;div&gt;
          Author: 
          Dr. Sarah Chen
        &lt;/div&gt;
        &lt;div&gt;
          Created: 
          1/15/2024
        &lt;/div&gt;
      &lt;/div&gt;
    &lt;/div&gt;
    &lt;div
      style=&quot;padding: 16px; border-bottom: 1px solid rgb(240, 240, 240); cursor: pointer; background-color: transparent; transition: background-color 0.2s;&quot;
    &gt;
      &lt;div
        style=&quot;display: flex; justify-content: space-between; align-items: flex-start; margin-bottom: 8px;&quot;
      &gt;
        &lt;div&gt;
          &lt;h5
            style=&quot;font-size: 14px; font-weight: 600; margin: 0px 0px 4px 0px;&quot;
          &gt;
            Anomaly Detection Ensemble
          &lt;/h5&gt;
          &lt;div
            style=&quot;font-size: 12px; color: rgb(102, 102, 102);&quot;
          &gt;
            v1.8.4
             ‚Ä¢ 
            Random Forest + Isolation Forest
          &lt;/div&gt;
        &lt;/div&gt;
        &lt;div
          style=&quot;display: flex; align-items: center; gap: 8px;&quot;
        &gt;
          &lt;span
            style=&quot;font-size: 16px;&quot;
          &gt;
            üü°
          &lt;/span&gt;
          &lt;span
            style=&quot;font-size: 11px; padding: 2px 6px; border-radius: 12px; background-color: rgb(255, 193, 7); color: white; font-weight: 600;&quot;
          &gt;
            STAGING
          &lt;/span&gt;
        &lt;/div&gt;
      &lt;/div&gt;
      &lt;div
        style=&quot;display: grid; grid-template-columns: 1fr 1fr 1fr; gap: 8px; margin-bottom: 8px; font-size: 12px;&quot;
      &gt;
        &lt;div&gt;
          &lt;strong&gt;
            Accuracy:
          &lt;/strong&gt;
           
          89.7
          %
        &lt;/div&gt;
        &lt;div&gt;
          &lt;strong&gt;
            F1:
          &lt;/strong&gt;
           
          89.6
          %
        &lt;/div&gt;
        &lt;div&gt;
          &lt;strong&gt;
            Latency:
          &lt;/strong&gt;
           
          8.2
          ms
        &lt;/div&gt;
      &lt;/div&gt;
      &lt;div
        style=&quot;display: flex; flex-wrap: wrap; gap: 4px; margin-bottom: 8px;&quot;
      &gt;
        &lt;span
          style=&quot;font-size: 11px; padding: 2px 6px; background-color: rgb(233, 236, 239); border-radius: 12px; color: rgb(73, 80, 87);&quot;
        &gt;
          anomaly-detection
        &lt;/span&gt;
        &lt;span
          style=&quot;font-size: 11px; padding: 2px 6px; background-color: rgb(233, 236, 239); border-radius: 12px; color: rgb(73, 80, 87);&quot;
        &gt;
          ensemble
        &lt;/span&gt;
        &lt;span
          style=&quot;font-size: 11px; padding: 2px 6px; background-color: rgb(233, 236, 239); border-radius: 12px; color: rgb(73, 80, 87);&quot;
        &gt;
          staging
        &lt;/span&gt;
      &lt;/div&gt;
      &lt;div
        style=&quot;font-size: 12px; color: rgb(102, 102, 102);&quot;
      &gt;
        &lt;div&gt;
          Author: 
          Alex Rodriguez
        &lt;/div&gt;
        &lt;div&gt;
          Created: 
          1/10/2024
        &lt;/div&gt;
      &lt;/div&gt;
    &lt;/div&gt;
    &lt;div
      style=&quot;padding: 16px; border-bottom: 1px solid rgb(240, 240, 240); cursor: pointer; background-color: transparent; transition: background-color 0.2s;&quot;
    &gt;
      &lt;div
        style=&quot;display: flex; justify-content: space-between; align-items: flex-start; margin-bottom: 8px;&quot;
      &gt;
        &lt;div&gt;
          &lt;h5
            style=&quot;font-size: 14px; font-weight: 600; margin: 0px 0px 4px 0px;&quot;
          &gt;
            Sentiment Analysis Transformer
          &lt;/h5&gt;
          &lt;div
            style=&quot;font-size: 12px; color: rgb(102, 102, 102);&quot;
          &gt;
            v3.1.0-beta
             ‚Ä¢ 
            BERT Transformer
          &lt;/div&gt;
        &lt;/div&gt;
        &lt;div
          style=&quot;display: flex; align-items: center; gap: 8px;&quot;
        &gt;
          &lt;span
            style=&quot;font-size: 16px;&quot;
          &gt;
            üîµ
          &lt;/span&gt;
          &lt;span
            style=&quot;font-size: 11px; padding: 2px 6px; border-radius: 12px; background-color: rgb(23, 162, 184); color: white; font-weight: 600;&quot;
          &gt;
            DEVELOPMENT
          &lt;/span&gt;
        &lt;/div&gt;
      &lt;/div&gt;
      &lt;div
        style=&quot;display: grid; grid-template-columns: 1fr 1fr 1fr; gap: 8px; margin-bottom: 8px; font-size: 12px;&quot;
      &gt;
        &lt;div&gt;
          &lt;strong&gt;
            Accuracy:
          &lt;/strong&gt;
           
          87.1
          %
        &lt;/div&gt;
        &lt;div&gt;
          &lt;strong&gt;
            F1:
          &lt;/strong&gt;
           
          87.1
          %
        &lt;/div&gt;
        &lt;div&gt;
          &lt;strong&gt;
            Latency:
          &lt;/strong&gt;
           
          45.3
          ms
        &lt;/div&gt;
      &lt;/div&gt;
      &lt;div
        style=&quot;display: flex; flex-wrap: wrap; gap: 4px; margin-bottom: 8px;&quot;
      &gt;
        &lt;span
          style=&quot;font-size: 11px; padding: 2px 6px; background-color: rgb(233, 236, 239); border-radius: 12px; color: rgb(73, 80, 87);&quot;
        &gt;
          sentiment-analysis
        &lt;/span&gt;
        &lt;span
          style=&quot;font-size: 11px; padding: 2px 6px; background-color: rgb(233, 236, 239); border-radius: 12px; color: rgb(73, 80, 87);&quot;
        &gt;
          transformer
        &lt;/span&gt;
        &lt;span
          style=&quot;font-size: 11px; padding: 2px 6px; background-color: rgb(233, 236, 239); border-radius: 12px; color: rgb(73, 80, 87);&quot;
        &gt;
          nlp
        &lt;/span&gt;
      &lt;/div&gt;
      &lt;div
        style=&quot;font-size: 12px; color: rgb(102, 102, 102);&quot;
      &gt;
        &lt;div&gt;
          Author: 
          Dr. Michael Zhang
        &lt;/div&gt;
        &lt;div&gt;
          Created: 
          1/25/2024
        &lt;/div&gt;
      &lt;/div&gt;
    &lt;/div&gt;
  &lt;/div&gt;
&lt;/div&gt;

Ignored nodes: comments, script, style
&lt;div&gt;
  &lt;div
    style=&quot;padding: 16px; border-bottom: 1px solid rgb(240, 240, 240); cursor: pointer; background-color: rgb(227, 242, 253); transition: background-color 0.2s;&quot;
  &gt;
    &lt;div
      style=&quot;display: flex; justify-content: space-between; align-items: flex-start; margin-bottom: 8px;&quot;
    &gt;
      &lt;div&gt;
        &lt;h5
          style=&quot;font-size: 14px; font-weight: 600; margin: 0px 0px 4px 0px;&quot;
        &gt;
          Entity Resolution Neural Network
        &lt;/h5&gt;
        &lt;div
          style=&quot;font-size: 12px; color: rgb(102, 102, 102);&quot;
        &gt;
          v2.3.1
           ‚Ä¢ 
          Siamese Neural Network
        &lt;/div&gt;
      &lt;/div&gt;
      &lt;div
        style=&quot;display: flex; align-items: center; gap: 8px;&quot;
      &gt;
        &lt;span
          style=&quot;font-size: 16px;&quot;
        &gt;
          üü¢
        &lt;/span&gt;
        &lt;span
          style=&quot;font-size: 11px; padding: 2px 6px; border-radius: 12px; background-color: rgb(40, 167, 69); color: white; font-weight: 600;&quot;
        &gt;
          PRODUCTION
        &lt;/span&gt;
      &lt;/div&gt;
    &lt;/div&gt;
    &lt;div
      style=&quot;display: grid; grid-template-columns: 1fr 1fr 1fr; gap: 8px; margin-bottom: 8px; font-size: 12px;&quot;
    &gt;
      &lt;div&gt;
        &lt;strong&gt;
          Accuracy:
        &lt;/strong&gt;
         
        94.2
        %
      &lt;/div&gt;
      &lt;div&gt;
        &lt;strong&gt;
          F1:
        &lt;/strong&gt;
         
        94.2
        %
      &lt;/div&gt;
      &lt;div&gt;
        &lt;strong&gt;
          Latency:
        &lt;/strong&gt;
         
        12.5
        ms
      &lt;/div&gt;
    &lt;/div&gt;
    &lt;div
      style=&quot;display: flex; flex-wrap: wrap; gap: 4px; margin-bottom: 8px;&quot;
    &gt;
      &lt;span
        style=&quot;font-size: 11px; padding: 2px 6px; background-color: rgb(233, 236, 239); border-radius: 12px; color: rgb(73, 80, 87);&quot;
      &gt;
        entity-resolution
      &lt;/span&gt;
      &lt;span
        style=&quot;font-size: 11px; padding: 2px 6px; background-color: rgb(233, 236, 239); border-radius: 12px; color: rgb(73, 80, 87);&quot;
      &gt;
        neural-network
      &lt;/span&gt;
      &lt;span
        style=&quot;font-size: 11px; padding: 2px 6px; background-color: rgb(233, 236, 239); border-radius: 12px; color: rgb(73, 80, 87);&quot;
      &gt;
        production
      &lt;/span&gt;
    &lt;/div&gt;
    &lt;div
      style=&quot;font-size: 12px; color: rgb(102, 102, 102);&quot;
    &gt;
      &lt;div&gt;
        Author: 
        Dr. Sarah Chen
      &lt;/div&gt;
      &lt;div&gt;
        Created: 
        1/15/2024
      &lt;/div&gt;
    &lt;/div&gt;
  &lt;/div&gt;
  &lt;div
    style=&quot;padding: 16px; border-bottom: 1px solid rgb(240, 240, 240); cursor: pointer; background-color: transparent; transition: background-color 0.2s;&quot;
  &gt;
    &lt;div
      style=&quot;display: flex; justify-content: space-between; align-items: flex-start; margin-bottom: 8px;&quot;
    &gt;
      &lt;div&gt;
        &lt;h5
          style=&quot;font-size: 14px; font-weight: 600; margin: 0px 0px 4px 0px;&quot;
        &gt;
          Anomaly Detection Ensemble
        &lt;/h5&gt;
        &lt;div
          style=&quot;font-size: 12px; color: rgb(102, 102, 102);&quot;
        &gt;
          v1.8.4
           ‚Ä¢ 
          Random Forest + Isolation Forest
        &lt;/div&gt;
      &lt;/div&gt;
      &lt;div
        style=&quot;display: flex; align-items: center; gap: 8px;&quot;
      &gt;
        &lt;span
          style=&quot;font-size: 16px;&quot;
        &gt;
          üü°
        &lt;/span&gt;
        &lt;span
          style=&quot;font-size: 11px; padding: 2px 6px; border-radius: 12px; background-color: rgb(255, 193, 7); color: white; font-weight: 600;&quot;
        &gt;
          STAGING
        &lt;/span&gt;
      &lt;/div&gt;
    &lt;/div&gt;
    &lt;div
      style=&quot;display: grid; grid-template-columns: 1fr 1fr 1fr; gap: 8px; margin-bottom: 8px; font-size: 12px;&quot;
    &gt;
      &lt;div&gt;
        &lt;strong&gt;
          Accuracy:
        &lt;/strong&gt;
         
        89.7
        %
      &lt;/div&gt;
      &lt;div&gt;
        &lt;strong&gt;
          F1:
        &lt;/strong&gt;
         
        89.6
        %
      &lt;/div&gt;
      &lt;div&gt;
        &lt;strong&gt;
          Latency:
        &lt;/strong&gt;
         
        8.2
        ms
      &lt;/div&gt;
    &lt;/div&gt;
    &lt;div
      style=&quot;display: flex; flex-wrap: wrap; gap: 4px; margin-bottom: 8px;&quot;
    &gt;
      &lt;span
        style=&quot;font-size: 11px; padding: 2px 6px; background-color: rgb(233, 236, 239); border-radius: 12px; color: rgb(73, 80, 87);&quot;
      &gt;
        anomaly-detection
      &lt;/span&gt;
      &lt;span
        style=&quot;font-size: 11px; padding: 2px 6px; background-color: rgb(233, 236, 239); border-radius: 12px; color: rgb(73, 80, 87);&quot;
      &gt;
        ensemble
      &lt;/span&gt;
      &lt;span
        style=&quot;font-size: 11px; padding: 2px 6px; background-color: rgb(233, 236, 239); border-radius: 12px; color: rgb(73, 80, 87);&quot;
      &gt;
        staging
      &lt;/span&gt;
    &lt;/div&gt;
    &lt;div
      style=&quot;font-size: 12px; color: rgb(102, 102, 102);&quot;
    &gt;
      &lt;div&gt;
        Author: 
        Alex Rodriguez
      &lt;/div&gt;
      &lt;div&gt;
        Created: 
        1/10/2024
      &lt;/div&gt;
    &lt;/div&gt;
  &lt;/div&gt;
  &lt;div
    style=&quot;padding: 16px; border-bottom: 1px solid rgb(240, 240, 240); cursor: pointer; background-color: transparent; transition: background-color 0.2s;&quot;
  &gt;
    &lt;div
      style=&quot;display: flex; justify-content: space-between; align-items: flex-start; margin-bottom: 8px;&quot;
    &gt;
      &lt;div&gt;
        &lt;h5
          style=&quot;font-size: 14px; font-weight: 600; margin: 0px 0px 4px 0px;&quot;
        &gt;
          Sentiment Analysis Transformer
        &lt;/h5&gt;
        &lt;div
          style=&quot;font-size: 12px; color: rgb(102, 102, 102);&quot;
        &gt;
          v3.1.0-beta
           ‚Ä¢ 
          BERT Transformer
        &lt;/div&gt;
      &lt;/div&gt;
      &lt;div
        style=&quot;display: flex; align-items: center; gap: 8px;&quot;
      &gt;
        &lt;span
          style=&quot;font-size: 16px;&quot;
        &gt;
          üîµ
        &lt;/span&gt;
        &lt;span
          style=&quot;font-size: 11px; padding: 2px 6px; border-radius: 12px; background-color: rgb(23, 162, 184); color: white; font-weight: 600;&quot;
        &gt;
          DEVELOPMENT
        &lt;/span&gt;
      &lt;/div&gt;
    &lt;/div&gt;
    &lt;div
      style=&quot;display: grid; grid-template-columns: 1fr 1fr 1fr; gap: 8px; margin-bottom: 8px; font-size: 12px;&quot;
    &gt;
      &lt;div&gt;
        &lt;strong&gt;
          Accuracy:
        &lt;/strong&gt;
         
        87.1
        %
      &lt;/div&gt;
      &lt;div&gt;
        &lt;strong&gt;
          F1:
        &lt;/strong&gt;
         
        87.1
        %
      &lt;/div&gt;
      &lt;div&gt;
        &lt;strong&gt;
          Latency:
        &lt;/strong&gt;
         
        45.3
        ms
      &lt;/div&gt;
    &lt;/div&gt;
    &lt;div
      style=&quot;display: flex; flex-wrap: wrap; gap: 4px; margin-bottom: 8px;&quot;
    &gt;
      &lt;span
        style=&quot;font-size: 11px; padding: 2px 6px; background-color: rgb(233, 236, 239); border-radius: 12px; color: rgb(73, 80, 87);&quot;
      &gt;
        sentiment-analysis
      &lt;/span&gt;
      &lt;span
        style=&quot;font-size: 11px; padding: 2px 6px; background-color: rgb(233, 236, 239); border-radius: 12px; color: rgb(73, 80, 87);&quot;
      &gt;
        transformer
      &lt;/span&gt;
      &lt;span
        style=&quot;font-size: 11px; padding: 2px 6px; background-color: rgb(233, 236, 239); border-radius: 12px; color: rgb(73, 80, 87);&quot;
      &gt;
        nlp
      &lt;/span&gt;
    &lt;/div&gt;
    &lt;div
      style=&quot;font-size: 12px; color: rgb(102, 102, 102);&quot;
    &gt;
      &lt;div&gt;
        Author: 
        Dr. Michael Zhang
      &lt;/div&gt;
      &lt;div&gt;
        Created: 
        1/25/2024
      &lt;/div&gt;
    &lt;/div&gt;
  &lt;/div&gt;
&lt;/div&gt;

Ignored nodes: comments, script, style
&lt;div
  style=&quot;padding: 16px; border-bottom: 1px solid rgb(240, 240, 240); cursor: pointer; background-color: rgb(227, 242, 253); transition: background-color 0.2s;&quot;
&gt;
  &lt;div
    style=&quot;display: flex; justify-content: space-between; align-items: flex-start; margin-bottom: 8px;&quot;
  &gt;
    &lt;div&gt;
      &lt;h5
        style=&quot;font-size: 14px; font-weight: 600; margin: 0px 0px 4px 0px;&quot;
      &gt;
        Entity Resolution Neural Network
      &lt;/h5&gt;
      &lt;div
        style=&quot;font-size: 12px; color: rgb(102, 102, 102);&quot;
      &gt;
        v2.3.1
         ‚Ä¢ 
        Siamese Neural Network
      &lt;/div&gt;
    &lt;/div&gt;
    &lt;div
      style=&quot;display: flex; align-items: center; gap: 8px;&quot;
    &gt;
      &lt;span
        style=&quot;font-size: 16px;&quot;
      &gt;
        üü¢
      &lt;/span&gt;
      &lt;span
        style=&quot;font-size: 11px; padding: 2px 6px; border-radius: 12px; background-color: rgb(40, 167, 69); color: white; font-weight: 600;&quot;
      &gt;
        PRODUCTION
      &lt;/span&gt;
    &lt;/div&gt;
  &lt;/div&gt;
  &lt;div
    style=&quot;display: grid; grid-template-columns: 1fr 1fr 1fr; gap: 8px; margin-bottom: 8px; font-size: 12px;&quot;
  &gt;
    &lt;div&gt;
      &lt;strong&gt;
        Accuracy:
      &lt;/strong&gt;
       
      94.2
      %
    &lt;/div&gt;
    &lt;div&gt;
      &lt;strong&gt;
        F1:
      &lt;/strong&gt;
       
      94.2
      %
    &lt;/div&gt;
    &lt;div&gt;
      &lt;strong&gt;
        Latency:
      &lt;/strong&gt;
       
      12.5
      ms
    &lt;/div&gt;
  &lt;/div&gt;
  &lt;div
    style=&quot;display: flex; flex-wrap: wrap; gap: 4px; margin-bottom: 8px;&quot;
  &gt;
    &lt;span
      style=&quot;font-size: 11px; padding: 2px 6px; background-color: rgb(233, 236, 239); border-radius: 12px; color: rgb(73, 80, 87);&quot;
    &gt;
      entity-resolution
    &lt;/span&gt;
    &lt;span
      style=&quot;font-size: 11px; padding: 2px 6px; background-color: rgb(233, 236, 239); border-radius: 12px; color: rgb(73, 80, 87);&quot;
    &gt;
      neural-network
    &lt;/span&gt;
    &lt;span
      style=&quot;font-size: 11px; padding: 2px 6px; background-color: rgb(233, 236, 239); border-radius: 12px; color: rgb(73, 80, 87);&quot;
    &gt;
      production
    &lt;/span&gt;
  &lt;/div&gt;
  &lt;div
    style=&quot;font-size: 12px; color: rgb(102, 102, 102);&quot;
  &gt;
    &lt;div&gt;
      Author: 
      Dr. Sarah Chen
    &lt;/div&gt;
    &lt;div&gt;
      Created: 
      1/15/2024
    &lt;/div&gt;
  &lt;/div&gt;
&lt;/div&gt;

Ignored nodes: comments, script, style
&lt;div
  style=&quot;display: grid; grid-template-columns: 1fr 1fr 1fr; gap: 8px; margin-bottom: 8px; font-size: 12px;&quot;
&gt;
  &lt;div&gt;
    &lt;strong&gt;
      Accuracy:
    &lt;/strong&gt;
     
    94.2
    %
  &lt;/div&gt;
  &lt;div&gt;
    &lt;strong&gt;
      F1:
    &lt;/strong&gt;
     
    94.2
    %
  &lt;/div&gt;
  &lt;div&gt;
    &lt;strong&gt;
      Latency:
    &lt;/strong&gt;
     
    12.5
    ms
  &lt;/div&gt;
&lt;/div&gt;

Ignored nodes: comments, script, style
&lt;div&gt;
  &lt;strong&gt;
    Accuracy:
  &lt;/strong&gt;
   
  94.2
  %
&lt;/div&gt;

Ignored nodes: comments, script, style
&lt;div
  style=&quot;overflow: auto; border: 1px solid var(--hairline); border-radius: 8px;&quot;
&gt;
  &lt;div
    style=&quot;padding: 16px; border-bottom: 1px solid var(--hairline); background-color: rgb(248, 249, 250); display: flex; justify-content: space-between; align-items: center;&quot;
  &gt;
    &lt;h4
      style=&quot;margin: 0px; font-size: 14px; font-weight: 600;&quot;
    &gt;
      Model Details
    &lt;/h4&gt;
  &lt;/div&gt;
  &lt;div
    style=&quot;padding: 16px;&quot;
  &gt;
    &lt;div
      style=&quot;margin-bottom: 24px;&quot;
    &gt;
      &lt;h5
        style=&quot;font-size: 16px; font-weight: 600; margin-bottom: 8px;&quot;
      &gt;
        Entity Resolution Neural Network
         
        v2.3.1
      &lt;/h5&gt;
      &lt;p
        style=&quot;font-size: 13px; color: rgb(102, 102, 102); line-height: 1.4;&quot;
      &gt;
        Deep learning model for entity resolution and deduplication
      &lt;/p&gt;
    &lt;/div&gt;
    &lt;div
      style=&quot;margin-bottom: 24px;&quot;
    &gt;
      &lt;h6
        style=&quot;font-size: 14px; font-weight: 600; margin-bottom: 8px;&quot;
      &gt;
        Performance Metrics
      &lt;/h6&gt;
      &lt;div
        style=&quot;display: grid; grid-template-columns: 1fr 1fr; gap: 12px; font-size: 13px;&quot;
      &gt;
        &lt;div&gt;
          &lt;strong&gt;
            Accuracy:
          &lt;/strong&gt;
           
          94.2
          %
        &lt;/div&gt;
        &lt;div&gt;
          &lt;strong&gt;
            Precision:
          &lt;/strong&gt;
           
          92.8
          %
        &lt;/div&gt;
        &lt;div&gt;
          &lt;strong&gt;
            Recall:
          &lt;/strong&gt;
           
          95.6
          %
        &lt;/div&gt;
        &lt;div&gt;
          &lt;strong&gt;
            F1 Score:
          &lt;/strong&gt;
           
          94.2
          %
        &lt;/div&gt;
        &lt;div&gt;
          &lt;strong&gt;
            AUC:
          &lt;/strong&gt;
           
          97.3
          %
        &lt;/div&gt;
        &lt;div&gt;
          &lt;strong&gt;
            Loss:
          &lt;/strong&gt;
           
          0.084
        &lt;/div&gt;
        &lt;div&gt;
          &lt;strong&gt;
            Latency:
          &lt;/strong&gt;
           
          12.5
          ms
        &lt;/div&gt;
        &lt;div&gt;
          &lt;strong&gt;
            Throughput:
          &lt;/strong&gt;
           
          1847
          /sec
        &lt;/div&gt;
      &lt;/div&gt;
    &lt;/div&gt;
    &lt;div
      style=&quot;margin-bottom: 24px;&quot;
    &gt;
      &lt;h6
        style=&quot;font-size: 14px; font-weight: 600; margin-bottom: 8px;&quot;
      &gt;
        Model Information
      &lt;/h6&gt;
      &lt;div
        style=&quot;font-size: 13px; line-height: 1.4;&quot;
      &gt;
        &lt;div&gt;
          &lt;strong&gt;
            Algorithm:
          &lt;/strong&gt;
           
          Siamese Neural Network
        &lt;/div&gt;
        &lt;div&gt;
          &lt;strong&gt;
            Size:
          &lt;/strong&gt;
           
          45.3
           MB
        &lt;/div&gt;
        &lt;div&gt;
          &lt;strong&gt;
            Training Duration:
          &lt;/strong&gt;
           
          180
           minutes
        &lt;/div&gt;
        &lt;div&gt;
          &lt;strong&gt;
            Dataset Version:
          &lt;/strong&gt;
           
          v1.2.0
        &lt;/div&gt;
        &lt;div&gt;
          &lt;strong&gt;
            Author:
          &lt;/strong&gt;
           
          Dr. Sarah Chen
        &lt;/div&gt;
        &lt;div&gt;
          &lt;strong&gt;
            Created:
          &lt;/strong&gt;
           
          1/15/2024, 12:00:00 AM
        &lt;/div&gt;
        &lt;div&gt;
          &lt;strong&gt;
            Deployed:
          &lt;/strong&gt;
           
          1/20/2024, 12:00:00 AM
        &lt;/div&gt;
      &lt;/div&gt;
    &lt;/div&gt;
    &lt;div
      style=&quot;margin-bottom: 24px;&quot;
    &gt;
      &lt;h6
        style=&quot;font-size: 14px; font-weight: 600; margin-bottom: 8px;&quot;
      &gt;
        Environment
      &lt;/h6&gt;
      &lt;div
        style=&quot;font-size: 13px; line-height: 1.4;&quot;
      &gt;
        &lt;div&gt;
          &lt;strong&gt;
            Python:
          &lt;/strong&gt;
           
          3.9.7
        &lt;/div&gt;
        &lt;div&gt;
          &lt;strong&gt;
            Hardware:
          &lt;/strong&gt;
           
          NVIDIA V100
        &lt;/div&gt;
        &lt;div&gt;
          &lt;strong&gt;
            Frameworks:
          &lt;/strong&gt;
        &lt;/div&gt;
        &lt;div
          style=&quot;margin-left: 16px;&quot;
        &gt;
          &lt;div&gt;
            ‚Ä¢ 
            tensorflow
            : 
            2.8.0
          &lt;/div&gt;
          &lt;div&gt;
            ‚Ä¢ 
            numpy
            : 
            1.21.0
          &lt;/div&gt;
          &lt;div&gt;
            ‚Ä¢ 
            pandas
            : 
            1.3.3
          &lt;/div&gt;
        &lt;/div&gt;
      &lt;/div&gt;
    &lt;/div&gt;
    &lt;div
      style=&quot;margin-bottom: 24px;&quot;
    &gt;
      &lt;h6
        style=&quot;font-size: 14px; font-weight: 600; margin-bottom: 8px;&quot;
      &gt;
        Endpoints
      &lt;/h6&gt;
      &lt;div
        style=&quot;font-size: 13px; line-height: 1.4;&quot;
      &gt;
        &lt;div&gt;
          &lt;strong&gt;
            Inference:
          &lt;/strong&gt;
           
          &lt;code&gt;
            /api/models/entity-resolution/predict
          &lt;/code&gt;
        &lt;/div&gt;
        &lt;div&gt;
          &lt;strong&gt;
            Monitoring:
          &lt;/strong&gt;
           
          &lt;code&gt;
            /api/models/entity-resolution/metrics
          &lt;/code&gt;
        &lt;/div&gt;
      &lt;/div&gt;
    &lt;/div&gt;
    &lt;div
      style=&quot;margin-bottom: 24px;&quot;
    &gt;
      &lt;h6
        style=&quot;font-size: 14px; font-weight: 600; margin-bottom: 8px;&quot;
      &gt;
        Tags
      &lt;/h6&gt;
      &lt;div
        style=&quot;display: flex; flex-wrap: wrap; gap: 4px;&quot;
      &gt;
        &lt;span
          style=&quot;font-size: 12px; padding: 4px 8px; background-color: rgb(233, 236, 239); border-radius: 12px; color: rgb(73, 80, 87);&quot;
        &gt;
          entity-resolution
        &lt;/span&gt;
        &lt;span
          style=&quot;font-size: 12px; padding: 4px 8px; background-color: rgb(233, 236, 239); border-radius: 12px; color: rgb(73, 80, 87);&quot;
        &gt;
          neural-network
        &lt;/span&gt;
        &lt;span
          style=&quot;font-size: 12px; padding: 4px 8px; background-color: rgb(233, 236, 239); border-radius: 12px; color: rgb(73, 80, 87);&quot;
        &gt;
          production
        &lt;/span&gt;
      &lt;/div&gt;
    &lt;/div&gt;
  &lt;/div&gt;
&lt;/div&gt;

Ignored nodes: comments, script, style
&lt;div
  style=&quot;padding: 16px;&quot;
&gt;
  &lt;div
    style=&quot;margin-bottom: 24px;&quot;
  &gt;
    &lt;h5
      style=&quot;font-size: 16px; font-weight: 600; margin-bottom: 8px;&quot;
    &gt;
      Entity Resolution Neural Network
       
      v2.3.1
    &lt;/h5&gt;
    &lt;p
      style=&quot;font-size: 13px; color: rgb(102, 102, 102); line-height: 1.4;&quot;
    &gt;
      Deep learning model for entity resolution and deduplication
    &lt;/p&gt;
  &lt;/div&gt;
  &lt;div
    style=&quot;margin-bottom: 24px;&quot;
  &gt;
    &lt;h6
      style=&quot;font-size: 14px; font-weight: 600; margin-bottom: 8px;&quot;
    &gt;
      Performance Metrics
    &lt;/h6&gt;
    &lt;div
      style=&quot;display: grid; grid-template-columns: 1fr 1fr; gap: 12px; font-size: 13px;&quot;
    &gt;
      &lt;div&gt;
        &lt;strong&gt;
          Accuracy:
        &lt;/strong&gt;
         
        94.2
        %
      &lt;/div&gt;
      &lt;div&gt;
        &lt;strong&gt;
          Precision:
        &lt;/strong&gt;
         
        92.8
        %
      &lt;/div&gt;
      &lt;div&gt;
        &lt;strong&gt;
          Recall:
        &lt;/strong&gt;
         
        95.6
        %
      &lt;/div&gt;
      &lt;div&gt;
        &lt;strong&gt;
          F1 Score:
        &lt;/strong&gt;
         
        94.2
        %
      &lt;/div&gt;
      &lt;div&gt;
        &lt;strong&gt;
          AUC:
        &lt;/strong&gt;
         
        97.3
        %
      &lt;/div&gt;
      &lt;div&gt;
        &lt;strong&gt;
          Loss:
        &lt;/strong&gt;
         
        0.084
      &lt;/div&gt;
      &lt;div&gt;
        &lt;strong&gt;
          Latency:
        &lt;/strong&gt;
         
        12.5
        ms
      &lt;/div&gt;
      &lt;div&gt;
        &lt;strong&gt;
          Throughput:
        &lt;/strong&gt;
         
        1847
        /sec
      &lt;/div&gt;
    &lt;/div&gt;
  &lt;/div&gt;
  &lt;div
    style=&quot;margin-bottom: 24px;&quot;
  &gt;
    &lt;h6
      style=&quot;font-size: 14px; font-weight: 600; margin-bottom: 8px;&quot;
    &gt;
      Model Information
    &lt;/h6&gt;
    &lt;div
      style=&quot;font-size: 13px; line-height: 1.4;&quot;
    &gt;
      &lt;div&gt;
        &lt;strong&gt;
          Algorithm:
        &lt;/strong&gt;
         
        Siamese Neural Network
      &lt;/div&gt;
      &lt;div&gt;
        &lt;strong&gt;
          Size:
        &lt;/strong&gt;
         
        45.3
         MB
      &lt;/div&gt;
      &lt;div&gt;
        &lt;strong&gt;
          Training Duration:
        &lt;/strong&gt;
         
        180
         minutes
      &lt;/div&gt;
      &lt;div&gt;
        &lt;strong&gt;
          Dataset Version:
        &lt;/strong&gt;
         
        v1.2.0
      &lt;/div&gt;
      &lt;div&gt;
        &lt;strong&gt;
          Author:
        &lt;/strong&gt;
         
        Dr. Sarah Chen
      &lt;/div&gt;
      &lt;div&gt;
        &lt;strong&gt;
          Created:
        &lt;/strong&gt;
         
        1/15/2024, 12:00:00 AM
      &lt;/div&gt;
      &lt;div&gt;
        &lt;strong&gt;
          Deployed:
        &lt;/strong&gt;
         
        1/20/2024, 12:00:00 AM
      &lt;/div&gt;
    &lt;/div&gt;
  &lt;/div&gt;
  &lt;div
    style=&quot;margin-bottom: 24px;&quot;
  &gt;
    &lt;h6
      style=&quot;font-size: 14px; font-weight: 600; margin-bottom: 8px;&quot;
    &gt;
      Environment
    &lt;/h6&gt;
    &lt;div
      style=&quot;font-size: 13px; line-height: 1.4;&quot;
    &gt;
      &lt;div&gt;
        &lt;strong&gt;
          Python:
        &lt;/strong&gt;
         
        3.9.7
      &lt;/div&gt;
      &lt;div&gt;
        &lt;strong&gt;
          Hardware:
        &lt;/strong&gt;
         
        NVIDIA V100
      &lt;/div&gt;
      &lt;div&gt;
        &lt;strong&gt;
          Frameworks:
        &lt;/strong&gt;
      &lt;/div&gt;
      &lt;div
        style=&quot;margin-left: 16px;&quot;
      &gt;
        &lt;div&gt;
          ‚Ä¢ 
          tensorflow
          : 
          2.8.0
        &lt;/div&gt;
        &lt;div&gt;
          ‚Ä¢ 
          numpy
          : 
          1.21.0
        &lt;/div&gt;
        &lt;div&gt;
          ‚Ä¢ 
          pandas
          : 
          1.3.3
        &lt;/div&gt;
      &lt;/div&gt;
    &lt;/div&gt;
  &lt;/div&gt;
  &lt;div
    style=&quot;margin-bottom: 24px;&quot;
  &gt;
    &lt;h6
      style=&quot;font-size: 14px; font-weight: 600; margin-bottom: 8px;&quot;
    &gt;
      Endpoints
    &lt;/h6&gt;
    &lt;div
      style=&quot;font-size: 13px; line-height: 1.4;&quot;
    &gt;
      &lt;div&gt;
        &lt;strong&gt;
          Inference:
        &lt;/strong&gt;
         
        &lt;code&gt;
          /api/models/entity-resolution/predict
        &lt;/code&gt;
      &lt;/div&gt;
      &lt;div&gt;
        &lt;strong&gt;
          Monitoring:
        &lt;/strong&gt;
         
        &lt;code&gt;
          /api/models/entity-resolution/metrics
        &lt;/code&gt;
      &lt;/div&gt;
    &lt;/div&gt;
  &lt;/div&gt;
  &lt;div
    style=&quot;margin-bottom: 24px;&quot;
  &gt;
    &lt;h6
      style=&quot;font-size: 14px; font-weight: 600; margin-bottom: 8px;&quot;
    &gt;
      Tags
    &lt;/h6&gt;
    &lt;div
      style=&quot;display: flex; flex-wrap: wrap; gap: 4px;&quot;
    &gt;
      &lt;span
        style=&quot;font-size: 12px; padding: 4px 8px; background-color: rgb(233, 236, 239); border-radius: 12px; color: rgb(73, 80, 87);&quot;
      &gt;
        entity-resolution
      &lt;/span&gt;
      &lt;span
        style=&quot;font-size: 12px; padding: 4px 8px; background-color: rgb(233, 236, 239); border-radius: 12px; color: rgb(73, 80, 87);&quot;
      &gt;
        neural-network
      &lt;/span&gt;
      &lt;span
        style=&quot;font-size: 12px; padding: 4px 8px; background-color: rgb(233, 236, 239); border-radius: 12px; color: rgb(73, 80, 87);&quot;
      &gt;
        production
      &lt;/span&gt;
    &lt;/div&gt;
  &lt;/div&gt;
&lt;/div&gt;

Ignored nodes: comments, script, style
&lt;div
  style=&quot;margin-bottom: 24px;&quot;
&gt;
  &lt;h6
    style=&quot;font-size: 14px; font-weight: 600; margin-bottom: 8px;&quot;
  &gt;
    Performance Metrics
  &lt;/h6&gt;
  &lt;div
    style=&quot;display: grid; grid-template-columns: 1fr 1fr; gap: 12px; font-size: 13px;&quot;
  &gt;
    &lt;div&gt;
      &lt;strong&gt;
        Accuracy:
      &lt;/strong&gt;
       
      94.2
      %
    &lt;/div&gt;
    &lt;div&gt;
      &lt;strong&gt;
        Precision:
      &lt;/strong&gt;
       
      92.8
      %
    &lt;/div&gt;
    &lt;div&gt;
      &lt;strong&gt;
        Recall:
      &lt;/strong&gt;
       
      95.6
      %
    &lt;/div&gt;
    &lt;div&gt;
      &lt;strong&gt;
        F1 Score:
      &lt;/strong&gt;
       
      94.2
      %
    &lt;/div&gt;
    &lt;div&gt;
      &lt;strong&gt;
        AUC:
      &lt;/strong&gt;
       
      97.3
      %
    &lt;/div&gt;
    &lt;div&gt;
      &lt;strong&gt;
        Loss:
      &lt;/strong&gt;
       
      0.084
    &lt;/div&gt;
    &lt;div&gt;
      &lt;strong&gt;
        Latency:
      &lt;/strong&gt;
       
      12.5
      ms
    &lt;/div&gt;
    &lt;div&gt;
      &lt;strong&gt;
        Throughput:
      &lt;/strong&gt;
       
      1847
      /sec
    &lt;/div&gt;
  &lt;/div&gt;
&lt;/div&gt;

Ignored nodes: comments, script, style
&lt;div
  style=&quot;display: grid; grid-template-columns: 1fr 1fr; gap: 12px; font-size: 13px;&quot;
&gt;
  &lt;div&gt;
    &lt;strong&gt;
      Accuracy:
    &lt;/strong&gt;
     
    94.2
    %
  &lt;/div&gt;
  &lt;div&gt;
    &lt;strong&gt;
      Precision:
    &lt;/strong&gt;
     
    92.8
    %
  &lt;/div&gt;
  &lt;div&gt;
    &lt;strong&gt;
      Recall:
    &lt;/strong&gt;
     
    95.6
    %
  &lt;/div&gt;
  &lt;div&gt;
    &lt;strong&gt;
      F1 Score:
    &lt;/strong&gt;
     
    94.2
    %
  &lt;/div&gt;
  &lt;div&gt;
    &lt;strong&gt;
      AUC:
    &lt;/strong&gt;
     
    97.3
    %
  &lt;/div&gt;
  &lt;div&gt;
    &lt;strong&gt;
      Loss:
    &lt;/strong&gt;
     
    0.084
  &lt;/div&gt;
  &lt;div&gt;
    &lt;strong&gt;
      Latency:
    &lt;/strong&gt;
     
    12.5
    ms
  &lt;/div&gt;
  &lt;div&gt;
    &lt;strong&gt;
      Throughput:
    &lt;/strong&gt;
     
    1847
    /sec
  &lt;/div&gt;
&lt;/div&gt;

Ignored nodes: comments, script, style
&lt;div&gt;
  &lt;strong&gt;
    Accuracy:
  &lt;/strong&gt;
   
  94.2
  %
&lt;/div&gt;

(If this is intentional, then use the `*AllBy*` variant of the query (like `queryAllByText`, `getAllByText`, or `findAllByText`)).

Ignored nodes: comments, script, style
&lt;body&gt;
  &lt;div&gt;
    &lt;div
      class=&quot;model-management-dashboard &quot;
      style=&quot;height: 100%; display: flex; flex-direction: column;&quot;
    &gt;
      &lt;div
        style=&quot;margin-bottom: 24px;&quot;
      &gt;
        &lt;h3
          style=&quot;font-size: 1.2rem; font-weight: 600; margin-bottom: 16px;&quot;
        &gt;
          ü§ñ MLOps Model Management
        &lt;/h3&gt;
        &lt;div
          style=&quot;display: flex; border-bottom: 1px solid var(--hairline); margin-bottom: 16px;&quot;
        &gt;
          &lt;button
            style=&quot;padding: 12px 16px; background-color: transparent; border-bottom: 2px solid rgb(26, 115, 232); cursor: pointer; font-size: 14px; font-weight: 600; color: rgb(26, 115, 232);&quot;
          &gt;
            üéØ Models
             (
            3
            )
          &lt;/button&gt;
          &lt;button
            style=&quot;padding: 12px 16px; background-color: transparent; border-bottom: 2px solid transparent; cursor: pointer; font-size: 14px; font-weight: 400; color: rgb(102, 102, 102);&quot;
          &gt;
            üèãÔ∏è Training Jobs
             (
            2
            )
          &lt;/button&gt;
          &lt;button
            style=&quot;padding: 12px 16px; background-color: transparent; border-bottom: 2px solid transparent; cursor: pointer; font-size: 14px; font-weight: 400; color: rgb(102, 102, 102);&quot;
          &gt;
            üß™ Experiments
             (
            1
            )
          &lt;/button&gt;
          &lt;button
            style=&quot;padding: 12px 16px; background-color: transparent; border-bottom: 2px solid transparent; cursor: pointer; font-size: 14px; font-weight: 400; color: rgb(102, 102, 102);&quot;
          &gt;
            üìä Monitoring
             (
            0
            )
          &lt;/button&gt;
        &lt;/div&gt;
        &lt;div
          style=&quot;display: flex; gap: 12px; align-items: center; flex-wrap: wrap;&quot;
        &gt;
          &lt;input
            placeholder=&quot;Search models, tags, or algorithms...&quot;
            style=&quot;padding: 8px 12px; border: 1px solid var(--hairline); border-radius: 4px; flex: 1 1 300px; font-size: 14px;&quot;
            type=&quot;text&quot;
            value=&quot;&quot;
          /&gt;
          &lt;select
            style=&quot;padding: 8px; border: 1px solid var(--hairline); border-radius: 4px; font-size: 14px;&quot;
          &gt;
            &lt;option
              value=&quot;all&quot;
            &gt;
              All Status
            &lt;/option&gt;
            &lt;option
              value=&quot;production&quot;
            &gt;
              Production
            &lt;/option&gt;
            &lt;option
              value=&quot;staging&quot;
            &gt;
              Staging
            &lt;/option&gt;
            &lt;option
              value=&quot;development&quot;
            &gt;
              Development
            &lt;/option&gt;
            &lt;option
              value=&quot;deprecated&quot;
            &gt;
              Deprecated
            &lt;/option&gt;
          &lt;/select&gt;
        &lt;/div&gt;
      &lt;/div&gt;
      &lt;div
        style=&quot;flex: 1 1 0%; overflow: hidden;&quot;
      &gt;
        &lt;div
          style=&quot;height: 100%; display: grid; grid-template-columns: 1fr 1fr; gap: 16px;&quot;
        &gt;
          &lt;div
            style=&quot;overflow: auto; border: 1px solid var(--hairline); border-radius: 8px;&quot;
          &gt;
            &lt;div
              style=&quot;padding: 16px; border-bottom: 1px solid var(--hairline); background-color: rgb(248, 249, 250);&quot;
            &gt;
              &lt;h4
                style=&quot;margin: 0px; font-size: 14px; font-weight: 600;&quot;
              &gt;
                ML Models (
                3
                )
              &lt;/h4&gt;
            &lt;/div&gt;
            &lt;div&gt;
              &lt;div
                style=&quot;padding: 16px; border-bottom: 1px solid rgb(240, 240, 240); cursor: pointer; background-color: rgb(227, 242, 253); transition: background-color 0.2s;&quot;
              &gt;
                &lt;div
                  style=&quot;display: flex; justify-content: space-between; align-items: flex-start; margin-bottom: 8px;&quot;
                &gt;
                  &lt;div&gt;
                    &lt;h5
                      style=&quot;font-size: 14px; font-weight: 600; margin: 0px 0px 4px 0px;&quot;
                    &gt;
                      Entity Resolution Neural Network
                    &lt;/h5&gt;
                    &lt;div
                      style=&quot;font-size: 12px; color: rgb(102, 102, 102);&quot;
                    &gt;
                      v2.3.1
                       ‚Ä¢ 
                      Siamese Neural Network
                    &lt;/div&gt;
                  &lt;/div&gt;
                  &lt;div
                    style=&quot;display: flex; align-items: center; gap: 8px;&quot;
                  &gt;
                    &lt;span
                      style=&quot;font-size: 16px;&quot;
                    &gt;
                      üü¢
                    &lt;/span&gt;
                    &lt;span
                      style=&quot;font-size: 11px; padding: 2px 6px; border-radius: 12px; background-color: rgb(40, 167, 69); color: white; font-weight: 600;&quot;
                    &gt;
                      PRODUCTION
                    &lt;/span&gt;
                  &lt;/div&gt;
                &lt;/div&gt;
                &lt;div
                  style=&quot;display: grid; grid-template-columns: 1fr 1fr 1fr; gap: 8px; margin-bottom: 8px; font-size: 12px;&quot;
                &gt;
                  &lt;div&gt;
                    &lt;strong&gt;
                      Accuracy:
           ...
    at Object.getElementError (/Users/brianlong/Developer/summit/client/node_modules/@testing-library/dom/dist/config.js:37:19)
    at getElementError (/Users/brianlong/Developer/summit/client/node_modules/@testing-library/dom/dist/query-helpers.js:20:35)
    at getMultipleElementsFoundError (/Users/brianlong/Developer/summit/client/node_modules/@testing-library/dom/dist/query-helpers.js:23:10)
    at /Users/brianlong/Developer/summit/client/node_modules/@testing-library/dom/dist/query-helpers.js:55:13
    at /Users/brianlong/Developer/summit/client/node_modules/@testing-library/dom/dist/query-helpers.js:95:19
    at Object.&lt;anonymous&gt; (/Users/brianlong/Developer/summit/client/src/components/mlops/__tests__/ModelManagementDashboard.test.tsx:213:19)</failure>
    </testcase>
    <testcase classname="ModelManagementDashboard" name="displays model environment information" time="1.378">
      <failure>TestingLibraryElementError: Unable to find an element with the text: /Python: 3.9.7/. This could be because the text is broken up by multiple elements. In this case, you can provide a function for your text matcher to make your matcher more flexible.

Ignored nodes: comments, script, style
&lt;body&gt;
  &lt;div&gt;
    &lt;div
      class=&quot;model-management-dashboard &quot;
      style=&quot;height: 100%; display: flex; flex-direction: column;&quot;
    &gt;
      &lt;div
        style=&quot;margin-bottom: 24px;&quot;
      &gt;
        &lt;h3
          style=&quot;font-size: 1.2rem; font-weight: 600; margin-bottom: 16px;&quot;
        &gt;
          ü§ñ MLOps Model Management
        &lt;/h3&gt;
        &lt;div
          style=&quot;display: flex; border-bottom: 1px solid var(--hairline); margin-bottom: 16px;&quot;
        &gt;
          &lt;button
            style=&quot;padding: 12px 16px; background-color: transparent; border-bottom: 2px solid rgb(26, 115, 232); cursor: pointer; font-size: 14px; font-weight: 600; color: rgb(26, 115, 232);&quot;
          &gt;
            üéØ Models
             (
            3
            )
          &lt;/button&gt;
          &lt;button
            style=&quot;padding: 12px 16px; background-color: transparent; border-bottom: 2px solid transparent; cursor: pointer; font-size: 14px; font-weight: 400; color: rgb(102, 102, 102);&quot;
          &gt;
            üèãÔ∏è Training Jobs
             (
            2
            )
          &lt;/button&gt;
          &lt;button
            style=&quot;padding: 12px 16px; background-color: transparent; border-bottom: 2px solid transparent; cursor: pointer; font-size: 14px; font-weight: 400; color: rgb(102, 102, 102);&quot;
          &gt;
            üß™ Experiments
             (
            1
            )
          &lt;/button&gt;
          &lt;button
            style=&quot;padding: 12px 16px; background-color: transparent; border-bottom: 2px solid transparent; cursor: pointer; font-size: 14px; font-weight: 400; color: rgb(102, 102, 102);&quot;
          &gt;
            üìä Monitoring
             (
            0
            )
          &lt;/button&gt;
        &lt;/div&gt;
        &lt;div
          style=&quot;display: flex; gap: 12px; align-items: center; flex-wrap: wrap;&quot;
        &gt;
          &lt;input
            placeholder=&quot;Search models, tags, or algorithms...&quot;
            style=&quot;padding: 8px 12px; border: 1px solid var(--hairline); border-radius: 4px; flex: 1 1 300px; font-size: 14px;&quot;
            type=&quot;text&quot;
            value=&quot;&quot;
          /&gt;
          &lt;select
            style=&quot;padding: 8px; border: 1px solid var(--hairline); border-radius: 4px; font-size: 14px;&quot;
          &gt;
            &lt;option
              value=&quot;all&quot;
            &gt;
              All Status
            &lt;/option&gt;
            &lt;option
              value=&quot;production&quot;
            &gt;
              Production
            &lt;/option&gt;
            &lt;option
              value=&quot;staging&quot;
            &gt;
              Staging
            &lt;/option&gt;
            &lt;option
              value=&quot;development&quot;
            &gt;
              Development
            &lt;/option&gt;
            &lt;option
              value=&quot;deprecated&quot;
            &gt;
              Deprecated
            &lt;/option&gt;
          &lt;/select&gt;
        &lt;/div&gt;
      &lt;/div&gt;
      &lt;div
        style=&quot;flex: 1 1 0%; overflow: hidden;&quot;
      &gt;
        &lt;div
          style=&quot;height: 100%; display: grid; grid-template-columns: 1fr 1fr; gap: 16px;&quot;
        &gt;
          &lt;div
            style=&quot;overflow: auto; border: 1px solid var(--hairline); border-radius: 8px;&quot;
          &gt;
            &lt;div
              style=&quot;padding: 16px; border-bottom: 1px solid var(--hairline); background-color: rgb(248, 249, 250);&quot;
            &gt;
              &lt;h4
                style=&quot;margin: 0px; font-size: 14px; font-weight: 600;&quot;
              &gt;
                ML Models (
                3
                )
              &lt;/h4&gt;
            &lt;/div&gt;
            &lt;div&gt;
              &lt;div
                style=&quot;padding: 16px; border-bottom: 1px solid rgb(240, 240, 240); cursor: pointer; background-color: rgb(227, 242, 253); transition: background-color 0.2s;&quot;
              &gt;
                &lt;div
                  style=&quot;display: flex; justify-content: space-between; align-items: flex-start; margin-bottom: 8px;&quot;
                &gt;
                  &lt;div&gt;
                    &lt;h5
                      style=&quot;font-size: 14px; font-weight: 600; margin: 0px 0px 4px 0px;&quot;
                    &gt;
                      Entity Resolution Neural Network
                    &lt;/h5&gt;
                    &lt;div
                      style=&quot;font-size: 12px; color: rgb(102, 102, 102);&quot;
                    &gt;
                      v2.3.1
                       ‚Ä¢ 
                      Siamese Neural Network
                    &lt;/div&gt;
                  &lt;/div&gt;
                  &lt;div
                    style=&quot;display: flex; align-items: center; gap: 8px;&quot;
                  &gt;
                    &lt;span
                      style=&quot;font-size: 16px;&quot;
                    &gt;
                      üü¢
                    &lt;/span&gt;
                    &lt;span
                      style=&quot;font-size: 11px; padding: 2px 6px; border-radius: 12px; background-color: rgb(40, 167, 69); color: white; font-weight: 600;&quot;
                    &gt;
                      PRODUCTION
                    &lt;/span&gt;
                  &lt;/div&gt;
                &lt;/div&gt;
                &lt;div
                  style=&quot;display: grid; grid-template-columns: 1fr 1fr 1fr; gap: 8px; margin-bottom: 8px; font-size: 12px;&quot;
                &gt;
                  &lt;div&gt;
                    &lt;strong&gt;
                      Accuracy:
           ...
    at Object.getElementError (/Users/brianlong/Developer/summit/client/node_modules/@testing-library/dom/dist/config.js:37:19)
    at /Users/brianlong/Developer/summit/client/node_modules/@testing-library/dom/dist/query-helpers.js:76:38
    at /Users/brianlong/Developer/summit/client/node_modules/@testing-library/dom/dist/query-helpers.js:52:17
    at /Users/brianlong/Developer/summit/client/node_modules/@testing-library/dom/dist/query-helpers.js:95:19
    at Object.&lt;anonymous&gt; (/Users/brianlong/Developer/summit/client/src/components/mlops/__tests__/ModelManagementDashboard.test.tsx:227:19)</failure>
    </testcase>
    <testcase classname="ModelManagementDashboard" name="shows training job progress" time="0.433">
    </testcase>
    <testcase classname="ModelManagementDashboard" name="shows training job resource usage" time="0.573">
      <failure>TestingLibraryElementError: Unable to find an element with the text: /GPU: 87%/. This could be because the text is broken up by multiple elements. In this case, you can provide a function for your text matcher to make your matcher more flexible.

Ignored nodes: comments, script, style
&lt;body&gt;
  &lt;div&gt;
    &lt;div
      class=&quot;model-management-dashboard &quot;
      style=&quot;height: 100%; display: flex; flex-direction: column;&quot;
    &gt;
      &lt;div
        style=&quot;margin-bottom: 24px;&quot;
      &gt;
        &lt;h3
          style=&quot;font-size: 1.2rem; font-weight: 600; margin-bottom: 16px;&quot;
        &gt;
          ü§ñ MLOps Model Management
        &lt;/h3&gt;
        &lt;div
          style=&quot;display: flex; border-bottom: 1px solid var(--hairline); margin-bottom: 16px;&quot;
        &gt;
          &lt;button
            style=&quot;padding: 12px 16px; background-color: transparent; cursor: pointer; font-size: 14px; font-weight: 400; color: rgb(102, 102, 102); border-bottom: 2px solid transparent;&quot;
          &gt;
            üéØ Models
             (
            3
            )
          &lt;/button&gt;
          &lt;button
            style=&quot;padding: 12px 16px; background-color: transparent; cursor: pointer; font-size: 14px; font-weight: 600; color: rgb(26, 115, 232); border-bottom: 2px solid rgb(26, 115, 232);&quot;
          &gt;
            üèãÔ∏è Training Jobs
             (
            2
            )
          &lt;/button&gt;
          &lt;button
            style=&quot;padding: 12px 16px; background-color: transparent; border-bottom: 2px solid transparent; cursor: pointer; font-size: 14px; font-weight: 400; color: rgb(102, 102, 102);&quot;
          &gt;
            üß™ Experiments
             (
            1
            )
          &lt;/button&gt;
          &lt;button
            style=&quot;padding: 12px 16px; background-color: transparent; border-bottom: 2px solid transparent; cursor: pointer; font-size: 14px; font-weight: 400; color: rgb(102, 102, 102);&quot;
          &gt;
            üìä Monitoring
             (
            0
            )
          &lt;/button&gt;
        &lt;/div&gt;
        &lt;div
          style=&quot;display: flex; gap: 12px; align-items: center; flex-wrap: wrap;&quot;
        &gt;
          &lt;input
            placeholder=&quot;Search models, tags, or algorithms...&quot;
            style=&quot;padding: 8px 12px; border: 1px solid var(--hairline); border-radius: 4px; flex: 1 1 300px; font-size: 14px;&quot;
            type=&quot;text&quot;
            value=&quot;&quot;
          /&gt;
          &lt;select
            style=&quot;padding: 8px; border: 1px solid var(--hairline); border-radius: 4px; font-size: 14px;&quot;
          &gt;
            &lt;option
              value=&quot;all&quot;
            &gt;
              All Status
            &lt;/option&gt;
            &lt;option
              value=&quot;production&quot;
            &gt;
              Production
            &lt;/option&gt;
            &lt;option
              value=&quot;staging&quot;
            &gt;
              Staging
            &lt;/option&gt;
            &lt;option
              value=&quot;development&quot;
            &gt;
              Development
            &lt;/option&gt;
            &lt;option
              value=&quot;deprecated&quot;
            &gt;
              Deprecated
            &lt;/option&gt;
          &lt;/select&gt;
        &lt;/div&gt;
      &lt;/div&gt;
      &lt;div
        style=&quot;flex: 1 1 0%; overflow: hidden;&quot;
      &gt;
        &lt;div
          style=&quot;overflow: auto; border: 1px solid var(--hairline); border-radius: 8px;&quot;
        &gt;
          &lt;div
            style=&quot;padding: 16px; border-bottom: 1px solid var(--hairline); background-color: rgb(248, 249, 250);&quot;
          &gt;
            &lt;h4
              style=&quot;margin: 0px; font-size: 14px; font-weight: 600;&quot;
            &gt;
              Training Jobs (
              2
              )
            &lt;/h4&gt;
          &lt;/div&gt;
          &lt;div&gt;
            &lt;div
              style=&quot;padding: 16px; border-bottom: 1px solid rgb(240, 240, 240);&quot;
            &gt;
              &lt;div
                style=&quot;display: flex; justify-content: space-between; align-items: flex-start; margin-bottom: 12px;&quot;
              &gt;
                &lt;div&gt;
                  &lt;h5
                    style=&quot;font-size: 14px; font-weight: 600; margin: 0px 0px 4px 0px;&quot;
                  &gt;
                    Training Job 
                    job-001
                  &lt;/h5&gt;
                  &lt;div
                    style=&quot;font-size: 12px; color: rgb(102, 102, 102);&quot;
                  &gt;
                    Model: 
                    model-003
                     ‚Ä¢ Started:
                     
                    10/15/2025, 11:17:43 PM
                  &lt;/div&gt;
                &lt;/div&gt;
                &lt;span
                  style=&quot;font-size: 11px; padding: 2px 6px; border-radius: 12px; background-color: rgb(23, 162, 184); color: white; font-weight: 600;&quot;
                &gt;
                  RUNNING
                &lt;/span&gt;
              &lt;/div&gt;
              &lt;div
                style=&quot;margin-bottom: 12px;&quot;
              &gt;
                &lt;div
                  style=&quot;display: flex; justify-content: space-between; font-size: 12px; margin-bottom: 4px;&quot;
                &gt;
                  &lt;span&gt;
                    Progress
                  &lt;/span&gt;
                  &lt;span&gt;
                    67
                    %
                  &lt;/span&gt;
                &lt;/div&gt;
                &lt;div
                  style=&quot;width: 100%; height: 4px; background-color: rgb(233, 236, 239); border-radius: 2px;&quot;
                &gt;
                  &lt;div
                    style=&quot;width: 67%; height: 100%; background-color: rgb(23, 162, 184); border-radius: 2px; transition: width 0.3s ease;&quot;
                  /&gt;
                &lt;/div&gt;
              &lt;/div&gt;
              &lt;div
                style=&quot;display: grid; grid-template-columns: repeat(4, 1fr); gap: 12px; margin-bottom: 12px; font-size: 12px;&quot;
              &gt;
                &lt;div&gt;
                  &lt;strong&gt;
                    GPU:
                  &lt;/strong&gt;
                   
                  87
                  %
                &lt;/div&gt;
                &lt;div&gt;
                  &lt;strong&gt;
                    CPU:
                  &lt;/strong&gt;
                   
                  34
                  %
                &lt;/div&gt;
                &lt;div&gt;
                  &lt;strong&gt;
                    Memory:
                  &lt;/strong&gt;
                   
                  78
                  %
                &lt;/div&gt;
                &lt;div&gt;
                  &lt;strong&gt;
                    Storage:
                  &lt;/strong&gt;
                   
                  12
                   GB
                &lt;/div&gt;
              &lt;/div&gt;
              &lt;div
                style=&quot;font-size: 12px; color: rgb(102, 102, 102); margin-bottom: 8px;&quot;
              &gt;
                Current Metrics: Accuracy 
                85.3
                % ‚Ä¢ Loss
                 
                0.178
              &lt;/div&gt;
              &lt;details
                style=&quot;font-size: 12px;&quot;
              &gt;
                &lt;summary
                  style=&quot;cursor: pointer; font-weight: 600;&quot;
                &gt;
                  View Logs
                &lt;/summary&gt;
                &lt;div
                  style=&quot;margin-top: 8px; padding: 8px; background-color: rgb(248, 249, 250); border-radius: 4px;&quot;
                &gt;
                  &lt;div
                    style=&quot;font-family: monospace; font-size: 11px; margin-bottom: 2px;&quot;
                  &gt;
                    Epoch 33/50 - loss: 0.178 - accuracy: 0.853 - val_loss: 0.192 - val_accuracy: 0.841
                  &lt;/div&gt;
                  &lt;div
                    style=&quot;font-family: monospace; font-size: 11px; margin-bottom: 2px;&quot;
                  &gt;
                    Learning rate reduced on plateau: 0.001 -&amp;gt; 0.0005
                  &lt;/div&gt;
                  &lt;div
                    style=&quot;font-family: monospace; font-size: 11px; margin-bottom: 2px;&quot;
                  &gt;
                    Early stopping patience: 5/10
                  &lt;/div&gt;
                &lt;/div&gt;
              &lt;/details&gt;
            &lt;/div&gt;
            &lt;div
              style=&quot;padding: 16px; border-bottom: 1px solid rgb(240, 240, 240);&quot;
            &gt;
              &lt;div
                style=&quot;display: flex; justify-content: space-between; align-items: flex-start; margin-bottom: 12px;&quot;
              &gt;
                &lt;div&gt;
                  &lt;h5
                    style=&quot;font-size: 14px; font-weight: 600; margin: 0px 0px 4px 0px;&quot;
                  &gt;
                    Training Job 
                    job-002
                  &lt;/h5&gt;
                  &lt;div
                    style=&quot;font-size: 12px; color: rgb(102, 102, 102);&quot;
                  &gt;
                    Model: 
                    model-002
                     ‚Ä¢ Started:
                     
                    10/15/2025, 1:17:43 AM
                  &lt;/div&gt;
                &lt;/div&gt;
                &lt;span
                  style=&quot;font-size: 11px; padding: 2px 6px; border-radius: 12px; background-color: rgb(40, 167, 69); color: white; font-weight: 600;&quot;
                &gt;
                  COMPLETED
                &lt;/span&gt;
              &lt;/div&gt;
              &lt;div
                style=&quot;display: grid; grid-template-columns: repeat(4, 1fr); gap: 12px; margin-bottom: 12px; font-size: 12px;&quot;
              &gt;
                &lt;div&gt;
                  &lt;strong&gt;
                    GPU:
                  &lt;/strong&gt;
                   
                  0
                  %
                &lt;/div&gt;
                &lt;div&gt;
                  &lt;strong&gt;
                    CPU:
                  &lt;/strong&gt;
                   
                  65
                  %
                &lt;/div&gt;
                &lt;div&gt;
                  &lt;strong&gt;
                    Memory:
                  &lt;/strong&gt;
                   
                  45
                  %
                &lt;/div&gt;
                &lt;div&gt;
                  &lt;strong&gt;
                    Storage:
                  &lt;/strong&gt;
                   
                  8
                   GB
                &lt;/div&gt;
              &lt;/div&gt;
              &lt;div
                style=&quot;font-size: 12px; color: rgb(102, 102, 102); margin-bottom: 8px;&quot;
              &gt;
                Current Metrics: Accuracy 
                89.7
                % ‚Ä¢ Loss
                 
              &lt;/div&gt;
              &lt;details
                style=&quot;font-size: 12px;&quot;
              &gt;
                &lt;summary
                  style=&quot;cursor: pointer; font-weight: 600;&quot;
                &gt;
                  View Logs
                &lt;/summary&gt;
                &lt;div
                  style=&quot;margin-top: 8px; padding: 8px; background-color: rgb(248, 249, 250); border-radius: 4px;&quot;
                &gt;
                  &lt;div
                    style=&quot;font-family: monospace; font-size: 11px; margin-bottom: 2px;&quot;
                  &gt;
                    Training completed successfully
                  &lt;/div&gt;
                  &lt;div
                    style=&quot;font-family: monospace; font-size: 11px; margin-bottom: 2px;&quot;
                  &gt;
                    Model validation passed
                  &lt;/div&gt;
                  &lt;div
                    style=&quot;font-family: monospace; font-size: 11px; margin-bottom: 2px;&quot;
                  &gt;
                    Artifacts saved to model registry
                  &lt;/div&gt;
                &lt;/div&gt;
              &lt;/details&gt;
            &lt;/div&gt;
          &lt;/div&gt;
        &lt;/div&gt;
      &lt;/div&gt;
    &lt;/div&gt;
  &lt;/div&gt;
&lt;/body&gt;
    at Object.getElementError (/Users/brianlong/Developer/summit/client/node_modules/@testing-library/dom/dist/config.js:37:19)
    at /Users/brianlong/Developer/summit/client/node_modules/@testing-library/dom/dist/query-helpers.js:76:38
    at /Users/brianlong/Developer/summit/client/node_modules/@testing-library/dom/dist/query-helpers.js:52:17
    at /Users/brianlong/Developer/summit/client/node_modules/@testing-library/dom/dist/query-helpers.js:95:19
    at Object.&lt;anonymous&gt; (/Users/brianlong/Developer/summit/client/src/components/mlops/__tests__/ModelManagementDashboard.test.tsx:253:19)</failure>
    </testcase>
    <testcase classname="ModelManagementDashboard" name="expands training job logs" time="0.448">
      <failure>TestingLibraryElementError: Found multiple elements with the text: View Logs

Here are the matching elements:

Ignored nodes: comments, script, style
&lt;summary
  style=&quot;cursor: pointer; font-weight: 600;&quot;
&gt;
  View Logs
&lt;/summary&gt;

Ignored nodes: comments, script, style
&lt;summary
  style=&quot;cursor: pointer; font-weight: 600;&quot;
&gt;
  View Logs
&lt;/summary&gt;

(If this is intentional, then use the `*AllBy*` variant of the query (like `queryAllByText`, `getAllByText`, or `findAllByText`)).

Ignored nodes: comments, script, style
&lt;body&gt;
  &lt;div&gt;
    &lt;div
      class=&quot;model-management-dashboard &quot;
      style=&quot;height: 100%; display: flex; flex-direction: column;&quot;
    &gt;
      &lt;div
        style=&quot;margin-bottom: 24px;&quot;
      &gt;
        &lt;h3
          style=&quot;font-size: 1.2rem; font-weight: 600; margin-bottom: 16px;&quot;
        &gt;
          ü§ñ MLOps Model Management
        &lt;/h3&gt;
        &lt;div
          style=&quot;display: flex; border-bottom: 1px solid var(--hairline); margin-bottom: 16px;&quot;
        &gt;
          &lt;button
            style=&quot;padding: 12px 16px; background-color: transparent; cursor: pointer; font-size: 14px; font-weight: 400; color: rgb(102, 102, 102); border-bottom: 2px solid transparent;&quot;
          &gt;
            üéØ Models
             (
            3
            )
          &lt;/button&gt;
          &lt;button
            style=&quot;padding: 12px 16px; background-color: transparent; cursor: pointer; font-size: 14px; font-weight: 600; color: rgb(26, 115, 232); border-bottom: 2px solid rgb(26, 115, 232);&quot;
          &gt;
            üèãÔ∏è Training Jobs
             (
            2
            )
          &lt;/button&gt;
          &lt;button
            style=&quot;padding: 12px 16px; background-color: transparent; border-bottom: 2px solid transparent; cursor: pointer; font-size: 14px; font-weight: 400; color: rgb(102, 102, 102);&quot;
          &gt;
            üß™ Experiments
             (
            1
            )
          &lt;/button&gt;
          &lt;button
            style=&quot;padding: 12px 16px; background-color: transparent; border-bottom: 2px solid transparent; cursor: pointer; font-size: 14px; font-weight: 400; color: rgb(102, 102, 102);&quot;
          &gt;
            üìä Monitoring
             (
            0
            )
          &lt;/button&gt;
        &lt;/div&gt;
        &lt;div
          style=&quot;display: flex; gap: 12px; align-items: center; flex-wrap: wrap;&quot;
        &gt;
          &lt;input
            placeholder=&quot;Search models, tags, or algorithms...&quot;
            style=&quot;padding: 8px 12px; border: 1px solid var(--hairline); border-radius: 4px; flex: 1 1 300px; font-size: 14px;&quot;
            type=&quot;text&quot;
            value=&quot;&quot;
          /&gt;
          &lt;select
            style=&quot;padding: 8px; border: 1px solid var(--hairline); border-radius: 4px; font-size: 14px;&quot;
          &gt;
            &lt;option
              value=&quot;all&quot;
            &gt;
              All Status
            &lt;/option&gt;
            &lt;option
              value=&quot;production&quot;
            &gt;
              Production
            &lt;/option&gt;
            &lt;option
              value=&quot;staging&quot;
            &gt;
              Staging
            &lt;/option&gt;
            &lt;option
              value=&quot;development&quot;
            &gt;
              Development
            &lt;/option&gt;
            &lt;option
              value=&quot;deprecated&quot;
            &gt;
              Deprecated
            &lt;/option&gt;
          &lt;/select&gt;
        &lt;/div&gt;
      &lt;/div&gt;
      &lt;div
        style=&quot;flex: 1 1 0%; overflow: hidden;&quot;
      &gt;
        &lt;div
          style=&quot;overflow: auto; border: 1px solid var(--hairline); border-radius: 8px;&quot;
        &gt;
          &lt;div
            style=&quot;padding: 16px; border-bottom: 1px solid var(--hairline); background-color: rgb(248, 249, 250);&quot;
          &gt;
            &lt;h4
              style=&quot;margin: 0px; font-size: 14px; font-weight: 600;&quot;
            &gt;
              Training Jobs (
              2
              )
            &lt;/h4&gt;
          &lt;/div&gt;
          &lt;div&gt;
            &lt;div
              style=&quot;padding: 16px; border-bottom: 1px solid rgb(240, 240, 240);&quot;
            &gt;
              &lt;div
                style=&quot;display: flex; justify-content: space-between; align-items: flex-start; margin-bottom: 12px;&quot;
              &gt;
                &lt;div&gt;
                  &lt;h5
                    style=&quot;font-size: 14px; font-weight: 600; margin: 0px 0px 4px 0px;&quot;
                  &gt;
                    Training Job 
                    job-001
                  &lt;/h5&gt;
                  &lt;div
                    style=&quot;font-size: 12px; color: rgb(102, 102, 102);&quot;
                  &gt;
                    Model: 
                    model-003
                     ‚Ä¢ Started:
                     
                    10/15/2025, 11:17:44 PM
                  &lt;/div&gt;
                &lt;/div&gt;
                &lt;span
                  style=&quot;font-size: 11px; padding: 2px 6px; border-radius: 12px; background-color: rgb(23, 162, 184); color: white; font-weight: 600;&quot;
                &gt;
                  RUNNING
                &lt;/span&gt;
              &lt;/div&gt;
              &lt;div
                style=&quot;margin-bottom: 12px;&quot;
              &gt;
                &lt;div
                  style=&quot;display: flex; justify-content: space-between; font-size: 12px; margin-bottom: 4px;&quot;
                &gt;
                  &lt;span&gt;
                    Progress
                  &lt;/span&gt;
                  &lt;span&gt;
                    67
                    %
                  &lt;/span&gt;
                &lt;/div&gt;
                &lt;div
                  style=&quot;width: 100%; height: 4px; background-color: rgb(233, 236, 239); border-radius: 2px;&quot;
                &gt;
                  &lt;div
                    style=&quot;width: 67%; height: 100%; background-color: rgb(23, 162, 184); border-radius: 2px; transition: width 0.3s ease;&quot;
                  /&gt;
                &lt;/div&gt;
              &lt;/div&gt;
              &lt;div
                style=&quot;display: grid; grid-template-columns: repeat(4, 1fr); gap: 12px; margin-bottom: 12px; font-size: 12px;&quot;
              &gt;
                &lt;div&gt;
                  &lt;strong&gt;
                    GPU:
                  &lt;/strong&gt;
                   
                  87
                  %
                &lt;/div&gt;
                &lt;div&gt;
                  &lt;strong&gt;
                    CPU:
                  &lt;/strong&gt;
                   
                  34
                  %
                &lt;/div&gt;
                &lt;div&gt;
                  &lt;strong&gt;
                    Memory:
                  &lt;/strong&gt;
                   
                  78
                  %
                &lt;/div&gt;
                &lt;div&gt;
                  &lt;strong&gt;
                    Storage:
                  &lt;/strong&gt;
                   
                  12
                   GB
                &lt;/div&gt;
              &lt;/div&gt;
              &lt;div
                style=&quot;font-size: 12px; color: rgb(102, 102, 102); margin-bottom: 8px;&quot;
              &gt;
                Current Metrics: Accuracy 
                85.3
                % ‚Ä¢ Loss
                 
                0.178
              &lt;/div&gt;
              &lt;details
                style=&quot;font-size: 12px;&quot;
              &gt;
                &lt;summary
                  style=&quot;cursor: pointer; font-weight: 600;&quot;
                &gt;
                  View Logs
                &lt;/summary&gt;
                &lt;div
                  style=&quot;margin-top: 8px; padding: 8px; background-color: rgb(248, 249, 250); border-radius: 4px;&quot;
                &gt;
                  &lt;div
                    style=&quot;font-family: monospace; font-size: 11px; margin-bottom: 2px;&quot;
                  &gt;
                    Epoch 33/50 - loss: 0.178 - accuracy: 0.853 - val_loss: 0.192 - val_accuracy: 0.841
                  &lt;/div&gt;
                  &lt;div
                    style=&quot;font-family: monospace; font-size: 11px; margin-bottom: 2px;&quot;
                  &gt;
                    Learning rate reduced on plateau: 0.001 -&amp;gt; 0.0005
                  &lt;/div&gt;
                  &lt;div
                    style=&quot;font-family: monospace; font-size: 11px; margin-bottom: 2px;&quot;
                  &gt;
                    Early stopping patience: 5/10
                  &lt;/div&gt;
                &lt;/div&gt;
              &lt;/details&gt;
            &lt;/div&gt;
            &lt;div
              style=&quot;padding: 16px; border-bottom: 1px solid rgb(240, 240, 240);&quot;
            &gt;
              &lt;div
                style=&quot;display: flex; justify-content: space-between; align-items: flex-start; margin-bottom: 12px;&quot;
              &gt;
                &lt;div&gt;
                  &lt;h5
                    style=&quot;font-size: 14px; font-weight: 600; margin: 0px 0px 4px 0px;&quot;
                  &gt;
                    Training Job 
                    job-002
                  &lt;/h5&gt;
                  &lt;div
                    style=&quot;font-size: 12px; color: rgb(102, 102, 102);&quot;
                  &gt;
                    Model: 
                    model-002
                     ‚Ä¢ Started:
                     
                    10/15/2025, 1:17:44 AM
                  &lt;/div&gt;
                &lt;/div&gt;
                &lt;span
                  style=&quot;font-size: 11px; padding: 2px 6px; border-radius: 12px; background-color: rgb(40, 167, 69); color: white; font-weight: 600;&quot;
                &gt;
                  COMPLETED
                &lt;/span&gt;
              &lt;/div&gt;
              &lt;div
                style=&quot;display: grid; grid-template-columns: repeat(4, 1fr); gap: 12px; margin-bottom: 12px; font-size: 12px;&quot;
              &gt;
                &lt;div&gt;
                  &lt;strong&gt;
                    GPU:
                  &lt;/strong&gt;
                   
                  0
                  %
                &lt;/div&gt;
                &lt;div&gt;
                  &lt;strong&gt;
                    CPU:
                  &lt;/strong&gt;
                   
                  65
                  %
                &lt;/div&gt;
                &lt;div&gt;
                  &lt;strong&gt;
                    Memory:
                  &lt;/strong&gt;
                   
                  45
                  %
                &lt;/div&gt;
                &lt;div&gt;
                  &lt;strong&gt;
                    Storage:
                  &lt;/strong&gt;
                   
                  8
                   GB
                &lt;/div&gt;
              &lt;/div&gt;
              &lt;div
                style=&quot;font-size: 12px; color: rgb(102, 102, 102); margin-bottom: 8px;&quot;
              &gt;
                Current Metrics: Accuracy 
                89.7
                % ‚Ä¢ Loss
                 
              &lt;/div&gt;
              &lt;details
                style=&quot;font-size: 12px;&quot;
              &gt;
                &lt;summary
                  style=&quot;cursor: pointer; font-weight: 600;&quot;
                &gt;
                  View Logs
                &lt;/summary&gt;
                &lt;div
                  style=&quot;margin-top: 8px; padding: 8px; background-color: rgb(248, 249, 250); border-radius: 4px;&quot;
                &gt;
                  &lt;div
                    style=&quot;font-family: monospace; font-size: 11px; margin-bottom: 2px;&quot;
                  &gt;
                    Training completed successfully
                  &lt;/div&gt;
                  &lt;div
                    style=&quot;font-family: monospace; font-size: 11px; margin-bottom: 2px;&quot;
                  &gt;
                    Model validation passed
                  &lt;/div&gt;
                  &lt;div
                    style=&quot;font-family: monospace; font-size: 11px; margin-bottom: 2px;&quot;
                  &gt;
                    Artifacts saved to model registry
                  &lt;/div&gt;
                &lt;/div&gt;
              &lt;/details&gt;
            &lt;/div&gt;
          &lt;/div&gt;
        &lt;/div&gt;
      &lt;/div&gt;
    &lt;/div&gt;
  &lt;/div&gt;
&lt;/body&gt;
    at Object.getElementError (/Users/brianlong/Developer/summit/client/node_modules/@testing-library/dom/dist/config.js:37:19)
    at getElementError (/Users/brianlong/Developer/summit/client/node_modules/@testing-library/dom/dist/query-helpers.js:20:35)
    at getMultipleElementsFoundError (/Users/brianlong/Developer/summit/client/node_modules/@testing-library/dom/dist/query-helpers.js:23:10)
    at /Users/brianlong/Developer/summit/client/node_modules/@testing-library/dom/dist/query-helpers.js:55:13
    at /Users/brianlong/Developer/summit/client/node_modules/@testing-library/dom/dist/query-helpers.js:95:19
    at Object.&lt;anonymous&gt; (/Users/brianlong/Developer/summit/client/src/components/mlops/__tests__/ModelManagementDashboard.test.tsx:266:32)</failure>
    </testcase>
    <testcase classname="ModelManagementDashboard" name="handles experiment selection" time="0.52">
    </testcase>
    <testcase classname="ModelManagementDashboard" name="displays experiment results" time="0.57">
      <failure>TestingLibraryElementError: Unable to find an element with the text: /Best Model: model-001/. This could be because the text is broken up by multiple elements. In this case, you can provide a function for your text matcher to make your matcher more flexible.

Ignored nodes: comments, script, style
&lt;body&gt;
  &lt;div&gt;
    &lt;div
      class=&quot;model-management-dashboard &quot;
      style=&quot;height: 100%; display: flex; flex-direction: column;&quot;
    &gt;
      &lt;div
        style=&quot;margin-bottom: 24px;&quot;
      &gt;
        &lt;h3
          style=&quot;font-size: 1.2rem; font-weight: 600; margin-bottom: 16px;&quot;
        &gt;
          ü§ñ MLOps Model Management
        &lt;/h3&gt;
        &lt;div
          style=&quot;display: flex; border-bottom: 1px solid var(--hairline); margin-bottom: 16px;&quot;
        &gt;
          &lt;button
            style=&quot;padding: 12px 16px; background-color: transparent; cursor: pointer; font-size: 14px; font-weight: 400; color: rgb(102, 102, 102); border-bottom: 2px solid transparent;&quot;
          &gt;
            üéØ Models
             (
            3
            )
          &lt;/button&gt;
          &lt;button
            style=&quot;padding: 12px 16px; background-color: transparent; border-bottom: 2px solid transparent; cursor: pointer; font-size: 14px; font-weight: 400; color: rgb(102, 102, 102);&quot;
          &gt;
            üèãÔ∏è Training Jobs
             (
            2
            )
          &lt;/button&gt;
          &lt;button
            style=&quot;padding: 12px 16px; background-color: transparent; cursor: pointer; font-size: 14px; font-weight: 600; color: rgb(26, 115, 232); border-bottom: 2px solid rgb(26, 115, 232);&quot;
          &gt;
            üß™ Experiments
             (
            1
            )
          &lt;/button&gt;
          &lt;button
            style=&quot;padding: 12px 16px; background-color: transparent; border-bottom: 2px solid transparent; cursor: pointer; font-size: 14px; font-weight: 400; color: rgb(102, 102, 102);&quot;
          &gt;
            üìä Monitoring
             (
            0
            )
          &lt;/button&gt;
        &lt;/div&gt;
        &lt;div
          style=&quot;display: flex; gap: 12px; align-items: center; flex-wrap: wrap;&quot;
        &gt;
          &lt;input
            placeholder=&quot;Search models, tags, or algorithms...&quot;
            style=&quot;padding: 8px 12px; border: 1px solid var(--hairline); border-radius: 4px; flex: 1 1 300px; font-size: 14px;&quot;
            type=&quot;text&quot;
            value=&quot;&quot;
          /&gt;
          &lt;select
            style=&quot;padding: 8px; border: 1px solid var(--hairline); border-radius: 4px; font-size: 14px;&quot;
          &gt;
            &lt;option
              value=&quot;all&quot;
            &gt;
              All Status
            &lt;/option&gt;
            &lt;option
              value=&quot;production&quot;
            &gt;
              Production
            &lt;/option&gt;
            &lt;option
              value=&quot;staging&quot;
            &gt;
              Staging
            &lt;/option&gt;
            &lt;option
              value=&quot;development&quot;
            &gt;
              Development
            &lt;/option&gt;
            &lt;option
              value=&quot;deprecated&quot;
            &gt;
              Deprecated
            &lt;/option&gt;
          &lt;/select&gt;
        &lt;/div&gt;
      &lt;/div&gt;
      &lt;div
        style=&quot;flex: 1 1 0%; overflow: hidden;&quot;
      &gt;
        &lt;div
          style=&quot;padding: 16px; border: 1px solid var(--hairline); border-radius: 8px;&quot;
        &gt;
          &lt;h4
            style=&quot;font-size: 16px; font-weight: 600; margin-bottom: 16px;&quot;
          &gt;
            ML Experiments
          &lt;/h4&gt;
          &lt;div
            style=&quot;padding: 16px; border: 1px solid rgb(233, 236, 239); border-radius: 8px; margin-bottom: 16px; cursor: pointer;&quot;
          &gt;
            &lt;div
              style=&quot;display: flex; justify-content: space-between; align-items: flex-start; margin-bottom: 8px;&quot;
            &gt;
              &lt;h5
                style=&quot;font-size: 14px; font-weight: 600; margin: 0px;&quot;
              &gt;
                Entity Resolution Optimization
              &lt;/h5&gt;
              &lt;span
                style=&quot;font-size: 11px; padding: 2px 6px; border-radius: 12px; background-color: rgb(40, 167, 69); color: white;&quot;
              &gt;
                COMPLETED
              &lt;/span&gt;
            &lt;/div&gt;
            &lt;p
              style=&quot;font-size: 13px; color: rgb(102, 102, 102); margin-bottom: 12px; line-height: 1.4;&quot;
            &gt;
              A/B testing different neural network architectures for entity resolution
            &lt;/p&gt;
            &lt;div
              style=&quot;font-size: 12px; margin-bottom: 8px;&quot;
            &gt;
              &lt;strong&gt;
                Objective:
              &lt;/strong&gt;
               
              Maximize F1 Score while maintaining inference latency &amp;lt; 15ms
            &lt;/div&gt;
            &lt;div
              style=&quot;font-size: 12px; padding: 8px; background-color: rgb(248, 249, 250); border-radius: 4px;&quot;
            &gt;
              &lt;div&gt;
                &lt;strong&gt;
                  Best Model:
                &lt;/strong&gt;
                 
                model-001
              &lt;/div&gt;
              &lt;div&gt;
                &lt;strong&gt;
                  Improvement:
                &lt;/strong&gt;
                 +
                12.3
                %
              &lt;/div&gt;
              &lt;div&gt;
                &lt;strong&gt;
                  Key Insights:
                &lt;/strong&gt;
              &lt;/div&gt;
              &lt;ul
                style=&quot;margin-left: 16px; margin-top: 4px;&quot;
              &gt;
                &lt;li&gt;
                  Siamese architecture outperformed triplet loss by 8.2% F1
                &lt;/li&gt;
                &lt;li&gt;
                  Batch normalization crucial for convergence speed
                &lt;/li&gt;
                &lt;li&gt;
                  Data augmentation improved generalization by 15%
                &lt;/li&gt;
              &lt;/ul&gt;
            &lt;/div&gt;
            &lt;div
              style=&quot;font-size: 12px; color: rgb(102, 102, 102); margin-top: 8px;&quot;
            &gt;
              &lt;div&gt;
                Duration: 
                1/1/2024
                 -
                 
                1/20/2024
              &lt;/div&gt;
              &lt;div&gt;
                Models: 
                2
              &lt;/div&gt;
            &lt;/div&gt;
          &lt;/div&gt;
        &lt;/div&gt;
      &lt;/div&gt;
    &lt;/div&gt;
  &lt;/div&gt;
&lt;/body&gt;
    at Object.getElementError (/Users/brianlong/Developer/summit/client/node_modules/@testing-library/dom/dist/config.js:37:19)
    at /Users/brianlong/Developer/summit/client/node_modules/@testing-library/dom/dist/query-helpers.js:76:38
    at /Users/brianlong/Developer/summit/client/node_modules/@testing-library/dom/dist/query-helpers.js:52:17
    at /Users/brianlong/Developer/summit/client/node_modules/@testing-library/dom/dist/query-helpers.js:95:19
    at Object.&lt;anonymous&gt; (/Users/brianlong/Developer/summit/client/src/components/mlops/__tests__/ModelManagementDashboard.test.tsx:305:19)</failure>
    </testcase>
    <testcase classname="ModelManagementDashboard" name="shows monitoring placeholder" time="0.505">
    </testcase>
    <testcase classname="ModelManagementDashboard" name="handles investigation ID prop" time="0.063">
    </testcase>
    <testcase classname="ModelManagementDashboard" name="applies custom className" time="0.304">
    </testcase>
    <testcase classname="ModelManagementDashboard" name="displays status indicators correctly" time="0.057">
    </testcase>
    <testcase classname="ModelManagementDashboard" name="shows model tags" time="0.434">
    </testcase>
    <testcase classname="ModelManagementDashboard" name="handles empty search results" time="1.095">
    </testcase>
    <testcase classname="ModelManagementDashboard" name="updates model count in tab labels" time="0.582">
    </testcase>
    <testcase classname="ModelManagementDashboard" name="shows model endpoints when available" time="0.508">
    </testcase>
    <testcase classname="ModelManagementDashboard" name="handles hover states on model cards" time="0.566">
    </testcase>
  </testsuite>
  <testsuite name="TemporalAnalysis" errors="0" failures="24" skipped="0" timestamp="2025-10-16T07:17:42" time="13.321" tests="24">
    <testcase classname="TemporalAnalysis" name="renders timeline controls" time="0.726">
      <failure>Error: useToast must be used within ToastProvider
    at useToast (/Users/brianlong/Developer/summit/client/src/components/ToastContainer.tsx:15:11)
    at TemporalAnalysis (/Users/brianlong/Developer/summit/client/src/components/timeline/TemporalAnalysis.tsx:76:25)
    at renderWithHooks (/Users/brianlong/Developer/summit/client/node_modules/react-dom/cjs/react-dom.development.js:15486:18)
    at mountIndeterminateComponent (/Users/brianlong/Developer/summit/client/node_modules/react-dom/cjs/react-dom.development.js:20103:13)
    at beginWork (/Users/brianlong/Developer/summit/client/node_modules/react-dom/cjs/react-dom.development.js:21626:16)
    at beginWork$1 (/Users/brianlong/Developer/summit/client/node_modules/react-dom/cjs/react-dom.development.js:27465:14)
    at performUnitOfWork (/Users/brianlong/Developer/summit/client/node_modules/react-dom/cjs/react-dom.development.js:26599:12)
    at workLoopSync (/Users/brianlong/Developer/summit/client/node_modules/react-dom/cjs/react-dom.development.js:26505:5)
    at renderRootSync (/Users/brianlong/Developer/summit/client/node_modules/react-dom/cjs/react-dom.development.js:26473:7)
    at recoverFromConcurrentError (/Users/brianlong/Developer/summit/client/node_modules/react-dom/cjs/react-dom.development.js:25889:20)
    at performConcurrentWorkOnRoot (/Users/brianlong/Developer/summit/client/node_modules/react-dom/cjs/react-dom.development.js:25789:22)
    at flushActQueue (/Users/brianlong/Developer/summit/client/node_modules/react/cjs/react.development.js:2667:24)
    at act (/Users/brianlong/Developer/summit/client/node_modules/react/cjs/react.development.js:2582:11)
    at actWithWarning (/Users/brianlong/Developer/summit/client/node_modules/react-dom/cjs/react-dom-test-utils.development.js:1740:10)
    at /Users/brianlong/Developer/summit/client/node_modules/@testing-library/react/dist/act-compat.js:63:25
    at renderRoot (/Users/brianlong/Developer/summit/client/node_modules/@testing-library/react/dist/pure.js:159:26)
    at render (/Users/brianlong/Developer/summit/client/node_modules/@testing-library/react/dist/pure.js:246:10)
    at Object.&lt;anonymous&gt; (/Users/brianlong/Developer/summit/client/src/components/timeline/__tests__/TemporalAnalysis.test.tsx:34:11)
    at Promise.finally.completed (/Users/brianlong/Developer/summit/client/node_modules/jest-circus/build/jestAdapterInit.js:1556:28)
    at new Promise (&lt;anonymous&gt;)
    at callAsyncCircusFn (/Users/brianlong/Developer/summit/client/node_modules/jest-circus/build/jestAdapterInit.js:1496:10)
    at _callCircusTest (/Users/brianlong/Developer/summit/client/node_modules/jest-circus/build/jestAdapterInit.js:1006:40)
    at processTicksAndRejections (node:internal/process/task_queues:95:5)
    at _runTest (/Users/brianlong/Developer/summit/client/node_modules/jest-circus/build/jestAdapterInit.js:946:3)
    at _runTestsForDescribeBlock (/Users/brianlong/Developer/summit/client/node_modules/jest-circus/build/jestAdapterInit.js:839:13)
    at _runTestsForDescribeBlock (/Users/brianlong/Developer/summit/client/node_modules/jest-circus/build/jestAdapterInit.js:829:11)
    at run (/Users/brianlong/Developer/summit/client/node_modules/jest-circus/build/jestAdapterInit.js:757:3)
    at runAndTransformResultsToJestFormat (/Users/brianlong/Developer/summit/client/node_modules/jest-circus/build/jestAdapterInit.js:1917:21)
    at jestAdapter (/Users/brianlong/Developer/summit/client/node_modules/jest-circus/build/runner.js:101:19)
    at runTestInternal (/Users/brianlong/Developer/summit/client/node_modules/jest-runner/build/testWorker.js:275:16)
    at runTest (/Users/brianlong/Developer/summit/client/node_modules/jest-runner/build/testWorker.js:343:7)
    at Object.worker (/Users/brianlong/Developer/summit/client/node_modules/jest-runner/build/testWorker.js:497:12)</failure>
    </testcase>
    <testcase classname="TemporalAnalysis" name="renders timeline visualization area" time="0.393">
      <failure>Error: useToast must be used within ToastProvider
    at useToast (/Users/brianlong/Developer/summit/client/src/components/ToastContainer.tsx:15:11)
    at TemporalAnalysis (/Users/brianlong/Developer/summit/client/src/components/timeline/TemporalAnalysis.tsx:76:25)
    at renderWithHooks (/Users/brianlong/Developer/summit/client/node_modules/react-dom/cjs/react-dom.development.js:15486:18)
    at mountIndeterminateComponent (/Users/brianlong/Developer/summit/client/node_modules/react-dom/cjs/react-dom.development.js:20103:13)
    at beginWork (/Users/brianlong/Developer/summit/client/node_modules/react-dom/cjs/react-dom.development.js:21626:16)
    at beginWork$1 (/Users/brianlong/Developer/summit/client/node_modules/react-dom/cjs/react-dom.development.js:27465:14)
    at performUnitOfWork (/Users/brianlong/Developer/summit/client/node_modules/react-dom/cjs/react-dom.development.js:26599:12)
    at workLoopSync (/Users/brianlong/Developer/summit/client/node_modules/react-dom/cjs/react-dom.development.js:26505:5)
    at renderRootSync (/Users/brianlong/Developer/summit/client/node_modules/react-dom/cjs/react-dom.development.js:26473:7)
    at recoverFromConcurrentError (/Users/brianlong/Developer/summit/client/node_modules/react-dom/cjs/react-dom.development.js:25889:20)
    at performConcurrentWorkOnRoot (/Users/brianlong/Developer/summit/client/node_modules/react-dom/cjs/react-dom.development.js:25789:22)
    at flushActQueue (/Users/brianlong/Developer/summit/client/node_modules/react/cjs/react.development.js:2667:24)
    at act (/Users/brianlong/Developer/summit/client/node_modules/react/cjs/react.development.js:2582:11)
    at actWithWarning (/Users/brianlong/Developer/summit/client/node_modules/react-dom/cjs/react-dom-test-utils.development.js:1740:10)
    at /Users/brianlong/Developer/summit/client/node_modules/@testing-library/react/dist/act-compat.js:63:25
    at renderRoot (/Users/brianlong/Developer/summit/client/node_modules/@testing-library/react/dist/pure.js:159:26)
    at render (/Users/brianlong/Developer/summit/client/node_modules/@testing-library/react/dist/pure.js:246:10)
    at Object.&lt;anonymous&gt; (/Users/brianlong/Developer/summit/client/src/components/timeline/__tests__/TemporalAnalysis.test.tsx:43:11)
    at Promise.finally.completed (/Users/brianlong/Developer/summit/client/node_modules/jest-circus/build/jestAdapterInit.js:1556:28)
    at new Promise (&lt;anonymous&gt;)
    at callAsyncCircusFn (/Users/brianlong/Developer/summit/client/node_modules/jest-circus/build/jestAdapterInit.js:1496:10)
    at _callCircusTest (/Users/brianlong/Developer/summit/client/node_modules/jest-circus/build/jestAdapterInit.js:1006:40)
    at processTicksAndRejections (node:internal/process/task_queues:95:5)
    at _runTest (/Users/brianlong/Developer/summit/client/node_modules/jest-circus/build/jestAdapterInit.js:946:3)
    at _runTestsForDescribeBlock (/Users/brianlong/Developer/summit/client/node_modules/jest-circus/build/jestAdapterInit.js:839:13)
    at _runTestsForDescribeBlock (/Users/brianlong/Developer/summit/client/node_modules/jest-circus/build/jestAdapterInit.js:829:11)
    at run (/Users/brianlong/Developer/summit/client/node_modules/jest-circus/build/jestAdapterInit.js:757:3)
    at runAndTransformResultsToJestFormat (/Users/brianlong/Developer/summit/client/node_modules/jest-circus/build/jestAdapterInit.js:1917:21)
    at jestAdapter (/Users/brianlong/Developer/summit/client/node_modules/jest-circus/build/runner.js:101:19)
    at runTestInternal (/Users/brianlong/Developer/summit/client/node_modules/jest-runner/build/testWorker.js:275:16)
    at runTest (/Users/brianlong/Developer/summit/client/node_modules/jest-runner/build/testWorker.js:343:7)
    at Object.worker (/Users/brianlong/Developer/summit/client/node_modules/jest-runner/build/testWorker.js:497:12)</failure>
    </testcase>
    <testcase classname="TemporalAnalysis" name="renders event statistics" time="0.67">
      <failure>Error: useToast must be used within ToastProvider
    at useToast (/Users/brianlong/Developer/summit/client/src/components/ToastContainer.tsx:15:11)
    at TemporalAnalysis (/Users/brianlong/Developer/summit/client/src/components/timeline/TemporalAnalysis.tsx:76:25)
    at renderWithHooks (/Users/brianlong/Developer/summit/client/node_modules/react-dom/cjs/react-dom.development.js:15486:18)
    at mountIndeterminateComponent (/Users/brianlong/Developer/summit/client/node_modules/react-dom/cjs/react-dom.development.js:20103:13)
    at beginWork (/Users/brianlong/Developer/summit/client/node_modules/react-dom/cjs/react-dom.development.js:21626:16)
    at beginWork$1 (/Users/brianlong/Developer/summit/client/node_modules/react-dom/cjs/react-dom.development.js:27465:14)
    at performUnitOfWork (/Users/brianlong/Developer/summit/client/node_modules/react-dom/cjs/react-dom.development.js:26599:12)
    at workLoopSync (/Users/brianlong/Developer/summit/client/node_modules/react-dom/cjs/react-dom.development.js:26505:5)
    at renderRootSync (/Users/brianlong/Developer/summit/client/node_modules/react-dom/cjs/react-dom.development.js:26473:7)
    at recoverFromConcurrentError (/Users/brianlong/Developer/summit/client/node_modules/react-dom/cjs/react-dom.development.js:25889:20)
    at performConcurrentWorkOnRoot (/Users/brianlong/Developer/summit/client/node_modules/react-dom/cjs/react-dom.development.js:25789:22)
    at flushActQueue (/Users/brianlong/Developer/summit/client/node_modules/react/cjs/react.development.js:2667:24)
    at act (/Users/brianlong/Developer/summit/client/node_modules/react/cjs/react.development.js:2582:11)
    at actWithWarning (/Users/brianlong/Developer/summit/client/node_modules/react-dom/cjs/react-dom-test-utils.development.js:1740:10)
    at /Users/brianlong/Developer/summit/client/node_modules/@testing-library/react/dist/act-compat.js:63:25
    at renderRoot (/Users/brianlong/Developer/summit/client/node_modules/@testing-library/react/dist/pure.js:159:26)
    at render (/Users/brianlong/Developer/summit/client/node_modules/@testing-library/react/dist/pure.js:246:10)
    at Object.&lt;anonymous&gt; (/Users/brianlong/Developer/summit/client/src/components/timeline/__tests__/TemporalAnalysis.test.tsx:49:11)
    at Promise.finally.completed (/Users/brianlong/Developer/summit/client/node_modules/jest-circus/build/jestAdapterInit.js:1556:28)
    at new Promise (&lt;anonymous&gt;)
    at callAsyncCircusFn (/Users/brianlong/Developer/summit/client/node_modules/jest-circus/build/jestAdapterInit.js:1496:10)
    at _callCircusTest (/Users/brianlong/Developer/summit/client/node_modules/jest-circus/build/jestAdapterInit.js:1006:40)
    at processTicksAndRejections (node:internal/process/task_queues:95:5)
    at _runTest (/Users/brianlong/Developer/summit/client/node_modules/jest-circus/build/jestAdapterInit.js:946:3)
    at _runTestsForDescribeBlock (/Users/brianlong/Developer/summit/client/node_modules/jest-circus/build/jestAdapterInit.js:839:13)
    at _runTestsForDescribeBlock (/Users/brianlong/Developer/summit/client/node_modules/jest-circus/build/jestAdapterInit.js:829:11)
    at run (/Users/brianlong/Developer/summit/client/node_modules/jest-circus/build/jestAdapterInit.js:757:3)
    at runAndTransformResultsToJestFormat (/Users/brianlong/Developer/summit/client/node_modules/jest-circus/build/jestAdapterInit.js:1917:21)
    at jestAdapter (/Users/brianlong/Developer/summit/client/node_modules/jest-circus/build/runner.js:101:19)
    at runTestInternal (/Users/brianlong/Developer/summit/client/node_modules/jest-runner/build/testWorker.js:275:16)
    at runTest (/Users/brianlong/Developer/summit/client/node_modules/jest-runner/build/testWorker.js:343:7)
    at Object.worker (/Users/brianlong/Developer/summit/client/node_modules/jest-runner/build/testWorker.js:497:12)</failure>
    </testcase>
    <testcase classname="TemporalAnalysis" name="toggles cluster display" time="0.287">
      <failure>Error: useToast must be used within ToastProvider
    at useToast (/Users/brianlong/Developer/summit/client/src/components/ToastContainer.tsx:15:11)
    at TemporalAnalysis (/Users/brianlong/Developer/summit/client/src/components/timeline/TemporalAnalysis.tsx:76:25)
    at renderWithHooks (/Users/brianlong/Developer/summit/client/node_modules/react-dom/cjs/react-dom.development.js:15486:18)
    at mountIndeterminateComponent (/Users/brianlong/Developer/summit/client/node_modules/react-dom/cjs/react-dom.development.js:20103:13)
    at beginWork (/Users/brianlong/Developer/summit/client/node_modules/react-dom/cjs/react-dom.development.js:21626:16)
    at beginWork$1 (/Users/brianlong/Developer/summit/client/node_modules/react-dom/cjs/react-dom.development.js:27465:14)
    at performUnitOfWork (/Users/brianlong/Developer/summit/client/node_modules/react-dom/cjs/react-dom.development.js:26599:12)
    at workLoopSync (/Users/brianlong/Developer/summit/client/node_modules/react-dom/cjs/react-dom.development.js:26505:5)
    at renderRootSync (/Users/brianlong/Developer/summit/client/node_modules/react-dom/cjs/react-dom.development.js:26473:7)
    at recoverFromConcurrentError (/Users/brianlong/Developer/summit/client/node_modules/react-dom/cjs/react-dom.development.js:25889:20)
    at performConcurrentWorkOnRoot (/Users/brianlong/Developer/summit/client/node_modules/react-dom/cjs/react-dom.development.js:25789:22)
    at flushActQueue (/Users/brianlong/Developer/summit/client/node_modules/react/cjs/react.development.js:2667:24)
    at act (/Users/brianlong/Developer/summit/client/node_modules/react/cjs/react.development.js:2582:11)
    at actWithWarning (/Users/brianlong/Developer/summit/client/node_modules/react-dom/cjs/react-dom-test-utils.development.js:1740:10)
    at /Users/brianlong/Developer/summit/client/node_modules/@testing-library/react/dist/act-compat.js:63:25
    at renderRoot (/Users/brianlong/Developer/summit/client/node_modules/@testing-library/react/dist/pure.js:159:26)
    at render (/Users/brianlong/Developer/summit/client/node_modules/@testing-library/react/dist/pure.js:246:10)
    at Object.&lt;anonymous&gt; (/Users/brianlong/Developer/summit/client/src/components/timeline/__tests__/TemporalAnalysis.test.tsx:60:11)
    at Promise.finally.completed (/Users/brianlong/Developer/summit/client/node_modules/jest-circus/build/jestAdapterInit.js:1556:28)
    at new Promise (&lt;anonymous&gt;)
    at callAsyncCircusFn (/Users/brianlong/Developer/summit/client/node_modules/jest-circus/build/jestAdapterInit.js:1496:10)
    at _callCircusTest (/Users/brianlong/Developer/summit/client/node_modules/jest-circus/build/jestAdapterInit.js:1006:40)
    at processTicksAndRejections (node:internal/process/task_queues:95:5)
    at _runTest (/Users/brianlong/Developer/summit/client/node_modules/jest-circus/build/jestAdapterInit.js:946:3)
    at _runTestsForDescribeBlock (/Users/brianlong/Developer/summit/client/node_modules/jest-circus/build/jestAdapterInit.js:839:13)
    at _runTestsForDescribeBlock (/Users/brianlong/Developer/summit/client/node_modules/jest-circus/build/jestAdapterInit.js:829:11)
    at run (/Users/brianlong/Developer/summit/client/node_modules/jest-circus/build/jestAdapterInit.js:757:3)
    at runAndTransformResultsToJestFormat (/Users/brianlong/Developer/summit/client/node_modules/jest-circus/build/jestAdapterInit.js:1917:21)
    at jestAdapter (/Users/brianlong/Developer/summit/client/node_modules/jest-circus/build/runner.js:101:19)
    at runTestInternal (/Users/brianlong/Developer/summit/client/node_modules/jest-runner/build/testWorker.js:275:16)
    at runTest (/Users/brianlong/Developer/summit/client/node_modules/jest-runner/build/testWorker.js:343:7)
    at Object.worker (/Users/brianlong/Developer/summit/client/node_modules/jest-runner/build/testWorker.js:497:12)</failure>
    </testcase>
    <testcase classname="TemporalAnalysis" name="toggles anomaly display" time="0.159">
      <failure>Error: useToast must be used within ToastProvider
    at useToast (/Users/brianlong/Developer/summit/client/src/components/ToastContainer.tsx:15:11)
    at TemporalAnalysis (/Users/brianlong/Developer/summit/client/src/components/timeline/TemporalAnalysis.tsx:76:25)
    at renderWithHooks (/Users/brianlong/Developer/summit/client/node_modules/react-dom/cjs/react-dom.development.js:15486:18)
    at mountIndeterminateComponent (/Users/brianlong/Developer/summit/client/node_modules/react-dom/cjs/react-dom.development.js:20103:13)
    at beginWork (/Users/brianlong/Developer/summit/client/node_modules/react-dom/cjs/react-dom.development.js:21626:16)
    at beginWork$1 (/Users/brianlong/Developer/summit/client/node_modules/react-dom/cjs/react-dom.development.js:27465:14)
    at performUnitOfWork (/Users/brianlong/Developer/summit/client/node_modules/react-dom/cjs/react-dom.development.js:26599:12)
    at workLoopSync (/Users/brianlong/Developer/summit/client/node_modules/react-dom/cjs/react-dom.development.js:26505:5)
    at renderRootSync (/Users/brianlong/Developer/summit/client/node_modules/react-dom/cjs/react-dom.development.js:26473:7)
    at recoverFromConcurrentError (/Users/brianlong/Developer/summit/client/node_modules/react-dom/cjs/react-dom.development.js:25889:20)
    at performConcurrentWorkOnRoot (/Users/brianlong/Developer/summit/client/node_modules/react-dom/cjs/react-dom.development.js:25789:22)
    at flushActQueue (/Users/brianlong/Developer/summit/client/node_modules/react/cjs/react.development.js:2667:24)
    at act (/Users/brianlong/Developer/summit/client/node_modules/react/cjs/react.development.js:2582:11)
    at actWithWarning (/Users/brianlong/Developer/summit/client/node_modules/react-dom/cjs/react-dom-test-utils.development.js:1740:10)
    at /Users/brianlong/Developer/summit/client/node_modules/@testing-library/react/dist/act-compat.js:63:25
    at renderRoot (/Users/brianlong/Developer/summit/client/node_modules/@testing-library/react/dist/pure.js:159:26)
    at render (/Users/brianlong/Developer/summit/client/node_modules/@testing-library/react/dist/pure.js:246:10)
    at Object.&lt;anonymous&gt; (/Users/brianlong/Developer/summit/client/src/components/timeline/__tests__/TemporalAnalysis.test.tsx:73:11)
    at Promise.finally.completed (/Users/brianlong/Developer/summit/client/node_modules/jest-circus/build/jestAdapterInit.js:1556:28)
    at new Promise (&lt;anonymous&gt;)
    at callAsyncCircusFn (/Users/brianlong/Developer/summit/client/node_modules/jest-circus/build/jestAdapterInit.js:1496:10)
    at _callCircusTest (/Users/brianlong/Developer/summit/client/node_modules/jest-circus/build/jestAdapterInit.js:1006:40)
    at processTicksAndRejections (node:internal/process/task_queues:95:5)
    at _runTest (/Users/brianlong/Developer/summit/client/node_modules/jest-circus/build/jestAdapterInit.js:946:3)
    at _runTestsForDescribeBlock (/Users/brianlong/Developer/summit/client/node_modules/jest-circus/build/jestAdapterInit.js:839:13)
    at _runTestsForDescribeBlock (/Users/brianlong/Developer/summit/client/node_modules/jest-circus/build/jestAdapterInit.js:829:11)
    at run (/Users/brianlong/Developer/summit/client/node_modules/jest-circus/build/jestAdapterInit.js:757:3)
    at runAndTransformResultsToJestFormat (/Users/brianlong/Developer/summit/client/node_modules/jest-circus/build/jestAdapterInit.js:1917:21)
    at jestAdapter (/Users/brianlong/Developer/summit/client/node_modules/jest-circus/build/runner.js:101:19)
    at runTestInternal (/Users/brianlong/Developer/summit/client/node_modules/jest-runner/build/testWorker.js:275:16)
    at runTest (/Users/brianlong/Developer/summit/client/node_modules/jest-runner/build/testWorker.js:343:7)
    at Object.worker (/Users/brianlong/Developer/summit/client/node_modules/jest-runner/build/testWorker.js:497:12)</failure>
    </testcase>
    <testcase classname="TemporalAnalysis" name="toggles zoom functionality" time="0.049">
      <failure>Error: useToast must be used within ToastProvider
    at useToast (/Users/brianlong/Developer/summit/client/src/components/ToastContainer.tsx:15:11)
    at TemporalAnalysis (/Users/brianlong/Developer/summit/client/src/components/timeline/TemporalAnalysis.tsx:76:25)
    at renderWithHooks (/Users/brianlong/Developer/summit/client/node_modules/react-dom/cjs/react-dom.development.js:15486:18)
    at mountIndeterminateComponent (/Users/brianlong/Developer/summit/client/node_modules/react-dom/cjs/react-dom.development.js:20103:13)
    at beginWork (/Users/brianlong/Developer/summit/client/node_modules/react-dom/cjs/react-dom.development.js:21626:16)
    at beginWork$1 (/Users/brianlong/Developer/summit/client/node_modules/react-dom/cjs/react-dom.development.js:27465:14)
    at performUnitOfWork (/Users/brianlong/Developer/summit/client/node_modules/react-dom/cjs/react-dom.development.js:26599:12)
    at workLoopSync (/Users/brianlong/Developer/summit/client/node_modules/react-dom/cjs/react-dom.development.js:26505:5)
    at renderRootSync (/Users/brianlong/Developer/summit/client/node_modules/react-dom/cjs/react-dom.development.js:26473:7)
    at recoverFromConcurrentError (/Users/brianlong/Developer/summit/client/node_modules/react-dom/cjs/react-dom.development.js:25889:20)
    at performConcurrentWorkOnRoot (/Users/brianlong/Developer/summit/client/node_modules/react-dom/cjs/react-dom.development.js:25789:22)
    at flushActQueue (/Users/brianlong/Developer/summit/client/node_modules/react/cjs/react.development.js:2667:24)
    at act (/Users/brianlong/Developer/summit/client/node_modules/react/cjs/react.development.js:2582:11)
    at actWithWarning (/Users/brianlong/Developer/summit/client/node_modules/react-dom/cjs/react-dom-test-utils.development.js:1740:10)
    at /Users/brianlong/Developer/summit/client/node_modules/@testing-library/react/dist/act-compat.js:63:25
    at renderRoot (/Users/brianlong/Developer/summit/client/node_modules/@testing-library/react/dist/pure.js:159:26)
    at render (/Users/brianlong/Developer/summit/client/node_modules/@testing-library/react/dist/pure.js:246:10)
    at Object.&lt;anonymous&gt; (/Users/brianlong/Developer/summit/client/src/components/timeline/__tests__/TemporalAnalysis.test.tsx:86:11)
    at Promise.finally.completed (/Users/brianlong/Developer/summit/client/node_modules/jest-circus/build/jestAdapterInit.js:1556:28)
    at new Promise (&lt;anonymous&gt;)
    at callAsyncCircusFn (/Users/brianlong/Developer/summit/client/node_modules/jest-circus/build/jestAdapterInit.js:1496:10)
    at _callCircusTest (/Users/brianlong/Developer/summit/client/node_modules/jest-circus/build/jestAdapterInit.js:1006:40)
    at processTicksAndRejections (node:internal/process/task_queues:95:5)
    at _runTest (/Users/brianlong/Developer/summit/client/node_modules/jest-circus/build/jestAdapterInit.js:946:3)
    at _runTestsForDescribeBlock (/Users/brianlong/Developer/summit/client/node_modules/jest-circus/build/jestAdapterInit.js:839:13)
    at _runTestsForDescribeBlock (/Users/brianlong/Developer/summit/client/node_modules/jest-circus/build/jestAdapterInit.js:829:11)
    at run (/Users/brianlong/Developer/summit/client/node_modules/jest-circus/build/jestAdapterInit.js:757:3)
    at runAndTransformResultsToJestFormat (/Users/brianlong/Developer/summit/client/node_modules/jest-circus/build/jestAdapterInit.js:1917:21)
    at jestAdapter (/Users/brianlong/Developer/summit/client/node_modules/jest-circus/build/runner.js:101:19)
    at runTestInternal (/Users/brianlong/Developer/summit/client/node_modules/jest-runner/build/testWorker.js:275:16)
    at runTest (/Users/brianlong/Developer/summit/client/node_modules/jest-runner/build/testWorker.js:343:7)
    at Object.worker (/Users/brianlong/Developer/summit/client/node_modules/jest-runner/build/testWorker.js:497:12)</failure>
    </testcase>
    <testcase classname="TemporalAnalysis" name="changes time range" time="0.176">
      <failure>Error: useToast must be used within ToastProvider
    at useToast (/Users/brianlong/Developer/summit/client/src/components/ToastContainer.tsx:15:11)
    at TemporalAnalysis (/Users/brianlong/Developer/summit/client/src/components/timeline/TemporalAnalysis.tsx:76:25)
    at renderWithHooks (/Users/brianlong/Developer/summit/client/node_modules/react-dom/cjs/react-dom.development.js:15486:18)
    at mountIndeterminateComponent (/Users/brianlong/Developer/summit/client/node_modules/react-dom/cjs/react-dom.development.js:20103:13)
    at beginWork (/Users/brianlong/Developer/summit/client/node_modules/react-dom/cjs/react-dom.development.js:21626:16)
    at beginWork$1 (/Users/brianlong/Developer/summit/client/node_modules/react-dom/cjs/react-dom.development.js:27465:14)
    at performUnitOfWork (/Users/brianlong/Developer/summit/client/node_modules/react-dom/cjs/react-dom.development.js:26599:12)
    at workLoopSync (/Users/brianlong/Developer/summit/client/node_modules/react-dom/cjs/react-dom.development.js:26505:5)
    at renderRootSync (/Users/brianlong/Developer/summit/client/node_modules/react-dom/cjs/react-dom.development.js:26473:7)
    at recoverFromConcurrentError (/Users/brianlong/Developer/summit/client/node_modules/react-dom/cjs/react-dom.development.js:25889:20)
    at performConcurrentWorkOnRoot (/Users/brianlong/Developer/summit/client/node_modules/react-dom/cjs/react-dom.development.js:25789:22)
    at flushActQueue (/Users/brianlong/Developer/summit/client/node_modules/react/cjs/react.development.js:2667:24)
    at act (/Users/brianlong/Developer/summit/client/node_modules/react/cjs/react.development.js:2582:11)
    at actWithWarning (/Users/brianlong/Developer/summit/client/node_modules/react-dom/cjs/react-dom-test-utils.development.js:1740:10)
    at /Users/brianlong/Developer/summit/client/node_modules/@testing-library/react/dist/act-compat.js:63:25
    at renderRoot (/Users/brianlong/Developer/summit/client/node_modules/@testing-library/react/dist/pure.js:159:26)
    at render (/Users/brianlong/Developer/summit/client/node_modules/@testing-library/react/dist/pure.js:246:10)
    at Object.&lt;anonymous&gt; (/Users/brianlong/Developer/summit/client/src/components/timeline/__tests__/TemporalAnalysis.test.tsx:97:11)
    at Promise.finally.completed (/Users/brianlong/Developer/summit/client/node_modules/jest-circus/build/jestAdapterInit.js:1556:28)
    at new Promise (&lt;anonymous&gt;)
    at callAsyncCircusFn (/Users/brianlong/Developer/summit/client/node_modules/jest-circus/build/jestAdapterInit.js:1496:10)
    at _callCircusTest (/Users/brianlong/Developer/summit/client/node_modules/jest-circus/build/jestAdapterInit.js:1006:40)
    at processTicksAndRejections (node:internal/process/task_queues:95:5)
    at _runTest (/Users/brianlong/Developer/summit/client/node_modules/jest-circus/build/jestAdapterInit.js:946:3)
    at _runTestsForDescribeBlock (/Users/brianlong/Developer/summit/client/node_modules/jest-circus/build/jestAdapterInit.js:839:13)
    at _runTestsForDescribeBlock (/Users/brianlong/Developer/summit/client/node_modules/jest-circus/build/jestAdapterInit.js:829:11)
    at run (/Users/brianlong/Developer/summit/client/node_modules/jest-circus/build/jestAdapterInit.js:757:3)
    at runAndTransformResultsToJestFormat (/Users/brianlong/Developer/summit/client/node_modules/jest-circus/build/jestAdapterInit.js:1917:21)
    at jestAdapter (/Users/brianlong/Developer/summit/client/node_modules/jest-circus/build/runner.js:101:19)
    at runTestInternal (/Users/brianlong/Developer/summit/client/node_modules/jest-runner/build/testWorker.js:275:16)
    at runTest (/Users/brianlong/Developer/summit/client/node_modules/jest-runner/build/testWorker.js:343:7)
    at Object.worker (/Users/brianlong/Developer/summit/client/node_modules/jest-runner/build/testWorker.js:497:12)</failure>
    </testcase>
    <testcase classname="TemporalAnalysis" name="handles timeline visualization clicks" time="0.046">
      <failure>Error: useToast must be used within ToastProvider
    at useToast (/Users/brianlong/Developer/summit/client/src/components/ToastContainer.tsx:15:11)
    at TemporalAnalysis (/Users/brianlong/Developer/summit/client/src/components/timeline/TemporalAnalysis.tsx:76:25)
    at renderWithHooks (/Users/brianlong/Developer/summit/client/node_modules/react-dom/cjs/react-dom.development.js:15486:18)
    at mountIndeterminateComponent (/Users/brianlong/Developer/summit/client/node_modules/react-dom/cjs/react-dom.development.js:20103:13)
    at beginWork (/Users/brianlong/Developer/summit/client/node_modules/react-dom/cjs/react-dom.development.js:21626:16)
    at beginWork$1 (/Users/brianlong/Developer/summit/client/node_modules/react-dom/cjs/react-dom.development.js:27465:14)
    at performUnitOfWork (/Users/brianlong/Developer/summit/client/node_modules/react-dom/cjs/react-dom.development.js:26599:12)
    at workLoopSync (/Users/brianlong/Developer/summit/client/node_modules/react-dom/cjs/react-dom.development.js:26505:5)
    at renderRootSync (/Users/brianlong/Developer/summit/client/node_modules/react-dom/cjs/react-dom.development.js:26473:7)
    at recoverFromConcurrentError (/Users/brianlong/Developer/summit/client/node_modules/react-dom/cjs/react-dom.development.js:25889:20)
    at performConcurrentWorkOnRoot (/Users/brianlong/Developer/summit/client/node_modules/react-dom/cjs/react-dom.development.js:25789:22)
    at flushActQueue (/Users/brianlong/Developer/summit/client/node_modules/react/cjs/react.development.js:2667:24)
    at act (/Users/brianlong/Developer/summit/client/node_modules/react/cjs/react.development.js:2582:11)
    at actWithWarning (/Users/brianlong/Developer/summit/client/node_modules/react-dom/cjs/react-dom-test-utils.development.js:1740:10)
    at /Users/brianlong/Developer/summit/client/node_modules/@testing-library/react/dist/act-compat.js:63:25
    at renderRoot (/Users/brianlong/Developer/summit/client/node_modules/@testing-library/react/dist/pure.js:159:26)
    at render (/Users/brianlong/Developer/summit/client/node_modules/@testing-library/react/dist/pure.js:246:10)
    at Object.&lt;anonymous&gt; (/Users/brianlong/Developer/summit/client/src/components/timeline/__tests__/TemporalAnalysis.test.tsx:106:11)
    at Promise.finally.completed (/Users/brianlong/Developer/summit/client/node_modules/jest-circus/build/jestAdapterInit.js:1556:28)
    at new Promise (&lt;anonymous&gt;)
    at callAsyncCircusFn (/Users/brianlong/Developer/summit/client/node_modules/jest-circus/build/jestAdapterInit.js:1496:10)
    at _callCircusTest (/Users/brianlong/Developer/summit/client/node_modules/jest-circus/build/jestAdapterInit.js:1006:40)
    at processTicksAndRejections (node:internal/process/task_queues:95:5)
    at _runTest (/Users/brianlong/Developer/summit/client/node_modules/jest-circus/build/jestAdapterInit.js:946:3)
    at _runTestsForDescribeBlock (/Users/brianlong/Developer/summit/client/node_modules/jest-circus/build/jestAdapterInit.js:839:13)
    at _runTestsForDescribeBlock (/Users/brianlong/Developer/summit/client/node_modules/jest-circus/build/jestAdapterInit.js:829:11)
    at run (/Users/brianlong/Developer/summit/client/node_modules/jest-circus/build/jestAdapterInit.js:757:3)
    at runAndTransformResultsToJestFormat (/Users/brianlong/Developer/summit/client/node_modules/jest-circus/build/jestAdapterInit.js:1917:21)
    at jestAdapter (/Users/brianlong/Developer/summit/client/node_modules/jest-circus/build/runner.js:101:19)
    at runTestInternal (/Users/brianlong/Developer/summit/client/node_modules/jest-runner/build/testWorker.js:275:16)
    at runTest (/Users/brianlong/Developer/summit/client/node_modules/jest-runner/build/testWorker.js:343:7)
    at Object.worker (/Users/brianlong/Developer/summit/client/node_modules/jest-runner/build/testWorker.js:497:12)</failure>
    </testcase>
    <testcase classname="TemporalAnalysis" name="handles investigation ID prop" time="0.273">
      <failure>Error: useToast must be used within ToastProvider
    at useToast (/Users/brianlong/Developer/summit/client/src/components/ToastContainer.tsx:15:11)
    at TemporalAnalysis (/Users/brianlong/Developer/summit/client/src/components/timeline/TemporalAnalysis.tsx:76:25)
    at renderWithHooks (/Users/brianlong/Developer/summit/client/node_modules/react-dom/cjs/react-dom.development.js:15486:18)
    at mountIndeterminateComponent (/Users/brianlong/Developer/summit/client/node_modules/react-dom/cjs/react-dom.development.js:20103:13)
    at beginWork (/Users/brianlong/Developer/summit/client/node_modules/react-dom/cjs/react-dom.development.js:21626:16)
    at beginWork$1 (/Users/brianlong/Developer/summit/client/node_modules/react-dom/cjs/react-dom.development.js:27465:14)
    at performUnitOfWork (/Users/brianlong/Developer/summit/client/node_modules/react-dom/cjs/react-dom.development.js:26599:12)
    at workLoopSync (/Users/brianlong/Developer/summit/client/node_modules/react-dom/cjs/react-dom.development.js:26505:5)
    at renderRootSync (/Users/brianlong/Developer/summit/client/node_modules/react-dom/cjs/react-dom.development.js:26473:7)
    at recoverFromConcurrentError (/Users/brianlong/Developer/summit/client/node_modules/react-dom/cjs/react-dom.development.js:25889:20)
    at performConcurrentWorkOnRoot (/Users/brianlong/Developer/summit/client/node_modules/react-dom/cjs/react-dom.development.js:25789:22)
    at flushActQueue (/Users/brianlong/Developer/summit/client/node_modules/react/cjs/react.development.js:2667:24)
    at act (/Users/brianlong/Developer/summit/client/node_modules/react/cjs/react.development.js:2582:11)
    at actWithWarning (/Users/brianlong/Developer/summit/client/node_modules/react-dom/cjs/react-dom-test-utils.development.js:1740:10)
    at /Users/brianlong/Developer/summit/client/node_modules/@testing-library/react/dist/act-compat.js:63:25
    at renderRoot (/Users/brianlong/Developer/summit/client/node_modules/@testing-library/react/dist/pure.js:159:26)
    at render (/Users/brianlong/Developer/summit/client/node_modules/@testing-library/react/dist/pure.js:246:10)
    at Object.&lt;anonymous&gt; (/Users/brianlong/Developer/summit/client/src/components/timeline/__tests__/TemporalAnalysis.test.tsx:118:11)
    at Promise.finally.completed (/Users/brianlong/Developer/summit/client/node_modules/jest-circus/build/jestAdapterInit.js:1556:28)
    at new Promise (&lt;anonymous&gt;)
    at callAsyncCircusFn (/Users/brianlong/Developer/summit/client/node_modules/jest-circus/build/jestAdapterInit.js:1496:10)
    at _callCircusTest (/Users/brianlong/Developer/summit/client/node_modules/jest-circus/build/jestAdapterInit.js:1006:40)
    at processTicksAndRejections (node:internal/process/task_queues:95:5)
    at _runTest (/Users/brianlong/Developer/summit/client/node_modules/jest-circus/build/jestAdapterInit.js:946:3)
    at _runTestsForDescribeBlock (/Users/brianlong/Developer/summit/client/node_modules/jest-circus/build/jestAdapterInit.js:839:13)
    at _runTestsForDescribeBlock (/Users/brianlong/Developer/summit/client/node_modules/jest-circus/build/jestAdapterInit.js:829:11)
    at run (/Users/brianlong/Developer/summit/client/node_modules/jest-circus/build/jestAdapterInit.js:757:3)
    at runAndTransformResultsToJestFormat (/Users/brianlong/Developer/summit/client/node_modules/jest-circus/build/jestAdapterInit.js:1917:21)
    at jestAdapter (/Users/brianlong/Developer/summit/client/node_modules/jest-circus/build/runner.js:101:19)
    at runTestInternal (/Users/brianlong/Developer/summit/client/node_modules/jest-runner/build/testWorker.js:275:16)
    at runTest (/Users/brianlong/Developer/summit/client/node_modules/jest-runner/build/testWorker.js:343:7)
    at Object.worker (/Users/brianlong/Developer/summit/client/node_modules/jest-runner/build/testWorker.js:497:12)</failure>
    </testcase>
    <testcase classname="TemporalAnalysis" name="calls event selection callback" time="0.12">
      <failure>Error: useToast must be used within ToastProvider
    at useToast (/Users/brianlong/Developer/summit/client/src/components/ToastContainer.tsx:15:11)
    at TemporalAnalysis (/Users/brianlong/Developer/summit/client/src/components/timeline/TemporalAnalysis.tsx:76:25)
    at renderWithHooks (/Users/brianlong/Developer/summit/client/node_modules/react-dom/cjs/react-dom.development.js:15486:18)
    at mountIndeterminateComponent (/Users/brianlong/Developer/summit/client/node_modules/react-dom/cjs/react-dom.development.js:20103:13)
    at beginWork (/Users/brianlong/Developer/summit/client/node_modules/react-dom/cjs/react-dom.development.js:21626:16)
    at beginWork$1 (/Users/brianlong/Developer/summit/client/node_modules/react-dom/cjs/react-dom.development.js:27465:14)
    at performUnitOfWork (/Users/brianlong/Developer/summit/client/node_modules/react-dom/cjs/react-dom.development.js:26599:12)
    at workLoopSync (/Users/brianlong/Developer/summit/client/node_modules/react-dom/cjs/react-dom.development.js:26505:5)
    at renderRootSync (/Users/brianlong/Developer/summit/client/node_modules/react-dom/cjs/react-dom.development.js:26473:7)
    at recoverFromConcurrentError (/Users/brianlong/Developer/summit/client/node_modules/react-dom/cjs/react-dom.development.js:25889:20)
    at performConcurrentWorkOnRoot (/Users/brianlong/Developer/summit/client/node_modules/react-dom/cjs/react-dom.development.js:25789:22)
    at flushActQueue (/Users/brianlong/Developer/summit/client/node_modules/react/cjs/react.development.js:2667:24)
    at act (/Users/brianlong/Developer/summit/client/node_modules/react/cjs/react.development.js:2582:11)
    at actWithWarning (/Users/brianlong/Developer/summit/client/node_modules/react-dom/cjs/react-dom-test-utils.development.js:1740:10)
    at /Users/brianlong/Developer/summit/client/node_modules/@testing-library/react/dist/act-compat.js:63:25
    at renderRoot (/Users/brianlong/Developer/summit/client/node_modules/@testing-library/react/dist/pure.js:159:26)
    at render (/Users/brianlong/Developer/summit/client/node_modules/@testing-library/react/dist/pure.js:246:10)
    at Object.&lt;anonymous&gt; (/Users/brianlong/Developer/summit/client/src/components/timeline/__tests__/TemporalAnalysis.test.tsx:125:11)
    at Promise.finally.completed (/Users/brianlong/Developer/summit/client/node_modules/jest-circus/build/jestAdapterInit.js:1556:28)
    at new Promise (&lt;anonymous&gt;)
    at callAsyncCircusFn (/Users/brianlong/Developer/summit/client/node_modules/jest-circus/build/jestAdapterInit.js:1496:10)
    at _callCircusTest (/Users/brianlong/Developer/summit/client/node_modules/jest-circus/build/jestAdapterInit.js:1006:40)
    at processTicksAndRejections (node:internal/process/task_queues:95:5)
    at _runTest (/Users/brianlong/Developer/summit/client/node_modules/jest-circus/build/jestAdapterInit.js:946:3)
    at _runTestsForDescribeBlock (/Users/brianlong/Developer/summit/client/node_modules/jest-circus/build/jestAdapterInit.js:839:13)
    at _runTestsForDescribeBlock (/Users/brianlong/Developer/summit/client/node_modules/jest-circus/build/jestAdapterInit.js:829:11)
    at run (/Users/brianlong/Developer/summit/client/node_modules/jest-circus/build/jestAdapterInit.js:757:3)
    at runAndTransformResultsToJestFormat (/Users/brianlong/Developer/summit/client/node_modules/jest-circus/build/jestAdapterInit.js:1917:21)
    at jestAdapter (/Users/brianlong/Developer/summit/client/node_modules/jest-circus/build/runner.js:101:19)
    at runTestInternal (/Users/brianlong/Developer/summit/client/node_modules/jest-runner/build/testWorker.js:275:16)
    at runTest (/Users/brianlong/Developer/summit/client/node_modules/jest-runner/build/testWorker.js:343:7)
    at Object.worker (/Users/brianlong/Developer/summit/client/node_modules/jest-runner/build/testWorker.js:497:12)</failure>
    </testcase>
    <testcase classname="TemporalAnalysis" name="calls time range change callback" time="0.096">
      <failure>Error: useToast must be used within ToastProvider
    at useToast (/Users/brianlong/Developer/summit/client/src/components/ToastContainer.tsx:15:11)
    at TemporalAnalysis (/Users/brianlong/Developer/summit/client/src/components/timeline/TemporalAnalysis.tsx:76:25)
    at renderWithHooks (/Users/brianlong/Developer/summit/client/node_modules/react-dom/cjs/react-dom.development.js:15486:18)
    at mountIndeterminateComponent (/Users/brianlong/Developer/summit/client/node_modules/react-dom/cjs/react-dom.development.js:20103:13)
    at beginWork (/Users/brianlong/Developer/summit/client/node_modules/react-dom/cjs/react-dom.development.js:21626:16)
    at beginWork$1 (/Users/brianlong/Developer/summit/client/node_modules/react-dom/cjs/react-dom.development.js:27465:14)
    at performUnitOfWork (/Users/brianlong/Developer/summit/client/node_modules/react-dom/cjs/react-dom.development.js:26599:12)
    at workLoopSync (/Users/brianlong/Developer/summit/client/node_modules/react-dom/cjs/react-dom.development.js:26505:5)
    at renderRootSync (/Users/brianlong/Developer/summit/client/node_modules/react-dom/cjs/react-dom.development.js:26473:7)
    at recoverFromConcurrentError (/Users/brianlong/Developer/summit/client/node_modules/react-dom/cjs/react-dom.development.js:25889:20)
    at performConcurrentWorkOnRoot (/Users/brianlong/Developer/summit/client/node_modules/react-dom/cjs/react-dom.development.js:25789:22)
    at flushActQueue (/Users/brianlong/Developer/summit/client/node_modules/react/cjs/react.development.js:2667:24)
    at act (/Users/brianlong/Developer/summit/client/node_modules/react/cjs/react.development.js:2582:11)
    at actWithWarning (/Users/brianlong/Developer/summit/client/node_modules/react-dom/cjs/react-dom-test-utils.development.js:1740:10)
    at /Users/brianlong/Developer/summit/client/node_modules/@testing-library/react/dist/act-compat.js:63:25
    at renderRoot (/Users/brianlong/Developer/summit/client/node_modules/@testing-library/react/dist/pure.js:159:26)
    at render (/Users/brianlong/Developer/summit/client/node_modules/@testing-library/react/dist/pure.js:246:10)
    at Object.&lt;anonymous&gt; (/Users/brianlong/Developer/summit/client/src/components/timeline/__tests__/TemporalAnalysis.test.tsx:139:11)
    at Promise.finally.completed (/Users/brianlong/Developer/summit/client/node_modules/jest-circus/build/jestAdapterInit.js:1556:28)
    at new Promise (&lt;anonymous&gt;)
    at callAsyncCircusFn (/Users/brianlong/Developer/summit/client/node_modules/jest-circus/build/jestAdapterInit.js:1496:10)
    at _callCircusTest (/Users/brianlong/Developer/summit/client/node_modules/jest-circus/build/jestAdapterInit.js:1006:40)
    at processTicksAndRejections (node:internal/process/task_queues:95:5)
    at _runTest (/Users/brianlong/Developer/summit/client/node_modules/jest-circus/build/jestAdapterInit.js:946:3)
    at _runTestsForDescribeBlock (/Users/brianlong/Developer/summit/client/node_modules/jest-circus/build/jestAdapterInit.js:839:13)
    at _runTestsForDescribeBlock (/Users/brianlong/Developer/summit/client/node_modules/jest-circus/build/jestAdapterInit.js:829:11)
    at run (/Users/brianlong/Developer/summit/client/node_modules/jest-circus/build/jestAdapterInit.js:757:3)
    at runAndTransformResultsToJestFormat (/Users/brianlong/Developer/summit/client/node_modules/jest-circus/build/jestAdapterInit.js:1917:21)
    at jestAdapter (/Users/brianlong/Developer/summit/client/node_modules/jest-circus/build/runner.js:101:19)
    at runTestInternal (/Users/brianlong/Developer/summit/client/node_modules/jest-runner/build/testWorker.js:275:16)
    at runTest (/Users/brianlong/Developer/summit/client/node_modules/jest-runner/build/testWorker.js:343:7)
    at Object.worker (/Users/brianlong/Developer/summit/client/node_modules/jest-runner/build/testWorker.js:497:12)</failure>
    </testcase>
    <testcase classname="TemporalAnalysis" name="shows event details on hover" time="0.169">
      <failure>Error: useToast must be used within ToastProvider
    at useToast (/Users/brianlong/Developer/summit/client/src/components/ToastContainer.tsx:15:11)
    at TemporalAnalysis (/Users/brianlong/Developer/summit/client/src/components/timeline/TemporalAnalysis.tsx:76:25)
    at renderWithHooks (/Users/brianlong/Developer/summit/client/node_modules/react-dom/cjs/react-dom.development.js:15486:18)
    at mountIndeterminateComponent (/Users/brianlong/Developer/summit/client/node_modules/react-dom/cjs/react-dom.development.js:20103:13)
    at beginWork (/Users/brianlong/Developer/summit/client/node_modules/react-dom/cjs/react-dom.development.js:21626:16)
    at beginWork$1 (/Users/brianlong/Developer/summit/client/node_modules/react-dom/cjs/react-dom.development.js:27465:14)
    at performUnitOfWork (/Users/brianlong/Developer/summit/client/node_modules/react-dom/cjs/react-dom.development.js:26599:12)
    at workLoopSync (/Users/brianlong/Developer/summit/client/node_modules/react-dom/cjs/react-dom.development.js:26505:5)
    at renderRootSync (/Users/brianlong/Developer/summit/client/node_modules/react-dom/cjs/react-dom.development.js:26473:7)
    at recoverFromConcurrentError (/Users/brianlong/Developer/summit/client/node_modules/react-dom/cjs/react-dom.development.js:25889:20)
    at performConcurrentWorkOnRoot (/Users/brianlong/Developer/summit/client/node_modules/react-dom/cjs/react-dom.development.js:25789:22)
    at flushActQueue (/Users/brianlong/Developer/summit/client/node_modules/react/cjs/react.development.js:2667:24)
    at act (/Users/brianlong/Developer/summit/client/node_modules/react/cjs/react.development.js:2582:11)
    at actWithWarning (/Users/brianlong/Developer/summit/client/node_modules/react-dom/cjs/react-dom-test-utils.development.js:1740:10)
    at /Users/brianlong/Developer/summit/client/node_modules/@testing-library/react/dist/act-compat.js:63:25
    at renderRoot (/Users/brianlong/Developer/summit/client/node_modules/@testing-library/react/dist/pure.js:159:26)
    at render (/Users/brianlong/Developer/summit/client/node_modules/@testing-library/react/dist/pure.js:246:10)
    at Object.&lt;anonymous&gt; (/Users/brianlong/Developer/summit/client/src/components/timeline/__tests__/TemporalAnalysis.test.tsx:154:11)
    at Promise.finally.completed (/Users/brianlong/Developer/summit/client/node_modules/jest-circus/build/jestAdapterInit.js:1556:28)
    at new Promise (&lt;anonymous&gt;)
    at callAsyncCircusFn (/Users/brianlong/Developer/summit/client/node_modules/jest-circus/build/jestAdapterInit.js:1496:10)
    at _callCircusTest (/Users/brianlong/Developer/summit/client/node_modules/jest-circus/build/jestAdapterInit.js:1006:40)
    at processTicksAndRejections (node:internal/process/task_queues:95:5)
    at _runTest (/Users/brianlong/Developer/summit/client/node_modules/jest-circus/build/jestAdapterInit.js:946:3)
    at _runTestsForDescribeBlock (/Users/brianlong/Developer/summit/client/node_modules/jest-circus/build/jestAdapterInit.js:839:13)
    at _runTestsForDescribeBlock (/Users/brianlong/Developer/summit/client/node_modules/jest-circus/build/jestAdapterInit.js:829:11)
    at run (/Users/brianlong/Developer/summit/client/node_modules/jest-circus/build/jestAdapterInit.js:757:3)
    at runAndTransformResultsToJestFormat (/Users/brianlong/Developer/summit/client/node_modules/jest-circus/build/jestAdapterInit.js:1917:21)
    at jestAdapter (/Users/brianlong/Developer/summit/client/node_modules/jest-circus/build/runner.js:101:19)
    at runTestInternal (/Users/brianlong/Developer/summit/client/node_modules/jest-runner/build/testWorker.js:275:16)
    at runTest (/Users/brianlong/Developer/summit/client/node_modules/jest-runner/build/testWorker.js:343:7)
    at Object.worker (/Users/brianlong/Developer/summit/client/node_modules/jest-runner/build/testWorker.js:497:12)</failure>
    </testcase>
    <testcase classname="TemporalAnalysis" name="handles wheel events for zooming when enabled" time="0.01">
      <failure>Error: useToast must be used within ToastProvider
    at useToast (/Users/brianlong/Developer/summit/client/src/components/ToastContainer.tsx:15:11)
    at TemporalAnalysis (/Users/brianlong/Developer/summit/client/src/components/timeline/TemporalAnalysis.tsx:76:25)
    at renderWithHooks (/Users/brianlong/Developer/summit/client/node_modules/react-dom/cjs/react-dom.development.js:15486:18)
    at mountIndeterminateComponent (/Users/brianlong/Developer/summit/client/node_modules/react-dom/cjs/react-dom.development.js:20103:13)
    at beginWork (/Users/brianlong/Developer/summit/client/node_modules/react-dom/cjs/react-dom.development.js:21626:16)
    at beginWork$1 (/Users/brianlong/Developer/summit/client/node_modules/react-dom/cjs/react-dom.development.js:27465:14)
    at performUnitOfWork (/Users/brianlong/Developer/summit/client/node_modules/react-dom/cjs/react-dom.development.js:26599:12)
    at workLoopSync (/Users/brianlong/Developer/summit/client/node_modules/react-dom/cjs/react-dom.development.js:26505:5)
    at renderRootSync (/Users/brianlong/Developer/summit/client/node_modules/react-dom/cjs/react-dom.development.js:26473:7)
    at recoverFromConcurrentError (/Users/brianlong/Developer/summit/client/node_modules/react-dom/cjs/react-dom.development.js:25889:20)
    at performConcurrentWorkOnRoot (/Users/brianlong/Developer/summit/client/node_modules/react-dom/cjs/react-dom.development.js:25789:22)
    at flushActQueue (/Users/brianlong/Developer/summit/client/node_modules/react/cjs/react.development.js:2667:24)
    at act (/Users/brianlong/Developer/summit/client/node_modules/react/cjs/react.development.js:2582:11)
    at actWithWarning (/Users/brianlong/Developer/summit/client/node_modules/react-dom/cjs/react-dom-test-utils.development.js:1740:10)
    at /Users/brianlong/Developer/summit/client/node_modules/@testing-library/react/dist/act-compat.js:63:25
    at renderRoot (/Users/brianlong/Developer/summit/client/node_modules/@testing-library/react/dist/pure.js:159:26)
    at render (/Users/brianlong/Developer/summit/client/node_modules/@testing-library/react/dist/pure.js:246:10)
    at Object.&lt;anonymous&gt; (/Users/brianlong/Developer/summit/client/src/components/timeline/__tests__/TemporalAnalysis.test.tsx:166:11)
    at Promise.finally.completed (/Users/brianlong/Developer/summit/client/node_modules/jest-circus/build/jestAdapterInit.js:1556:28)
    at new Promise (&lt;anonymous&gt;)
    at callAsyncCircusFn (/Users/brianlong/Developer/summit/client/node_modules/jest-circus/build/jestAdapterInit.js:1496:10)
    at _callCircusTest (/Users/brianlong/Developer/summit/client/node_modules/jest-circus/build/jestAdapterInit.js:1006:40)
    at processTicksAndRejections (node:internal/process/task_queues:95:5)
    at _runTest (/Users/brianlong/Developer/summit/client/node_modules/jest-circus/build/jestAdapterInit.js:946:3)
    at _runTestsForDescribeBlock (/Users/brianlong/Developer/summit/client/node_modules/jest-circus/build/jestAdapterInit.js:839:13)
    at _runTestsForDescribeBlock (/Users/brianlong/Developer/summit/client/node_modules/jest-circus/build/jestAdapterInit.js:829:11)
    at run (/Users/brianlong/Developer/summit/client/node_modules/jest-circus/build/jestAdapterInit.js:757:3)
    at runAndTransformResultsToJestFormat (/Users/brianlong/Developer/summit/client/node_modules/jest-circus/build/jestAdapterInit.js:1917:21)
    at jestAdapter (/Users/brianlong/Developer/summit/client/node_modules/jest-circus/build/runner.js:101:19)
    at runTestInternal (/Users/brianlong/Developer/summit/client/node_modules/jest-runner/build/testWorker.js:275:16)
    at runTest (/Users/brianlong/Developer/summit/client/node_modules/jest-runner/build/testWorker.js:343:7)
    at Object.worker (/Users/brianlong/Developer/summit/client/node_modules/jest-runner/build/testWorker.js:497:12)</failure>
    </testcase>
    <testcase classname="TemporalAnalysis" name="ignores wheel events when zoom disabled" time="0.01">
      <failure>Error: useToast must be used within ToastProvider
    at useToast (/Users/brianlong/Developer/summit/client/src/components/ToastContainer.tsx:15:11)
    at TemporalAnalysis (/Users/brianlong/Developer/summit/client/src/components/timeline/TemporalAnalysis.tsx:76:25)
    at renderWithHooks (/Users/brianlong/Developer/summit/client/node_modules/react-dom/cjs/react-dom.development.js:15486:18)
    at mountIndeterminateComponent (/Users/brianlong/Developer/summit/client/node_modules/react-dom/cjs/react-dom.development.js:20103:13)
    at beginWork (/Users/brianlong/Developer/summit/client/node_modules/react-dom/cjs/react-dom.development.js:21626:16)
    at beginWork$1 (/Users/brianlong/Developer/summit/client/node_modules/react-dom/cjs/react-dom.development.js:27465:14)
    at performUnitOfWork (/Users/brianlong/Developer/summit/client/node_modules/react-dom/cjs/react-dom.development.js:26599:12)
    at workLoopSync (/Users/brianlong/Developer/summit/client/node_modules/react-dom/cjs/react-dom.development.js:26505:5)
    at renderRootSync (/Users/brianlong/Developer/summit/client/node_modules/react-dom/cjs/react-dom.development.js:26473:7)
    at recoverFromConcurrentError (/Users/brianlong/Developer/summit/client/node_modules/react-dom/cjs/react-dom.development.js:25889:20)
    at performConcurrentWorkOnRoot (/Users/brianlong/Developer/summit/client/node_modules/react-dom/cjs/react-dom.development.js:25789:22)
    at flushActQueue (/Users/brianlong/Developer/summit/client/node_modules/react/cjs/react.development.js:2667:24)
    at act (/Users/brianlong/Developer/summit/client/node_modules/react/cjs/react.development.js:2582:11)
    at actWithWarning (/Users/brianlong/Developer/summit/client/node_modules/react-dom/cjs/react-dom-test-utils.development.js:1740:10)
    at /Users/brianlong/Developer/summit/client/node_modules/@testing-library/react/dist/act-compat.js:63:25
    at renderRoot (/Users/brianlong/Developer/summit/client/node_modules/@testing-library/react/dist/pure.js:159:26)
    at render (/Users/brianlong/Developer/summit/client/node_modules/@testing-library/react/dist/pure.js:246:10)
    at Object.&lt;anonymous&gt; (/Users/brianlong/Developer/summit/client/src/components/timeline/__tests__/TemporalAnalysis.test.tsx:179:11)
    at Promise.finally.completed (/Users/brianlong/Developer/summit/client/node_modules/jest-circus/build/jestAdapterInit.js:1556:28)
    at new Promise (&lt;anonymous&gt;)
    at callAsyncCircusFn (/Users/brianlong/Developer/summit/client/node_modules/jest-circus/build/jestAdapterInit.js:1496:10)
    at _callCircusTest (/Users/brianlong/Developer/summit/client/node_modules/jest-circus/build/jestAdapterInit.js:1006:40)
    at processTicksAndRejections (node:internal/process/task_queues:95:5)
    at _runTest (/Users/brianlong/Developer/summit/client/node_modules/jest-circus/build/jestAdapterInit.js:946:3)
    at _runTestsForDescribeBlock (/Users/brianlong/Developer/summit/client/node_modules/jest-circus/build/jestAdapterInit.js:839:13)
    at _runTestsForDescribeBlock (/Users/brianlong/Developer/summit/client/node_modules/jest-circus/build/jestAdapterInit.js:829:11)
    at run (/Users/brianlong/Developer/summit/client/node_modules/jest-circus/build/jestAdapterInit.js:757:3)
    at runAndTransformResultsToJestFormat (/Users/brianlong/Developer/summit/client/node_modules/jest-circus/build/jestAdapterInit.js:1917:21)
    at jestAdapter (/Users/brianlong/Developer/summit/client/node_modules/jest-circus/build/runner.js:101:19)
    at runTestInternal (/Users/brianlong/Developer/summit/client/node_modules/jest-runner/build/testWorker.js:275:16)
    at runTest (/Users/brianlong/Developer/summit/client/node_modules/jest-runner/build/testWorker.js:343:7)
    at Object.worker (/Users/brianlong/Developer/summit/client/node_modules/jest-runner/build/testWorker.js:497:12)</failure>
    </testcase>
    <testcase classname="TemporalAnalysis" name="applies custom className" time="0.017">
      <failure>Error: useToast must be used within ToastProvider
    at useToast (/Users/brianlong/Developer/summit/client/src/components/ToastContainer.tsx:15:11)
    at TemporalAnalysis (/Users/brianlong/Developer/summit/client/src/components/timeline/TemporalAnalysis.tsx:76:25)
    at renderWithHooks (/Users/brianlong/Developer/summit/client/node_modules/react-dom/cjs/react-dom.development.js:15486:18)
    at mountIndeterminateComponent (/Users/brianlong/Developer/summit/client/node_modules/react-dom/cjs/react-dom.development.js:20103:13)
    at beginWork (/Users/brianlong/Developer/summit/client/node_modules/react-dom/cjs/react-dom.development.js:21626:16)
    at beginWork$1 (/Users/brianlong/Developer/summit/client/node_modules/react-dom/cjs/react-dom.development.js:27465:14)
    at performUnitOfWork (/Users/brianlong/Developer/summit/client/node_modules/react-dom/cjs/react-dom.development.js:26599:12)
    at workLoopSync (/Users/brianlong/Developer/summit/client/node_modules/react-dom/cjs/react-dom.development.js:26505:5)
    at renderRootSync (/Users/brianlong/Developer/summit/client/node_modules/react-dom/cjs/react-dom.development.js:26473:7)
    at recoverFromConcurrentError (/Users/brianlong/Developer/summit/client/node_modules/react-dom/cjs/react-dom.development.js:25889:20)
    at performConcurrentWorkOnRoot (/Users/brianlong/Developer/summit/client/node_modules/react-dom/cjs/react-dom.development.js:25789:22)
    at flushActQueue (/Users/brianlong/Developer/summit/client/node_modules/react/cjs/react.development.js:2667:24)
    at act (/Users/brianlong/Developer/summit/client/node_modules/react/cjs/react.development.js:2582:11)
    at actWithWarning (/Users/brianlong/Developer/summit/client/node_modules/react-dom/cjs/react-dom-test-utils.development.js:1740:10)
    at /Users/brianlong/Developer/summit/client/node_modules/@testing-library/react/dist/act-compat.js:63:25
    at renderRoot (/Users/brianlong/Developer/summit/client/node_modules/@testing-library/react/dist/pure.js:159:26)
    at render (/Users/brianlong/Developer/summit/client/node_modules/@testing-library/react/dist/pure.js:246:10)
    at Object.&lt;anonymous&gt; (/Users/brianlong/Developer/summit/client/src/components/timeline/__tests__/TemporalAnalysis.test.tsx:191:11)
    at Promise.finally.completed (/Users/brianlong/Developer/summit/client/node_modules/jest-circus/build/jestAdapterInit.js:1556:28)
    at new Promise (&lt;anonymous&gt;)
    at callAsyncCircusFn (/Users/brianlong/Developer/summit/client/node_modules/jest-circus/build/jestAdapterInit.js:1496:10)
    at _callCircusTest (/Users/brianlong/Developer/summit/client/node_modules/jest-circus/build/jestAdapterInit.js:1006:40)
    at processTicksAndRejections (node:internal/process/task_queues:95:5)
    at _runTest (/Users/brianlong/Developer/summit/client/node_modules/jest-circus/build/jestAdapterInit.js:946:3)
    at _runTestsForDescribeBlock (/Users/brianlong/Developer/summit/client/node_modules/jest-circus/build/jestAdapterInit.js:839:13)
    at _runTestsForDescribeBlock (/Users/brianlong/Developer/summit/client/node_modules/jest-circus/build/jestAdapterInit.js:829:11)
    at run (/Users/brianlong/Developer/summit/client/node_modules/jest-circus/build/jestAdapterInit.js:757:3)
    at runAndTransformResultsToJestFormat (/Users/brianlong/Developer/summit/client/node_modules/jest-circus/build/jestAdapterInit.js:1917:21)
    at jestAdapter (/Users/brianlong/Developer/summit/client/node_modules/jest-circus/build/runner.js:101:19)
    at runTestInternal (/Users/brianlong/Developer/summit/client/node_modules/jest-runner/build/testWorker.js:275:16)
    at runTest (/Users/brianlong/Developer/summit/client/node_modules/jest-runner/build/testWorker.js:343:7)
    at Object.worker (/Users/brianlong/Developer/summit/client/node_modules/jest-runner/build/testWorker.js:497:12)</failure>
    </testcase>
    <testcase classname="TemporalAnalysis" name="displays cluster information when enabled" time="0.031">
      <failure>Error: useToast must be used within ToastProvider
    at useToast (/Users/brianlong/Developer/summit/client/src/components/ToastContainer.tsx:15:11)
    at TemporalAnalysis (/Users/brianlong/Developer/summit/client/src/components/timeline/TemporalAnalysis.tsx:76:25)
    at renderWithHooks (/Users/brianlong/Developer/summit/client/node_modules/react-dom/cjs/react-dom.development.js:15486:18)
    at mountIndeterminateComponent (/Users/brianlong/Developer/summit/client/node_modules/react-dom/cjs/react-dom.development.js:20103:13)
    at beginWork (/Users/brianlong/Developer/summit/client/node_modules/react-dom/cjs/react-dom.development.js:21626:16)
    at beginWork$1 (/Users/brianlong/Developer/summit/client/node_modules/react-dom/cjs/react-dom.development.js:27465:14)
    at performUnitOfWork (/Users/brianlong/Developer/summit/client/node_modules/react-dom/cjs/react-dom.development.js:26599:12)
    at workLoopSync (/Users/brianlong/Developer/summit/client/node_modules/react-dom/cjs/react-dom.development.js:26505:5)
    at renderRootSync (/Users/brianlong/Developer/summit/client/node_modules/react-dom/cjs/react-dom.development.js:26473:7)
    at recoverFromConcurrentError (/Users/brianlong/Developer/summit/client/node_modules/react-dom/cjs/react-dom.development.js:25889:20)
    at performConcurrentWorkOnRoot (/Users/brianlong/Developer/summit/client/node_modules/react-dom/cjs/react-dom.development.js:25789:22)
    at flushActQueue (/Users/brianlong/Developer/summit/client/node_modules/react/cjs/react.development.js:2667:24)
    at act (/Users/brianlong/Developer/summit/client/node_modules/react/cjs/react.development.js:2582:11)
    at actWithWarning (/Users/brianlong/Developer/summit/client/node_modules/react-dom/cjs/react-dom-test-utils.development.js:1740:10)
    at /Users/brianlong/Developer/summit/client/node_modules/@testing-library/react/dist/act-compat.js:63:25
    at renderRoot (/Users/brianlong/Developer/summit/client/node_modules/@testing-library/react/dist/pure.js:159:26)
    at render (/Users/brianlong/Developer/summit/client/node_modules/@testing-library/react/dist/pure.js:246:10)
    at Object.&lt;anonymous&gt; (/Users/brianlong/Developer/summit/client/src/components/timeline/__tests__/TemporalAnalysis.test.tsx:202:11)
    at Promise.finally.completed (/Users/brianlong/Developer/summit/client/node_modules/jest-circus/build/jestAdapterInit.js:1556:28)
    at new Promise (&lt;anonymous&gt;)
    at callAsyncCircusFn (/Users/brianlong/Developer/summit/client/node_modules/jest-circus/build/jestAdapterInit.js:1496:10)
    at _callCircusTest (/Users/brianlong/Developer/summit/client/node_modules/jest-circus/build/jestAdapterInit.js:1006:40)
    at processTicksAndRejections (node:internal/process/task_queues:95:5)
    at _runTest (/Users/brianlong/Developer/summit/client/node_modules/jest-circus/build/jestAdapterInit.js:946:3)
    at _runTestsForDescribeBlock (/Users/brianlong/Developer/summit/client/node_modules/jest-circus/build/jestAdapterInit.js:839:13)
    at _runTestsForDescribeBlock (/Users/brianlong/Developer/summit/client/node_modules/jest-circus/build/jestAdapterInit.js:829:11)
    at run (/Users/brianlong/Developer/summit/client/node_modules/jest-circus/build/jestAdapterInit.js:757:3)
    at runAndTransformResultsToJestFormat (/Users/brianlong/Developer/summit/client/node_modules/jest-circus/build/jestAdapterInit.js:1917:21)
    at jestAdapter (/Users/brianlong/Developer/summit/client/node_modules/jest-circus/build/runner.js:101:19)
    at runTestInternal (/Users/brianlong/Developer/summit/client/node_modules/jest-runner/build/testWorker.js:275:16)
    at runTest (/Users/brianlong/Developer/summit/client/node_modules/jest-runner/build/testWorker.js:343:7)
    at Object.worker (/Users/brianlong/Developer/summit/client/node_modules/jest-runner/build/testWorker.js:497:12)</failure>
    </testcase>
    <testcase classname="TemporalAnalysis" name="displays anomaly information when enabled" time="0.218">
      <failure>Error: useToast must be used within ToastProvider
    at useToast (/Users/brianlong/Developer/summit/client/src/components/ToastContainer.tsx:15:11)
    at TemporalAnalysis (/Users/brianlong/Developer/summit/client/src/components/timeline/TemporalAnalysis.tsx:76:25)
    at renderWithHooks (/Users/brianlong/Developer/summit/client/node_modules/react-dom/cjs/react-dom.development.js:15486:18)
    at mountIndeterminateComponent (/Users/brianlong/Developer/summit/client/node_modules/react-dom/cjs/react-dom.development.js:20103:13)
    at beginWork (/Users/brianlong/Developer/summit/client/node_modules/react-dom/cjs/react-dom.development.js:21626:16)
    at beginWork$1 (/Users/brianlong/Developer/summit/client/node_modules/react-dom/cjs/react-dom.development.js:27465:14)
    at performUnitOfWork (/Users/brianlong/Developer/summit/client/node_modules/react-dom/cjs/react-dom.development.js:26599:12)
    at workLoopSync (/Users/brianlong/Developer/summit/client/node_modules/react-dom/cjs/react-dom.development.js:26505:5)
    at renderRootSync (/Users/brianlong/Developer/summit/client/node_modules/react-dom/cjs/react-dom.development.js:26473:7)
    at recoverFromConcurrentError (/Users/brianlong/Developer/summit/client/node_modules/react-dom/cjs/react-dom.development.js:25889:20)
    at performConcurrentWorkOnRoot (/Users/brianlong/Developer/summit/client/node_modules/react-dom/cjs/react-dom.development.js:25789:22)
    at flushActQueue (/Users/brianlong/Developer/summit/client/node_modules/react/cjs/react.development.js:2667:24)
    at act (/Users/brianlong/Developer/summit/client/node_modules/react/cjs/react.development.js:2582:11)
    at actWithWarning (/Users/brianlong/Developer/summit/client/node_modules/react-dom/cjs/react-dom-test-utils.development.js:1740:10)
    at /Users/brianlong/Developer/summit/client/node_modules/@testing-library/react/dist/act-compat.js:63:25
    at renderRoot (/Users/brianlong/Developer/summit/client/node_modules/@testing-library/react/dist/pure.js:159:26)
    at render (/Users/brianlong/Developer/summit/client/node_modules/@testing-library/react/dist/pure.js:246:10)
    at Object.&lt;anonymous&gt; (/Users/brianlong/Developer/summit/client/src/components/timeline/__tests__/TemporalAnalysis.test.tsx:211:11)
    at Promise.finally.completed (/Users/brianlong/Developer/summit/client/node_modules/jest-circus/build/jestAdapterInit.js:1556:28)
    at new Promise (&lt;anonymous&gt;)
    at callAsyncCircusFn (/Users/brianlong/Developer/summit/client/node_modules/jest-circus/build/jestAdapterInit.js:1496:10)
    at _callCircusTest (/Users/brianlong/Developer/summit/client/node_modules/jest-circus/build/jestAdapterInit.js:1006:40)
    at processTicksAndRejections (node:internal/process/task_queues:95:5)
    at _runTest (/Users/brianlong/Developer/summit/client/node_modules/jest-circus/build/jestAdapterInit.js:946:3)
    at _runTestsForDescribeBlock (/Users/brianlong/Developer/summit/client/node_modules/jest-circus/build/jestAdapterInit.js:839:13)
    at _runTestsForDescribeBlock (/Users/brianlong/Developer/summit/client/node_modules/jest-circus/build/jestAdapterInit.js:829:11)
    at run (/Users/brianlong/Developer/summit/client/node_modules/jest-circus/build/jestAdapterInit.js:757:3)
    at runAndTransformResultsToJestFormat (/Users/brianlong/Developer/summit/client/node_modules/jest-circus/build/jestAdapterInit.js:1917:21)
    at jestAdapter (/Users/brianlong/Developer/summit/client/node_modules/jest-circus/build/runner.js:101:19)
    at runTestInternal (/Users/brianlong/Developer/summit/client/node_modules/jest-runner/build/testWorker.js:275:16)
    at runTest (/Users/brianlong/Developer/summit/client/node_modules/jest-runner/build/testWorker.js:343:7)
    at Object.worker (/Users/brianlong/Developer/summit/client/node_modules/jest-runner/build/testWorker.js:497:12)</failure>
    </testcase>
    <testcase classname="TemporalAnalysis" name="updates statistics when filters change" time="0.039">
      <failure>Error: useToast must be used within ToastProvider
    at useToast (/Users/brianlong/Developer/summit/client/src/components/ToastContainer.tsx:15:11)
    at TemporalAnalysis (/Users/brianlong/Developer/summit/client/src/components/timeline/TemporalAnalysis.tsx:76:25)
    at renderWithHooks (/Users/brianlong/Developer/summit/client/node_modules/react-dom/cjs/react-dom.development.js:15486:18)
    at mountIndeterminateComponent (/Users/brianlong/Developer/summit/client/node_modules/react-dom/cjs/react-dom.development.js:20103:13)
    at beginWork (/Users/brianlong/Developer/summit/client/node_modules/react-dom/cjs/react-dom.development.js:21626:16)
    at beginWork$1 (/Users/brianlong/Developer/summit/client/node_modules/react-dom/cjs/react-dom.development.js:27465:14)
    at performUnitOfWork (/Users/brianlong/Developer/summit/client/node_modules/react-dom/cjs/react-dom.development.js:26599:12)
    at workLoopSync (/Users/brianlong/Developer/summit/client/node_modules/react-dom/cjs/react-dom.development.js:26505:5)
    at renderRootSync (/Users/brianlong/Developer/summit/client/node_modules/react-dom/cjs/react-dom.development.js:26473:7)
    at recoverFromConcurrentError (/Users/brianlong/Developer/summit/client/node_modules/react-dom/cjs/react-dom.development.js:25889:20)
    at performConcurrentWorkOnRoot (/Users/brianlong/Developer/summit/client/node_modules/react-dom/cjs/react-dom.development.js:25789:22)
    at flushActQueue (/Users/brianlong/Developer/summit/client/node_modules/react/cjs/react.development.js:2667:24)
    at act (/Users/brianlong/Developer/summit/client/node_modules/react/cjs/react.development.js:2582:11)
    at actWithWarning (/Users/brianlong/Developer/summit/client/node_modules/react-dom/cjs/react-dom-test-utils.development.js:1740:10)
    at /Users/brianlong/Developer/summit/client/node_modules/@testing-library/react/dist/act-compat.js:63:25
    at renderRoot (/Users/brianlong/Developer/summit/client/node_modules/@testing-library/react/dist/pure.js:159:26)
    at render (/Users/brianlong/Developer/summit/client/node_modules/@testing-library/react/dist/pure.js:246:10)
    at Object.&lt;anonymous&gt; (/Users/brianlong/Developer/summit/client/src/components/timeline/__tests__/TemporalAnalysis.test.tsx:221:11)
    at Promise.finally.completed (/Users/brianlong/Developer/summit/client/node_modules/jest-circus/build/jestAdapterInit.js:1556:28)
    at new Promise (&lt;anonymous&gt;)
    at callAsyncCircusFn (/Users/brianlong/Developer/summit/client/node_modules/jest-circus/build/jestAdapterInit.js:1496:10)
    at _callCircusTest (/Users/brianlong/Developer/summit/client/node_modules/jest-circus/build/jestAdapterInit.js:1006:40)
    at processTicksAndRejections (node:internal/process/task_queues:95:5)
    at _runTest (/Users/brianlong/Developer/summit/client/node_modules/jest-circus/build/jestAdapterInit.js:946:3)
    at _runTestsForDescribeBlock (/Users/brianlong/Developer/summit/client/node_modules/jest-circus/build/jestAdapterInit.js:839:13)
    at _runTestsForDescribeBlock (/Users/brianlong/Developer/summit/client/node_modules/jest-circus/build/jestAdapterInit.js:829:11)
    at run (/Users/brianlong/Developer/summit/client/node_modules/jest-circus/build/jestAdapterInit.js:757:3)
    at runAndTransformResultsToJestFormat (/Users/brianlong/Developer/summit/client/node_modules/jest-circus/build/jestAdapterInit.js:1917:21)
    at jestAdapter (/Users/brianlong/Developer/summit/client/node_modules/jest-circus/build/runner.js:101:19)
    at runTestInternal (/Users/brianlong/Developer/summit/client/node_modules/jest-runner/build/testWorker.js:275:16)
    at runTest (/Users/brianlong/Developer/summit/client/node_modules/jest-runner/build/testWorker.js:343:7)
    at Object.worker (/Users/brianlong/Developer/summit/client/node_modules/jest-runner/build/testWorker.js:497:12)</failure>
    </testcase>
    <testcase classname="TemporalAnalysis" name="handles component unmount cleanly" time="0.01">
      <failure>Error: useToast must be used within ToastProvider
    at useToast (/Users/brianlong/Developer/summit/client/src/components/ToastContainer.tsx:15:11)
    at TemporalAnalysis (/Users/brianlong/Developer/summit/client/src/components/timeline/TemporalAnalysis.tsx:76:25)
    at renderWithHooks (/Users/brianlong/Developer/summit/client/node_modules/react-dom/cjs/react-dom.development.js:15486:18)
    at mountIndeterminateComponent (/Users/brianlong/Developer/summit/client/node_modules/react-dom/cjs/react-dom.development.js:20103:13)
    at beginWork (/Users/brianlong/Developer/summit/client/node_modules/react-dom/cjs/react-dom.development.js:21626:16)
    at beginWork$1 (/Users/brianlong/Developer/summit/client/node_modules/react-dom/cjs/react-dom.development.js:27465:14)
    at performUnitOfWork (/Users/brianlong/Developer/summit/client/node_modules/react-dom/cjs/react-dom.development.js:26599:12)
    at workLoopSync (/Users/brianlong/Developer/summit/client/node_modules/react-dom/cjs/react-dom.development.js:26505:5)
    at renderRootSync (/Users/brianlong/Developer/summit/client/node_modules/react-dom/cjs/react-dom.development.js:26473:7)
    at recoverFromConcurrentError (/Users/brianlong/Developer/summit/client/node_modules/react-dom/cjs/react-dom.development.js:25889:20)
    at performConcurrentWorkOnRoot (/Users/brianlong/Developer/summit/client/node_modules/react-dom/cjs/react-dom.development.js:25789:22)
    at flushActQueue (/Users/brianlong/Developer/summit/client/node_modules/react/cjs/react.development.js:2667:24)
    at act (/Users/brianlong/Developer/summit/client/node_modules/react/cjs/react.development.js:2582:11)
    at actWithWarning (/Users/brianlong/Developer/summit/client/node_modules/react-dom/cjs/react-dom-test-utils.development.js:1740:10)
    at /Users/brianlong/Developer/summit/client/node_modules/@testing-library/react/dist/act-compat.js:63:25
    at renderRoot (/Users/brianlong/Developer/summit/client/node_modules/@testing-library/react/dist/pure.js:159:26)
    at render (/Users/brianlong/Developer/summit/client/node_modules/@testing-library/react/dist/pure.js:246:10)
    at Object.&lt;anonymous&gt; (/Users/brianlong/Developer/summit/client/src/components/timeline/__tests__/TemporalAnalysis.test.tsx:235:31)
    at Promise.finally.completed (/Users/brianlong/Developer/summit/client/node_modules/jest-circus/build/jestAdapterInit.js:1556:28)
    at new Promise (&lt;anonymous&gt;)
    at callAsyncCircusFn (/Users/brianlong/Developer/summit/client/node_modules/jest-circus/build/jestAdapterInit.js:1496:10)
    at _callCircusTest (/Users/brianlong/Developer/summit/client/node_modules/jest-circus/build/jestAdapterInit.js:1006:40)
    at processTicksAndRejections (node:internal/process/task_queues:95:5)
    at _runTest (/Users/brianlong/Developer/summit/client/node_modules/jest-circus/build/jestAdapterInit.js:946:3)
    at _runTestsForDescribeBlock (/Users/brianlong/Developer/summit/client/node_modules/jest-circus/build/jestAdapterInit.js:839:13)
    at _runTestsForDescribeBlock (/Users/brianlong/Developer/summit/client/node_modules/jest-circus/build/jestAdapterInit.js:829:11)
    at run (/Users/brianlong/Developer/summit/client/node_modules/jest-circus/build/jestAdapterInit.js:757:3)
    at runAndTransformResultsToJestFormat (/Users/brianlong/Developer/summit/client/node_modules/jest-circus/build/jestAdapterInit.js:1917:21)
    at jestAdapter (/Users/brianlong/Developer/summit/client/node_modules/jest-circus/build/runner.js:101:19)
    at runTestInternal (/Users/brianlong/Developer/summit/client/node_modules/jest-runner/build/testWorker.js:275:16)
    at runTest (/Users/brianlong/Developer/summit/client/node_modules/jest-runner/build/testWorker.js:343:7)
    at Object.worker (/Users/brianlong/Developer/summit/client/node_modules/jest-runner/build/testWorker.js:497:12)</failure>
    </testcase>
    <testcase classname="TemporalAnalysis" name="supports all time range options" time="0.092">
      <failure>Error: useToast must be used within ToastProvider
    at useToast (/Users/brianlong/Developer/summit/client/src/components/ToastContainer.tsx:15:11)
    at TemporalAnalysis (/Users/brianlong/Developer/summit/client/src/components/timeline/TemporalAnalysis.tsx:76:25)
    at renderWithHooks (/Users/brianlong/Developer/summit/client/node_modules/react-dom/cjs/react-dom.development.js:15486:18)
    at mountIndeterminateComponent (/Users/brianlong/Developer/summit/client/node_modules/react-dom/cjs/react-dom.development.js:20103:13)
    at beginWork (/Users/brianlong/Developer/summit/client/node_modules/react-dom/cjs/react-dom.development.js:21626:16)
    at beginWork$1 (/Users/brianlong/Developer/summit/client/node_modules/react-dom/cjs/react-dom.development.js:27465:14)
    at performUnitOfWork (/Users/brianlong/Developer/summit/client/node_modules/react-dom/cjs/react-dom.development.js:26599:12)
    at workLoopSync (/Users/brianlong/Developer/summit/client/node_modules/react-dom/cjs/react-dom.development.js:26505:5)
    at renderRootSync (/Users/brianlong/Developer/summit/client/node_modules/react-dom/cjs/react-dom.development.js:26473:7)
    at recoverFromConcurrentError (/Users/brianlong/Developer/summit/client/node_modules/react-dom/cjs/react-dom.development.js:25889:20)
    at performConcurrentWorkOnRoot (/Users/brianlong/Developer/summit/client/node_modules/react-dom/cjs/react-dom.development.js:25789:22)
    at flushActQueue (/Users/brianlong/Developer/summit/client/node_modules/react/cjs/react.development.js:2667:24)
    at act (/Users/brianlong/Developer/summit/client/node_modules/react/cjs/react.development.js:2582:11)
    at actWithWarning (/Users/brianlong/Developer/summit/client/node_modules/react-dom/cjs/react-dom-test-utils.development.js:1740:10)
    at /Users/brianlong/Developer/summit/client/node_modules/@testing-library/react/dist/act-compat.js:63:25
    at renderRoot (/Users/brianlong/Developer/summit/client/node_modules/@testing-library/react/dist/pure.js:159:26)
    at render (/Users/brianlong/Developer/summit/client/node_modules/@testing-library/react/dist/pure.js:246:10)
    at Object.&lt;anonymous&gt; (/Users/brianlong/Developer/summit/client/src/components/timeline/__tests__/TemporalAnalysis.test.tsx:245:11)
    at Promise.finally.completed (/Users/brianlong/Developer/summit/client/node_modules/jest-circus/build/jestAdapterInit.js:1556:28)
    at new Promise (&lt;anonymous&gt;)
    at callAsyncCircusFn (/Users/brianlong/Developer/summit/client/node_modules/jest-circus/build/jestAdapterInit.js:1496:10)
    at _callCircusTest (/Users/brianlong/Developer/summit/client/node_modules/jest-circus/build/jestAdapterInit.js:1006:40)
    at processTicksAndRejections (node:internal/process/task_queues:95:5)
    at _runTest (/Users/brianlong/Developer/summit/client/node_modules/jest-circus/build/jestAdapterInit.js:946:3)
    at _runTestsForDescribeBlock (/Users/brianlong/Developer/summit/client/node_modules/jest-circus/build/jestAdapterInit.js:839:13)
    at _runTestsForDescribeBlock (/Users/brianlong/Developer/summit/client/node_modules/jest-circus/build/jestAdapterInit.js:829:11)
    at run (/Users/brianlong/Developer/summit/client/node_modules/jest-circus/build/jestAdapterInit.js:757:3)
    at runAndTransformResultsToJestFormat (/Users/brianlong/Developer/summit/client/node_modules/jest-circus/build/jestAdapterInit.js:1917:21)
    at jestAdapter (/Users/brianlong/Developer/summit/client/node_modules/jest-circus/build/runner.js:101:19)
    at runTestInternal (/Users/brianlong/Developer/summit/client/node_modules/jest-runner/build/testWorker.js:275:16)
    at runTest (/Users/brianlong/Developer/summit/client/node_modules/jest-runner/build/testWorker.js:343:7)
    at Object.worker (/Users/brianlong/Developer/summit/client/node_modules/jest-runner/build/testWorker.js:497:12)</failure>
    </testcase>
    <testcase classname="TemporalAnalysis" name="maintains responsive layout" time="0.281">
      <failure>Error: useToast must be used within ToastProvider
    at useToast (/Users/brianlong/Developer/summit/client/src/components/ToastContainer.tsx:15:11)
    at TemporalAnalysis (/Users/brianlong/Developer/summit/client/src/components/timeline/TemporalAnalysis.tsx:76:25)
    at renderWithHooks (/Users/brianlong/Developer/summit/client/node_modules/react-dom/cjs/react-dom.development.js:15486:18)
    at mountIndeterminateComponent (/Users/brianlong/Developer/summit/client/node_modules/react-dom/cjs/react-dom.development.js:20103:13)
    at beginWork (/Users/brianlong/Developer/summit/client/node_modules/react-dom/cjs/react-dom.development.js:21626:16)
    at beginWork$1 (/Users/brianlong/Developer/summit/client/node_modules/react-dom/cjs/react-dom.development.js:27465:14)
    at performUnitOfWork (/Users/brianlong/Developer/summit/client/node_modules/react-dom/cjs/react-dom.development.js:26599:12)
    at workLoopSync (/Users/brianlong/Developer/summit/client/node_modules/react-dom/cjs/react-dom.development.js:26505:5)
    at renderRootSync (/Users/brianlong/Developer/summit/client/node_modules/react-dom/cjs/react-dom.development.js:26473:7)
    at recoverFromConcurrentError (/Users/brianlong/Developer/summit/client/node_modules/react-dom/cjs/react-dom.development.js:25889:20)
    at performConcurrentWorkOnRoot (/Users/brianlong/Developer/summit/client/node_modules/react-dom/cjs/react-dom.development.js:25789:22)
    at flushActQueue (/Users/brianlong/Developer/summit/client/node_modules/react/cjs/react.development.js:2667:24)
    at act (/Users/brianlong/Developer/summit/client/node_modules/react/cjs/react.development.js:2582:11)
    at actWithWarning (/Users/brianlong/Developer/summit/client/node_modules/react-dom/cjs/react-dom-test-utils.development.js:1740:10)
    at /Users/brianlong/Developer/summit/client/node_modules/@testing-library/react/dist/act-compat.js:63:25
    at renderRoot (/Users/brianlong/Developer/summit/client/node_modules/@testing-library/react/dist/pure.js:159:26)
    at render (/Users/brianlong/Developer/summit/client/node_modules/@testing-library/react/dist/pure.js:246:10)
    at Object.&lt;anonymous&gt; (/Users/brianlong/Developer/summit/client/src/components/timeline/__tests__/TemporalAnalysis.test.tsx:259:11)
    at Promise.finally.completed (/Users/brianlong/Developer/summit/client/node_modules/jest-circus/build/jestAdapterInit.js:1556:28)
    at new Promise (&lt;anonymous&gt;)
    at callAsyncCircusFn (/Users/brianlong/Developer/summit/client/node_modules/jest-circus/build/jestAdapterInit.js:1496:10)
    at _callCircusTest (/Users/brianlong/Developer/summit/client/node_modules/jest-circus/build/jestAdapterInit.js:1006:40)
    at processTicksAndRejections (node:internal/process/task_queues:95:5)
    at _runTest (/Users/brianlong/Developer/summit/client/node_modules/jest-circus/build/jestAdapterInit.js:946:3)
    at _runTestsForDescribeBlock (/Users/brianlong/Developer/summit/client/node_modules/jest-circus/build/jestAdapterInit.js:839:13)
    at _runTestsForDescribeBlock (/Users/brianlong/Developer/summit/client/node_modules/jest-circus/build/jestAdapterInit.js:829:11)
    at run (/Users/brianlong/Developer/summit/client/node_modules/jest-circus/build/jestAdapterInit.js:757:3)
    at runAndTransformResultsToJestFormat (/Users/brianlong/Developer/summit/client/node_modules/jest-circus/build/jestAdapterInit.js:1917:21)
    at jestAdapter (/Users/brianlong/Developer/summit/client/node_modules/jest-circus/build/runner.js:101:19)
    at runTestInternal (/Users/brianlong/Developer/summit/client/node_modules/jest-runner/build/testWorker.js:275:16)
    at runTest (/Users/brianlong/Developer/summit/client/node_modules/jest-runner/build/testWorker.js:343:7)
    at Object.worker (/Users/brianlong/Developer/summit/client/node_modules/jest-runner/build/testWorker.js:497:12)</failure>
    </testcase>
    <testcase classname="TemporalAnalysis" name="handles drag interactions" time="0.076">
      <failure>Error: useToast must be used within ToastProvider
    at useToast (/Users/brianlong/Developer/summit/client/src/components/ToastContainer.tsx:15:11)
    at TemporalAnalysis (/Users/brianlong/Developer/summit/client/src/components/timeline/TemporalAnalysis.tsx:76:25)
    at renderWithHooks (/Users/brianlong/Developer/summit/client/node_modules/react-dom/cjs/react-dom.development.js:15486:18)
    at mountIndeterminateComponent (/Users/brianlong/Developer/summit/client/node_modules/react-dom/cjs/react-dom.development.js:20103:13)
    at beginWork (/Users/brianlong/Developer/summit/client/node_modules/react-dom/cjs/react-dom.development.js:21626:16)
    at beginWork$1 (/Users/brianlong/Developer/summit/client/node_modules/react-dom/cjs/react-dom.development.js:27465:14)
    at performUnitOfWork (/Users/brianlong/Developer/summit/client/node_modules/react-dom/cjs/react-dom.development.js:26599:12)
    at workLoopSync (/Users/brianlong/Developer/summit/client/node_modules/react-dom/cjs/react-dom.development.js:26505:5)
    at renderRootSync (/Users/brianlong/Developer/summit/client/node_modules/react-dom/cjs/react-dom.development.js:26473:7)
    at recoverFromConcurrentError (/Users/brianlong/Developer/summit/client/node_modules/react-dom/cjs/react-dom.development.js:25889:20)
    at performConcurrentWorkOnRoot (/Users/brianlong/Developer/summit/client/node_modules/react-dom/cjs/react-dom.development.js:25789:22)
    at flushActQueue (/Users/brianlong/Developer/summit/client/node_modules/react/cjs/react.development.js:2667:24)
    at act (/Users/brianlong/Developer/summit/client/node_modules/react/cjs/react.development.js:2582:11)
    at actWithWarning (/Users/brianlong/Developer/summit/client/node_modules/react-dom/cjs/react-dom-test-utils.development.js:1740:10)
    at /Users/brianlong/Developer/summit/client/node_modules/@testing-library/react/dist/act-compat.js:63:25
    at renderRoot (/Users/brianlong/Developer/summit/client/node_modules/@testing-library/react/dist/pure.js:159:26)
    at render (/Users/brianlong/Developer/summit/client/node_modules/@testing-library/react/dist/pure.js:246:10)
    at Object.&lt;anonymous&gt; (/Users/brianlong/Developer/summit/client/src/components/timeline/__tests__/TemporalAnalysis.test.tsx:267:11)
    at Promise.finally.completed (/Users/brianlong/Developer/summit/client/node_modules/jest-circus/build/jestAdapterInit.js:1556:28)
    at new Promise (&lt;anonymous&gt;)
    at callAsyncCircusFn (/Users/brianlong/Developer/summit/client/node_modules/jest-circus/build/jestAdapterInit.js:1496:10)
    at _callCircusTest (/Users/brianlong/Developer/summit/client/node_modules/jest-circus/build/jestAdapterInit.js:1006:40)
    at processTicksAndRejections (node:internal/process/task_queues:95:5)
    at _runTest (/Users/brianlong/Developer/summit/client/node_modules/jest-circus/build/jestAdapterInit.js:946:3)
    at _runTestsForDescribeBlock (/Users/brianlong/Developer/summit/client/node_modules/jest-circus/build/jestAdapterInit.js:839:13)
    at _runTestsForDescribeBlock (/Users/brianlong/Developer/summit/client/node_modules/jest-circus/build/jestAdapterInit.js:829:11)
    at run (/Users/brianlong/Developer/summit/client/node_modules/jest-circus/build/jestAdapterInit.js:757:3)
    at runAndTransformResultsToJestFormat (/Users/brianlong/Developer/summit/client/node_modules/jest-circus/build/jestAdapterInit.js:1917:21)
    at jestAdapter (/Users/brianlong/Developer/summit/client/node_modules/jest-circus/build/runner.js:101:19)
    at runTestInternal (/Users/brianlong/Developer/summit/client/node_modules/jest-runner/build/testWorker.js:275:16)
    at runTest (/Users/brianlong/Developer/summit/client/node_modules/jest-runner/build/testWorker.js:343:7)
    at Object.worker (/Users/brianlong/Developer/summit/client/node_modules/jest-runner/build/testWorker.js:497:12)</failure>
    </testcase>
    <testcase classname="TemporalAnalysis" name="displays proper time formatting" time="0.088">
      <failure>Error: useToast must be used within ToastProvider
    at useToast (/Users/brianlong/Developer/summit/client/src/components/ToastContainer.tsx:15:11)
    at TemporalAnalysis (/Users/brianlong/Developer/summit/client/src/components/timeline/TemporalAnalysis.tsx:76:25)
    at renderWithHooks (/Users/brianlong/Developer/summit/client/node_modules/react-dom/cjs/react-dom.development.js:15486:18)
    at mountIndeterminateComponent (/Users/brianlong/Developer/summit/client/node_modules/react-dom/cjs/react-dom.development.js:20103:13)
    at beginWork (/Users/brianlong/Developer/summit/client/node_modules/react-dom/cjs/react-dom.development.js:21626:16)
    at beginWork$1 (/Users/brianlong/Developer/summit/client/node_modules/react-dom/cjs/react-dom.development.js:27465:14)
    at performUnitOfWork (/Users/brianlong/Developer/summit/client/node_modules/react-dom/cjs/react-dom.development.js:26599:12)
    at workLoopSync (/Users/brianlong/Developer/summit/client/node_modules/react-dom/cjs/react-dom.development.js:26505:5)
    at renderRootSync (/Users/brianlong/Developer/summit/client/node_modules/react-dom/cjs/react-dom.development.js:26473:7)
    at recoverFromConcurrentError (/Users/brianlong/Developer/summit/client/node_modules/react-dom/cjs/react-dom.development.js:25889:20)
    at performConcurrentWorkOnRoot (/Users/brianlong/Developer/summit/client/node_modules/react-dom/cjs/react-dom.development.js:25789:22)
    at flushActQueue (/Users/brianlong/Developer/summit/client/node_modules/react/cjs/react.development.js:2667:24)
    at act (/Users/brianlong/Developer/summit/client/node_modules/react/cjs/react.development.js:2582:11)
    at actWithWarning (/Users/brianlong/Developer/summit/client/node_modules/react-dom/cjs/react-dom-test-utils.development.js:1740:10)
    at /Users/brianlong/Developer/summit/client/node_modules/@testing-library/react/dist/act-compat.js:63:25
    at renderRoot (/Users/brianlong/Developer/summit/client/node_modules/@testing-library/react/dist/pure.js:159:26)
    at render (/Users/brianlong/Developer/summit/client/node_modules/@testing-library/react/dist/pure.js:246:10)
    at Object.&lt;anonymous&gt; (/Users/brianlong/Developer/summit/client/src/components/timeline/__tests__/TemporalAnalysis.test.tsx:281:11)
    at Promise.finally.completed (/Users/brianlong/Developer/summit/client/node_modules/jest-circus/build/jestAdapterInit.js:1556:28)
    at new Promise (&lt;anonymous&gt;)
    at callAsyncCircusFn (/Users/brianlong/Developer/summit/client/node_modules/jest-circus/build/jestAdapterInit.js:1496:10)
    at _callCircusTest (/Users/brianlong/Developer/summit/client/node_modules/jest-circus/build/jestAdapterInit.js:1006:40)
    at processTicksAndRejections (node:internal/process/task_queues:95:5)
    at _runTest (/Users/brianlong/Developer/summit/client/node_modules/jest-circus/build/jestAdapterInit.js:946:3)
    at _runTestsForDescribeBlock (/Users/brianlong/Developer/summit/client/node_modules/jest-circus/build/jestAdapterInit.js:839:13)
    at _runTestsForDescribeBlock (/Users/brianlong/Developer/summit/client/node_modules/jest-circus/build/jestAdapterInit.js:829:11)
    at run (/Users/brianlong/Developer/summit/client/node_modules/jest-circus/build/jestAdapterInit.js:757:3)
    at runAndTransformResultsToJestFormat (/Users/brianlong/Developer/summit/client/node_modules/jest-circus/build/jestAdapterInit.js:1917:21)
    at jestAdapter (/Users/brianlong/Developer/summit/client/node_modules/jest-circus/build/runner.js:101:19)
    at runTestInternal (/Users/brianlong/Developer/summit/client/node_modules/jest-runner/build/testWorker.js:275:16)
    at runTest (/Users/brianlong/Developer/summit/client/node_modules/jest-runner/build/testWorker.js:343:7)
    at Object.worker (/Users/brianlong/Developer/summit/client/node_modules/jest-runner/build/testWorker.js:497:12)</failure>
    </testcase>
    <testcase classname="TemporalAnalysis" name="handles keyboard navigation" time="0.037">
      <failure>Error: useToast must be used within ToastProvider
    at useToast (/Users/brianlong/Developer/summit/client/src/components/ToastContainer.tsx:15:11)
    at TemporalAnalysis (/Users/brianlong/Developer/summit/client/src/components/timeline/TemporalAnalysis.tsx:76:25)
    at renderWithHooks (/Users/brianlong/Developer/summit/client/node_modules/react-dom/cjs/react-dom.development.js:15486:18)
    at mountIndeterminateComponent (/Users/brianlong/Developer/summit/client/node_modules/react-dom/cjs/react-dom.development.js:20103:13)
    at beginWork (/Users/brianlong/Developer/summit/client/node_modules/react-dom/cjs/react-dom.development.js:21626:16)
    at beginWork$1 (/Users/brianlong/Developer/summit/client/node_modules/react-dom/cjs/react-dom.development.js:27465:14)
    at performUnitOfWork (/Users/brianlong/Developer/summit/client/node_modules/react-dom/cjs/react-dom.development.js:26599:12)
    at workLoopSync (/Users/brianlong/Developer/summit/client/node_modules/react-dom/cjs/react-dom.development.js:26505:5)
    at renderRootSync (/Users/brianlong/Developer/summit/client/node_modules/react-dom/cjs/react-dom.development.js:26473:7)
    at recoverFromConcurrentError (/Users/brianlong/Developer/summit/client/node_modules/react-dom/cjs/react-dom.development.js:25889:20)
    at performConcurrentWorkOnRoot (/Users/brianlong/Developer/summit/client/node_modules/react-dom/cjs/react-dom.development.js:25789:22)
    at flushActQueue (/Users/brianlong/Developer/summit/client/node_modules/react/cjs/react.development.js:2667:24)
    at act (/Users/brianlong/Developer/summit/client/node_modules/react/cjs/react.development.js:2582:11)
    at actWithWarning (/Users/brianlong/Developer/summit/client/node_modules/react-dom/cjs/react-dom-test-utils.development.js:1740:10)
    at /Users/brianlong/Developer/summit/client/node_modules/@testing-library/react/dist/act-compat.js:63:25
    at renderRoot (/Users/brianlong/Developer/summit/client/node_modules/@testing-library/react/dist/pure.js:159:26)
    at render (/Users/brianlong/Developer/summit/client/node_modules/@testing-library/react/dist/pure.js:246:10)
    at Object.&lt;anonymous&gt; (/Users/brianlong/Developer/summit/client/src/components/timeline/__tests__/TemporalAnalysis.test.tsx:289:11)
    at Promise.finally.completed (/Users/brianlong/Developer/summit/client/node_modules/jest-circus/build/jestAdapterInit.js:1556:28)
    at new Promise (&lt;anonymous&gt;)
    at callAsyncCircusFn (/Users/brianlong/Developer/summit/client/node_modules/jest-circus/build/jestAdapterInit.js:1496:10)
    at _callCircusTest (/Users/brianlong/Developer/summit/client/node_modules/jest-circus/build/jestAdapterInit.js:1006:40)
    at processTicksAndRejections (node:internal/process/task_queues:95:5)
    at _runTest (/Users/brianlong/Developer/summit/client/node_modules/jest-circus/build/jestAdapterInit.js:946:3)
    at _runTestsForDescribeBlock (/Users/brianlong/Developer/summit/client/node_modules/jest-circus/build/jestAdapterInit.js:839:13)
    at _runTestsForDescribeBlock (/Users/brianlong/Developer/summit/client/node_modules/jest-circus/build/jestAdapterInit.js:829:11)
    at run (/Users/brianlong/Developer/summit/client/node_modules/jest-circus/build/jestAdapterInit.js:757:3)
    at runAndTransformResultsToJestFormat (/Users/brianlong/Developer/summit/client/node_modules/jest-circus/build/jestAdapterInit.js:1917:21)
    at jestAdapter (/Users/brianlong/Developer/summit/client/node_modules/jest-circus/build/runner.js:101:19)
    at runTestInternal (/Users/brianlong/Developer/summit/client/node_modules/jest-runner/build/testWorker.js:275:16)
    at runTest (/Users/brianlong/Developer/summit/client/node_modules/jest-runner/build/testWorker.js:343:7)
    at Object.worker (/Users/brianlong/Developer/summit/client/node_modules/jest-runner/build/testWorker.js:497:12)</failure>
    </testcase>
  </testsuite>
  <testsuite name="undefined" errors="0" failures="1" skipped="0" timestamp="2025-10-16T07:17:51" time="13.549" tests="1">
    <testcase classname="" name="increments alert badge on ALERT_EVT" time="1.947">
      <failure>Invariant Violation: An error occurred! For more details, see the full error text at https://go.apollo.dev/c/err#%7B%22version%22%3A%223.14.0%22%2C%22message%22%3A79%2C%22args%22%3A%5B%5D%7D
    at new InvariantError (/Users/brianlong/Developer/summit/client/node_modules/ts-invariant/lib/invariant.js:11:28)
    at Object.invariant (/Users/brianlong/Developer/summit/client/node_modules/ts-invariant/lib/invariant.js:24:15)
    at Object.originalInvariant [as invariant] (/Users/brianlong/Developer/summit/client/node_modules/@apollo/client/utilities/globals/invariantWrappers.js:28:9)
    at invariant (/Users/brianlong/Developer/summit/client/node_modules/@apollo/client/react/hooks/useApolloClient.js:22:5)
    at useSubscription (/Users/brianlong/Developer/summit/client/node_modules/@apollo/client/react/hooks/useSubscription.js:96:18)
    at NotificationSystem (/Users/brianlong/Developer/summit/client/src/components/NotificationSystem.tsx:55:53)
    at renderWithHooks (/Users/brianlong/Developer/summit/client/node_modules/react-dom/cjs/react-dom.development.js:15486:18)
    at mountIndeterminateComponent (/Users/brianlong/Developer/summit/client/node_modules/react-dom/cjs/react-dom.development.js:20103:13)
    at beginWork (/Users/brianlong/Developer/summit/client/node_modules/react-dom/cjs/react-dom.development.js:21626:16)
    at beginWork$1 (/Users/brianlong/Developer/summit/client/node_modules/react-dom/cjs/react-dom.development.js:27465:14)
    at performUnitOfWork (/Users/brianlong/Developer/summit/client/node_modules/react-dom/cjs/react-dom.development.js:26599:12)
    at workLoopSync (/Users/brianlong/Developer/summit/client/node_modules/react-dom/cjs/react-dom.development.js:26505:5)
    at renderRootSync (/Users/brianlong/Developer/summit/client/node_modules/react-dom/cjs/react-dom.development.js:26473:7)
    at recoverFromConcurrentError (/Users/brianlong/Developer/summit/client/node_modules/react-dom/cjs/react-dom.development.js:25889:20)
    at performConcurrentWorkOnRoot (/Users/brianlong/Developer/summit/client/node_modules/react-dom/cjs/react-dom.development.js:25789:22)
    at flushActQueue (/Users/brianlong/Developer/summit/client/node_modules/react/cjs/react.development.js:2667:24)
    at act (/Users/brianlong/Developer/summit/client/node_modules/react/cjs/react.development.js:2582:11)
    at actWithWarning (/Users/brianlong/Developer/summit/client/node_modules/react-dom/cjs/react-dom-test-utils.development.js:1740:10)
    at /Users/brianlong/Developer/summit/client/node_modules/@testing-library/react/dist/act-compat.js:63:25
    at renderRoot (/Users/brianlong/Developer/summit/client/node_modules/@testing-library/react/dist/pure.js:159:26)
    at render (/Users/brianlong/Developer/summit/client/node_modules/@testing-library/react/dist/pure.js:246:10)
    at Object.&lt;anonymous&gt; (/Users/brianlong/Developer/summit/client/src/__tests__/AlertBadge.test.js:25:9)
    at Promise.finally.completed (/Users/brianlong/Developer/summit/client/node_modules/jest-circus/build/jestAdapterInit.js:1556:28)
    at new Promise (&lt;anonymous&gt;)
    at callAsyncCircusFn (/Users/brianlong/Developer/summit/client/node_modules/jest-circus/build/jestAdapterInit.js:1496:10)
    at _callCircusTest (/Users/brianlong/Developer/summit/client/node_modules/jest-circus/build/jestAdapterInit.js:1006:40)
    at processTicksAndRejections (node:internal/process/task_queues:95:5)
    at _runTest (/Users/brianlong/Developer/summit/client/node_modules/jest-circus/build/jestAdapterInit.js:946:3)
    at _runTestsForDescribeBlock (/Users/brianlong/Developer/summit/client/node_modules/jest-circus/build/jestAdapterInit.js:839:13)
    at run (/Users/brianlong/Developer/summit/client/node_modules/jest-circus/build/jestAdapterInit.js:757:3)
    at runAndTransformResultsToJestFormat (/Users/brianlong/Developer/summit/client/node_modules/jest-circus/build/jestAdapterInit.js:1917:21)
    at jestAdapter (/Users/brianlong/Developer/summit/client/node_modules/jest-circus/build/runner.js:101:19)
    at runTestInternal (/Users/brianlong/Developer/summit/client/node_modules/jest-runner/build/testWorker.js:275:16)
    at runTest (/Users/brianlong/Developer/summit/client/node_modules/jest-runner/build/testWorker.js:343:7)
    at Object.worker (/Users/brianlong/Developer/summit/client/node_modules/jest-runner/build/testWorker.js:497:12)</failure>
    </testcase>
  </testsuite>
  <testsuite name="undefined" errors="0" failures="1" skipped="0" timestamp="2025-10-16T07:18:04" time="10.72" tests="1">
    <testcase classname="" name="increments alert badge on ALERT_EVT" time="1.526">
      <failure>Invariant Violation: An error occurred! For more details, see the full error text at https://go.apollo.dev/c/err#%7B%22version%22%3A%223.14.0%22%2C%22message%22%3A79%2C%22args%22%3A%5B%5D%7D
    at new InvariantError (/Users/brianlong/Developer/summit/client/node_modules/ts-invariant/lib/invariant.js:11:28)
    at Object.invariant (/Users/brianlong/Developer/summit/client/node_modules/ts-invariant/lib/invariant.js:24:15)
    at Object.originalInvariant [as invariant] (/Users/brianlong/Developer/summit/client/node_modules/@apollo/client/utilities/globals/invariantWrappers.js:28:9)
    at invariant (/Users/brianlong/Developer/summit/client/node_modules/@apollo/client/react/hooks/useApolloClient.js:22:5)
    at useSubscription (/Users/brianlong/Developer/summit/client/node_modules/@apollo/client/react/hooks/useSubscription.js:96:18)
    at NotificationSystem (/Users/brianlong/Developer/summit/client/src/components/NotificationSystem.tsx:55:53)
    at renderWithHooks (/Users/brianlong/Developer/summit/client/node_modules/react-dom/cjs/react-dom.development.js:15486:18)
    at mountIndeterminateComponent (/Users/brianlong/Developer/summit/client/node_modules/react-dom/cjs/react-dom.development.js:20103:13)
    at beginWork (/Users/brianlong/Developer/summit/client/node_modules/react-dom/cjs/react-dom.development.js:21626:16)
    at beginWork$1 (/Users/brianlong/Developer/summit/client/node_modules/react-dom/cjs/react-dom.development.js:27465:14)
    at performUnitOfWork (/Users/brianlong/Developer/summit/client/node_modules/react-dom/cjs/react-dom.development.js:26599:12)
    at workLoopSync (/Users/brianlong/Developer/summit/client/node_modules/react-dom/cjs/react-dom.development.js:26505:5)
    at renderRootSync (/Users/brianlong/Developer/summit/client/node_modules/react-dom/cjs/react-dom.development.js:26473:7)
    at recoverFromConcurrentError (/Users/brianlong/Developer/summit/client/node_modules/react-dom/cjs/react-dom.development.js:25889:20)
    at performConcurrentWorkOnRoot (/Users/brianlong/Developer/summit/client/node_modules/react-dom/cjs/react-dom.development.js:25789:22)
    at flushActQueue (/Users/brianlong/Developer/summit/client/node_modules/react/cjs/react.development.js:2667:24)
    at act (/Users/brianlong/Developer/summit/client/node_modules/react/cjs/react.development.js:2582:11)
    at actWithWarning (/Users/brianlong/Developer/summit/client/node_modules/react-dom/cjs/react-dom-test-utils.development.js:1740:10)
    at /Users/brianlong/Developer/summit/client/node_modules/@testing-library/react/dist/act-compat.js:63:25
    at renderRoot (/Users/brianlong/Developer/summit/client/node_modules/@testing-library/react/dist/pure.js:159:26)
    at render (/Users/brianlong/Developer/summit/client/node_modules/@testing-library/react/dist/pure.js:246:10)
    at Object.&lt;anonymous&gt; (/Users/brianlong/Developer/summit/client/src/__tests__/AlertBadge.test.jsx:25:9)
    at Promise.finally.completed (/Users/brianlong/Developer/summit/client/node_modules/jest-circus/build/jestAdapterInit.js:1556:28)
    at new Promise (&lt;anonymous&gt;)
    at callAsyncCircusFn (/Users/brianlong/Developer/summit/client/node_modules/jest-circus/build/jestAdapterInit.js:1496:10)
    at _callCircusTest (/Users/brianlong/Developer/summit/client/node_modules/jest-circus/build/jestAdapterInit.js:1006:40)
    at processTicksAndRejections (node:internal/process/task_queues:95:5)
    at _runTest (/Users/brianlong/Developer/summit/client/node_modules/jest-circus/build/jestAdapterInit.js:946:3)
    at _runTestsForDescribeBlock (/Users/brianlong/Developer/summit/client/node_modules/jest-circus/build/jestAdapterInit.js:839:13)
    at run (/Users/brianlong/Developer/summit/client/node_modules/jest-circus/build/jestAdapterInit.js:757:3)
    at runAndTransformResultsToJestFormat (/Users/brianlong/Developer/summit/client/node_modules/jest-circus/build/jestAdapterInit.js:1917:21)
    at jestAdapter (/Users/brianlong/Developer/summit/client/node_modules/jest-circus/build/runner.js:101:19)
    at runTestInternal (/Users/brianlong/Developer/summit/client/node_modules/jest-runner/build/testWorker.js:275:16)
    at runTest (/Users/brianlong/Developer/summit/client/node_modules/jest-runner/build/testWorker.js:343:7)
    at Object.worker (/Users/brianlong/Developer/summit/client/node_modules/jest-runner/build/testWorker.js:497:12)</failure>
    </testcase>
  </testsuite>
  <testsuite name="PerformanceMonitor" errors="0" failures="12" skipped="0" timestamp="2025-10-16T07:18:06" time="9.591" tests="15">
    <testcase classname="PerformanceMonitor" name="renders performance indicator when enabled" time="0.743">
      <failure>TypeError: performance.getEntriesByType is not a function
    at /Users/brianlong/Developer/summit/client/src/components/PerformanceMonitor.tsx:35:33
    at /Users/brianlong/Developer/summit/client/src/components/PerformanceMonitor.tsx:78:28
    at commitHookEffectListMount (/Users/brianlong/Developer/summit/client/node_modules/react-dom/cjs/react-dom.development.js:23189:26)
    at commitPassiveMountOnFiber (/Users/brianlong/Developer/summit/client/node_modules/react-dom/cjs/react-dom.development.js:24970:11)
    at commitPassiveMountEffects_complete (/Users/brianlong/Developer/summit/client/node_modules/react-dom/cjs/react-dom.development.js:24930:9)
    at commitPassiveMountEffects_begin (/Users/brianlong/Developer/summit/client/node_modules/react-dom/cjs/react-dom.development.js:24917:7)
    at commitPassiveMountEffects (/Users/brianlong/Developer/summit/client/node_modules/react-dom/cjs/react-dom.development.js:24905:3)
    at flushPassiveEffectsImpl (/Users/brianlong/Developer/summit/client/node_modules/react-dom/cjs/react-dom.development.js:27078:3)
    at flushPassiveEffects (/Users/brianlong/Developer/summit/client/node_modules/react-dom/cjs/react-dom.development.js:27023:14)
    at /Users/brianlong/Developer/summit/client/node_modules/react-dom/cjs/react-dom.development.js:26808:9
    at flushActQueue (/Users/brianlong/Developer/summit/client/node_modules/react/cjs/react.development.js:2667:24)
    at act (/Users/brianlong/Developer/summit/client/node_modules/react/cjs/react.development.js:2582:11)
    at actWithWarning (/Users/brianlong/Developer/summit/client/node_modules/react-dom/cjs/react-dom-test-utils.development.js:1740:10)
    at /Users/brianlong/Developer/summit/client/node_modules/@testing-library/react/dist/act-compat.js:63:25
    at renderRoot (/Users/brianlong/Developer/summit/client/node_modules/@testing-library/react/dist/pure.js:159:26)
    at render (/Users/brianlong/Developer/summit/client/node_modules/@testing-library/react/dist/pure.js:246:10)
    at Object.&lt;anonymous&gt; (/Users/brianlong/Developer/summit/client/src/components/__tests__/PerformanceMonitor.test.tsx:64:11)
    at Promise.finally.completed (/Users/brianlong/Developer/summit/client/node_modules/jest-circus/build/jestAdapterInit.js:1556:28)
    at new Promise (&lt;anonymous&gt;)
    at callAsyncCircusFn (/Users/brianlong/Developer/summit/client/node_modules/jest-circus/build/jestAdapterInit.js:1496:10)
    at _callCircusTest (/Users/brianlong/Developer/summit/client/node_modules/jest-circus/build/jestAdapterInit.js:1006:40)
    at processTicksAndRejections (node:internal/process/task_queues:95:5)
    at _runTest (/Users/brianlong/Developer/summit/client/node_modules/jest-circus/build/jestAdapterInit.js:946:3)
    at _runTestsForDescribeBlock (/Users/brianlong/Developer/summit/client/node_modules/jest-circus/build/jestAdapterInit.js:839:13)
    at _runTestsForDescribeBlock (/Users/brianlong/Developer/summit/client/node_modules/jest-circus/build/jestAdapterInit.js:829:11)
    at run (/Users/brianlong/Developer/summit/client/node_modules/jest-circus/build/jestAdapterInit.js:757:3)
    at runAndTransformResultsToJestFormat (/Users/brianlong/Developer/summit/client/node_modules/jest-circus/build/jestAdapterInit.js:1917:21)
    at jestAdapter (/Users/brianlong/Developer/summit/client/node_modules/jest-circus/build/runner.js:101:19)
    at runTestInternal (/Users/brianlong/Developer/summit/client/node_modules/jest-runner/build/testWorker.js:275:16)
    at runTest (/Users/brianlong/Developer/summit/client/node_modules/jest-runner/build/testWorker.js:343:7)
    at Object.worker (/Users/brianlong/Developer/summit/client/node_modules/jest-runner/build/testWorker.js:497:12)</failure>
      <failure>TypeError: performance.getEntriesByType is not a function
    at /Users/brianlong/Developer/summit/client/src/components/PerformanceMonitor.tsx:35:33
    at /Users/brianlong/Developer/summit/client/src/components/PerformanceMonitor.tsx:63:26
    at callTimer (/Users/brianlong/Developer/summit/client/node_modules/@sinonjs/fake-timers/src/fake-timers-src.js:806:24)
    at doTickInner (/Users/brianlong/Developer/summit/client/node_modules/@sinonjs/fake-timers/src/fake-timers-src.js:1413:29)
    at doTick (/Users/brianlong/Developer/summit/client/node_modules/@sinonjs/fake-timers/src/fake-timers-src.js:1494:20)
    at Object.tick (/Users/brianlong/Developer/summit/client/node_modules/@sinonjs/fake-timers/src/fake-timers-src.js:1502:20)
    at Object.runToLast (/Users/brianlong/Developer/summit/client/node_modules/@sinonjs/fake-timers/src/fake-timers-src.js:1661:26)
    at FakeTimers.runOnlyPendingTimers (/Users/brianlong/Developer/summit/client/node_modules/@jest/fake-timers/build/index.js:542:19)
    at Object.runOnlyPendingTimers (/Users/brianlong/Developer/summit/client/node_modules/jest-runtime/build/index.js:1804:52)
    at Object.&lt;anonymous&gt; (/Users/brianlong/Developer/summit/client/src/components/__tests__/PerformanceMonitor.test.tsx:58:10)
    at Promise.finally.completed (/Users/brianlong/Developer/summit/client/node_modules/jest-circus/build/jestAdapterInit.js:1556:28)
    at new Promise (&lt;anonymous&gt;)
    at callAsyncCircusFn (/Users/brianlong/Developer/summit/client/node_modules/jest-circus/build/jestAdapterInit.js:1496:10)
    at _callCircusHook (/Users/brianlong/Developer/summit/client/node_modules/jest-circus/build/jestAdapterInit.js:975:40)
    at processTicksAndRejections (node:internal/process/task_queues:95:5)
    at _runTest (/Users/brianlong/Developer/summit/client/node_modules/jest-circus/build/jestAdapterInit.js:948:5)
    at _runTestsForDescribeBlock (/Users/brianlong/Developer/summit/client/node_modules/jest-circus/build/jestAdapterInit.js:839:13)
    at _runTestsForDescribeBlock (/Users/brianlong/Developer/summit/client/node_modules/jest-circus/build/jestAdapterInit.js:829:11)
    at run (/Users/brianlong/Developer/summit/client/node_modules/jest-circus/build/jestAdapterInit.js:757:3)
    at runAndTransformResultsToJestFormat (/Users/brianlong/Developer/summit/client/node_modules/jest-circus/build/jestAdapterInit.js:1917:21)
    at jestAdapter (/Users/brianlong/Developer/summit/client/node_modules/jest-circus/build/runner.js:101:19)
    at runTestInternal (/Users/brianlong/Developer/summit/client/node_modules/jest-runner/build/testWorker.js:275:16)
    at runTest (/Users/brianlong/Developer/summit/client/node_modules/jest-runner/build/testWorker.js:343:7)
    at Object.worker (/Users/brianlong/Developer/summit/client/node_modules/jest-runner/build/testWorker.js:497:12)</failure>
    </testcase>
    <testcase classname="PerformanceMonitor" name="does not render when disabled" time="0.058">
    </testcase>
    <testcase classname="PerformanceMonitor" name="shows performance details when clicked" time="0.085">
      <failure>TypeError: performance.getEntriesByType is not a function
    at /Users/brianlong/Developer/summit/client/src/components/PerformanceMonitor.tsx:35:33
    at /Users/brianlong/Developer/summit/client/src/components/PerformanceMonitor.tsx:78:28
    at commitHookEffectListMount (/Users/brianlong/Developer/summit/client/node_modules/react-dom/cjs/react-dom.development.js:23189:26)
    at commitPassiveMountOnFiber (/Users/brianlong/Developer/summit/client/node_modules/react-dom/cjs/react-dom.development.js:24970:11)
    at commitPassiveMountEffects_complete (/Users/brianlong/Developer/summit/client/node_modules/react-dom/cjs/react-dom.development.js:24930:9)
    at commitPassiveMountEffects_begin (/Users/brianlong/Developer/summit/client/node_modules/react-dom/cjs/react-dom.development.js:24917:7)
    at commitPassiveMountEffects (/Users/brianlong/Developer/summit/client/node_modules/react-dom/cjs/react-dom.development.js:24905:3)
    at flushPassiveEffectsImpl (/Users/brianlong/Developer/summit/client/node_modules/react-dom/cjs/react-dom.development.js:27078:3)
    at flushPassiveEffects (/Users/brianlong/Developer/summit/client/node_modules/react-dom/cjs/react-dom.development.js:27023:14)
    at /Users/brianlong/Developer/summit/client/node_modules/react-dom/cjs/react-dom.development.js:26808:9
    at flushActQueue (/Users/brianlong/Developer/summit/client/node_modules/react/cjs/react.development.js:2667:24)
    at act (/Users/brianlong/Developer/summit/client/node_modules/react/cjs/react.development.js:2582:11)
    at actWithWarning (/Users/brianlong/Developer/summit/client/node_modules/react-dom/cjs/react-dom-test-utils.development.js:1740:10)
    at /Users/brianlong/Developer/summit/client/node_modules/@testing-library/react/dist/act-compat.js:63:25
    at renderRoot (/Users/brianlong/Developer/summit/client/node_modules/@testing-library/react/dist/pure.js:159:26)
    at render (/Users/brianlong/Developer/summit/client/node_modules/@testing-library/react/dist/pure.js:246:10)
    at Object.&lt;anonymous&gt; (/Users/brianlong/Developer/summit/client/src/components/__tests__/PerformanceMonitor.test.tsx:77:11)
    at Promise.finally.completed (/Users/brianlong/Developer/summit/client/node_modules/jest-circus/build/jestAdapterInit.js:1556:28)
    at new Promise (&lt;anonymous&gt;)
    at callAsyncCircusFn (/Users/brianlong/Developer/summit/client/node_modules/jest-circus/build/jestAdapterInit.js:1496:10)
    at _callCircusTest (/Users/brianlong/Developer/summit/client/node_modules/jest-circus/build/jestAdapterInit.js:1006:40)
    at processTicksAndRejections (node:internal/process/task_queues:95:5)
    at _runTest (/Users/brianlong/Developer/summit/client/node_modules/jest-circus/build/jestAdapterInit.js:946:3)
    at _runTestsForDescribeBlock (/Users/brianlong/Developer/summit/client/node_modules/jest-circus/build/jestAdapterInit.js:839:13)
    at _runTestsForDescribeBlock (/Users/brianlong/Developer/summit/client/node_modules/jest-circus/build/jestAdapterInit.js:829:11)
    at run (/Users/brianlong/Developer/summit/client/node_modules/jest-circus/build/jestAdapterInit.js:757:3)
    at runAndTransformResultsToJestFormat (/Users/brianlong/Developer/summit/client/node_modules/jest-circus/build/jestAdapterInit.js:1917:21)
    at jestAdapter (/Users/brianlong/Developer/summit/client/node_modules/jest-circus/build/runner.js:101:19)
    at runTestInternal (/Users/brianlong/Developer/summit/client/node_modules/jest-runner/build/testWorker.js:275:16)
    at runTest (/Users/brianlong/Developer/summit/client/node_modules/jest-runner/build/testWorker.js:343:7)
    at Object.worker (/Users/brianlong/Developer/summit/client/node_modules/jest-runner/build/testWorker.js:497:12)</failure>
      <failure>TypeError: performance.getEntriesByType is not a function
    at /Users/brianlong/Developer/summit/client/src/components/PerformanceMonitor.tsx:35:33
    at /Users/brianlong/Developer/summit/client/src/components/PerformanceMonitor.tsx:63:26
    at callTimer (/Users/brianlong/Developer/summit/client/node_modules/@sinonjs/fake-timers/src/fake-timers-src.js:806:24)
    at doTickInner (/Users/brianlong/Developer/summit/client/node_modules/@sinonjs/fake-timers/src/fake-timers-src.js:1413:29)
    at doTick (/Users/brianlong/Developer/summit/client/node_modules/@sinonjs/fake-timers/src/fake-timers-src.js:1494:20)
    at Object.tick (/Users/brianlong/Developer/summit/client/node_modules/@sinonjs/fake-timers/src/fake-timers-src.js:1502:20)
    at Object.runToLast (/Users/brianlong/Developer/summit/client/node_modules/@sinonjs/fake-timers/src/fake-timers-src.js:1661:26)
    at FakeTimers.runOnlyPendingTimers (/Users/brianlong/Developer/summit/client/node_modules/@jest/fake-timers/build/index.js:542:19)
    at Object.runOnlyPendingTimers (/Users/brianlong/Developer/summit/client/node_modules/jest-runtime/build/index.js:1804:52)
    at Object.&lt;anonymous&gt; (/Users/brianlong/Developer/summit/client/src/components/__tests__/PerformanceMonitor.test.tsx:58:10)
    at Promise.finally.completed (/Users/brianlong/Developer/summit/client/node_modules/jest-circus/build/jestAdapterInit.js:1556:28)
    at new Promise (&lt;anonymous&gt;)
    at callAsyncCircusFn (/Users/brianlong/Developer/summit/client/node_modules/jest-circus/build/jestAdapterInit.js:1496:10)
    at _callCircusHook (/Users/brianlong/Developer/summit/client/node_modules/jest-circus/build/jestAdapterInit.js:975:40)
    at processTicksAndRejections (node:internal/process/task_queues:95:5)
    at _runTest (/Users/brianlong/Developer/summit/client/node_modules/jest-circus/build/jestAdapterInit.js:948:5)
    at _runTestsForDescribeBlock (/Users/brianlong/Developer/summit/client/node_modules/jest-circus/build/jestAdapterInit.js:839:13)
    at _runTestsForDescribeBlock (/Users/brianlong/Developer/summit/client/node_modules/jest-circus/build/jestAdapterInit.js:829:11)
    at run (/Users/brianlong/Developer/summit/client/node_modules/jest-circus/build/jestAdapterInit.js:757:3)
    at runAndTransformResultsToJestFormat (/Users/brianlong/Developer/summit/client/node_modules/jest-circus/build/jestAdapterInit.js:1917:21)
    at jestAdapter (/Users/brianlong/Developer/summit/client/node_modules/jest-circus/build/runner.js:101:19)
    at runTestInternal (/Users/brianlong/Developer/summit/client/node_modules/jest-runner/build/testWorker.js:275:16)
    at runTest (/Users/brianlong/Developer/summit/client/node_modules/jest-runner/build/testWorker.js:343:7)
    at Object.worker (/Users/brianlong/Developer/summit/client/node_modules/jest-runner/build/testWorker.js:497:12)</failure>
    </testcase>
    <testcase classname="PerformanceMonitor" name="collects metrics at specified intervals" time="0.135">
      <failure>TypeError: performance.getEntriesByType is not a function
    at /Users/brianlong/Developer/summit/client/src/components/PerformanceMonitor.tsx:35:33
    at /Users/brianlong/Developer/summit/client/src/components/PerformanceMonitor.tsx:78:28
    at commitHookEffectListMount (/Users/brianlong/Developer/summit/client/node_modules/react-dom/cjs/react-dom.development.js:23189:26)
    at commitPassiveMountOnFiber (/Users/brianlong/Developer/summit/client/node_modules/react-dom/cjs/react-dom.development.js:24970:11)
    at commitPassiveMountEffects_complete (/Users/brianlong/Developer/summit/client/node_modules/react-dom/cjs/react-dom.development.js:24930:9)
    at commitPassiveMountEffects_begin (/Users/brianlong/Developer/summit/client/node_modules/react-dom/cjs/react-dom.development.js:24917:7)
    at commitPassiveMountEffects (/Users/brianlong/Developer/summit/client/node_modules/react-dom/cjs/react-dom.development.js:24905:3)
    at flushPassiveEffectsImpl (/Users/brianlong/Developer/summit/client/node_modules/react-dom/cjs/react-dom.development.js:27078:3)
    at flushPassiveEffects (/Users/brianlong/Developer/summit/client/node_modules/react-dom/cjs/react-dom.development.js:27023:14)
    at /Users/brianlong/Developer/summit/client/node_modules/react-dom/cjs/react-dom.development.js:26808:9
    at flushActQueue (/Users/brianlong/Developer/summit/client/node_modules/react/cjs/react.development.js:2667:24)
    at act (/Users/brianlong/Developer/summit/client/node_modules/react/cjs/react.development.js:2582:11)
    at actWithWarning (/Users/brianlong/Developer/summit/client/node_modules/react-dom/cjs/react-dom-test-utils.development.js:1740:10)
    at /Users/brianlong/Developer/summit/client/node_modules/@testing-library/react/dist/act-compat.js:63:25
    at renderRoot (/Users/brianlong/Developer/summit/client/node_modules/@testing-library/react/dist/pure.js:159:26)
    at render (/Users/brianlong/Developer/summit/client/node_modules/@testing-library/react/dist/pure.js:246:10)
    at Object.&lt;anonymous&gt; (/Users/brianlong/Developer/summit/client/src/components/__tests__/PerformanceMonitor.test.tsx:92:11)
    at Promise.finally.completed (/Users/brianlong/Developer/summit/client/node_modules/jest-circus/build/jestAdapterInit.js:1556:28)
    at new Promise (&lt;anonymous&gt;)
    at callAsyncCircusFn (/Users/brianlong/Developer/summit/client/node_modules/jest-circus/build/jestAdapterInit.js:1496:10)
    at _callCircusTest (/Users/brianlong/Developer/summit/client/node_modules/jest-circus/build/jestAdapterInit.js:1006:40)
    at processTicksAndRejections (node:internal/process/task_queues:95:5)
    at _runTest (/Users/brianlong/Developer/summit/client/node_modules/jest-circus/build/jestAdapterInit.js:946:3)
    at _runTestsForDescribeBlock (/Users/brianlong/Developer/summit/client/node_modules/jest-circus/build/jestAdapterInit.js:839:13)
    at _runTestsForDescribeBlock (/Users/brianlong/Developer/summit/client/node_modules/jest-circus/build/jestAdapterInit.js:829:11)
    at run (/Users/brianlong/Developer/summit/client/node_modules/jest-circus/build/jestAdapterInit.js:757:3)
    at runAndTransformResultsToJestFormat (/Users/brianlong/Developer/summit/client/node_modules/jest-circus/build/jestAdapterInit.js:1917:21)
    at jestAdapter (/Users/brianlong/Developer/summit/client/node_modules/jest-circus/build/runner.js:101:19)
    at runTestInternal (/Users/brianlong/Developer/summit/client/node_modules/jest-runner/build/testWorker.js:275:16)
    at runTest (/Users/brianlong/Developer/summit/client/node_modules/jest-runner/build/testWorker.js:343:7)
    at Object.worker (/Users/brianlong/Developer/summit/client/node_modules/jest-runner/build/testWorker.js:497:12)</failure>
      <failure>TypeError: performance.getEntriesByType is not a function
    at /Users/brianlong/Developer/summit/client/src/components/PerformanceMonitor.tsx:35:33
    at /Users/brianlong/Developer/summit/client/src/components/PerformanceMonitor.tsx:63:26
    at callTimer (/Users/brianlong/Developer/summit/client/node_modules/@sinonjs/fake-timers/src/fake-timers-src.js:806:24)
    at doTickInner (/Users/brianlong/Developer/summit/client/node_modules/@sinonjs/fake-timers/src/fake-timers-src.js:1413:29)
    at doTick (/Users/brianlong/Developer/summit/client/node_modules/@sinonjs/fake-timers/src/fake-timers-src.js:1494:20)
    at Object.tick (/Users/brianlong/Developer/summit/client/node_modules/@sinonjs/fake-timers/src/fake-timers-src.js:1502:20)
    at Object.runToLast (/Users/brianlong/Developer/summit/client/node_modules/@sinonjs/fake-timers/src/fake-timers-src.js:1661:26)
    at FakeTimers.runOnlyPendingTimers (/Users/brianlong/Developer/summit/client/node_modules/@jest/fake-timers/build/index.js:542:19)
    at Object.runOnlyPendingTimers (/Users/brianlong/Developer/summit/client/node_modules/jest-runtime/build/index.js:1804:52)
    at Object.&lt;anonymous&gt; (/Users/brianlong/Developer/summit/client/src/components/__tests__/PerformanceMonitor.test.tsx:58:10)
    at Promise.finally.completed (/Users/brianlong/Developer/summit/client/node_modules/jest-circus/build/jestAdapterInit.js:1556:28)
    at new Promise (&lt;anonymous&gt;)
    at callAsyncCircusFn (/Users/brianlong/Developer/summit/client/node_modules/jest-circus/build/jestAdapterInit.js:1496:10)
    at _callCircusHook (/Users/brianlong/Developer/summit/client/node_modules/jest-circus/build/jestAdapterInit.js:975:40)
    at processTicksAndRejections (node:internal/process/task_queues:95:5)
    at _runTest (/Users/brianlong/Developer/summit/client/node_modules/jest-circus/build/jestAdapterInit.js:948:5)
    at _runTestsForDescribeBlock (/Users/brianlong/Developer/summit/client/node_modules/jest-circus/build/jestAdapterInit.js:839:13)
    at _runTestsForDescribeBlock (/Users/brianlong/Developer/summit/client/node_modules/jest-circus/build/jestAdapterInit.js:829:11)
    at run (/Users/brianlong/Developer/summit/client/node_modules/jest-circus/build/jestAdapterInit.js:757:3)
    at runAndTransformResultsToJestFormat (/Users/brianlong/Developer/summit/client/node_modules/jest-circus/build/jestAdapterInit.js:1917:21)
    at jestAdapter (/Users/brianlong/Developer/summit/client/node_modules/jest-circus/build/runner.js:101:19)
    at runTestInternal (/Users/brianlong/Developer/summit/client/node_modules/jest-runner/build/testWorker.js:275:16)
    at runTest (/Users/brianlong/Developer/summit/client/node_modules/jest-runner/build/testWorker.js:343:7)
    at Object.worker (/Users/brianlong/Developer/summit/client/node_modules/jest-runner/build/testWorker.js:497:12)</failure>
    </testcase>
    <testcase classname="PerformanceMonitor" name="respects maxSamples limit" time="0.012">
      <failure>TypeError: performance.getEntriesByType is not a function
    at /Users/brianlong/Developer/summit/client/src/components/PerformanceMonitor.tsx:35:33
    at /Users/brianlong/Developer/summit/client/src/components/PerformanceMonitor.tsx:78:28
    at commitHookEffectListMount (/Users/brianlong/Developer/summit/client/node_modules/react-dom/cjs/react-dom.development.js:23189:26)
    at commitPassiveMountOnFiber (/Users/brianlong/Developer/summit/client/node_modules/react-dom/cjs/react-dom.development.js:24970:11)
    at commitPassiveMountEffects_complete (/Users/brianlong/Developer/summit/client/node_modules/react-dom/cjs/react-dom.development.js:24930:9)
    at commitPassiveMountEffects_begin (/Users/brianlong/Developer/summit/client/node_modules/react-dom/cjs/react-dom.development.js:24917:7)
    at commitPassiveMountEffects (/Users/brianlong/Developer/summit/client/node_modules/react-dom/cjs/react-dom.development.js:24905:3)
    at flushPassiveEffectsImpl (/Users/brianlong/Developer/summit/client/node_modules/react-dom/cjs/react-dom.development.js:27078:3)
    at flushPassiveEffects (/Users/brianlong/Developer/summit/client/node_modules/react-dom/cjs/react-dom.development.js:27023:14)
    at /Users/brianlong/Developer/summit/client/node_modules/react-dom/cjs/react-dom.development.js:26808:9
    at flushActQueue (/Users/brianlong/Developer/summit/client/node_modules/react/cjs/react.development.js:2667:24)
    at act (/Users/brianlong/Developer/summit/client/node_modules/react/cjs/react.development.js:2582:11)
    at actWithWarning (/Users/brianlong/Developer/summit/client/node_modules/react-dom/cjs/react-dom-test-utils.development.js:1740:10)
    at /Users/brianlong/Developer/summit/client/node_modules/@testing-library/react/dist/act-compat.js:63:25
    at renderRoot (/Users/brianlong/Developer/summit/client/node_modules/@testing-library/react/dist/pure.js:159:26)
    at render (/Users/brianlong/Developer/summit/client/node_modules/@testing-library/react/dist/pure.js:246:10)
    at Object.&lt;anonymous&gt; (/Users/brianlong/Developer/summit/client/src/components/__tests__/PerformanceMonitor.test.tsx:122:11)
    at Promise.finally.completed (/Users/brianlong/Developer/summit/client/node_modules/jest-circus/build/jestAdapterInit.js:1556:28)
    at new Promise (&lt;anonymous&gt;)
    at callAsyncCircusFn (/Users/brianlong/Developer/summit/client/node_modules/jest-circus/build/jestAdapterInit.js:1496:10)
    at _callCircusTest (/Users/brianlong/Developer/summit/client/node_modules/jest-circus/build/jestAdapterInit.js:1006:40)
    at processTicksAndRejections (node:internal/process/task_queues:95:5)
    at _runTest (/Users/brianlong/Developer/summit/client/node_modules/jest-circus/build/jestAdapterInit.js:946:3)
    at _runTestsForDescribeBlock (/Users/brianlong/Developer/summit/client/node_modules/jest-circus/build/jestAdapterInit.js:839:13)
    at _runTestsForDescribeBlock (/Users/brianlong/Developer/summit/client/node_modules/jest-circus/build/jestAdapterInit.js:829:11)
    at run (/Users/brianlong/Developer/summit/client/node_modules/jest-circus/build/jestAdapterInit.js:757:3)
    at runAndTransformResultsToJestFormat (/Users/brianlong/Developer/summit/client/node_modules/jest-circus/build/jestAdapterInit.js:1917:21)
    at jestAdapter (/Users/brianlong/Developer/summit/client/node_modules/jest-circus/build/runner.js:101:19)
    at runTestInternal (/Users/brianlong/Developer/summit/client/node_modules/jest-runner/build/testWorker.js:275:16)
    at runTest (/Users/brianlong/Developer/summit/client/node_modules/jest-runner/build/testWorker.js:343:7)
    at Object.worker (/Users/brianlong/Developer/summit/client/node_modules/jest-runner/build/testWorker.js:497:12)</failure>
      <failure>TypeError: performance.getEntriesByType is not a function
    at /Users/brianlong/Developer/summit/client/src/components/PerformanceMonitor.tsx:35:33
    at /Users/brianlong/Developer/summit/client/src/components/PerformanceMonitor.tsx:63:26
    at callTimer (/Users/brianlong/Developer/summit/client/node_modules/@sinonjs/fake-timers/src/fake-timers-src.js:806:24)
    at doTickInner (/Users/brianlong/Developer/summit/client/node_modules/@sinonjs/fake-timers/src/fake-timers-src.js:1413:29)
    at doTick (/Users/brianlong/Developer/summit/client/node_modules/@sinonjs/fake-timers/src/fake-timers-src.js:1494:20)
    at Object.tick (/Users/brianlong/Developer/summit/client/node_modules/@sinonjs/fake-timers/src/fake-timers-src.js:1502:20)
    at Object.runToLast (/Users/brianlong/Developer/summit/client/node_modules/@sinonjs/fake-timers/src/fake-timers-src.js:1661:26)
    at FakeTimers.runOnlyPendingTimers (/Users/brianlong/Developer/summit/client/node_modules/@jest/fake-timers/build/index.js:542:19)
    at Object.runOnlyPendingTimers (/Users/brianlong/Developer/summit/client/node_modules/jest-runtime/build/index.js:1804:52)
    at Object.&lt;anonymous&gt; (/Users/brianlong/Developer/summit/client/src/components/__tests__/PerformanceMonitor.test.tsx:58:10)
    at Promise.finally.completed (/Users/brianlong/Developer/summit/client/node_modules/jest-circus/build/jestAdapterInit.js:1556:28)
    at new Promise (&lt;anonymous&gt;)
    at callAsyncCircusFn (/Users/brianlong/Developer/summit/client/node_modules/jest-circus/build/jestAdapterInit.js:1496:10)
    at _callCircusHook (/Users/brianlong/Developer/summit/client/node_modules/jest-circus/build/jestAdapterInit.js:975:40)
    at processTicksAndRejections (node:internal/process/task_queues:95:5)
    at _runTest (/Users/brianlong/Developer/summit/client/node_modules/jest-circus/build/jestAdapterInit.js:948:5)
    at _runTestsForDescribeBlock (/Users/brianlong/Developer/summit/client/node_modules/jest-circus/build/jestAdapterInit.js:839:13)
    at _runTestsForDescribeBlock (/Users/brianlong/Developer/summit/client/node_modules/jest-circus/build/jestAdapterInit.js:829:11)
    at run (/Users/brianlong/Developer/summit/client/node_modules/jest-circus/build/jestAdapterInit.js:757:3)
    at runAndTransformResultsToJestFormat (/Users/brianlong/Developer/summit/client/node_modules/jest-circus/build/jestAdapterInit.js:1917:21)
    at jestAdapter (/Users/brianlong/Developer/summit/client/node_modules/jest-circus/build/runner.js:101:19)
    at runTestInternal (/Users/brianlong/Developer/summit/client/node_modules/jest-runner/build/testWorker.js:275:16)
    at runTest (/Users/brianlong/Developer/summit/client/node_modules/jest-runner/build/testWorker.js:343:7)
    at Object.worker (/Users/brianlong/Developer/summit/client/node_modules/jest-runner/build/testWorker.js:497:12)</failure>
    </testcase>
    <testcase classname="PerformanceMonitor" name="shows color indicators based on memory usage" time="0.211">
      <failure>TypeError: performance.getEntriesByType is not a function
    at /Users/brianlong/Developer/summit/client/src/components/PerformanceMonitor.tsx:35:33
    at /Users/brianlong/Developer/summit/client/src/components/PerformanceMonitor.tsx:78:28
    at commitHookEffectListMount (/Users/brianlong/Developer/summit/client/node_modules/react-dom/cjs/react-dom.development.js:23189:26)
    at commitPassiveMountOnFiber (/Users/brianlong/Developer/summit/client/node_modules/react-dom/cjs/react-dom.development.js:24970:11)
    at commitPassiveMountEffects_complete (/Users/brianlong/Developer/summit/client/node_modules/react-dom/cjs/react-dom.development.js:24930:9)
    at commitPassiveMountEffects_begin (/Users/brianlong/Developer/summit/client/node_modules/react-dom/cjs/react-dom.development.js:24917:7)
    at commitPassiveMountEffects (/Users/brianlong/Developer/summit/client/node_modules/react-dom/cjs/react-dom.development.js:24905:3)
    at flushPassiveEffectsImpl (/Users/brianlong/Developer/summit/client/node_modules/react-dom/cjs/react-dom.development.js:27078:3)
    at flushPassiveEffects (/Users/brianlong/Developer/summit/client/node_modules/react-dom/cjs/react-dom.development.js:27023:14)
    at /Users/brianlong/Developer/summit/client/node_modules/react-dom/cjs/react-dom.development.js:26808:9
    at flushActQueue (/Users/brianlong/Developer/summit/client/node_modules/react/cjs/react.development.js:2667:24)
    at act (/Users/brianlong/Developer/summit/client/node_modules/react/cjs/react.development.js:2582:11)
    at actWithWarning (/Users/brianlong/Developer/summit/client/node_modules/react-dom/cjs/react-dom-test-utils.development.js:1740:10)
    at /Users/brianlong/Developer/summit/client/node_modules/@testing-library/react/dist/act-compat.js:63:25
    at renderRoot (/Users/brianlong/Developer/summit/client/node_modules/@testing-library/react/dist/pure.js:159:26)
    at render (/Users/brianlong/Developer/summit/client/node_modules/@testing-library/react/dist/pure.js:246:10)
    at Object.&lt;anonymous&gt; (/Users/brianlong/Developer/summit/client/src/components/__tests__/PerformanceMonitor.test.tsx:156:32)
    at Promise.finally.completed (/Users/brianlong/Developer/summit/client/node_modules/jest-circus/build/jestAdapterInit.js:1556:28)
    at new Promise (&lt;anonymous&gt;)
    at callAsyncCircusFn (/Users/brianlong/Developer/summit/client/node_modules/jest-circus/build/jestAdapterInit.js:1496:10)
    at _callCircusTest (/Users/brianlong/Developer/summit/client/node_modules/jest-circus/build/jestAdapterInit.js:1006:40)
    at processTicksAndRejections (node:internal/process/task_queues:95:5)
    at _runTest (/Users/brianlong/Developer/summit/client/node_modules/jest-circus/build/jestAdapterInit.js:946:3)
    at _runTestsForDescribeBlock (/Users/brianlong/Developer/summit/client/node_modules/jest-circus/build/jestAdapterInit.js:839:13)
    at _runTestsForDescribeBlock (/Users/brianlong/Developer/summit/client/node_modules/jest-circus/build/jestAdapterInit.js:829:11)
    at run (/Users/brianlong/Developer/summit/client/node_modules/jest-circus/build/jestAdapterInit.js:757:3)
    at runAndTransformResultsToJestFormat (/Users/brianlong/Developer/summit/client/node_modules/jest-circus/build/jestAdapterInit.js:1917:21)
    at jestAdapter (/Users/brianlong/Developer/summit/client/node_modules/jest-circus/build/runner.js:101:19)
    at runTestInternal (/Users/brianlong/Developer/summit/client/node_modules/jest-runner/build/testWorker.js:275:16)
    at runTest (/Users/brianlong/Developer/summit/client/node_modules/jest-runner/build/testWorker.js:343:7)
    at Object.worker (/Users/brianlong/Developer/summit/client/node_modules/jest-runner/build/testWorker.js:497:12)</failure>
      <failure>TypeError: performance.getEntriesByType is not a function
    at /Users/brianlong/Developer/summit/client/src/components/PerformanceMonitor.tsx:35:33
    at /Users/brianlong/Developer/summit/client/src/components/PerformanceMonitor.tsx:63:26
    at callTimer (/Users/brianlong/Developer/summit/client/node_modules/@sinonjs/fake-timers/src/fake-timers-src.js:806:24)
    at doTickInner (/Users/brianlong/Developer/summit/client/node_modules/@sinonjs/fake-timers/src/fake-timers-src.js:1413:29)
    at doTick (/Users/brianlong/Developer/summit/client/node_modules/@sinonjs/fake-timers/src/fake-timers-src.js:1494:20)
    at Object.tick (/Users/brianlong/Developer/summit/client/node_modules/@sinonjs/fake-timers/src/fake-timers-src.js:1502:20)
    at Object.runToLast (/Users/brianlong/Developer/summit/client/node_modules/@sinonjs/fake-timers/src/fake-timers-src.js:1661:26)
    at FakeTimers.runOnlyPendingTimers (/Users/brianlong/Developer/summit/client/node_modules/@jest/fake-timers/build/index.js:542:19)
    at Object.runOnlyPendingTimers (/Users/brianlong/Developer/summit/client/node_modules/jest-runtime/build/index.js:1804:52)
    at Object.&lt;anonymous&gt; (/Users/brianlong/Developer/summit/client/src/components/__tests__/PerformanceMonitor.test.tsx:58:10)
    at Promise.finally.completed (/Users/brianlong/Developer/summit/client/node_modules/jest-circus/build/jestAdapterInit.js:1556:28)
    at new Promise (&lt;anonymous&gt;)
    at callAsyncCircusFn (/Users/brianlong/Developer/summit/client/node_modules/jest-circus/build/jestAdapterInit.js:1496:10)
    at _callCircusHook (/Users/brianlong/Developer/summit/client/node_modules/jest-circus/build/jestAdapterInit.js:975:40)
    at processTicksAndRejections (node:internal/process/task_queues:95:5)
    at _runTest (/Users/brianlong/Developer/summit/client/node_modules/jest-circus/build/jestAdapterInit.js:948:5)
    at _runTestsForDescribeBlock (/Users/brianlong/Developer/summit/client/node_modules/jest-circus/build/jestAdapterInit.js:839:13)
    at _runTestsForDescribeBlock (/Users/brianlong/Developer/summit/client/node_modules/jest-circus/build/jestAdapterInit.js:829:11)
    at run (/Users/brianlong/Developer/summit/client/node_modules/jest-circus/build/jestAdapterInit.js:757:3)
    at runAndTransformResultsToJestFormat (/Users/brianlong/Developer/summit/client/node_modules/jest-circus/build/jestAdapterInit.js:1917:21)
    at jestAdapter (/Users/brianlong/Developer/summit/client/node_modules/jest-circus/build/runner.js:101:19)
    at runTestInternal (/Users/brianlong/Developer/summit/client/node_modules/jest-runner/build/testWorker.js:275:16)
    at runTest (/Users/brianlong/Developer/summit/client/node_modules/jest-runner/build/testWorker.js:343:7)
    at Object.worker (/Users/brianlong/Developer/summit/client/node_modules/jest-runner/build/testWorker.js:497:12)</failure>
    </testcase>
    <testcase classname="PerformanceMonitor" name="closes detailed panel when close button clicked" time="0.048">
      <failure>TypeError: performance.getEntriesByType is not a function
    at /Users/brianlong/Developer/summit/client/src/components/PerformanceMonitor.tsx:35:33
    at /Users/brianlong/Developer/summit/client/src/components/PerformanceMonitor.tsx:78:28
    at commitHookEffectListMount (/Users/brianlong/Developer/summit/client/node_modules/react-dom/cjs/react-dom.development.js:23189:26)
    at commitPassiveMountOnFiber (/Users/brianlong/Developer/summit/client/node_modules/react-dom/cjs/react-dom.development.js:24970:11)
    at commitPassiveMountEffects_complete (/Users/brianlong/Developer/summit/client/node_modules/react-dom/cjs/react-dom.development.js:24930:9)
    at commitPassiveMountEffects_begin (/Users/brianlong/Developer/summit/client/node_modules/react-dom/cjs/react-dom.development.js:24917:7)
    at commitPassiveMountEffects (/Users/brianlong/Developer/summit/client/node_modules/react-dom/cjs/react-dom.development.js:24905:3)
    at flushPassiveEffectsImpl (/Users/brianlong/Developer/summit/client/node_modules/react-dom/cjs/react-dom.development.js:27078:3)
    at flushPassiveEffects (/Users/brianlong/Developer/summit/client/node_modules/react-dom/cjs/react-dom.development.js:27023:14)
    at /Users/brianlong/Developer/summit/client/node_modules/react-dom/cjs/react-dom.development.js:26808:9
    at flushActQueue (/Users/brianlong/Developer/summit/client/node_modules/react/cjs/react.development.js:2667:24)
    at act (/Users/brianlong/Developer/summit/client/node_modules/react/cjs/react.development.js:2582:11)
    at actWithWarning (/Users/brianlong/Developer/summit/client/node_modules/react-dom/cjs/react-dom-test-utils.development.js:1740:10)
    at /Users/brianlong/Developer/summit/client/node_modules/@testing-library/react/dist/act-compat.js:63:25
    at renderRoot (/Users/brianlong/Developer/summit/client/node_modules/@testing-library/react/dist/pure.js:159:26)
    at render (/Users/brianlong/Developer/summit/client/node_modules/@testing-library/react/dist/pure.js:246:10)
    at Object.&lt;anonymous&gt; (/Users/brianlong/Developer/summit/client/src/components/__tests__/PerformanceMonitor.test.tsx:180:11)
    at Promise.finally.completed (/Users/brianlong/Developer/summit/client/node_modules/jest-circus/build/jestAdapterInit.js:1556:28)
    at new Promise (&lt;anonymous&gt;)
    at callAsyncCircusFn (/Users/brianlong/Developer/summit/client/node_modules/jest-circus/build/jestAdapterInit.js:1496:10)
    at _callCircusTest (/Users/brianlong/Developer/summit/client/node_modules/jest-circus/build/jestAdapterInit.js:1006:40)
    at processTicksAndRejections (node:internal/process/task_queues:95:5)
    at _runTest (/Users/brianlong/Developer/summit/client/node_modules/jest-circus/build/jestAdapterInit.js:946:3)
    at _runTestsForDescribeBlock (/Users/brianlong/Developer/summit/client/node_modules/jest-circus/build/jestAdapterInit.js:839:13)
    at _runTestsForDescribeBlock (/Users/brianlong/Developer/summit/client/node_modules/jest-circus/build/jestAdapterInit.js:829:11)
    at run (/Users/brianlong/Developer/summit/client/node_modules/jest-circus/build/jestAdapterInit.js:757:3)
    at runAndTransformResultsToJestFormat (/Users/brianlong/Developer/summit/client/node_modules/jest-circus/build/jestAdapterInit.js:1917:21)
    at jestAdapter (/Users/brianlong/Developer/summit/client/node_modules/jest-circus/build/runner.js:101:19)
    at runTestInternal (/Users/brianlong/Developer/summit/client/node_modules/jest-runner/build/testWorker.js:275:16)
    at runTest (/Users/brianlong/Developer/summit/client/node_modules/jest-runner/build/testWorker.js:343:7)
    at Object.worker (/Users/brianlong/Developer/summit/client/node_modules/jest-runner/build/testWorker.js:497:12)</failure>
      <failure>TypeError: performance.getEntriesByType is not a function
    at /Users/brianlong/Developer/summit/client/src/components/PerformanceMonitor.tsx:35:33
    at /Users/brianlong/Developer/summit/client/src/components/PerformanceMonitor.tsx:63:26
    at callTimer (/Users/brianlong/Developer/summit/client/node_modules/@sinonjs/fake-timers/src/fake-timers-src.js:806:24)
    at doTickInner (/Users/brianlong/Developer/summit/client/node_modules/@sinonjs/fake-timers/src/fake-timers-src.js:1413:29)
    at doTick (/Users/brianlong/Developer/summit/client/node_modules/@sinonjs/fake-timers/src/fake-timers-src.js:1494:20)
    at Object.tick (/Users/brianlong/Developer/summit/client/node_modules/@sinonjs/fake-timers/src/fake-timers-src.js:1502:20)
    at Object.runToLast (/Users/brianlong/Developer/summit/client/node_modules/@sinonjs/fake-timers/src/fake-timers-src.js:1661:26)
    at FakeTimers.runOnlyPendingTimers (/Users/brianlong/Developer/summit/client/node_modules/@jest/fake-timers/build/index.js:542:19)
    at Object.runOnlyPendingTimers (/Users/brianlong/Developer/summit/client/node_modules/jest-runtime/build/index.js:1804:52)
    at Object.&lt;anonymous&gt; (/Users/brianlong/Developer/summit/client/src/components/__tests__/PerformanceMonitor.test.tsx:58:10)
    at Promise.finally.completed (/Users/brianlong/Developer/summit/client/node_modules/jest-circus/build/jestAdapterInit.js:1556:28)
    at new Promise (&lt;anonymous&gt;)
    at callAsyncCircusFn (/Users/brianlong/Developer/summit/client/node_modules/jest-circus/build/jestAdapterInit.js:1496:10)
    at _callCircusHook (/Users/brianlong/Developer/summit/client/node_modules/jest-circus/build/jestAdapterInit.js:975:40)
    at processTicksAndRejections (node:internal/process/task_queues:95:5)
    at _runTest (/Users/brianlong/Developer/summit/client/node_modules/jest-circus/build/jestAdapterInit.js:948:5)
    at _runTestsForDescribeBlock (/Users/brianlong/Developer/summit/client/node_modules/jest-circus/build/jestAdapterInit.js:839:13)
    at _runTestsForDescribeBlock (/Users/brianlong/Developer/summit/client/node_modules/jest-circus/build/jestAdapterInit.js:829:11)
    at run (/Users/brianlong/Developer/summit/client/node_modules/jest-circus/build/jestAdapterInit.js:757:3)
    at runAndTransformResultsToJestFormat (/Users/brianlong/Developer/summit/client/node_modules/jest-circus/build/jestAdapterInit.js:1917:21)
    at jestAdapter (/Users/brianlong/Developer/summit/client/node_modules/jest-circus/build/runner.js:101:19)
    at runTestInternal (/Users/brianlong/Developer/summit/client/node_modules/jest-runner/build/testWorker.js:275:16)
    at runTest (/Users/brianlong/Developer/summit/client/node_modules/jest-runner/build/testWorker.js:343:7)
    at Object.worker (/Users/brianlong/Developer/summit/client/node_modules/jest-runner/build/testWorker.js:497:12)</failure>
    </testcase>
    <testcase classname="PerformanceMonitor" name="shows average metrics when available" time="0.047">
      <failure>TypeError: performance.getEntriesByType is not a function
    at /Users/brianlong/Developer/summit/client/src/components/PerformanceMonitor.tsx:35:33
    at /Users/brianlong/Developer/summit/client/src/components/PerformanceMonitor.tsx:78:28
    at commitHookEffectListMount (/Users/brianlong/Developer/summit/client/node_modules/react-dom/cjs/react-dom.development.js:23189:26)
    at commitPassiveMountOnFiber (/Users/brianlong/Developer/summit/client/node_modules/react-dom/cjs/react-dom.development.js:24970:11)
    at commitPassiveMountEffects_complete (/Users/brianlong/Developer/summit/client/node_modules/react-dom/cjs/react-dom.development.js:24930:9)
    at commitPassiveMountEffects_begin (/Users/brianlong/Developer/summit/client/node_modules/react-dom/cjs/react-dom.development.js:24917:7)
    at commitPassiveMountEffects (/Users/brianlong/Developer/summit/client/node_modules/react-dom/cjs/react-dom.development.js:24905:3)
    at flushPassiveEffectsImpl (/Users/brianlong/Developer/summit/client/node_modules/react-dom/cjs/react-dom.development.js:27078:3)
    at flushPassiveEffects (/Users/brianlong/Developer/summit/client/node_modules/react-dom/cjs/react-dom.development.js:27023:14)
    at /Users/brianlong/Developer/summit/client/node_modules/react-dom/cjs/react-dom.development.js:26808:9
    at flushActQueue (/Users/brianlong/Developer/summit/client/node_modules/react/cjs/react.development.js:2667:24)
    at act (/Users/brianlong/Developer/summit/client/node_modules/react/cjs/react.development.js:2582:11)
    at actWithWarning (/Users/brianlong/Developer/summit/client/node_modules/react-dom/cjs/react-dom-test-utils.development.js:1740:10)
    at /Users/brianlong/Developer/summit/client/node_modules/@testing-library/react/dist/act-compat.js:63:25
    at renderRoot (/Users/brianlong/Developer/summit/client/node_modules/@testing-library/react/dist/pure.js:159:26)
    at render (/Users/brianlong/Developer/summit/client/node_modules/@testing-library/react/dist/pure.js:246:10)
    at Object.&lt;anonymous&gt; (/Users/brianlong/Developer/summit/client/src/components/__tests__/PerformanceMonitor.test.tsx:196:11)
    at Promise.finally.completed (/Users/brianlong/Developer/summit/client/node_modules/jest-circus/build/jestAdapterInit.js:1556:28)
    at new Promise (&lt;anonymous&gt;)
    at callAsyncCircusFn (/Users/brianlong/Developer/summit/client/node_modules/jest-circus/build/jestAdapterInit.js:1496:10)
    at _callCircusTest (/Users/brianlong/Developer/summit/client/node_modules/jest-circus/build/jestAdapterInit.js:1006:40)
    at processTicksAndRejections (node:internal/process/task_queues:95:5)
    at _runTest (/Users/brianlong/Developer/summit/client/node_modules/jest-circus/build/jestAdapterInit.js:946:3)
    at _runTestsForDescribeBlock (/Users/brianlong/Developer/summit/client/node_modules/jest-circus/build/jestAdapterInit.js:839:13)
    at _runTestsForDescribeBlock (/Users/brianlong/Developer/summit/client/node_modules/jest-circus/build/jestAdapterInit.js:829:11)
    at run (/Users/brianlong/Developer/summit/client/node_modules/jest-circus/build/jestAdapterInit.js:757:3)
    at runAndTransformResultsToJestFormat (/Users/brianlong/Developer/summit/client/node_modules/jest-circus/build/jestAdapterInit.js:1917:21)
    at jestAdapter (/Users/brianlong/Developer/summit/client/node_modules/jest-circus/build/runner.js:101:19)
    at runTestInternal (/Users/brianlong/Developer/summit/client/node_modules/jest-runner/build/testWorker.js:275:16)
    at runTest (/Users/brianlong/Developer/summit/client/node_modules/jest-runner/build/testWorker.js:343:7)
    at Object.worker (/Users/brianlong/Developer/summit/client/node_modules/jest-runner/build/testWorker.js:497:12)</failure>
      <failure>TypeError: performance.getEntriesByType is not a function
    at /Users/brianlong/Developer/summit/client/src/components/PerformanceMonitor.tsx:35:33
    at /Users/brianlong/Developer/summit/client/src/components/PerformanceMonitor.tsx:63:26
    at callTimer (/Users/brianlong/Developer/summit/client/node_modules/@sinonjs/fake-timers/src/fake-timers-src.js:806:24)
    at doTickInner (/Users/brianlong/Developer/summit/client/node_modules/@sinonjs/fake-timers/src/fake-timers-src.js:1413:29)
    at doTick (/Users/brianlong/Developer/summit/client/node_modules/@sinonjs/fake-timers/src/fake-timers-src.js:1494:20)
    at Object.tick (/Users/brianlong/Developer/summit/client/node_modules/@sinonjs/fake-timers/src/fake-timers-src.js:1502:20)
    at Object.runToLast (/Users/brianlong/Developer/summit/client/node_modules/@sinonjs/fake-timers/src/fake-timers-src.js:1661:26)
    at FakeTimers.runOnlyPendingTimers (/Users/brianlong/Developer/summit/client/node_modules/@jest/fake-timers/build/index.js:542:19)
    at Object.runOnlyPendingTimers (/Users/brianlong/Developer/summit/client/node_modules/jest-runtime/build/index.js:1804:52)
    at Object.&lt;anonymous&gt; (/Users/brianlong/Developer/summit/client/src/components/__tests__/PerformanceMonitor.test.tsx:58:10)
    at Promise.finally.completed (/Users/brianlong/Developer/summit/client/node_modules/jest-circus/build/jestAdapterInit.js:1556:28)
    at new Promise (&lt;anonymous&gt;)
    at callAsyncCircusFn (/Users/brianlong/Developer/summit/client/node_modules/jest-circus/build/jestAdapterInit.js:1496:10)
    at _callCircusHook (/Users/brianlong/Developer/summit/client/node_modules/jest-circus/build/jestAdapterInit.js:975:40)
    at processTicksAndRejections (node:internal/process/task_queues:95:5)
    at _runTest (/Users/brianlong/Developer/summit/client/node_modules/jest-circus/build/jestAdapterInit.js:948:5)
    at _runTestsForDescribeBlock (/Users/brianlong/Developer/summit/client/node_modules/jest-circus/build/jestAdapterInit.js:839:13)
    at _runTestsForDescribeBlock (/Users/brianlong/Developer/summit/client/node_modules/jest-circus/build/jestAdapterInit.js:829:11)
    at run (/Users/brianlong/Developer/summit/client/node_modules/jest-circus/build/jestAdapterInit.js:757:3)
    at runAndTransformResultsToJestFormat (/Users/brianlong/Developer/summit/client/node_modules/jest-circus/build/jestAdapterInit.js:1917:21)
    at jestAdapter (/Users/brianlong/Developer/summit/client/node_modules/jest-circus/build/runner.js:101:19)
    at runTestInternal (/Users/brianlong/Developer/summit/client/node_modules/jest-runner/build/testWorker.js:275:16)
    at runTest (/Users/brianlong/Developer/summit/client/node_modules/jest-runner/build/testWorker.js:343:7)
    at Object.worker (/Users/brianlong/Developer/summit/client/node_modules/jest-runner/build/testWorker.js:497:12)</failure>
    </testcase>
    <testcase classname="PerformanceMonitor" name="handles missing performance.memory gracefully" time="0.252">
      <failure>TypeError: performance.getEntriesByType is not a function
    at /Users/brianlong/Developer/summit/client/src/components/PerformanceMonitor.tsx:35:33
    at /Users/brianlong/Developer/summit/client/src/components/PerformanceMonitor.tsx:78:28
    at commitHookEffectListMount (/Users/brianlong/Developer/summit/client/node_modules/react-dom/cjs/react-dom.development.js:23189:26)
    at commitPassiveMountOnFiber (/Users/brianlong/Developer/summit/client/node_modules/react-dom/cjs/react-dom.development.js:24970:11)
    at commitPassiveMountEffects_complete (/Users/brianlong/Developer/summit/client/node_modules/react-dom/cjs/react-dom.development.js:24930:9)
    at commitPassiveMountEffects_begin (/Users/brianlong/Developer/summit/client/node_modules/react-dom/cjs/react-dom.development.js:24917:7)
    at commitPassiveMountEffects (/Users/brianlong/Developer/summit/client/node_modules/react-dom/cjs/react-dom.development.js:24905:3)
    at flushPassiveEffectsImpl (/Users/brianlong/Developer/summit/client/node_modules/react-dom/cjs/react-dom.development.js:27078:3)
    at flushPassiveEffects (/Users/brianlong/Developer/summit/client/node_modules/react-dom/cjs/react-dom.development.js:27023:14)
    at /Users/brianlong/Developer/summit/client/node_modules/react-dom/cjs/react-dom.development.js:26808:9
    at flushActQueue (/Users/brianlong/Developer/summit/client/node_modules/react/cjs/react.development.js:2667:24)
    at act (/Users/brianlong/Developer/summit/client/node_modules/react/cjs/react.development.js:2582:11)
    at actWithWarning (/Users/brianlong/Developer/summit/client/node_modules/react-dom/cjs/react-dom-test-utils.development.js:1740:10)
    at /Users/brianlong/Developer/summit/client/node_modules/@testing-library/react/dist/act-compat.js:63:25
    at renderRoot (/Users/brianlong/Developer/summit/client/node_modules/@testing-library/react/dist/pure.js:159:26)
    at render (/Users/brianlong/Developer/summit/client/node_modules/@testing-library/react/dist/pure.js:246:10)
    at Object.&lt;anonymous&gt; (/Users/brianlong/Developer/summit/client/src/components/__tests__/PerformanceMonitor.test.tsx:221:11)
    at Promise.finally.completed (/Users/brianlong/Developer/summit/client/node_modules/jest-circus/build/jestAdapterInit.js:1556:28)
    at new Promise (&lt;anonymous&gt;)
    at callAsyncCircusFn (/Users/brianlong/Developer/summit/client/node_modules/jest-circus/build/jestAdapterInit.js:1496:10)
    at _callCircusTest (/Users/brianlong/Developer/summit/client/node_modules/jest-circus/build/jestAdapterInit.js:1006:40)
    at processTicksAndRejections (node:internal/process/task_queues:95:5)
    at _runTest (/Users/brianlong/Developer/summit/client/node_modules/jest-circus/build/jestAdapterInit.js:946:3)
    at _runTestsForDescribeBlock (/Users/brianlong/Developer/summit/client/node_modules/jest-circus/build/jestAdapterInit.js:839:13)
    at _runTestsForDescribeBlock (/Users/brianlong/Developer/summit/client/node_modules/jest-circus/build/jestAdapterInit.js:829:11)
    at run (/Users/brianlong/Developer/summit/client/node_modules/jest-circus/build/jestAdapterInit.js:757:3)
    at runAndTransformResultsToJestFormat (/Users/brianlong/Developer/summit/client/node_modules/jest-circus/build/jestAdapterInit.js:1917:21)
    at jestAdapter (/Users/brianlong/Developer/summit/client/node_modules/jest-circus/build/runner.js:101:19)
    at runTestInternal (/Users/brianlong/Developer/summit/client/node_modules/jest-runner/build/testWorker.js:275:16)
    at runTest (/Users/brianlong/Developer/summit/client/node_modules/jest-runner/build/testWorker.js:343:7)
    at Object.worker (/Users/brianlong/Developer/summit/client/node_modules/jest-runner/build/testWorker.js:497:12)</failure>
      <failure>TypeError: performance.getEntriesByType is not a function
    at /Users/brianlong/Developer/summit/client/src/components/PerformanceMonitor.tsx:35:33
    at /Users/brianlong/Developer/summit/client/src/components/PerformanceMonitor.tsx:63:26
    at callTimer (/Users/brianlong/Developer/summit/client/node_modules/@sinonjs/fake-timers/src/fake-timers-src.js:806:24)
    at doTickInner (/Users/brianlong/Developer/summit/client/node_modules/@sinonjs/fake-timers/src/fake-timers-src.js:1413:29)
    at doTick (/Users/brianlong/Developer/summit/client/node_modules/@sinonjs/fake-timers/src/fake-timers-src.js:1494:20)
    at Object.tick (/Users/brianlong/Developer/summit/client/node_modules/@sinonjs/fake-timers/src/fake-timers-src.js:1502:20)
    at Object.runToLast (/Users/brianlong/Developer/summit/client/node_modules/@sinonjs/fake-timers/src/fake-timers-src.js:1661:26)
    at FakeTimers.runOnlyPendingTimers (/Users/brianlong/Developer/summit/client/node_modules/@jest/fake-timers/build/index.js:542:19)
    at Object.runOnlyPendingTimers (/Users/brianlong/Developer/summit/client/node_modules/jest-runtime/build/index.js:1804:52)
    at Object.&lt;anonymous&gt; (/Users/brianlong/Developer/summit/client/src/components/__tests__/PerformanceMonitor.test.tsx:58:10)
    at Promise.finally.completed (/Users/brianlong/Developer/summit/client/node_modules/jest-circus/build/jestAdapterInit.js:1556:28)
    at new Promise (&lt;anonymous&gt;)
    at callAsyncCircusFn (/Users/brianlong/Developer/summit/client/node_modules/jest-circus/build/jestAdapterInit.js:1496:10)
    at _callCircusHook (/Users/brianlong/Developer/summit/client/node_modules/jest-circus/build/jestAdapterInit.js:975:40)
    at processTicksAndRejections (node:internal/process/task_queues:95:5)
    at _runTest (/Users/brianlong/Developer/summit/client/node_modules/jest-circus/build/jestAdapterInit.js:948:5)
    at _runTestsForDescribeBlock (/Users/brianlong/Developer/summit/client/node_modules/jest-circus/build/jestAdapterInit.js:839:13)
    at _runTestsForDescribeBlock (/Users/brianlong/Developer/summit/client/node_modules/jest-circus/build/jestAdapterInit.js:829:11)
    at run (/Users/brianlong/Developer/summit/client/node_modules/jest-circus/build/jestAdapterInit.js:757:3)
    at runAndTransformResultsToJestFormat (/Users/brianlong/Developer/summit/client/node_modules/jest-circus/build/jestAdapterInit.js:1917:21)
    at jestAdapter (/Users/brianlong/Developer/summit/client/node_modules/jest-circus/build/runner.js:101:19)
    at runTestInternal (/Users/brianlong/Developer/summit/client/node_modules/jest-runner/build/testWorker.js:275:16)
    at runTest (/Users/brianlong/Developer/summit/client/node_modules/jest-runner/build/testWorker.js:343:7)
    at Object.worker (/Users/brianlong/Developer/summit/client/node_modules/jest-runner/build/testWorker.js:497:12)</failure>
    </testcase>
    <testcase classname="usePerformanceTracking" name="trackRender creates performance marks and measures" time="0.183">
      <failure>Error: expect(received).toHaveBeenCalledWith(...expected)

Matcher error: received value must be a mock or spy function

Received has type:  function
Received has value: [Function anonymous]
    at Object.&lt;anonymous&gt; (/Users/brianlong/Developer/summit/client/src/components/__tests__/PerformanceMonitor.test.tsx:251:30)
    at Promise.finally.completed (/Users/brianlong/Developer/summit/client/node_modules/jest-circus/build/jestAdapterInit.js:1556:28)
    at new Promise (&lt;anonymous&gt;)
    at callAsyncCircusFn (/Users/brianlong/Developer/summit/client/node_modules/jest-circus/build/jestAdapterInit.js:1496:10)
    at _callCircusTest (/Users/brianlong/Developer/summit/client/node_modules/jest-circus/build/jestAdapterInit.js:1006:40)
    at processTicksAndRejections (node:internal/process/task_queues:95:5)
    at _runTest (/Users/brianlong/Developer/summit/client/node_modules/jest-circus/build/jestAdapterInit.js:946:3)
    at _runTestsForDescribeBlock (/Users/brianlong/Developer/summit/client/node_modules/jest-circus/build/jestAdapterInit.js:839:13)
    at _runTestsForDescribeBlock (/Users/brianlong/Developer/summit/client/node_modules/jest-circus/build/jestAdapterInit.js:829:11)
    at run (/Users/brianlong/Developer/summit/client/node_modules/jest-circus/build/jestAdapterInit.js:757:3)
    at runAndTransformResultsToJestFormat (/Users/brianlong/Developer/summit/client/node_modules/jest-circus/build/jestAdapterInit.js:1917:21)
    at jestAdapter (/Users/brianlong/Developer/summit/client/node_modules/jest-circus/build/runner.js:101:19)
    at runTestInternal (/Users/brianlong/Developer/summit/client/node_modules/jest-runner/build/testWorker.js:275:16)
    at runTest (/Users/brianlong/Developer/summit/client/node_modules/jest-runner/build/testWorker.js:343:7)
    at Object.worker (/Users/brianlong/Developer/summit/client/node_modules/jest-runner/build/testWorker.js:497:12)</failure>
    </testcase>
    <testcase classname="usePerformanceTracking" name="trackError increments error counter and logs" time="0.051">
    </testcase>
    <testcase classname="PerformanceMonitor Integration" name="works with real performance data" time="0.08">
      <failure>TypeError: performance.getEntriesByType is not a function
    at /Users/brianlong/Developer/summit/client/src/components/PerformanceMonitor.tsx:35:33
    at /Users/brianlong/Developer/summit/client/src/components/PerformanceMonitor.tsx:78:28
    at commitHookEffectListMount (/Users/brianlong/Developer/summit/client/node_modules/react-dom/cjs/react-dom.development.js:23189:26)
    at commitPassiveMountOnFiber (/Users/brianlong/Developer/summit/client/node_modules/react-dom/cjs/react-dom.development.js:24970:11)
    at commitPassiveMountEffects_complete (/Users/brianlong/Developer/summit/client/node_modules/react-dom/cjs/react-dom.development.js:24930:9)
    at commitPassiveMountEffects_begin (/Users/brianlong/Developer/summit/client/node_modules/react-dom/cjs/react-dom.development.js:24917:7)
    at commitPassiveMountEffects (/Users/brianlong/Developer/summit/client/node_modules/react-dom/cjs/react-dom.development.js:24905:3)
    at flushPassiveEffectsImpl (/Users/brianlong/Developer/summit/client/node_modules/react-dom/cjs/react-dom.development.js:27078:3)
    at flushPassiveEffects (/Users/brianlong/Developer/summit/client/node_modules/react-dom/cjs/react-dom.development.js:27023:14)
    at /Users/brianlong/Developer/summit/client/node_modules/react-dom/cjs/react-dom.development.js:26808:9
    at flushActQueue (/Users/brianlong/Developer/summit/client/node_modules/react/cjs/react.development.js:2667:24)
    at act (/Users/brianlong/Developer/summit/client/node_modules/react/cjs/react.development.js:2582:11)
    at actWithWarning (/Users/brianlong/Developer/summit/client/node_modules/react-dom/cjs/react-dom-test-utils.development.js:1740:10)
    at /Users/brianlong/Developer/summit/client/node_modules/@testing-library/react/dist/act-compat.js:63:25
    at renderRoot (/Users/brianlong/Developer/summit/client/node_modules/@testing-library/react/dist/pure.js:159:26)
    at render (/Users/brianlong/Developer/summit/client/node_modules/@testing-library/react/dist/pure.js:246:10)
    at Object.&lt;anonymous&gt; (/Users/brianlong/Developer/summit/client/src/components/__tests__/PerformanceMonitor.test.tsx:306:11)
    at Promise.finally.completed (/Users/brianlong/Developer/summit/client/node_modules/jest-circus/build/jestAdapterInit.js:1556:28)
    at new Promise (&lt;anonymous&gt;)
    at callAsyncCircusFn (/Users/brianlong/Developer/summit/client/node_modules/jest-circus/build/jestAdapterInit.js:1496:10)
    at _callCircusTest (/Users/brianlong/Developer/summit/client/node_modules/jest-circus/build/jestAdapterInit.js:1006:40)
    at processTicksAndRejections (node:internal/process/task_queues:95:5)
    at _runTest (/Users/brianlong/Developer/summit/client/node_modules/jest-circus/build/jestAdapterInit.js:946:3)
    at _runTestsForDescribeBlock (/Users/brianlong/Developer/summit/client/node_modules/jest-circus/build/jestAdapterInit.js:839:13)
    at _runTestsForDescribeBlock (/Users/brianlong/Developer/summit/client/node_modules/jest-circus/build/jestAdapterInit.js:829:11)
    at run (/Users/brianlong/Developer/summit/client/node_modules/jest-circus/build/jestAdapterInit.js:757:3)
    at runAndTransformResultsToJestFormat (/Users/brianlong/Developer/summit/client/node_modules/jest-circus/build/jestAdapterInit.js:1917:21)
    at jestAdapter (/Users/brianlong/Developer/summit/client/node_modules/jest-circus/build/runner.js:101:19)
    at runTestInternal (/Users/brianlong/Developer/summit/client/node_modules/jest-runner/build/testWorker.js:275:16)
    at runTest (/Users/brianlong/Developer/summit/client/node_modules/jest-runner/build/testWorker.js:343:7)
    at Object.worker (/Users/brianlong/Developer/summit/client/node_modules/jest-runner/build/testWorker.js:497:12)</failure>
    </testcase>
    <testcase classname="PerformanceMonitor Integration" name="handles performance API not available" time="0.217">
    </testcase>
    <testcase classname="PerformanceMonitor Performance" name="does not cause memory leaks with many samples" time="0.037">
      <failure>TypeError: performance.getEntriesByType is not a function
    at /Users/brianlong/Developer/summit/client/src/components/PerformanceMonitor.tsx:35:33
    at /Users/brianlong/Developer/summit/client/src/components/PerformanceMonitor.tsx:78:28
    at commitHookEffectListMount (/Users/brianlong/Developer/summit/client/node_modules/react-dom/cjs/react-dom.development.js:23189:26)
    at commitPassiveMountOnFiber (/Users/brianlong/Developer/summit/client/node_modules/react-dom/cjs/react-dom.development.js:24970:11)
    at commitPassiveMountEffects_complete (/Users/brianlong/Developer/summit/client/node_modules/react-dom/cjs/react-dom.development.js:24930:9)
    at commitPassiveMountEffects_begin (/Users/brianlong/Developer/summit/client/node_modules/react-dom/cjs/react-dom.development.js:24917:7)
    at commitPassiveMountEffects (/Users/brianlong/Developer/summit/client/node_modules/react-dom/cjs/react-dom.development.js:24905:3)
    at flushPassiveEffectsImpl (/Users/brianlong/Developer/summit/client/node_modules/react-dom/cjs/react-dom.development.js:27078:3)
    at flushPassiveEffects (/Users/brianlong/Developer/summit/client/node_modules/react-dom/cjs/react-dom.development.js:27023:14)
    at /Users/brianlong/Developer/summit/client/node_modules/react-dom/cjs/react-dom.development.js:26808:9
    at flushActQueue (/Users/brianlong/Developer/summit/client/node_modules/react/cjs/react.development.js:2667:24)
    at act (/Users/brianlong/Developer/summit/client/node_modules/react/cjs/react.development.js:2582:11)
    at actWithWarning (/Users/brianlong/Developer/summit/client/node_modules/react-dom/cjs/react-dom-test-utils.development.js:1740:10)
    at /Users/brianlong/Developer/summit/client/node_modules/@testing-library/react/dist/act-compat.js:63:25
    at renderRoot (/Users/brianlong/Developer/summit/client/node_modules/@testing-library/react/dist/pure.js:159:26)
    at render (/Users/brianlong/Developer/summit/client/node_modules/@testing-library/react/dist/pure.js:246:10)
    at Object.&lt;anonymous&gt; (/Users/brianlong/Developer/summit/client/src/components/__tests__/PerformanceMonitor.test.tsx:349:11)
    at Promise.finally.completed (/Users/brianlong/Developer/summit/client/node_modules/jest-circus/build/jestAdapterInit.js:1556:28)
    at new Promise (&lt;anonymous&gt;)
    at callAsyncCircusFn (/Users/brianlong/Developer/summit/client/node_modules/jest-circus/build/jestAdapterInit.js:1496:10)
    at _callCircusTest (/Users/brianlong/Developer/summit/client/node_modules/jest-circus/build/jestAdapterInit.js:1006:40)
    at processTicksAndRejections (node:internal/process/task_queues:95:5)
    at _runTest (/Users/brianlong/Developer/summit/client/node_modules/jest-circus/build/jestAdapterInit.js:946:3)
    at _runTestsForDescribeBlock (/Users/brianlong/Developer/summit/client/node_modules/jest-circus/build/jestAdapterInit.js:839:13)
    at _runTestsForDescribeBlock (/Users/brianlong/Developer/summit/client/node_modules/jest-circus/build/jestAdapterInit.js:829:11)
    at run (/Users/brianlong/Developer/summit/client/node_modules/jest-circus/build/jestAdapterInit.js:757:3)
    at runAndTransformResultsToJestFormat (/Users/brianlong/Developer/summit/client/node_modules/jest-circus/build/jestAdapterInit.js:1917:21)
    at jestAdapter (/Users/brianlong/Developer/summit/client/node_modules/jest-circus/build/runner.js:101:19)
    at runTestInternal (/Users/brianlong/Developer/summit/client/node_modules/jest-runner/build/testWorker.js:275:16)
    at runTest (/Users/brianlong/Developer/summit/client/node_modules/jest-runner/build/testWorker.js:343:7)
    at Object.worker (/Users/brianlong/Developer/summit/client/node_modules/jest-runner/build/testWorker.js:497:12)</failure>
    </testcase>
    <testcase classname="PerformanceMonitor Performance" name="cleans up interval on unmount" time="0.204">
      <failure>TypeError: performance.getEntriesByType is not a function
    at /Users/brianlong/Developer/summit/client/src/components/PerformanceMonitor.tsx:35:33
    at /Users/brianlong/Developer/summit/client/src/components/PerformanceMonitor.tsx:78:28
    at commitHookEffectListMount (/Users/brianlong/Developer/summit/client/node_modules/react-dom/cjs/react-dom.development.js:23189:26)
    at commitPassiveMountOnFiber (/Users/brianlong/Developer/summit/client/node_modules/react-dom/cjs/react-dom.development.js:24970:11)
    at commitPassiveMountEffects_complete (/Users/brianlong/Developer/summit/client/node_modules/react-dom/cjs/react-dom.development.js:24930:9)
    at commitPassiveMountEffects_begin (/Users/brianlong/Developer/summit/client/node_modules/react-dom/cjs/react-dom.development.js:24917:7)
    at commitPassiveMountEffects (/Users/brianlong/Developer/summit/client/node_modules/react-dom/cjs/react-dom.development.js:24905:3)
    at flushPassiveEffectsImpl (/Users/brianlong/Developer/summit/client/node_modules/react-dom/cjs/react-dom.development.js:27078:3)
    at flushPassiveEffects (/Users/brianlong/Developer/summit/client/node_modules/react-dom/cjs/react-dom.development.js:27023:14)
    at /Users/brianlong/Developer/summit/client/node_modules/react-dom/cjs/react-dom.development.js:26808:9
    at flushActQueue (/Users/brianlong/Developer/summit/client/node_modules/react/cjs/react.development.js:2667:24)
    at act (/Users/brianlong/Developer/summit/client/node_modules/react/cjs/react.development.js:2582:11)
    at actWithWarning (/Users/brianlong/Developer/summit/client/node_modules/react-dom/cjs/react-dom-test-utils.development.js:1740:10)
    at /Users/brianlong/Developer/summit/client/node_modules/@testing-library/react/dist/act-compat.js:63:25
    at renderRoot (/Users/brianlong/Developer/summit/client/node_modules/@testing-library/react/dist/pure.js:159:26)
    at render (/Users/brianlong/Developer/summit/client/node_modules/@testing-library/react/dist/pure.js:246:10)
    at Object.&lt;anonymous&gt; (/Users/brianlong/Developer/summit/client/src/components/__tests__/PerformanceMonitor.test.tsx:369:31)
    at Promise.finally.completed (/Users/brianlong/Developer/summit/client/node_modules/jest-circus/build/jestAdapterInit.js:1556:28)
    at new Promise (&lt;anonymous&gt;)
    at callAsyncCircusFn (/Users/brianlong/Developer/summit/client/node_modules/jest-circus/build/jestAdapterInit.js:1496:10)
    at _callCircusTest (/Users/brianlong/Developer/summit/client/node_modules/jest-circus/build/jestAdapterInit.js:1006:40)
    at processTicksAndRejections (node:internal/process/task_queues:95:5)
    at _runTest (/Users/brianlong/Developer/summit/client/node_modules/jest-circus/build/jestAdapterInit.js:946:3)
    at _runTestsForDescribeBlock (/Users/brianlong/Developer/summit/client/node_modules/jest-circus/build/jestAdapterInit.js:839:13)
    at _runTestsForDescribeBlock (/Users/brianlong/Developer/summit/client/node_modules/jest-circus/build/jestAdapterInit.js:829:11)
    at run (/Users/brianlong/Developer/summit/client/node_modules/jest-circus/build/jestAdapterInit.js:757:3)
    at runAndTransformResultsToJestFormat (/Users/brianlong/Developer/summit/client/node_modules/jest-circus/build/jestAdapterInit.js:1917:21)
    at jestAdapter (/Users/brianlong/Developer/summit/client/node_modules/jest-circus/build/runner.js:101:19)
    at runTestInternal (/Users/brianlong/Developer/summit/client/node_modules/jest-runner/build/testWorker.js:275:16)
    at runTest (/Users/brianlong/Developer/summit/client/node_modules/jest-runner/build/testWorker.js:343:7)
    at Object.worker (/Users/brianlong/Developer/summit/client/node_modules/jest-runner/build/testWorker.js:497:12)</failure>
    </testcase>
  </testsuite>
  <testsuite name="undefined" errors="0" failures="1" skipped="0" timestamp="2025-10-16T07:18:17" time="2.488" tests="1">
    <testcase classname="" name="fetch transport streams tokens then done" time="0.055">
      <failure>ReferenceError: TextEncoder is not defined
    at Object.&lt;anonymous&gt; (/Users/brianlong/Developer/summit/client/src/lib/assistant/transport.test.ts:21:19)
    at Promise.finally.completed (/Users/brianlong/Developer/summit/client/node_modules/jest-circus/build/jestAdapterInit.js:1556:28)
    at new Promise (&lt;anonymous&gt;)
    at callAsyncCircusFn (/Users/brianlong/Developer/summit/client/node_modules/jest-circus/build/jestAdapterInit.js:1496:10)
    at _callCircusTest (/Users/brianlong/Developer/summit/client/node_modules/jest-circus/build/jestAdapterInit.js:1006:40)
    at processTicksAndRejections (node:internal/process/task_queues:95:5)
    at _runTest (/Users/brianlong/Developer/summit/client/node_modules/jest-circus/build/jestAdapterInit.js:946:3)
    at _runTestsForDescribeBlock (/Users/brianlong/Developer/summit/client/node_modules/jest-circus/build/jestAdapterInit.js:839:13)
    at run (/Users/brianlong/Developer/summit/client/node_modules/jest-circus/build/jestAdapterInit.js:757:3)
    at runAndTransformResultsToJestFormat (/Users/brianlong/Developer/summit/client/node_modules/jest-circus/build/jestAdapterInit.js:1917:21)
    at jestAdapter (/Users/brianlong/Developer/summit/client/node_modules/jest-circus/build/runner.js:101:19)
    at runTestInternal (/Users/brianlong/Developer/summit/client/node_modules/jest-runner/build/testWorker.js:275:16)
    at runTest (/Users/brianlong/Developer/summit/client/node_modules/jest-runner/build/testWorker.js:343:7)
    at Object.worker (/Users/brianlong/Developer/summit/client/node_modules/jest-runner/build/testWorker.js:497:12)</failure>
    </testcase>
  </testsuite>
  <testsuite name="DsarReviewer" errors="0" failures="1" skipped="0" timestamp="2025-10-16T07:18:15" time="5.236" tests="2">
    <testcase classname="DsarReviewer" name="renders requests and surfaces replay actions" time="0.968">
    </testcase>
    <testcase classname="DsarReviewer" name="shows request details when selected" time="0.114">
      <failure>Error: expect(element).toHaveTextContent()

Expected element to have text content:
  req-2
Received:
  Request ID:
    at Object.&lt;anonymous&gt; (/Users/brianlong/Developer/summit/client/src/features/compliance/__tests__/DsarReviewer.test.tsx:48:45)
    at Promise.finally.completed (/Users/brianlong/Developer/summit/client/node_modules/jest-circus/build/jestAdapterInit.js:1556:28)
    at new Promise (&lt;anonymous&gt;)
    at callAsyncCircusFn (/Users/brianlong/Developer/summit/client/node_modules/jest-circus/build/jestAdapterInit.js:1496:10)
    at _callCircusTest (/Users/brianlong/Developer/summit/client/node_modules/jest-circus/build/jestAdapterInit.js:1006:40)
    at processTicksAndRejections (node:internal/process/task_queues:95:5)
    at _runTest (/Users/brianlong/Developer/summit/client/node_modules/jest-circus/build/jestAdapterInit.js:946:3)
    at _runTestsForDescribeBlock (/Users/brianlong/Developer/summit/client/node_modules/jest-circus/build/jestAdapterInit.js:839:13)
    at _runTestsForDescribeBlock (/Users/brianlong/Developer/summit/client/node_modules/jest-circus/build/jestAdapterInit.js:829:11)
    at run (/Users/brianlong/Developer/summit/client/node_modules/jest-circus/build/jestAdapterInit.js:757:3)
    at runAndTransformResultsToJestFormat (/Users/brianlong/Developer/summit/client/node_modules/jest-circus/build/jestAdapterInit.js:1917:21)
    at jestAdapter (/Users/brianlong/Developer/summit/client/node_modules/jest-circus/build/runner.js:101:19)
    at runTestInternal (/Users/brianlong/Developer/summit/client/node_modules/jest-runner/build/testWorker.js:275:16)
    at runTest (/Users/brianlong/Developer/summit/client/node_modules/jest-runner/build/testWorker.js:343:7)
    at Object.worker (/Users/brianlong/Developer/summit/client/node_modules/jest-runner/build/testWorker.js:497:12)</failure>
    </testcase>
  </testsuite>
  <testsuite name="ThreatIntelligenceHub" errors="0" failures="13" skipped="0" timestamp="2025-10-16T07:17:12" time="82.825" tests="25">
    <testcase classname="ThreatIntelligenceHub" name="renders threat intelligence hub header" time="1.385">
    </testcase>
    <testcase classname="ThreatIntelligenceHub" name="renders view tabs" time="0.551">
    </testcase>
    <testcase classname="ThreatIntelligenceHub" name="renders search and filters" time="0.47">
    </testcase>
    <testcase classname="ThreatIntelligenceHub" name="displays indicators by default" time="0.406">
    </testcase>
    <testcase classname="ThreatIntelligenceHub" name="switches between view tabs" time="5.094">
      <failure>Error: thrown: &quot;Exceeded timeout of 5000 ms for a test.
Add a timeout value to this test to increase the timeout, if this is a long-running test. See https://jestjs.io/docs/api#testname-fn-timeout.&quot;
    at /Users/brianlong/Developer/summit/client/src/components/intelligence/__tests__/ThreatIntelligenceHub.test.tsx:64:3
    at _dispatchDescribe (/Users/brianlong/Developer/summit/client/node_modules/jest-circus/build/jestAdapterInit.js:604:26)
    at describe (/Users/brianlong/Developer/summit/client/node_modules/jest-circus/build/jestAdapterInit.js:572:44)
    at Object.&lt;anonymous&gt; (/Users/brianlong/Developer/summit/client/src/components/intelligence/__tests__/ThreatIntelligenceHub.test.tsx:13:1)
    at Runtime._execModule (/Users/brianlong/Developer/summit/client/node_modules/jest-runtime/build/index.js:1268:24)
    at Runtime._loadModule (/Users/brianlong/Developer/summit/client/node_modules/jest-runtime/build/index.js:944:12)
    at Runtime.requireModule (/Users/brianlong/Developer/summit/client/node_modules/jest-runtime/build/index.js:832:12)
    at jestAdapter (/Users/brianlong/Developer/summit/client/node_modules/jest-circus/build/runner.js:95:13)
    at processTicksAndRejections (node:internal/process/task_queues:95:5)
    at runTestInternal (/Users/brianlong/Developer/summit/client/node_modules/jest-runner/build/testWorker.js:275:16)
    at runTest (/Users/brianlong/Developer/summit/client/node_modules/jest-runner/build/testWorker.js:343:7)
    at Object.worker (/Users/brianlong/Developer/summit/client/node_modules/jest-runner/build/testWorker.js:497:12)</failure>
    </testcase>
    <testcase classname="ThreatIntelligenceHub" name="filters indicators by search query" time="5.037">
      <failure>Error: thrown: &quot;Exceeded timeout of 5000 ms for a test.
Add a timeout value to this test to increase the timeout, if this is a long-running test. See https://jestjs.io/docs/api#testname-fn-timeout.&quot;
    at /Users/brianlong/Developer/summit/client/src/components/intelligence/__tests__/ThreatIntelligenceHub.test.tsx:84:3
    at _dispatchDescribe (/Users/brianlong/Developer/summit/client/node_modules/jest-circus/build/jestAdapterInit.js:604:26)
    at describe (/Users/brianlong/Developer/summit/client/node_modules/jest-circus/build/jestAdapterInit.js:572:44)
    at Object.&lt;anonymous&gt; (/Users/brianlong/Developer/summit/client/src/components/intelligence/__tests__/ThreatIntelligenceHub.test.tsx:13:1)
    at Runtime._execModule (/Users/brianlong/Developer/summit/client/node_modules/jest-runtime/build/index.js:1268:24)
    at Runtime._loadModule (/Users/brianlong/Developer/summit/client/node_modules/jest-runtime/build/index.js:944:12)
    at Runtime.requireModule (/Users/brianlong/Developer/summit/client/node_modules/jest-runtime/build/index.js:832:12)
    at jestAdapter (/Users/brianlong/Developer/summit/client/node_modules/jest-circus/build/runner.js:95:13)
    at processTicksAndRejections (node:internal/process/task_queues:95:5)
    at runTestInternal (/Users/brianlong/Developer/summit/client/node_modules/jest-runner/build/testWorker.js:275:16)
    at runTest (/Users/brianlong/Developer/summit/client/node_modules/jest-runner/build/testWorker.js:343:7)
    at Object.worker (/Users/brianlong/Developer/summit/client/node_modules/jest-runner/build/testWorker.js:497:12)</failure>
    </testcase>
    <testcase classname="ThreatIntelligenceHub" name="filters indicators by severity" time="5.122">
      <failure>Error: thrown: &quot;Exceeded timeout of 5000 ms for a test.
Add a timeout value to this test to increase the timeout, if this is a long-running test. See https://jestjs.io/docs/api#testname-fn-timeout.&quot;
    at /Users/brianlong/Developer/summit/client/src/components/intelligence/__tests__/ThreatIntelligenceHub.test.tsx:98:3
    at _dispatchDescribe (/Users/brianlong/Developer/summit/client/node_modules/jest-circus/build/jestAdapterInit.js:604:26)
    at describe (/Users/brianlong/Developer/summit/client/node_modules/jest-circus/build/jestAdapterInit.js:572:44)
    at Object.&lt;anonymous&gt; (/Users/brianlong/Developer/summit/client/src/components/intelligence/__tests__/ThreatIntelligenceHub.test.tsx:13:1)
    at Runtime._execModule (/Users/brianlong/Developer/summit/client/node_modules/jest-runtime/build/index.js:1268:24)
    at Runtime._loadModule (/Users/brianlong/Developer/summit/client/node_modules/jest-runtime/build/index.js:944:12)
    at Runtime.requireModule (/Users/brianlong/Developer/summit/client/node_modules/jest-runtime/build/index.js:832:12)
    at jestAdapter (/Users/brianlong/Developer/summit/client/node_modules/jest-circus/build/runner.js:95:13)
    at processTicksAndRejections (node:internal/process/task_queues:95:5)
    at runTestInternal (/Users/brianlong/Developer/summit/client/node_modules/jest-runner/build/testWorker.js:275:16)
    at runTest (/Users/brianlong/Developer/summit/client/node_modules/jest-runner/build/testWorker.js:343:7)
    at Object.worker (/Users/brianlong/Developer/summit/client/node_modules/jest-runner/build/testWorker.js:497:12)</failure>
    </testcase>
    <testcase classname="ThreatIntelligenceHub" name="filters indicators by type" time="5.22">
      <failure>Error: thrown: &quot;Exceeded timeout of 5000 ms for a test.
Add a timeout value to this test to increase the timeout, if this is a long-running test. See https://jestjs.io/docs/api#testname-fn-timeout.&quot;
    at /Users/brianlong/Developer/summit/client/src/components/intelligence/__tests__/ThreatIntelligenceHub.test.tsx:110:3
    at _dispatchDescribe (/Users/brianlong/Developer/summit/client/node_modules/jest-circus/build/jestAdapterInit.js:604:26)
    at describe (/Users/brianlong/Developer/summit/client/node_modules/jest-circus/build/jestAdapterInit.js:572:44)
    at Object.&lt;anonymous&gt; (/Users/brianlong/Developer/summit/client/src/components/intelligence/__tests__/ThreatIntelligenceHub.test.tsx:13:1)
    at Runtime._execModule (/Users/brianlong/Developer/summit/client/node_modules/jest-runtime/build/index.js:1268:24)
    at Runtime._loadModule (/Users/brianlong/Developer/summit/client/node_modules/jest-runtime/build/index.js:944:12)
    at Runtime.requireModule (/Users/brianlong/Developer/summit/client/node_modules/jest-runtime/build/index.js:832:12)
    at jestAdapter (/Users/brianlong/Developer/summit/client/node_modules/jest-circus/build/runner.js:95:13)
    at processTicksAndRejections (node:internal/process/task_queues:95:5)
    at runTestInternal (/Users/brianlong/Developer/summit/client/node_modules/jest-runner/build/testWorker.js:275:16)
    at runTest (/Users/brianlong/Developer/summit/client/node_modules/jest-runner/build/testWorker.js:343:7)
    at Object.worker (/Users/brianlong/Developer/summit/client/node_modules/jest-runner/build/testWorker.js:497:12)</failure>
    </testcase>
    <testcase classname="ThreatIntelligenceHub" name="selects indicator and shows details" time="5.247">
      <failure>Error: thrown: &quot;Exceeded timeout of 5000 ms for a test.
Add a timeout value to this test to increase the timeout, if this is a long-running test. See https://jestjs.io/docs/api#testname-fn-timeout.&quot;
    at /Users/brianlong/Developer/summit/client/src/components/intelligence/__tests__/ThreatIntelligenceHub.test.tsx:122:3
    at _dispatchDescribe (/Users/brianlong/Developer/summit/client/node_modules/jest-circus/build/jestAdapterInit.js:604:26)
    at describe (/Users/brianlong/Developer/summit/client/node_modules/jest-circus/build/jestAdapterInit.js:572:44)
    at Object.&lt;anonymous&gt; (/Users/brianlong/Developer/summit/client/src/components/intelligence/__tests__/ThreatIntelligenceHub.test.tsx:13:1)
    at Runtime._execModule (/Users/brianlong/Developer/summit/client/node_modules/jest-runtime/build/index.js:1268:24)
    at Runtime._loadModule (/Users/brianlong/Developer/summit/client/node_modules/jest-runtime/build/index.js:944:12)
    at Runtime.requireModule (/Users/brianlong/Developer/summit/client/node_modules/jest-runtime/build/index.js:832:12)
    at jestAdapter (/Users/brianlong/Developer/summit/client/node_modules/jest-circus/build/runner.js:95:13)
    at processTicksAndRejections (node:internal/process/task_queues:95:5)
    at runTestInternal (/Users/brianlong/Developer/summit/client/node_modules/jest-runner/build/testWorker.js:275:16)
    at runTest (/Users/brianlong/Developer/summit/client/node_modules/jest-runner/build/testWorker.js:343:7)
    at Object.worker (/Users/brianlong/Developer/summit/client/node_modules/jest-runner/build/testWorker.js:497:12)</failure>
    </testcase>
    <testcase classname="ThreatIntelligenceHub" name="calls indicator select callback" time="5.134">
      <failure>Error: thrown: &quot;Exceeded timeout of 5000 ms for a test.
Add a timeout value to this test to increase the timeout, if this is a long-running test. See https://jestjs.io/docs/api#testname-fn-timeout.&quot;
    at /Users/brianlong/Developer/summit/client/src/components/intelligence/__tests__/ThreatIntelligenceHub.test.tsx:141:3
    at _dispatchDescribe (/Users/brianlong/Developer/summit/client/node_modules/jest-circus/build/jestAdapterInit.js:604:26)
    at describe (/Users/brianlong/Developer/summit/client/node_modules/jest-circus/build/jestAdapterInit.js:572:44)
    at Object.&lt;anonymous&gt; (/Users/brianlong/Developer/summit/client/src/components/intelligence/__tests__/ThreatIntelligenceHub.test.tsx:13:1)
    at Runtime._execModule (/Users/brianlong/Developer/summit/client/node_modules/jest-runtime/build/index.js:1268:24)
    at Runtime._loadModule (/Users/brianlong/Developer/summit/client/node_modules/jest-runtime/build/index.js:944:12)
    at Runtime.requireModule (/Users/brianlong/Developer/summit/client/node_modules/jest-runtime/build/index.js:832:12)
    at jestAdapter (/Users/brianlong/Developer/summit/client/node_modules/jest-circus/build/runner.js:95:13)
    at processTicksAndRejections (node:internal/process/task_queues:95:5)
    at runTestInternal (/Users/brianlong/Developer/summit/client/node_modules/jest-runner/build/testWorker.js:275:16)
    at runTest (/Users/brianlong/Developer/summit/client/node_modules/jest-runner/build/testWorker.js:343:7)
    at Object.worker (/Users/brianlong/Developer/summit/client/node_modules/jest-runner/build/testWorker.js:497:12)</failure>
    </testcase>
    <testcase classname="ThreatIntelligenceHub" name="calls campaign select callback" time="5.188">
      <failure>Error: thrown: &quot;Exceeded timeout of 5000 ms for a test.
Add a timeout value to this test to increase the timeout, if this is a long-running test. See https://jestjs.io/docs/api#testname-fn-timeout.&quot;
    at /Users/brianlong/Developer/summit/client/src/components/intelligence/__tests__/ThreatIntelligenceHub.test.tsx:162:3
    at _dispatchDescribe (/Users/brianlong/Developer/summit/client/node_modules/jest-circus/build/jestAdapterInit.js:604:26)
    at describe (/Users/brianlong/Developer/summit/client/node_modules/jest-circus/build/jestAdapterInit.js:572:44)
    at Object.&lt;anonymous&gt; (/Users/brianlong/Developer/summit/client/src/components/intelligence/__tests__/ThreatIntelligenceHub.test.tsx:13:1)
    at Runtime._execModule (/Users/brianlong/Developer/summit/client/node_modules/jest-runtime/build/index.js:1268:24)
    at Runtime._loadModule (/Users/brianlong/Developer/summit/client/node_modules/jest-runtime/build/index.js:944:12)
    at Runtime.requireModule (/Users/brianlong/Developer/summit/client/node_modules/jest-runtime/build/index.js:832:12)
    at jestAdapter (/Users/brianlong/Developer/summit/client/node_modules/jest-circus/build/runner.js:95:13)
    at processTicksAndRejections (node:internal/process/task_queues:95:5)
    at runTestInternal (/Users/brianlong/Developer/summit/client/node_modules/jest-runner/build/testWorker.js:275:16)
    at runTest (/Users/brianlong/Developer/summit/client/node_modules/jest-runner/build/testWorker.js:343:7)
    at Object.worker (/Users/brianlong/Developer/summit/client/node_modules/jest-runner/build/testWorker.js:497:12)</failure>
    </testcase>
    <testcase classname="ThreatIntelligenceHub" name="calls actor select callback" time="5.121">
      <failure>Error: thrown: &quot;Exceeded timeout of 5000 ms for a test.
Add a timeout value to this test to increase the timeout, if this is a long-running test. See https://jestjs.io/docs/api#testname-fn-timeout.&quot;
    at /Users/brianlong/Developer/summit/client/src/components/intelligence/__tests__/ThreatIntelligenceHub.test.tsx:186:3
    at _dispatchDescribe (/Users/brianlong/Developer/summit/client/node_modules/jest-circus/build/jestAdapterInit.js:604:26)
    at describe (/Users/brianlong/Developer/summit/client/node_modules/jest-circus/build/jestAdapterInit.js:572:44)
    at Object.&lt;anonymous&gt; (/Users/brianlong/Developer/summit/client/src/components/intelligence/__tests__/ThreatIntelligenceHub.test.tsx:13:1)
    at Runtime._execModule (/Users/brianlong/Developer/summit/client/node_modules/jest-runtime/build/index.js:1268:24)
    at Runtime._loadModule (/Users/brianlong/Developer/summit/client/node_modules/jest-runtime/build/index.js:944:12)
    at Runtime.requireModule (/Users/brianlong/Developer/summit/client/node_modules/jest-runtime/build/index.js:832:12)
    at jestAdapter (/Users/brianlong/Developer/summit/client/node_modules/jest-circus/build/runner.js:95:13)
    at processTicksAndRejections (node:internal/process/task_queues:95:5)
    at runTestInternal (/Users/brianlong/Developer/summit/client/node_modules/jest-runner/build/testWorker.js:275:16)
    at runTest (/Users/brianlong/Developer/summit/client/node_modules/jest-runner/build/testWorker.js:343:7)
    at Object.worker (/Users/brianlong/Developer/summit/client/node_modules/jest-runner/build/testWorker.js:497:12)</failure>
    </testcase>
    <testcase classname="ThreatIntelligenceHub" name="handles investigation ID prop" time="0.266">
    </testcase>
    <testcase classname="ThreatIntelligenceHub" name="displays severity colors correctly" time="0.358">
    </testcase>
    <testcase classname="ThreatIntelligenceHub" name="displays indicator type icons" time="0.396">
    </testcase>
    <testcase classname="ThreatIntelligenceHub" name="shows last updated timestamp" time="0.317">
    </testcase>
    <testcase classname="ThreatIntelligenceHub" name="handles auto-refresh when enabled" time="0.513">
      <failure>ReferenceError: act is not defined
    at Object.&lt;anonymous&gt; (/Users/brianlong/Developer/summit/client/src/components/intelligence/__tests__/ThreatIntelligenceHub.test.tsx:243:5)
    at Promise.finally.completed (/Users/brianlong/Developer/summit/client/node_modules/jest-circus/build/jestAdapterInit.js:1556:28)
    at new Promise (&lt;anonymous&gt;)
    at callAsyncCircusFn (/Users/brianlong/Developer/summit/client/node_modules/jest-circus/build/jestAdapterInit.js:1496:10)
    at _callCircusTest (/Users/brianlong/Developer/summit/client/node_modules/jest-circus/build/jestAdapterInit.js:1006:40)
    at _runTest (/Users/brianlong/Developer/summit/client/node_modules/jest-circus/build/jestAdapterInit.js:946:3)
    at _runTestsForDescribeBlock (/Users/brianlong/Developer/summit/client/node_modules/jest-circus/build/jestAdapterInit.js:839:13)
    at _runTestsForDescribeBlock (/Users/brianlong/Developer/summit/client/node_modules/jest-circus/build/jestAdapterInit.js:829:11)
    at run (/Users/brianlong/Developer/summit/client/node_modules/jest-circus/build/jestAdapterInit.js:757:3)
    at runAndTransformResultsToJestFormat (/Users/brianlong/Developer/summit/client/node_modules/jest-circus/build/jestAdapterInit.js:1917:21)
    at jestAdapter (/Users/brianlong/Developer/summit/client/node_modules/jest-circus/build/runner.js:101:19)
    at runTestInternal (/Users/brianlong/Developer/summit/client/node_modules/jest-runner/build/testWorker.js:275:16)
    at runTest (/Users/brianlong/Developer/summit/client/node_modules/jest-runner/build/testWorker.js:343:7)
    at Object.worker (/Users/brianlong/Developer/summit/client/node_modules/jest-runner/build/testWorker.js:497:12)</failure>
    </testcase>
    <testcase classname="ThreatIntelligenceHub" name="displays feed status information" time="5.095">
      <failure>Error: thrown: &quot;Exceeded timeout of 5000 ms for a test.
Add a timeout value to this test to increase the timeout, if this is a long-running test. See https://jestjs.io/docs/api#testname-fn-timeout.&quot;
    at /Users/brianlong/Developer/summit/client/src/components/intelligence/__tests__/ThreatIntelligenceHub.test.tsx:251:3
    at _dispatchDescribe (/Users/brianlong/Developer/summit/client/node_modules/jest-circus/build/jestAdapterInit.js:604:26)
    at describe (/Users/brianlong/Developer/summit/client/node_modules/jest-circus/build/jestAdapterInit.js:572:44)
    at Object.&lt;anonymous&gt; (/Users/brianlong/Developer/summit/client/src/components/intelligence/__tests__/ThreatIntelligenceHub.test.tsx:13:1)
    at Runtime._execModule (/Users/brianlong/Developer/summit/client/node_modules/jest-runtime/build/index.js:1268:24)
    at Runtime._loadModule (/Users/brianlong/Developer/summit/client/node_modules/jest-runtime/build/index.js:944:12)
    at Runtime.requireModule (/Users/brianlong/Developer/summit/client/node_modules/jest-runtime/build/index.js:832:12)
    at jestAdapter (/Users/brianlong/Developer/summit/client/node_modules/jest-circus/build/runner.js:95:13)
    at processTicksAndRejections (node:internal/process/task_queues:95:5)
    at runTestInternal (/Users/brianlong/Developer/summit/client/node_modules/jest-runner/build/testWorker.js:275:16)
    at runTest (/Users/brianlong/Developer/summit/client/node_modules/jest-runner/build/testWorker.js:343:7)
    at Object.worker (/Users/brianlong/Developer/summit/client/node_modules/jest-runner/build/testWorker.js:497:12)</failure>
    </testcase>
    <testcase classname="ThreatIntelligenceHub" name="applies custom className" time="0.252">
    </testcase>
    <testcase classname="ThreatIntelligenceHub" name="handles empty search results" time="5.059">
      <failure>Error: thrown: &quot;Exceeded timeout of 5000 ms for a test.
Add a timeout value to this test to increase the timeout, if this is a long-running test. See https://jestjs.io/docs/api#testname-fn-timeout.&quot;
    at /Users/brianlong/Developer/summit/client/src/components/intelligence/__tests__/ThreatIntelligenceHub.test.tsx:278:3
    at _dispatchDescribe (/Users/brianlong/Developer/summit/client/node_modules/jest-circus/build/jestAdapterInit.js:604:26)
    at describe (/Users/brianlong/Developer/summit/client/node_modules/jest-circus/build/jestAdapterInit.js:572:44)
    at Object.&lt;anonymous&gt; (/Users/brianlong/Developer/summit/client/src/components/intelligence/__tests__/ThreatIntelligenceHub.test.tsx:13:1)
    at Runtime._execModule (/Users/brianlong/Developer/summit/client/node_modules/jest-runtime/build/index.js:1268:24)
    at Runtime._loadModule (/Users/brianlong/Developer/summit/client/node_modules/jest-runtime/build/index.js:944:12)
    at Runtime.requireModule (/Users/brianlong/Developer/summit/client/node_modules/jest-runtime/build/index.js:832:12)
    at jestAdapter (/Users/brianlong/Developer/summit/client/node_modules/jest-circus/build/runner.js:95:13)
    at processTicksAndRejections (node:internal/process/task_queues:95:5)
    at runTestInternal (/Users/brianlong/Developer/summit/client/node_modules/jest-runner/build/testWorker.js:275:16)
    at runTest (/Users/brianlong/Developer/summit/client/node_modules/jest-runner/build/testWorker.js:343:7)
    at Object.worker (/Users/brianlong/Developer/summit/client/node_modules/jest-runner/build/testWorker.js:497:12)</failure>
    </testcase>
    <testcase classname="ThreatIntelligenceHub" name="displays indicator context information" time="5.074">
      <failure>Error: thrown: &quot;Exceeded timeout of 5000 ms for a test.
Add a timeout value to this test to increase the timeout, if this is a long-running test. See https://jestjs.io/docs/api#testname-fn-timeout.&quot;
    at /Users/brianlong/Developer/summit/client/src/components/intelligence/__tests__/ThreatIntelligenceHub.test.tsx:291:3
    at _dispatchDescribe (/Users/brianlong/Developer/summit/client/node_modules/jest-circus/build/jestAdapterInit.js:604:26)
    at describe (/Users/brianlong/Developer/summit/client/node_modules/jest-circus/build/jestAdapterInit.js:572:44)
    at Object.&lt;anonymous&gt; (/Users/brianlong/Developer/summit/client/src/components/intelligence/__tests__/ThreatIntelligenceHub.test.tsx:13:1)
    at Runtime._execModule (/Users/brianlong/Developer/summit/client/node_modules/jest-runtime/build/index.js:1268:24)
    at Runtime._loadModule (/Users/brianlong/Developer/summit/client/node_modules/jest-runtime/build/index.js:944:12)
    at Runtime.requireModule (/Users/brianlong/Developer/summit/client/node_modules/jest-runtime/build/index.js:832:12)
    at jestAdapter (/Users/brianlong/Developer/summit/client/node_modules/jest-circus/build/runner.js:95:13)
    at processTicksAndRejections (node:internal/process/task_queues:95:5)
    at runTestInternal (/Users/brianlong/Developer/summit/client/node_modules/jest-runner/build/testWorker.js:275:16)
    at runTest (/Users/brianlong/Developer/summit/client/node_modules/jest-runner/build/testWorker.js:343:7)
    at Object.worker (/Users/brianlong/Developer/summit/client/node_modules/jest-runner/build/testWorker.js:497:12)</failure>
    </testcase>
    <testcase classname="ThreatIntelligenceHub" name="shows indicator confidence scores" time="0.359">
    </testcase>
    <testcase classname="ThreatIntelligenceHub" name="handles component cleanup on unmount" time="0.443">
    </testcase>
    <testcase classname="ThreatIntelligenceHub" name="supports keyboard navigation" time="0.363">
    </testcase>
    <testcase classname="ThreatIntelligenceHub" name="updates counters in tab labels" time="5.05">
      <failure>Error: thrown: &quot;Exceeded timeout of 5000 ms for a test.
Add a timeout value to this test to increase the timeout, if this is a long-running test. See https://jestjs.io/docs/api#testname-fn-timeout.&quot;
    at /Users/brianlong/Developer/summit/client/src/components/intelligence/__tests__/ThreatIntelligenceHub.test.tsx:338:3
    at _dispatchDescribe (/Users/brianlong/Developer/summit/client/node_modules/jest-circus/build/jestAdapterInit.js:604:26)
    at describe (/Users/brianlong/Developer/summit/client/node_modules/jest-circus/build/jestAdapterInit.js:572:44)
    at Object.&lt;anonymous&gt; (/Users/brianlong/Developer/summit/client/src/components/intelligence/__tests__/ThreatIntelligenceHub.test.tsx:13:1)
    at Runtime._execModule (/Users/brianlong/Developer/summit/client/node_modules/jest-runtime/build/index.js:1268:24)
    at Runtime._loadModule (/Users/brianlong/Developer/summit/client/node_modules/jest-runtime/build/index.js:944:12)
    at Runtime.requireModule (/Users/brianlong/Developer/summit/client/node_modules/jest-runtime/build/index.js:832:12)
    at jestAdapter (/Users/brianlong/Developer/summit/client/node_modules/jest-circus/build/runner.js:95:13)
    at processTicksAndRejections (node:internal/process/task_queues:95:5)
    at runTestInternal (/Users/brianlong/Developer/summit/client/node_modules/jest-runner/build/testWorker.js:275:16)
    at runTest (/Users/brianlong/Developer/summit/client/node_modules/jest-runner/build/testWorker.js:343:7)
    at Object.worker (/Users/brianlong/Developer/summit/client/node_modules/jest-runner/build/testWorker.js:497:12)</failure>
    </testcase>
  </testsuite>
  <testsuite name="undefined" errors="0" failures="1" skipped="0" timestamp="2025-10-16T07:17:12" time="83.524" tests="1">
    <testcase classname="" name="chunking invariance (fuzz)" time="1.549">
      <failure>Error: Property failed after 1 tests
{ seed: -656460715, path: &quot;0&quot;, endOnFailure: true }
Counterexample: [[]]
Shrunk 0 time(s)
Got TypeError: messagesEndRef.current?.scrollTo is not a function
    at /Users/brianlong/Developer/summit/client/src/components/ai-enhanced/EnhancedAIAssistant.tsx:218:29
    at commitHookEffectListMount (/Users/brianlong/Developer/summit/client/node_modules/react-dom/cjs/react-dom.development.js:23189:26)
    at commitPassiveMountOnFiber (/Users/brianlong/Developer/summit/client/node_modules/react-dom/cjs/react-dom.development.js:24970:11)
    at commitPassiveMountEffects_complete (/Users/brianlong/Developer/summit/client/node_modules/react-dom/cjs/react-dom.development.js:24930:9)
    at commitPassiveMountEffects_begin (/Users/brianlong/Developer/summit/client/node_modules/react-dom/cjs/react-dom.development.js:24917:7)
    at commitPassiveMountEffects (/Users/brianlong/Developer/summit/client/node_modules/react-dom/cjs/react-dom.development.js:24905:3)
    at flushPassiveEffectsImpl (/Users/brianlong/Developer/summit/client/node_modules/react-dom/cjs/react-dom.development.js:27078:3)
    at flushPassiveEffects (/Users/brianlong/Developer/summit/client/node_modules/react-dom/cjs/react-dom.development.js:27023:14)
    at /Users/brianlong/Developer/summit/client/node_modules/react-dom/cjs/react-dom.development.js:26808:9
    at flushActQueue (/Users/brianlong/Developer/summit/client/node_modules/react/cjs/react.development.js:2667:24)
    at act (/Users/brianlong/Developer/summit/client/node_modules/react/cjs/react.development.js:2582:11)
    at actWithWarning (/Users/brianlong/Developer/summit/client/node_modules/react-dom/cjs/react-dom-test-utils.development.js:1740:10)
    at /Users/brianlong/Developer/summit/client/node_modules/@testing-library/react/dist/act-compat.js:63:25
    at renderRoot (/Users/brianlong/Developer/summit/client/node_modules/@testing-library/react/dist/pure.js:159:26)
    at render (/Users/brianlong/Developer/summit/client/node_modules/@testing-library/react/dist/pure.js:246:10)
    at /Users/brianlong/Developer/summit/client/src/components/ai-enhanced/tests/assistant.chunking.fuzz.test.tsx:39:15
    at AsyncProperty.predicate (/Users/brianlong/Developer/summit/node_modules/fast-check/lib/check/property/AsyncProperty.js:17:96)
    at AsyncProperty.run (/Users/brianlong/Developer/summit/node_modules/fast-check/lib/check/property/AsyncProperty.generic.js:49:39)
    at asyncRunIt (/Users/brianlong/Developer/summit/node_modules/fast-check/lib/check/runner/Runner.js:37:36)
    at processTicksAndRejections (node:internal/process/task_queues:95:5)
    at Object.&lt;anonymous&gt; (/Users/brianlong/Developer/summit/client/src/components/ai-enhanced/tests/assistant.chunking.fuzz.test.tsx:25:3)

Hint: Enable verbose mode in order to have the list of all failing values encountered during the run
    at buildError (/Users/brianlong/Developer/summit/node_modules/fast-check/lib/check/runner/utils/RunDetailsFormatter.js:132:15)
    at asyncThrowIfFailed (/Users/brianlong/Developer/summit/node_modules/fast-check/lib/check/runner/utils/RunDetailsFormatter.js:149:11)
    at processTicksAndRejections (node:internal/process/task_queues:95:5)</failure>
    </testcase>
  </testsuite>
  <testsuite name="undefined" errors="0" failures="1" skipped="0" timestamp="2025-10-16T07:17:13" time="83.123" tests="1">
    <testcase classname="" name="aborts first stream when a new prompt is sent" time="1.607">
      <failure>TypeError: messagesEndRef.current?.scrollTo is not a function
    at /Users/brianlong/Developer/summit/client/src/components/ai-enhanced/EnhancedAIAssistant.tsx:218:29
    at commitHookEffectListMount (/Users/brianlong/Developer/summit/client/node_modules/react-dom/cjs/react-dom.development.js:23189:26)
    at commitPassiveMountOnFiber (/Users/brianlong/Developer/summit/client/node_modules/react-dom/cjs/react-dom.development.js:24970:11)
    at commitPassiveMountEffects_complete (/Users/brianlong/Developer/summit/client/node_modules/react-dom/cjs/react-dom.development.js:24930:9)
    at commitPassiveMountEffects_begin (/Users/brianlong/Developer/summit/client/node_modules/react-dom/cjs/react-dom.development.js:24917:7)
    at commitPassiveMountEffects (/Users/brianlong/Developer/summit/client/node_modules/react-dom/cjs/react-dom.development.js:24905:3)
    at flushPassiveEffectsImpl (/Users/brianlong/Developer/summit/client/node_modules/react-dom/cjs/react-dom.development.js:27078:3)
    at flushPassiveEffects (/Users/brianlong/Developer/summit/client/node_modules/react-dom/cjs/react-dom.development.js:27023:14)
    at /Users/brianlong/Developer/summit/client/node_modules/react-dom/cjs/react-dom.development.js:26808:9
    at flushActQueue (/Users/brianlong/Developer/summit/client/node_modules/react/cjs/react.development.js:2667:24)
    at act (/Users/brianlong/Developer/summit/client/node_modules/react/cjs/react.development.js:2582:11)
    at actWithWarning (/Users/brianlong/Developer/summit/client/node_modules/react-dom/cjs/react-dom-test-utils.development.js:1740:10)
    at /Users/brianlong/Developer/summit/client/node_modules/@testing-library/react/dist/act-compat.js:63:25
    at renderRoot (/Users/brianlong/Developer/summit/client/node_modules/@testing-library/react/dist/pure.js:159:26)
    at render (/Users/brianlong/Developer/summit/client/node_modules/@testing-library/react/dist/pure.js:246:10)
    at Object.&lt;anonymous&gt; (/Users/brianlong/Developer/summit/client/src/components/ai-enhanced/__tests__/assistant.abort.test.tsx:19:9)
    at Promise.finally.completed (/Users/brianlong/Developer/summit/client/node_modules/jest-circus/build/jestAdapterInit.js:1556:28)
    at new Promise (&lt;anonymous&gt;)
    at callAsyncCircusFn (/Users/brianlong/Developer/summit/client/node_modules/jest-circus/build/jestAdapterInit.js:1496:10)
    at _callCircusTest (/Users/brianlong/Developer/summit/client/node_modules/jest-circus/build/jestAdapterInit.js:1006:40)
    at processTicksAndRejections (node:internal/process/task_queues:95:5)
    at _runTest (/Users/brianlong/Developer/summit/client/node_modules/jest-circus/build/jestAdapterInit.js:946:3)
    at _runTestsForDescribeBlock (/Users/brianlong/Developer/summit/client/node_modules/jest-circus/build/jestAdapterInit.js:839:13)
    at run (/Users/brianlong/Developer/summit/client/node_modules/jest-circus/build/jestAdapterInit.js:757:3)
    at runAndTransformResultsToJestFormat (/Users/brianlong/Developer/summit/client/node_modules/jest-circus/build/jestAdapterInit.js:1917:21)
    at jestAdapter (/Users/brianlong/Developer/summit/client/node_modules/jest-circus/build/runner.js:101:19)
    at runTestInternal (/Users/brianlong/Developer/summit/client/node_modules/jest-runner/build/testWorker.js:275:16)
    at runTest (/Users/brianlong/Developer/summit/client/node_modules/jest-runner/build/testWorker.js:343:7)
    at Object.worker (/Users/brianlong/Developer/summit/client/node_modules/jest-runner/build/testWorker.js:497:12)</failure>
    </testcase>
  </testsuite>
  <testsuite name="chunk-boundary invariance" errors="0" failures="5" skipped="0" timestamp="2025-10-16T07:17:13" time="85.111" tests="5">
    <testcase classname="chunk-boundary invariance" name="renders correctly for cuts=[]" time="1.968">
      <failure>TypeError: messagesEndRef.current?.scrollTo is not a function
    at /Users/brianlong/Developer/summit/client/src/components/ai-enhanced/EnhancedAIAssistant.tsx:218:29
    at commitHookEffectListMount (/Users/brianlong/Developer/summit/client/node_modules/react-dom/cjs/react-dom.development.js:23189:26)
    at commitPassiveMountOnFiber (/Users/brianlong/Developer/summit/client/node_modules/react-dom/cjs/react-dom.development.js:24970:11)
    at commitPassiveMountEffects_complete (/Users/brianlong/Developer/summit/client/node_modules/react-dom/cjs/react-dom.development.js:24930:9)
    at commitPassiveMountEffects_begin (/Users/brianlong/Developer/summit/client/node_modules/react-dom/cjs/react-dom.development.js:24917:7)
    at commitPassiveMountEffects (/Users/brianlong/Developer/summit/client/node_modules/react-dom/cjs/react-dom.development.js:24905:3)
    at flushPassiveEffectsImpl (/Users/brianlong/Developer/summit/client/node_modules/react-dom/cjs/react-dom.development.js:27078:3)
    at flushPassiveEffects (/Users/brianlong/Developer/summit/client/node_modules/react-dom/cjs/react-dom.development.js:27023:14)
    at /Users/brianlong/Developer/summit/client/node_modules/react-dom/cjs/react-dom.development.js:26808:9
    at flushActQueue (/Users/brianlong/Developer/summit/client/node_modules/react/cjs/react.development.js:2667:24)
    at act (/Users/brianlong/Developer/summit/client/node_modules/react/cjs/react.development.js:2582:11)
    at actWithWarning (/Users/brianlong/Developer/summit/client/node_modules/react-dom/cjs/react-dom-test-utils.development.js:1740:10)
    at /Users/brianlong/Developer/summit/client/node_modules/@testing-library/react/dist/act-compat.js:63:25
    at renderRoot (/Users/brianlong/Developer/summit/client/node_modules/@testing-library/react/dist/pure.js:159:26)
    at render (/Users/brianlong/Developer/summit/client/node_modules/@testing-library/react/dist/pure.js:246:10)
    at Object.&lt;anonymous&gt; (/Users/brianlong/Developer/summit/client/src/components/ai-enhanced/__tests__/assistant.chunking.test.tsx:38:13)
    at Promise.finally.completed (/Users/brianlong/Developer/summit/client/node_modules/jest-circus/build/jestAdapterInit.js:1556:28)
    at new Promise (&lt;anonymous&gt;)
    at callAsyncCircusFn (/Users/brianlong/Developer/summit/client/node_modules/jest-circus/build/jestAdapterInit.js:1496:10)
    at _callCircusTest (/Users/brianlong/Developer/summit/client/node_modules/jest-circus/build/jestAdapterInit.js:1006:40)
    at processTicksAndRejections (node:internal/process/task_queues:95:5)
    at _runTest (/Users/brianlong/Developer/summit/client/node_modules/jest-circus/build/jestAdapterInit.js:946:3)
    at _runTestsForDescribeBlock (/Users/brianlong/Developer/summit/client/node_modules/jest-circus/build/jestAdapterInit.js:839:13)
    at _runTestsForDescribeBlock (/Users/brianlong/Developer/summit/client/node_modules/jest-circus/build/jestAdapterInit.js:829:11)
    at run (/Users/brianlong/Developer/summit/client/node_modules/jest-circus/build/jestAdapterInit.js:757:3)
    at runAndTransformResultsToJestFormat (/Users/brianlong/Developer/summit/client/node_modules/jest-circus/build/jestAdapterInit.js:1917:21)
    at jestAdapter (/Users/brianlong/Developer/summit/client/node_modules/jest-circus/build/runner.js:101:19)
    at runTestInternal (/Users/brianlong/Developer/summit/client/node_modules/jest-runner/build/testWorker.js:275:16)
    at runTest (/Users/brianlong/Developer/summit/client/node_modules/jest-runner/build/testWorker.js:343:7)
    at Object.worker (/Users/brianlong/Developer/summit/client/node_modules/jest-runner/build/testWorker.js:497:12)</failure>
    </testcase>
    <testcase classname="chunk-boundary invariance" name="renders correctly for cuts=[1]" time="0.282">
      <failure>TypeError: messagesEndRef.current?.scrollTo is not a function
    at /Users/brianlong/Developer/summit/client/src/components/ai-enhanced/EnhancedAIAssistant.tsx:218:29
    at commitHookEffectListMount (/Users/brianlong/Developer/summit/client/node_modules/react-dom/cjs/react-dom.development.js:23189:26)
    at commitPassiveMountOnFiber (/Users/brianlong/Developer/summit/client/node_modules/react-dom/cjs/react-dom.development.js:24970:11)
    at commitPassiveMountEffects_complete (/Users/brianlong/Developer/summit/client/node_modules/react-dom/cjs/react-dom.development.js:24930:9)
    at commitPassiveMountEffects_begin (/Users/brianlong/Developer/summit/client/node_modules/react-dom/cjs/react-dom.development.js:24917:7)
    at commitPassiveMountEffects (/Users/brianlong/Developer/summit/client/node_modules/react-dom/cjs/react-dom.development.js:24905:3)
    at flushPassiveEffectsImpl (/Users/brianlong/Developer/summit/client/node_modules/react-dom/cjs/react-dom.development.js:27078:3)
    at flushPassiveEffects (/Users/brianlong/Developer/summit/client/node_modules/react-dom/cjs/react-dom.development.js:27023:14)
    at /Users/brianlong/Developer/summit/client/node_modules/react-dom/cjs/react-dom.development.js:26808:9
    at flushActQueue (/Users/brianlong/Developer/summit/client/node_modules/react/cjs/react.development.js:2667:24)
    at act (/Users/brianlong/Developer/summit/client/node_modules/react/cjs/react.development.js:2582:11)
    at actWithWarning (/Users/brianlong/Developer/summit/client/node_modules/react-dom/cjs/react-dom-test-utils.development.js:1740:10)
    at /Users/brianlong/Developer/summit/client/node_modules/@testing-library/react/dist/act-compat.js:63:25
    at renderRoot (/Users/brianlong/Developer/summit/client/node_modules/@testing-library/react/dist/pure.js:159:26)
    at render (/Users/brianlong/Developer/summit/client/node_modules/@testing-library/react/dist/pure.js:246:10)
    at Object.&lt;anonymous&gt; (/Users/brianlong/Developer/summit/client/src/components/ai-enhanced/__tests__/assistant.chunking.test.tsx:38:13)
    at Promise.finally.completed (/Users/brianlong/Developer/summit/client/node_modules/jest-circus/build/jestAdapterInit.js:1556:28)
    at new Promise (&lt;anonymous&gt;)
    at callAsyncCircusFn (/Users/brianlong/Developer/summit/client/node_modules/jest-circus/build/jestAdapterInit.js:1496:10)
    at _callCircusTest (/Users/brianlong/Developer/summit/client/node_modules/jest-circus/build/jestAdapterInit.js:1006:40)
    at processTicksAndRejections (node:internal/process/task_queues:95:5)
    at _runTest (/Users/brianlong/Developer/summit/client/node_modules/jest-circus/build/jestAdapterInit.js:946:3)
    at _runTestsForDescribeBlock (/Users/brianlong/Developer/summit/client/node_modules/jest-circus/build/jestAdapterInit.js:839:13)
    at _runTestsForDescribeBlock (/Users/brianlong/Developer/summit/client/node_modules/jest-circus/build/jestAdapterInit.js:829:11)
    at run (/Users/brianlong/Developer/summit/client/node_modules/jest-circus/build/jestAdapterInit.js:757:3)
    at runAndTransformResultsToJestFormat (/Users/brianlong/Developer/summit/client/node_modules/jest-circus/build/jestAdapterInit.js:1917:21)
    at jestAdapter (/Users/brianlong/Developer/summit/client/node_modules/jest-circus/build/runner.js:101:19)
    at runTestInternal (/Users/brianlong/Developer/summit/client/node_modules/jest-runner/build/testWorker.js:275:16)
    at runTest (/Users/brianlong/Developer/summit/client/node_modules/jest-runner/build/testWorker.js:343:7)
    at Object.worker (/Users/brianlong/Developer/summit/client/node_modules/jest-runner/build/testWorker.js:497:12)</failure>
    </testcase>
    <testcase classname="chunk-boundary invariance" name="renders correctly for cuts=[2,12]" time="0.451">
      <failure>TypeError: messagesEndRef.current?.scrollTo is not a function
    at /Users/brianlong/Developer/summit/client/src/components/ai-enhanced/EnhancedAIAssistant.tsx:218:29
    at commitHookEffectListMount (/Users/brianlong/Developer/summit/client/node_modules/react-dom/cjs/react-dom.development.js:23189:26)
    at commitPassiveMountOnFiber (/Users/brianlong/Developer/summit/client/node_modules/react-dom/cjs/react-dom.development.js:24970:11)
    at commitPassiveMountEffects_complete (/Users/brianlong/Developer/summit/client/node_modules/react-dom/cjs/react-dom.development.js:24930:9)
    at commitPassiveMountEffects_begin (/Users/brianlong/Developer/summit/client/node_modules/react-dom/cjs/react-dom.development.js:24917:7)
    at commitPassiveMountEffects (/Users/brianlong/Developer/summit/client/node_modules/react-dom/cjs/react-dom.development.js:24905:3)
    at flushPassiveEffectsImpl (/Users/brianlong/Developer/summit/client/node_modules/react-dom/cjs/react-dom.development.js:27078:3)
    at flushPassiveEffects (/Users/brianlong/Developer/summit/client/node_modules/react-dom/cjs/react-dom.development.js:27023:14)
    at /Users/brianlong/Developer/summit/client/node_modules/react-dom/cjs/react-dom.development.js:26808:9
    at flushActQueue (/Users/brianlong/Developer/summit/client/node_modules/react/cjs/react.development.js:2667:24)
    at act (/Users/brianlong/Developer/summit/client/node_modules/react/cjs/react.development.js:2582:11)
    at actWithWarning (/Users/brianlong/Developer/summit/client/node_modules/react-dom/cjs/react-dom-test-utils.development.js:1740:10)
    at /Users/brianlong/Developer/summit/client/node_modules/@testing-library/react/dist/act-compat.js:63:25
    at renderRoot (/Users/brianlong/Developer/summit/client/node_modules/@testing-library/react/dist/pure.js:159:26)
    at render (/Users/brianlong/Developer/summit/client/node_modules/@testing-library/react/dist/pure.js:246:10)
    at Object.&lt;anonymous&gt; (/Users/brianlong/Developer/summit/client/src/components/ai-enhanced/__tests__/assistant.chunking.test.tsx:38:13)
    at Promise.finally.completed (/Users/brianlong/Developer/summit/client/node_modules/jest-circus/build/jestAdapterInit.js:1556:28)
    at new Promise (&lt;anonymous&gt;)
    at callAsyncCircusFn (/Users/brianlong/Developer/summit/client/node_modules/jest-circus/build/jestAdapterInit.js:1496:10)
    at _callCircusTest (/Users/brianlong/Developer/summit/client/node_modules/jest-circus/build/jestAdapterInit.js:1006:40)
    at processTicksAndRejections (node:internal/process/task_queues:95:5)
    at _runTest (/Users/brianlong/Developer/summit/client/node_modules/jest-circus/build/jestAdapterInit.js:946:3)
    at _runTestsForDescribeBlock (/Users/brianlong/Developer/summit/client/node_modules/jest-circus/build/jestAdapterInit.js:839:13)
    at _runTestsForDescribeBlock (/Users/brianlong/Developer/summit/client/node_modules/jest-circus/build/jestAdapterInit.js:829:11)
    at run (/Users/brianlong/Developer/summit/client/node_modules/jest-circus/build/jestAdapterInit.js:757:3)
    at runAndTransformResultsToJestFormat (/Users/brianlong/Developer/summit/client/node_modules/jest-circus/build/jestAdapterInit.js:1917:21)
    at jestAdapter (/Users/brianlong/Developer/summit/client/node_modules/jest-circus/build/runner.js:101:19)
    at runTestInternal (/Users/brianlong/Developer/summit/client/node_modules/jest-runner/build/testWorker.js:275:16)
    at runTest (/Users/brianlong/Developer/summit/client/node_modules/jest-runner/build/testWorker.js:343:7)
    at Object.worker (/Users/brianlong/Developer/summit/client/node_modules/jest-runner/build/testWorker.js:497:12)</failure>
    </testcase>
    <testcase classname="chunk-boundary invariance" name="renders correctly for cuts=[1,2,3,4]" time="0.046">
      <failure>TypeError: messagesEndRef.current?.scrollTo is not a function
    at /Users/brianlong/Developer/summit/client/src/components/ai-enhanced/EnhancedAIAssistant.tsx:218:29
    at commitHookEffectListMount (/Users/brianlong/Developer/summit/client/node_modules/react-dom/cjs/react-dom.development.js:23189:26)
    at commitPassiveMountOnFiber (/Users/brianlong/Developer/summit/client/node_modules/react-dom/cjs/react-dom.development.js:24970:11)
    at commitPassiveMountEffects_complete (/Users/brianlong/Developer/summit/client/node_modules/react-dom/cjs/react-dom.development.js:24930:9)
    at commitPassiveMountEffects_begin (/Users/brianlong/Developer/summit/client/node_modules/react-dom/cjs/react-dom.development.js:24917:7)
    at commitPassiveMountEffects (/Users/brianlong/Developer/summit/client/node_modules/react-dom/cjs/react-dom.development.js:24905:3)
    at flushPassiveEffectsImpl (/Users/brianlong/Developer/summit/client/node_modules/react-dom/cjs/react-dom.development.js:27078:3)
    at flushPassiveEffects (/Users/brianlong/Developer/summit/client/node_modules/react-dom/cjs/react-dom.development.js:27023:14)
    at /Users/brianlong/Developer/summit/client/node_modules/react-dom/cjs/react-dom.development.js:26808:9
    at flushActQueue (/Users/brianlong/Developer/summit/client/node_modules/react/cjs/react.development.js:2667:24)
    at act (/Users/brianlong/Developer/summit/client/node_modules/react/cjs/react.development.js:2582:11)
    at actWithWarning (/Users/brianlong/Developer/summit/client/node_modules/react-dom/cjs/react-dom-test-utils.development.js:1740:10)
    at /Users/brianlong/Developer/summit/client/node_modules/@testing-library/react/dist/act-compat.js:63:25
    at renderRoot (/Users/brianlong/Developer/summit/client/node_modules/@testing-library/react/dist/pure.js:159:26)
    at render (/Users/brianlong/Developer/summit/client/node_modules/@testing-library/react/dist/pure.js:246:10)
    at Object.&lt;anonymous&gt; (/Users/brianlong/Developer/summit/client/src/components/ai-enhanced/__tests__/assistant.chunking.test.tsx:38:13)
    at Promise.finally.completed (/Users/brianlong/Developer/summit/client/node_modules/jest-circus/build/jestAdapterInit.js:1556:28)
    at new Promise (&lt;anonymous&gt;)
    at callAsyncCircusFn (/Users/brianlong/Developer/summit/client/node_modules/jest-circus/build/jestAdapterInit.js:1496:10)
    at _callCircusTest (/Users/brianlong/Developer/summit/client/node_modules/jest-circus/build/jestAdapterInit.js:1006:40)
    at processTicksAndRejections (node:internal/process/task_queues:95:5)
    at _runTest (/Users/brianlong/Developer/summit/client/node_modules/jest-circus/build/jestAdapterInit.js:946:3)
    at _runTestsForDescribeBlock (/Users/brianlong/Developer/summit/client/node_modules/jest-circus/build/jestAdapterInit.js:839:13)
    at _runTestsForDescribeBlock (/Users/brianlong/Developer/summit/client/node_modules/jest-circus/build/jestAdapterInit.js:829:11)
    at run (/Users/brianlong/Developer/summit/client/node_modules/jest-circus/build/jestAdapterInit.js:757:3)
    at runAndTransformResultsToJestFormat (/Users/brianlong/Developer/summit/client/node_modules/jest-circus/build/jestAdapterInit.js:1917:21)
    at jestAdapter (/Users/brianlong/Developer/summit/client/node_modules/jest-circus/build/runner.js:101:19)
    at runTestInternal (/Users/brianlong/Developer/summit/client/node_modules/jest-runner/build/testWorker.js:275:16)
    at runTest (/Users/brianlong/Developer/summit/client/node_modules/jest-runner/build/testWorker.js:343:7)
    at Object.worker (/Users/brianlong/Developer/summit/client/node_modules/jest-runner/build/testWorker.js:497:12)</failure>
    </testcase>
    <testcase classname="chunk-boundary invariance" name="renders correctly for cuts=[5,7,14,18]" time="0.405">
      <failure>TypeError: messagesEndRef.current?.scrollTo is not a function
    at /Users/brianlong/Developer/summit/client/src/components/ai-enhanced/EnhancedAIAssistant.tsx:218:29
    at commitHookEffectListMount (/Users/brianlong/Developer/summit/client/node_modules/react-dom/cjs/react-dom.development.js:23189:26)
    at commitPassiveMountOnFiber (/Users/brianlong/Developer/summit/client/node_modules/react-dom/cjs/react-dom.development.js:24970:11)
    at commitPassiveMountEffects_complete (/Users/brianlong/Developer/summit/client/node_modules/react-dom/cjs/react-dom.development.js:24930:9)
    at commitPassiveMountEffects_begin (/Users/brianlong/Developer/summit/client/node_modules/react-dom/cjs/react-dom.development.js:24917:7)
    at commitPassiveMountEffects (/Users/brianlong/Developer/summit/client/node_modules/react-dom/cjs/react-dom.development.js:24905:3)
    at flushPassiveEffectsImpl (/Users/brianlong/Developer/summit/client/node_modules/react-dom/cjs/react-dom.development.js:27078:3)
    at flushPassiveEffects (/Users/brianlong/Developer/summit/client/node_modules/react-dom/cjs/react-dom.development.js:27023:14)
    at /Users/brianlong/Developer/summit/client/node_modules/react-dom/cjs/react-dom.development.js:26808:9
    at flushActQueue (/Users/brianlong/Developer/summit/client/node_modules/react/cjs/react.development.js:2667:24)
    at act (/Users/brianlong/Developer/summit/client/node_modules/react/cjs/react.development.js:2582:11)
    at actWithWarning (/Users/brianlong/Developer/summit/client/node_modules/react-dom/cjs/react-dom-test-utils.development.js:1740:10)
    at /Users/brianlong/Developer/summit/client/node_modules/@testing-library/react/dist/act-compat.js:63:25
    at renderRoot (/Users/brianlong/Developer/summit/client/node_modules/@testing-library/react/dist/pure.js:159:26)
    at render (/Users/brianlong/Developer/summit/client/node_modules/@testing-library/react/dist/pure.js:246:10)
    at Object.&lt;anonymous&gt; (/Users/brianlong/Developer/summit/client/src/components/ai-enhanced/__tests__/assistant.chunking.test.tsx:38:13)
    at Promise.finally.completed (/Users/brianlong/Developer/summit/client/node_modules/jest-circus/build/jestAdapterInit.js:1556:28)
    at new Promise (&lt;anonymous&gt;)
    at callAsyncCircusFn (/Users/brianlong/Developer/summit/client/node_modules/jest-circus/build/jestAdapterInit.js:1496:10)
    at _callCircusTest (/Users/brianlong/Developer/summit/client/node_modules/jest-circus/build/jestAdapterInit.js:1006:40)
    at processTicksAndRejections (node:internal/process/task_queues:95:5)
    at _runTest (/Users/brianlong/Developer/summit/client/node_modules/jest-circus/build/jestAdapterInit.js:946:3)
    at _runTestsForDescribeBlock (/Users/brianlong/Developer/summit/client/node_modules/jest-circus/build/jestAdapterInit.js:839:13)
    at _runTestsForDescribeBlock (/Users/brianlong/Developer/summit/client/node_modules/jest-circus/build/jestAdapterInit.js:829:11)
    at run (/Users/brianlong/Developer/summit/client/node_modules/jest-circus/build/jestAdapterInit.js:757:3)
    at runAndTransformResultsToJestFormat (/Users/brianlong/Developer/summit/client/node_modules/jest-circus/build/jestAdapterInit.js:1917:21)
    at jestAdapter (/Users/brianlong/Developer/summit/client/node_modules/jest-circus/build/runner.js:101:19)
    at runTestInternal (/Users/brianlong/Developer/summit/client/node_modules/jest-runner/build/testWorker.js:275:16)
    at runTest (/Users/brianlong/Developer/summit/client/node_modules/jest-runner/build/testWorker.js:343:7)
    at Object.worker (/Users/brianlong/Developer/summit/client/node_modules/jest-runner/build/testWorker.js:497:12)</failure>
    </testcase>
  </testsuite>
  <testsuite name="PresenceAvatars" errors="0" failures="0" skipped="0" timestamp="2025-10-16T07:18:37" time="4.269" tests="1">
    <testcase classname="PresenceAvatars" name="renders user initials" time="0.124">
    </testcase>
  </testsuite>
  <testsuite name="NarrativeBuilder" errors="0" failures="0" skipped="0" timestamp="2025-10-16T07:18:39" time="3.716" tests="1">
    <testcase classname="NarrativeBuilder" name="blocks publish when citations missing" time="0.365">
    </testcase>
  </testsuite>
  <testsuite name="ToastContainer" errors="0" failures="0" skipped="0" timestamp="2025-10-16T07:18:37" time="6.782" tests="16">
    <testcase classname="ToastContainer" name="renders toast provider without errors" time="0.47">
    </testcase>
    <testcase classname="ToastContainer" name="adds and displays a toast" time="0.483">
    </testcase>
    <testcase classname="ToastContainer" name="displays different toast types with correct styling" time="0.333">
    </testcase>
    <testcase classname="ToastContainer" name="toast displays correct icons" time="0.148">
    </testcase>
    <testcase classname="ToastContainer" name="toast auto-dismisses after duration" time="0.173">
    </testcase>
    <testcase classname="ToastContainer" name="toast can be manually dismissed" time="0.291">
    </testcase>
    <testcase classname="ToastContainer" name="clear all toasts works" time="0.205">
    </testcase>
    <testcase classname="ToastContainer" name="respects maxToasts limit" time="0.199">
    </testcase>
    <testcase classname="ToastContainer" name="toast positioning works correctly" time="0.168">
    </testcase>
    <testcase classname="ToastContainer" name="toast with action button works" time="0.05">
    </testcase>
    <testcase classname="ToastContainer" name="toast animation classes are applied" time="0.022">
    </testcase>
    <testcase classname="ToastContainer" name="useToast throws error when used outside provider" time="0.013">
    </testcase>
    <testcase classname="ToastContainer Performance" name="handles rapid toast additions without performance issues" time="0.14">
    </testcase>
    <testcase classname="ToastContainer Performance" name="cleanup works properly when component unmounts" time="0.104">
    </testcase>
    <testcase classname="ToastContainer Accessibility" name="toast container has proper ARIA attributes" time="0.03">
    </testcase>
    <testcase classname="ToastContainer Accessibility" name="close button has proper screen reader text" time="0.028">
    </testcase>
  </testsuite>
  <testsuite name="EnhancedAIAssistant" errors="0" failures="17" skipped="0" timestamp="2025-10-16T07:17:12" time="90.751" tests="17">
    <testcase classname="EnhancedAIAssistant" name="renders welcome message on initial load" time="1.849">
      <failure>TypeError: messagesEndRef.current?.scrollTo is not a function
    at /Users/brianlong/Developer/summit/client/src/components/ai-enhanced/EnhancedAIAssistant.tsx:218:29
    at commitHookEffectListMount (/Users/brianlong/Developer/summit/client/node_modules/react-dom/cjs/react-dom.development.js:23189:26)
    at commitPassiveMountOnFiber (/Users/brianlong/Developer/summit/client/node_modules/react-dom/cjs/react-dom.development.js:24970:11)
    at commitPassiveMountEffects_complete (/Users/brianlong/Developer/summit/client/node_modules/react-dom/cjs/react-dom.development.js:24930:9)
    at commitPassiveMountEffects_begin (/Users/brianlong/Developer/summit/client/node_modules/react-dom/cjs/react-dom.development.js:24917:7)
    at commitPassiveMountEffects (/Users/brianlong/Developer/summit/client/node_modules/react-dom/cjs/react-dom.development.js:24905:3)
    at flushPassiveEffectsImpl (/Users/brianlong/Developer/summit/client/node_modules/react-dom/cjs/react-dom.development.js:27078:3)
    at flushPassiveEffects (/Users/brianlong/Developer/summit/client/node_modules/react-dom/cjs/react-dom.development.js:27023:14)
    at /Users/brianlong/Developer/summit/client/node_modules/react-dom/cjs/react-dom.development.js:26808:9
    at flushActQueue (/Users/brianlong/Developer/summit/client/node_modules/react/cjs/react.development.js:2667:24)
    at act (/Users/brianlong/Developer/summit/client/node_modules/react/cjs/react.development.js:2582:11)
    at actWithWarning (/Users/brianlong/Developer/summit/client/node_modules/react-dom/cjs/react-dom-test-utils.development.js:1740:10)
    at /Users/brianlong/Developer/summit/client/node_modules/@testing-library/react/dist/act-compat.js:63:25
    at renderRoot (/Users/brianlong/Developer/summit/client/node_modules/@testing-library/react/dist/pure.js:159:26)
    at render (/Users/brianlong/Developer/summit/client/node_modules/@testing-library/react/dist/pure.js:246:10)
    at renderWithTheme (/Users/brianlong/Developer/summit/client/src/components/ai-enhanced/__tests__/EnhancedAIAssistant.test.tsx:27:16)
    at Object.&lt;anonymous&gt; (/Users/brianlong/Developer/summit/client/src/components/ai-enhanced/__tests__/EnhancedAIAssistant.test.tsx:61:5)
    at Promise.finally.completed (/Users/brianlong/Developer/summit/client/node_modules/jest-circus/build/jestAdapterInit.js:1556:28)
    at new Promise (&lt;anonymous&gt;)
    at callAsyncCircusFn (/Users/brianlong/Developer/summit/client/node_modules/jest-circus/build/jestAdapterInit.js:1496:10)
    at _callCircusTest (/Users/brianlong/Developer/summit/client/node_modules/jest-circus/build/jestAdapterInit.js:1006:40)
    at processTicksAndRejections (node:internal/process/task_queues:95:5)
    at _runTest (/Users/brianlong/Developer/summit/client/node_modules/jest-circus/build/jestAdapterInit.js:946:3)
    at _runTestsForDescribeBlock (/Users/brianlong/Developer/summit/client/node_modules/jest-circus/build/jestAdapterInit.js:839:13)
    at _runTestsForDescribeBlock (/Users/brianlong/Developer/summit/client/node_modules/jest-circus/build/jestAdapterInit.js:829:11)
    at run (/Users/brianlong/Developer/summit/client/node_modules/jest-circus/build/jestAdapterInit.js:757:3)
    at runAndTransformResultsToJestFormat (/Users/brianlong/Developer/summit/client/node_modules/jest-circus/build/jestAdapterInit.js:1917:21)
    at jestAdapter (/Users/brianlong/Developer/summit/client/node_modules/jest-circus/build/runner.js:101:19)
    at runTestInternal (/Users/brianlong/Developer/summit/client/node_modules/jest-runner/build/testWorker.js:275:16)
    at runTest (/Users/brianlong/Developer/summit/client/node_modules/jest-runner/build/testWorker.js:343:7)
    at Object.worker (/Users/brianlong/Developer/summit/client/node_modules/jest-runner/build/testWorker.js:497:12)</failure>
    </testcase>
    <testcase classname="EnhancedAIAssistant" name="displays assistant name and status" time="0.554">
      <failure>TypeError: messagesEndRef.current?.scrollTo is not a function
    at /Users/brianlong/Developer/summit/client/src/components/ai-enhanced/EnhancedAIAssistant.tsx:218:29
    at commitHookEffectListMount (/Users/brianlong/Developer/summit/client/node_modules/react-dom/cjs/react-dom.development.js:23189:26)
    at commitPassiveMountOnFiber (/Users/brianlong/Developer/summit/client/node_modules/react-dom/cjs/react-dom.development.js:24970:11)
    at commitPassiveMountEffects_complete (/Users/brianlong/Developer/summit/client/node_modules/react-dom/cjs/react-dom.development.js:24930:9)
    at commitPassiveMountEffects_begin (/Users/brianlong/Developer/summit/client/node_modules/react-dom/cjs/react-dom.development.js:24917:7)
    at commitPassiveMountEffects (/Users/brianlong/Developer/summit/client/node_modules/react-dom/cjs/react-dom.development.js:24905:3)
    at flushPassiveEffectsImpl (/Users/brianlong/Developer/summit/client/node_modules/react-dom/cjs/react-dom.development.js:27078:3)
    at flushPassiveEffects (/Users/brianlong/Developer/summit/client/node_modules/react-dom/cjs/react-dom.development.js:27023:14)
    at /Users/brianlong/Developer/summit/client/node_modules/react-dom/cjs/react-dom.development.js:26808:9
    at flushActQueue (/Users/brianlong/Developer/summit/client/node_modules/react/cjs/react.development.js:2667:24)
    at act (/Users/brianlong/Developer/summit/client/node_modules/react/cjs/react.development.js:2582:11)
    at actWithWarning (/Users/brianlong/Developer/summit/client/node_modules/react-dom/cjs/react-dom-test-utils.development.js:1740:10)
    at /Users/brianlong/Developer/summit/client/node_modules/@testing-library/react/dist/act-compat.js:63:25
    at renderRoot (/Users/brianlong/Developer/summit/client/node_modules/@testing-library/react/dist/pure.js:159:26)
    at render (/Users/brianlong/Developer/summit/client/node_modules/@testing-library/react/dist/pure.js:246:10)
    at renderWithTheme (/Users/brianlong/Developer/summit/client/src/components/ai-enhanced/__tests__/EnhancedAIAssistant.test.tsx:27:16)
    at Object.&lt;anonymous&gt; (/Users/brianlong/Developer/summit/client/src/components/ai-enhanced/__tests__/EnhancedAIAssistant.test.tsx:70:5)
    at Promise.finally.completed (/Users/brianlong/Developer/summit/client/node_modules/jest-circus/build/jestAdapterInit.js:1556:28)
    at new Promise (&lt;anonymous&gt;)
    at callAsyncCircusFn (/Users/brianlong/Developer/summit/client/node_modules/jest-circus/build/jestAdapterInit.js:1496:10)
    at _callCircusTest (/Users/brianlong/Developer/summit/client/node_modules/jest-circus/build/jestAdapterInit.js:1006:40)
    at processTicksAndRejections (node:internal/process/task_queues:95:5)
    at _runTest (/Users/brianlong/Developer/summit/client/node_modules/jest-circus/build/jestAdapterInit.js:946:3)
    at _runTestsForDescribeBlock (/Users/brianlong/Developer/summit/client/node_modules/jest-circus/build/jestAdapterInit.js:839:13)
    at _runTestsForDescribeBlock (/Users/brianlong/Developer/summit/client/node_modules/jest-circus/build/jestAdapterInit.js:829:11)
    at run (/Users/brianlong/Developer/summit/client/node_modules/jest-circus/build/jestAdapterInit.js:757:3)
    at runAndTransformResultsToJestFormat (/Users/brianlong/Developer/summit/client/node_modules/jest-circus/build/jestAdapterInit.js:1917:21)
    at jestAdapter (/Users/brianlong/Developer/summit/client/node_modules/jest-circus/build/runner.js:101:19)
    at runTestInternal (/Users/brianlong/Developer/summit/client/node_modules/jest-runner/build/testWorker.js:275:16)
    at runTest (/Users/brianlong/Developer/summit/client/node_modules/jest-runner/build/testWorker.js:343:7)
    at Object.worker (/Users/brianlong/Developer/summit/client/node_modules/jest-runner/build/testWorker.js:497:12)</failure>
    </testcase>
    <testcase classname="EnhancedAIAssistant" name="streams assistant tokens and settles to idle" time="0.323">
      <failure>TypeError: messagesEndRef.current?.scrollTo is not a function
    at /Users/brianlong/Developer/summit/client/src/components/ai-enhanced/EnhancedAIAssistant.tsx:218:29
    at commitHookEffectListMount (/Users/brianlong/Developer/summit/client/node_modules/react-dom/cjs/react-dom.development.js:23189:26)
    at commitPassiveMountOnFiber (/Users/brianlong/Developer/summit/client/node_modules/react-dom/cjs/react-dom.development.js:24970:11)
    at commitPassiveMountEffects_complete (/Users/brianlong/Developer/summit/client/node_modules/react-dom/cjs/react-dom.development.js:24930:9)
    at commitPassiveMountEffects_begin (/Users/brianlong/Developer/summit/client/node_modules/react-dom/cjs/react-dom.development.js:24917:7)
    at commitPassiveMountEffects (/Users/brianlong/Developer/summit/client/node_modules/react-dom/cjs/react-dom.development.js:24905:3)
    at flushPassiveEffectsImpl (/Users/brianlong/Developer/summit/client/node_modules/react-dom/cjs/react-dom.development.js:27078:3)
    at flushPassiveEffects (/Users/brianlong/Developer/summit/client/node_modules/react-dom/cjs/react-dom.development.js:27023:14)
    at /Users/brianlong/Developer/summit/client/node_modules/react-dom/cjs/react-dom.development.js:26808:9
    at flushActQueue (/Users/brianlong/Developer/summit/client/node_modules/react/cjs/react.development.js:2667:24)
    at act (/Users/brianlong/Developer/summit/client/node_modules/react/cjs/react.development.js:2582:11)
    at actWithWarning (/Users/brianlong/Developer/summit/client/node_modules/react-dom/cjs/react-dom-test-utils.development.js:1740:10)
    at /Users/brianlong/Developer/summit/client/node_modules/@testing-library/react/dist/act-compat.js:63:25
    at renderRoot (/Users/brianlong/Developer/summit/client/node_modules/@testing-library/react/dist/pure.js:159:26)
    at render (/Users/brianlong/Developer/summit/client/node_modules/@testing-library/react/dist/pure.js:246:10)
    at renderWithTheme (/Users/brianlong/Developer/summit/client/src/components/ai-enhanced/__tests__/EnhancedAIAssistant.test.tsx:27:16)
    at Object.&lt;anonymous&gt; (/Users/brianlong/Developer/summit/client/src/components/ai-enhanced/__tests__/EnhancedAIAssistant.test.tsx:83:5)
    at Promise.finally.completed (/Users/brianlong/Developer/summit/client/node_modules/jest-circus/build/jestAdapterInit.js:1556:28)
    at new Promise (&lt;anonymous&gt;)
    at callAsyncCircusFn (/Users/brianlong/Developer/summit/client/node_modules/jest-circus/build/jestAdapterInit.js:1496:10)
    at _callCircusTest (/Users/brianlong/Developer/summit/client/node_modules/jest-circus/build/jestAdapterInit.js:1006:40)
    at processTicksAndRejections (node:internal/process/task_queues:95:5)
    at _runTest (/Users/brianlong/Developer/summit/client/node_modules/jest-circus/build/jestAdapterInit.js:946:3)
    at _runTestsForDescribeBlock (/Users/brianlong/Developer/summit/client/node_modules/jest-circus/build/jestAdapterInit.js:839:13)
    at _runTestsForDescribeBlock (/Users/brianlong/Developer/summit/client/node_modules/jest-circus/build/jestAdapterInit.js:829:11)
    at run (/Users/brianlong/Developer/summit/client/node_modules/jest-circus/build/jestAdapterInit.js:757:3)
    at runAndTransformResultsToJestFormat (/Users/brianlong/Developer/summit/client/node_modules/jest-circus/build/jestAdapterInit.js:1917:21)
    at jestAdapter (/Users/brianlong/Developer/summit/client/node_modules/jest-circus/build/runner.js:101:19)
    at runTestInternal (/Users/brianlong/Developer/summit/client/node_modules/jest-runner/build/testWorker.js:275:16)
    at runTest (/Users/brianlong/Developer/summit/client/node_modules/jest-runner/build/testWorker.js:343:7)
    at Object.worker (/Users/brianlong/Developer/summit/client/node_modules/jest-runner/build/testWorker.js:497:12)</failure>
    </testcase>
    <testcase classname="EnhancedAIAssistant" name="sends message when user types and presses enter" time="0.151">
      <failure>TypeError: messagesEndRef.current?.scrollTo is not a function
    at /Users/brianlong/Developer/summit/client/src/components/ai-enhanced/EnhancedAIAssistant.tsx:218:29
    at commitHookEffectListMount (/Users/brianlong/Developer/summit/client/node_modules/react-dom/cjs/react-dom.development.js:23189:26)
    at commitPassiveMountOnFiber (/Users/brianlong/Developer/summit/client/node_modules/react-dom/cjs/react-dom.development.js:24970:11)
    at commitPassiveMountEffects_complete (/Users/brianlong/Developer/summit/client/node_modules/react-dom/cjs/react-dom.development.js:24930:9)
    at commitPassiveMountEffects_begin (/Users/brianlong/Developer/summit/client/node_modules/react-dom/cjs/react-dom.development.js:24917:7)
    at commitPassiveMountEffects (/Users/brianlong/Developer/summit/client/node_modules/react-dom/cjs/react-dom.development.js:24905:3)
    at flushPassiveEffectsImpl (/Users/brianlong/Developer/summit/client/node_modules/react-dom/cjs/react-dom.development.js:27078:3)
    at flushPassiveEffects (/Users/brianlong/Developer/summit/client/node_modules/react-dom/cjs/react-dom.development.js:27023:14)
    at /Users/brianlong/Developer/summit/client/node_modules/react-dom/cjs/react-dom.development.js:26808:9
    at flushActQueue (/Users/brianlong/Developer/summit/client/node_modules/react/cjs/react.development.js:2667:24)
    at act (/Users/brianlong/Developer/summit/client/node_modules/react/cjs/react.development.js:2582:11)
    at actWithWarning (/Users/brianlong/Developer/summit/client/node_modules/react-dom/cjs/react-dom-test-utils.development.js:1740:10)
    at /Users/brianlong/Developer/summit/client/node_modules/@testing-library/react/dist/act-compat.js:63:25
    at renderRoot (/Users/brianlong/Developer/summit/client/node_modules/@testing-library/react/dist/pure.js:159:26)
    at render (/Users/brianlong/Developer/summit/client/node_modules/@testing-library/react/dist/pure.js:246:10)
    at renderWithTheme (/Users/brianlong/Developer/summit/client/src/components/ai-enhanced/__tests__/EnhancedAIAssistant.test.tsx:27:16)
    at Object.&lt;anonymous&gt; (/Users/brianlong/Developer/summit/client/src/components/ai-enhanced/__tests__/EnhancedAIAssistant.test.tsx:117:5)
    at Promise.finally.completed (/Users/brianlong/Developer/summit/client/node_modules/jest-circus/build/jestAdapterInit.js:1556:28)
    at new Promise (&lt;anonymous&gt;)
    at callAsyncCircusFn (/Users/brianlong/Developer/summit/client/node_modules/jest-circus/build/jestAdapterInit.js:1496:10)
    at _callCircusTest (/Users/brianlong/Developer/summit/client/node_modules/jest-circus/build/jestAdapterInit.js:1006:40)
    at processTicksAndRejections (node:internal/process/task_queues:95:5)
    at _runTest (/Users/brianlong/Developer/summit/client/node_modules/jest-circus/build/jestAdapterInit.js:946:3)
    at _runTestsForDescribeBlock (/Users/brianlong/Developer/summit/client/node_modules/jest-circus/build/jestAdapterInit.js:839:13)
    at _runTestsForDescribeBlock (/Users/brianlong/Developer/summit/client/node_modules/jest-circus/build/jestAdapterInit.js:829:11)
    at run (/Users/brianlong/Developer/summit/client/node_modules/jest-circus/build/jestAdapterInit.js:757:3)
    at runAndTransformResultsToJestFormat (/Users/brianlong/Developer/summit/client/node_modules/jest-circus/build/jestAdapterInit.js:1917:21)
    at jestAdapter (/Users/brianlong/Developer/summit/client/node_modules/jest-circus/build/runner.js:101:19)
    at runTestInternal (/Users/brianlong/Developer/summit/client/node_modules/jest-runner/build/testWorker.js:275:16)
    at runTest (/Users/brianlong/Developer/summit/client/node_modules/jest-runner/build/testWorker.js:343:7)
    at Object.worker (/Users/brianlong/Developer/summit/client/node_modules/jest-runner/build/testWorker.js:497:12)</failure>
    </testcase>
    <testcase classname="EnhancedAIAssistant" name="sends message when send button is clicked" time="0.415">
      <failure>TypeError: messagesEndRef.current?.scrollTo is not a function
    at /Users/brianlong/Developer/summit/client/src/components/ai-enhanced/EnhancedAIAssistant.tsx:218:29
    at commitHookEffectListMount (/Users/brianlong/Developer/summit/client/node_modules/react-dom/cjs/react-dom.development.js:23189:26)
    at commitPassiveMountOnFiber (/Users/brianlong/Developer/summit/client/node_modules/react-dom/cjs/react-dom.development.js:24970:11)
    at commitPassiveMountEffects_complete (/Users/brianlong/Developer/summit/client/node_modules/react-dom/cjs/react-dom.development.js:24930:9)
    at commitPassiveMountEffects_begin (/Users/brianlong/Developer/summit/client/node_modules/react-dom/cjs/react-dom.development.js:24917:7)
    at commitPassiveMountEffects (/Users/brianlong/Developer/summit/client/node_modules/react-dom/cjs/react-dom.development.js:24905:3)
    at flushPassiveEffectsImpl (/Users/brianlong/Developer/summit/client/node_modules/react-dom/cjs/react-dom.development.js:27078:3)
    at flushPassiveEffects (/Users/brianlong/Developer/summit/client/node_modules/react-dom/cjs/react-dom.development.js:27023:14)
    at /Users/brianlong/Developer/summit/client/node_modules/react-dom/cjs/react-dom.development.js:26808:9
    at flushActQueue (/Users/brianlong/Developer/summit/client/node_modules/react/cjs/react.development.js:2667:24)
    at act (/Users/brianlong/Developer/summit/client/node_modules/react/cjs/react.development.js:2582:11)
    at actWithWarning (/Users/brianlong/Developer/summit/client/node_modules/react-dom/cjs/react-dom-test-utils.development.js:1740:10)
    at /Users/brianlong/Developer/summit/client/node_modules/@testing-library/react/dist/act-compat.js:63:25
    at renderRoot (/Users/brianlong/Developer/summit/client/node_modules/@testing-library/react/dist/pure.js:159:26)
    at render (/Users/brianlong/Developer/summit/client/node_modules/@testing-library/react/dist/pure.js:246:10)
    at renderWithTheme (/Users/brianlong/Developer/summit/client/src/components/ai-enhanced/__tests__/EnhancedAIAssistant.test.tsx:27:16)
    at Object.&lt;anonymous&gt; (/Users/brianlong/Developer/summit/client/src/components/ai-enhanced/__tests__/EnhancedAIAssistant.test.tsx:154:5)
    at Promise.finally.completed (/Users/brianlong/Developer/summit/client/node_modules/jest-circus/build/jestAdapterInit.js:1556:28)
    at new Promise (&lt;anonymous&gt;)
    at callAsyncCircusFn (/Users/brianlong/Developer/summit/client/node_modules/jest-circus/build/jestAdapterInit.js:1496:10)
    at _callCircusTest (/Users/brianlong/Developer/summit/client/node_modules/jest-circus/build/jestAdapterInit.js:1006:40)
    at processTicksAndRejections (node:internal/process/task_queues:95:5)
    at _runTest (/Users/brianlong/Developer/summit/client/node_modules/jest-circus/build/jestAdapterInit.js:946:3)
    at _runTestsForDescribeBlock (/Users/brianlong/Developer/summit/client/node_modules/jest-circus/build/jestAdapterInit.js:839:13)
    at _runTestsForDescribeBlock (/Users/brianlong/Developer/summit/client/node_modules/jest-circus/build/jestAdapterInit.js:829:11)
    at run (/Users/brianlong/Developer/summit/client/node_modules/jest-circus/build/jestAdapterInit.js:757:3)
    at runAndTransformResultsToJestFormat (/Users/brianlong/Developer/summit/client/node_modules/jest-circus/build/jestAdapterInit.js:1917:21)
    at jestAdapter (/Users/brianlong/Developer/summit/client/node_modules/jest-circus/build/runner.js:101:19)
    at runTestInternal (/Users/brianlong/Developer/summit/client/node_modules/jest-runner/build/testWorker.js:275:16)
    at runTest (/Users/brianlong/Developer/summit/client/node_modules/jest-runner/build/testWorker.js:343:7)
    at Object.worker (/Users/brianlong/Developer/summit/client/node_modules/jest-runner/build/testWorker.js:497:12)</failure>
    </testcase>
    <testcase classname="EnhancedAIAssistant" name="disables send button when input is empty" time="0.874">
      <failure>TypeError: messagesEndRef.current?.scrollTo is not a function
    at /Users/brianlong/Developer/summit/client/src/components/ai-enhanced/EnhancedAIAssistant.tsx:218:29
    at commitHookEffectListMount (/Users/brianlong/Developer/summit/client/node_modules/react-dom/cjs/react-dom.development.js:23189:26)
    at commitPassiveMountOnFiber (/Users/brianlong/Developer/summit/client/node_modules/react-dom/cjs/react-dom.development.js:24970:11)
    at commitPassiveMountEffects_complete (/Users/brianlong/Developer/summit/client/node_modules/react-dom/cjs/react-dom.development.js:24930:9)
    at commitPassiveMountEffects_begin (/Users/brianlong/Developer/summit/client/node_modules/react-dom/cjs/react-dom.development.js:24917:7)
    at commitPassiveMountEffects (/Users/brianlong/Developer/summit/client/node_modules/react-dom/cjs/react-dom.development.js:24905:3)
    at flushPassiveEffectsImpl (/Users/brianlong/Developer/summit/client/node_modules/react-dom/cjs/react-dom.development.js:27078:3)
    at flushPassiveEffects (/Users/brianlong/Developer/summit/client/node_modules/react-dom/cjs/react-dom.development.js:27023:14)
    at /Users/brianlong/Developer/summit/client/node_modules/react-dom/cjs/react-dom.development.js:26808:9
    at flushActQueue (/Users/brianlong/Developer/summit/client/node_modules/react/cjs/react.development.js:2667:24)
    at act (/Users/brianlong/Developer/summit/client/node_modules/react/cjs/react.development.js:2582:11)
    at actWithWarning (/Users/brianlong/Developer/summit/client/node_modules/react-dom/cjs/react-dom-test-utils.development.js:1740:10)
    at /Users/brianlong/Developer/summit/client/node_modules/@testing-library/react/dist/act-compat.js:63:25
    at renderRoot (/Users/brianlong/Developer/summit/client/node_modules/@testing-library/react/dist/pure.js:159:26)
    at render (/Users/brianlong/Developer/summit/client/node_modules/@testing-library/react/dist/pure.js:246:10)
    at renderWithTheme (/Users/brianlong/Developer/summit/client/src/components/ai-enhanced/__tests__/EnhancedAIAssistant.test.tsx:27:16)
    at Object.&lt;anonymous&gt; (/Users/brianlong/Developer/summit/client/src/components/ai-enhanced/__tests__/EnhancedAIAssistant.test.tsx:185:5)
    at Promise.finally.completed (/Users/brianlong/Developer/summit/client/node_modules/jest-circus/build/jestAdapterInit.js:1556:28)
    at new Promise (&lt;anonymous&gt;)
    at callAsyncCircusFn (/Users/brianlong/Developer/summit/client/node_modules/jest-circus/build/jestAdapterInit.js:1496:10)
    at _callCircusTest (/Users/brianlong/Developer/summit/client/node_modules/jest-circus/build/jestAdapterInit.js:1006:40)
    at processTicksAndRejections (node:internal/process/task_queues:95:5)
    at _runTest (/Users/brianlong/Developer/summit/client/node_modules/jest-circus/build/jestAdapterInit.js:946:3)
    at _runTestsForDescribeBlock (/Users/brianlong/Developer/summit/client/node_modules/jest-circus/build/jestAdapterInit.js:839:13)
    at _runTestsForDescribeBlock (/Users/brianlong/Developer/summit/client/node_modules/jest-circus/build/jestAdapterInit.js:829:11)
    at run (/Users/brianlong/Developer/summit/client/node_modules/jest-circus/build/jestAdapterInit.js:757:3)
    at runAndTransformResultsToJestFormat (/Users/brianlong/Developer/summit/client/node_modules/jest-circus/build/jestAdapterInit.js:1917:21)
    at jestAdapter (/Users/brianlong/Developer/summit/client/node_modules/jest-circus/build/runner.js:101:19)
    at runTestInternal (/Users/brianlong/Developer/summit/client/node_modules/jest-runner/build/testWorker.js:275:16)
    at runTest (/Users/brianlong/Developer/summit/client/node_modules/jest-runner/build/testWorker.js:343:7)
    at Object.worker (/Users/brianlong/Developer/summit/client/node_modules/jest-runner/build/testWorker.js:497:12)</failure>
    </testcase>
    <testcase classname="EnhancedAIAssistant" name="aborts cleanly on unmount (no state updates after unmount)" time="0.32">
      <failure>TypeError: messagesEndRef.current?.scrollTo is not a function
    at /Users/brianlong/Developer/summit/client/src/components/ai-enhanced/EnhancedAIAssistant.tsx:218:29
    at commitHookEffectListMount (/Users/brianlong/Developer/summit/client/node_modules/react-dom/cjs/react-dom.development.js:23189:26)
    at commitPassiveMountOnFiber (/Users/brianlong/Developer/summit/client/node_modules/react-dom/cjs/react-dom.development.js:24970:11)
    at commitPassiveMountEffects_complete (/Users/brianlong/Developer/summit/client/node_modules/react-dom/cjs/react-dom.development.js:24930:9)
    at commitPassiveMountEffects_begin (/Users/brianlong/Developer/summit/client/node_modules/react-dom/cjs/react-dom.development.js:24917:7)
    at commitPassiveMountEffects (/Users/brianlong/Developer/summit/client/node_modules/react-dom/cjs/react-dom.development.js:24905:3)
    at flushPassiveEffectsImpl (/Users/brianlong/Developer/summit/client/node_modules/react-dom/cjs/react-dom.development.js:27078:3)
    at flushPassiveEffects (/Users/brianlong/Developer/summit/client/node_modules/react-dom/cjs/react-dom.development.js:27023:14)
    at /Users/brianlong/Developer/summit/client/node_modules/react-dom/cjs/react-dom.development.js:26808:9
    at flushActQueue (/Users/brianlong/Developer/summit/client/node_modules/react/cjs/react.development.js:2667:24)
    at act (/Users/brianlong/Developer/summit/client/node_modules/react/cjs/react.development.js:2582:11)
    at actWithWarning (/Users/brianlong/Developer/summit/client/node_modules/react-dom/cjs/react-dom-test-utils.development.js:1740:10)
    at /Users/brianlong/Developer/summit/client/node_modules/@testing-library/react/dist/act-compat.js:63:25
    at renderRoot (/Users/brianlong/Developer/summit/client/node_modules/@testing-library/react/dist/pure.js:159:26)
    at render (/Users/brianlong/Developer/summit/client/node_modules/@testing-library/react/dist/pure.js:246:10)
    at renderWithTheme (/Users/brianlong/Developer/summit/client/src/components/ai-enhanced/__tests__/EnhancedAIAssistant.test.tsx:27:16)
    at Object.&lt;anonymous&gt; (/Users/brianlong/Developer/summit/client/src/components/ai-enhanced/__tests__/EnhancedAIAssistant.test.tsx:200:35)
    at Promise.finally.completed (/Users/brianlong/Developer/summit/client/node_modules/jest-circus/build/jestAdapterInit.js:1556:28)
    at new Promise (&lt;anonymous&gt;)
    at callAsyncCircusFn (/Users/brianlong/Developer/summit/client/node_modules/jest-circus/build/jestAdapterInit.js:1496:10)
    at _callCircusTest (/Users/brianlong/Developer/summit/client/node_modules/jest-circus/build/jestAdapterInit.js:1006:40)
    at processTicksAndRejections (node:internal/process/task_queues:95:5)
    at _runTest (/Users/brianlong/Developer/summit/client/node_modules/jest-circus/build/jestAdapterInit.js:946:3)
    at _runTestsForDescribeBlock (/Users/brianlong/Developer/summit/client/node_modules/jest-circus/build/jestAdapterInit.js:839:13)
    at _runTestsForDescribeBlock (/Users/brianlong/Developer/summit/client/node_modules/jest-circus/build/jestAdapterInit.js:829:11)
    at run (/Users/brianlong/Developer/summit/client/node_modules/jest-circus/build/jestAdapterInit.js:757:3)
    at runAndTransformResultsToJestFormat (/Users/brianlong/Developer/summit/client/node_modules/jest-circus/build/jestAdapterInit.js:1917:21)
    at jestAdapter (/Users/brianlong/Developer/summit/client/node_modules/jest-circus/build/runner.js:101:19)
    at runTestInternal (/Users/brianlong/Developer/summit/client/node_modules/jest-runner/build/testWorker.js:275:16)
    at runTest (/Users/brianlong/Developer/summit/client/node_modules/jest-runner/build/testWorker.js:343:7)
    at Object.worker (/Users/brianlong/Developer/summit/client/node_modules/jest-runner/build/testWorker.js:497:12)</failure>
    </testcase>
    <testcase classname="EnhancedAIAssistant" name="voice input pipes transcript into the log deterministically" time="0.42">
      <failure>TypeError: messagesEndRef.current?.scrollTo is not a function
    at /Users/brianlong/Developer/summit/client/src/components/ai-enhanced/EnhancedAIAssistant.tsx:218:29
    at commitHookEffectListMount (/Users/brianlong/Developer/summit/client/node_modules/react-dom/cjs/react-dom.development.js:23189:26)
    at commitPassiveMountOnFiber (/Users/brianlong/Developer/summit/client/node_modules/react-dom/cjs/react-dom.development.js:24970:11)
    at commitPassiveMountEffects_complete (/Users/brianlong/Developer/summit/client/node_modules/react-dom/cjs/react-dom.development.js:24930:9)
    at commitPassiveMountEffects_begin (/Users/brianlong/Developer/summit/client/node_modules/react-dom/cjs/react-dom.development.js:24917:7)
    at commitPassiveMountEffects (/Users/brianlong/Developer/summit/client/node_modules/react-dom/cjs/react-dom.development.js:24905:3)
    at flushPassiveEffectsImpl (/Users/brianlong/Developer/summit/client/node_modules/react-dom/cjs/react-dom.development.js:27078:3)
    at flushPassiveEffects (/Users/brianlong/Developer/summit/client/node_modules/react-dom/cjs/react-dom.development.js:27023:14)
    at /Users/brianlong/Developer/summit/client/node_modules/react-dom/cjs/react-dom.development.js:26808:9
    at flushActQueue (/Users/brianlong/Developer/summit/client/node_modules/react/cjs/react.development.js:2667:24)
    at act (/Users/brianlong/Developer/summit/client/node_modules/react/cjs/react.development.js:2582:11)
    at actWithWarning (/Users/brianlong/Developer/summit/client/node_modules/react-dom/cjs/react-dom-test-utils.development.js:1740:10)
    at /Users/brianlong/Developer/summit/client/node_modules/@testing-library/react/dist/act-compat.js:63:25
    at renderRoot (/Users/brianlong/Developer/summit/client/node_modules/@testing-library/react/dist/pure.js:159:26)
    at render (/Users/brianlong/Developer/summit/client/node_modules/@testing-library/react/dist/pure.js:246:10)
    at renderWithTheme (/Users/brianlong/Developer/summit/client/src/components/ai-enhanced/__tests__/EnhancedAIAssistant.test.tsx:27:16)
    at Object.&lt;anonymous&gt; (/Users/brianlong/Developer/summit/client/src/components/ai-enhanced/__tests__/EnhancedAIAssistant.test.tsx:228:5)
    at Promise.finally.completed (/Users/brianlong/Developer/summit/client/node_modules/jest-circus/build/jestAdapterInit.js:1556:28)
    at new Promise (&lt;anonymous&gt;)
    at callAsyncCircusFn (/Users/brianlong/Developer/summit/client/node_modules/jest-circus/build/jestAdapterInit.js:1496:10)
    at _callCircusTest (/Users/brianlong/Developer/summit/client/node_modules/jest-circus/build/jestAdapterInit.js:1006:40)
    at processTicksAndRejections (node:internal/process/task_queues:95:5)
    at _runTest (/Users/brianlong/Developer/summit/client/node_modules/jest-circus/build/jestAdapterInit.js:946:3)
    at _runTestsForDescribeBlock (/Users/brianlong/Developer/summit/client/node_modules/jest-circus/build/jestAdapterInit.js:839:13)
    at _runTestsForDescribeBlock (/Users/brianlong/Developer/summit/client/node_modules/jest-circus/build/jestAdapterInit.js:829:11)
    at run (/Users/brianlong/Developer/summit/client/node_modules/jest-circus/build/jestAdapterInit.js:757:3)
    at runAndTransformResultsToJestFormat (/Users/brianlong/Developer/summit/client/node_modules/jest-circus/build/jestAdapterInit.js:1917:21)
    at jestAdapter (/Users/brianlong/Developer/summit/client/node_modules/jest-circus/build/runner.js:101:19)
    at runTestInternal (/Users/brianlong/Developer/summit/client/node_modules/jest-runner/build/testWorker.js:275:16)
    at runTest (/Users/brianlong/Developer/summit/client/node_modules/jest-runner/build/testWorker.js:343:7)
    at Object.worker (/Users/brianlong/Developer/summit/client/node_modules/jest-runner/build/testWorker.js:497:12)</failure>
    </testcase>
    <testcase classname="EnhancedAIAssistant" name="toggles voice commands" time="0.317">
      <failure>TypeError: messagesEndRef.current?.scrollTo is not a function
    at /Users/brianlong/Developer/summit/client/src/components/ai-enhanced/EnhancedAIAssistant.tsx:218:29
    at commitHookEffectListMount (/Users/brianlong/Developer/summit/client/node_modules/react-dom/cjs/react-dom.development.js:23189:26)
    at commitPassiveMountOnFiber (/Users/brianlong/Developer/summit/client/node_modules/react-dom/cjs/react-dom.development.js:24970:11)
    at commitPassiveMountEffects_complete (/Users/brianlong/Developer/summit/client/node_modules/react-dom/cjs/react-dom.development.js:24930:9)
    at commitPassiveMountEffects_begin (/Users/brianlong/Developer/summit/client/node_modules/react-dom/cjs/react-dom.development.js:24917:7)
    at commitPassiveMountEffects (/Users/brianlong/Developer/summit/client/node_modules/react-dom/cjs/react-dom.development.js:24905:3)
    at flushPassiveEffectsImpl (/Users/brianlong/Developer/summit/client/node_modules/react-dom/cjs/react-dom.development.js:27078:3)
    at flushPassiveEffects (/Users/brianlong/Developer/summit/client/node_modules/react-dom/cjs/react-dom.development.js:27023:14)
    at /Users/brianlong/Developer/summit/client/node_modules/react-dom/cjs/react-dom.development.js:26808:9
    at flushActQueue (/Users/brianlong/Developer/summit/client/node_modules/react/cjs/react.development.js:2667:24)
    at act (/Users/brianlong/Developer/summit/client/node_modules/react/cjs/react.development.js:2582:11)
    at actWithWarning (/Users/brianlong/Developer/summit/client/node_modules/react-dom/cjs/react-dom-test-utils.development.js:1740:10)
    at /Users/brianlong/Developer/summit/client/node_modules/@testing-library/react/dist/act-compat.js:63:25
    at renderRoot (/Users/brianlong/Developer/summit/client/node_modules/@testing-library/react/dist/pure.js:159:26)
    at render (/Users/brianlong/Developer/summit/client/node_modules/@testing-library/react/dist/pure.js:246:10)
    at renderWithTheme (/Users/brianlong/Developer/summit/client/src/components/ai-enhanced/__tests__/EnhancedAIAssistant.test.tsx:27:16)
    at Object.&lt;anonymous&gt; (/Users/brianlong/Developer/summit/client/src/components/ai-enhanced/__tests__/EnhancedAIAssistant.test.tsx:242:5)
    at Promise.finally.completed (/Users/brianlong/Developer/summit/client/node_modules/jest-circus/build/jestAdapterInit.js:1556:28)
    at new Promise (&lt;anonymous&gt;)
    at callAsyncCircusFn (/Users/brianlong/Developer/summit/client/node_modules/jest-circus/build/jestAdapterInit.js:1496:10)
    at _callCircusTest (/Users/brianlong/Developer/summit/client/node_modules/jest-circus/build/jestAdapterInit.js:1006:40)
    at processTicksAndRejections (node:internal/process/task_queues:95:5)
    at _runTest (/Users/brianlong/Developer/summit/client/node_modules/jest-circus/build/jestAdapterInit.js:946:3)
    at _runTestsForDescribeBlock (/Users/brianlong/Developer/summit/client/node_modules/jest-circus/build/jestAdapterInit.js:839:13)
    at _runTestsForDescribeBlock (/Users/brianlong/Developer/summit/client/node_modules/jest-circus/build/jestAdapterInit.js:829:11)
    at run (/Users/brianlong/Developer/summit/client/node_modules/jest-circus/build/jestAdapterInit.js:757:3)
    at runAndTransformResultsToJestFormat (/Users/brianlong/Developer/summit/client/node_modules/jest-circus/build/jestAdapterInit.js:1917:21)
    at jestAdapter (/Users/brianlong/Developer/summit/client/node_modules/jest-circus/build/runner.js:101:19)
    at runTestInternal (/Users/brianlong/Developer/summit/client/node_modules/jest-runner/build/testWorker.js:275:16)
    at runTest (/Users/brianlong/Developer/summit/client/node_modules/jest-runner/build/testWorker.js:343:7)
    at Object.worker (/Users/brianlong/Developer/summit/client/node_modules/jest-runner/build/testWorker.js:497:12)</failure>
    </testcase>
    <testcase classname="EnhancedAIAssistant" name="disables voice button when voice is not enabled" time="0.737">
      <failure>TypeError: messagesEndRef.current?.scrollTo is not a function
    at /Users/brianlong/Developer/summit/client/src/components/ai-enhanced/EnhancedAIAssistant.tsx:218:29
    at commitHookEffectListMount (/Users/brianlong/Developer/summit/client/node_modules/react-dom/cjs/react-dom.development.js:23189:26)
    at commitPassiveMountOnFiber (/Users/brianlong/Developer/summit/client/node_modules/react-dom/cjs/react-dom.development.js:24970:11)
    at commitPassiveMountEffects_complete (/Users/brianlong/Developer/summit/client/node_modules/react-dom/cjs/react-dom.development.js:24930:9)
    at commitPassiveMountEffects_begin (/Users/brianlong/Developer/summit/client/node_modules/react-dom/cjs/react-dom.development.js:24917:7)
    at commitPassiveMountEffects (/Users/brianlong/Developer/summit/client/node_modules/react-dom/cjs/react-dom.development.js:24905:3)
    at flushPassiveEffectsImpl (/Users/brianlong/Developer/summit/client/node_modules/react-dom/cjs/react-dom.development.js:27078:3)
    at flushPassiveEffects (/Users/brianlong/Developer/summit/client/node_modules/react-dom/cjs/react-dom.development.js:27023:14)
    at /Users/brianlong/Developer/summit/client/node_modules/react-dom/cjs/react-dom.development.js:26808:9
    at flushActQueue (/Users/brianlong/Developer/summit/client/node_modules/react/cjs/react.development.js:2667:24)
    at act (/Users/brianlong/Developer/summit/client/node_modules/react/cjs/react.development.js:2582:11)
    at actWithWarning (/Users/brianlong/Developer/summit/client/node_modules/react-dom/cjs/react-dom-test-utils.development.js:1740:10)
    at /Users/brianlong/Developer/summit/client/node_modules/@testing-library/react/dist/act-compat.js:63:25
    at renderRoot (/Users/brianlong/Developer/summit/client/node_modules/@testing-library/react/dist/pure.js:159:26)
    at render (/Users/brianlong/Developer/summit/client/node_modules/@testing-library/react/dist/pure.js:246:10)
    at renderWithTheme (/Users/brianlong/Developer/summit/client/src/components/ai-enhanced/__tests__/EnhancedAIAssistant.test.tsx:27:16)
    at Object.&lt;anonymous&gt; (/Users/brianlong/Developer/summit/client/src/components/ai-enhanced/__tests__/EnhancedAIAssistant.test.tsx:259:5)
    at Promise.finally.completed (/Users/brianlong/Developer/summit/client/node_modules/jest-circus/build/jestAdapterInit.js:1556:28)
    at new Promise (&lt;anonymous&gt;)
    at callAsyncCircusFn (/Users/brianlong/Developer/summit/client/node_modules/jest-circus/build/jestAdapterInit.js:1496:10)
    at _callCircusTest (/Users/brianlong/Developer/summit/client/node_modules/jest-circus/build/jestAdapterInit.js:1006:40)
    at processTicksAndRejections (node:internal/process/task_queues:95:5)
    at _runTest (/Users/brianlong/Developer/summit/client/node_modules/jest-circus/build/jestAdapterInit.js:946:3)
    at _runTestsForDescribeBlock (/Users/brianlong/Developer/summit/client/node_modules/jest-circus/build/jestAdapterInit.js:839:13)
    at _runTestsForDescribeBlock (/Users/brianlong/Developer/summit/client/node_modules/jest-circus/build/jestAdapterInit.js:829:11)
    at run (/Users/brianlong/Developer/summit/client/node_modules/jest-circus/build/jestAdapterInit.js:757:3)
    at runAndTransformResultsToJestFormat (/Users/brianlong/Developer/summit/client/node_modules/jest-circus/build/jestAdapterInit.js:1917:21)
    at jestAdapter (/Users/brianlong/Developer/summit/client/node_modules/jest-circus/build/runner.js:101:19)
    at runTestInternal (/Users/brianlong/Developer/summit/client/node_modules/jest-runner/build/testWorker.js:275:16)
    at runTest (/Users/brianlong/Developer/summit/client/node_modules/jest-runner/build/testWorker.js:343:7)
    at Object.worker (/Users/brianlong/Developer/summit/client/node_modules/jest-runner/build/testWorker.js:497:12)</failure>
    </testcase>
    <testcase classname="EnhancedAIAssistant" name="prevents empty messages from being sent" time="0.24">
      <failure>TypeError: messagesEndRef.current?.scrollTo is not a function
    at /Users/brianlong/Developer/summit/client/src/components/ai-enhanced/EnhancedAIAssistant.tsx:218:29
    at commitHookEffectListMount (/Users/brianlong/Developer/summit/client/node_modules/react-dom/cjs/react-dom.development.js:23189:26)
    at commitPassiveMountOnFiber (/Users/brianlong/Developer/summit/client/node_modules/react-dom/cjs/react-dom.development.js:24970:11)
    at commitPassiveMountEffects_complete (/Users/brianlong/Developer/summit/client/node_modules/react-dom/cjs/react-dom.development.js:24930:9)
    at commitPassiveMountEffects_begin (/Users/brianlong/Developer/summit/client/node_modules/react-dom/cjs/react-dom.development.js:24917:7)
    at commitPassiveMountEffects (/Users/brianlong/Developer/summit/client/node_modules/react-dom/cjs/react-dom.development.js:24905:3)
    at flushPassiveEffectsImpl (/Users/brianlong/Developer/summit/client/node_modules/react-dom/cjs/react-dom.development.js:27078:3)
    at flushPassiveEffects (/Users/brianlong/Developer/summit/client/node_modules/react-dom/cjs/react-dom.development.js:27023:14)
    at /Users/brianlong/Developer/summit/client/node_modules/react-dom/cjs/react-dom.development.js:26808:9
    at flushActQueue (/Users/brianlong/Developer/summit/client/node_modules/react/cjs/react.development.js:2667:24)
    at act (/Users/brianlong/Developer/summit/client/node_modules/react/cjs/react.development.js:2582:11)
    at actWithWarning (/Users/brianlong/Developer/summit/client/node_modules/react-dom/cjs/react-dom-test-utils.development.js:1740:10)
    at /Users/brianlong/Developer/summit/client/node_modules/@testing-library/react/dist/act-compat.js:63:25
    at renderRoot (/Users/brianlong/Developer/summit/client/node_modules/@testing-library/react/dist/pure.js:159:26)
    at render (/Users/brianlong/Developer/summit/client/node_modules/@testing-library/react/dist/pure.js:246:10)
    at renderWithTheme (/Users/brianlong/Developer/summit/client/src/components/ai-enhanced/__tests__/EnhancedAIAssistant.test.tsx:27:16)
    at Object.&lt;anonymous&gt; (/Users/brianlong/Developer/summit/client/src/components/ai-enhanced/__tests__/EnhancedAIAssistant.test.tsx:269:5)
    at Promise.finally.completed (/Users/brianlong/Developer/summit/client/node_modules/jest-circus/build/jestAdapterInit.js:1556:28)
    at new Promise (&lt;anonymous&gt;)
    at callAsyncCircusFn (/Users/brianlong/Developer/summit/client/node_modules/jest-circus/build/jestAdapterInit.js:1496:10)
    at _callCircusTest (/Users/brianlong/Developer/summit/client/node_modules/jest-circus/build/jestAdapterInit.js:1006:40)
    at processTicksAndRejections (node:internal/process/task_queues:95:5)
    at _runTest (/Users/brianlong/Developer/summit/client/node_modules/jest-circus/build/jestAdapterInit.js:946:3)
    at _runTestsForDescribeBlock (/Users/brianlong/Developer/summit/client/node_modules/jest-circus/build/jestAdapterInit.js:839:13)
    at _runTestsForDescribeBlock (/Users/brianlong/Developer/summit/client/node_modules/jest-circus/build/jestAdapterInit.js:829:11)
    at run (/Users/brianlong/Developer/summit/client/node_modules/jest-circus/build/jestAdapterInit.js:757:3)
    at runAndTransformResultsToJestFormat (/Users/brianlong/Developer/summit/client/node_modules/jest-circus/build/jestAdapterInit.js:1917:21)
    at jestAdapter (/Users/brianlong/Developer/summit/client/node_modules/jest-circus/build/runner.js:101:19)
    at runTestInternal (/Users/brianlong/Developer/summit/client/node_modules/jest-runner/build/testWorker.js:275:16)
    at runTest (/Users/brianlong/Developer/summit/client/node_modules/jest-runner/build/testWorker.js:343:7)
    at Object.worker (/Users/brianlong/Developer/summit/client/node_modules/jest-runner/build/testWorker.js:497:12)</failure>
    </testcase>
    <testcase classname="EnhancedAIAssistant" name="handles multiline input correctly" time="0.464">
      <failure>TypeError: messagesEndRef.current?.scrollTo is not a function
    at /Users/brianlong/Developer/summit/client/src/components/ai-enhanced/EnhancedAIAssistant.tsx:218:29
    at commitHookEffectListMount (/Users/brianlong/Developer/summit/client/node_modules/react-dom/cjs/react-dom.development.js:23189:26)
    at commitPassiveMountOnFiber (/Users/brianlong/Developer/summit/client/node_modules/react-dom/cjs/react-dom.development.js:24970:11)
    at commitPassiveMountEffects_complete (/Users/brianlong/Developer/summit/client/node_modules/react-dom/cjs/react-dom.development.js:24930:9)
    at commitPassiveMountEffects_begin (/Users/brianlong/Developer/summit/client/node_modules/react-dom/cjs/react-dom.development.js:24917:7)
    at commitPassiveMountEffects (/Users/brianlong/Developer/summit/client/node_modules/react-dom/cjs/react-dom.development.js:24905:3)
    at flushPassiveEffectsImpl (/Users/brianlong/Developer/summit/client/node_modules/react-dom/cjs/react-dom.development.js:27078:3)
    at flushPassiveEffects (/Users/brianlong/Developer/summit/client/node_modules/react-dom/cjs/react-dom.development.js:27023:14)
    at /Users/brianlong/Developer/summit/client/node_modules/react-dom/cjs/react-dom.development.js:26808:9
    at flushActQueue (/Users/brianlong/Developer/summit/client/node_modules/react/cjs/react.development.js:2667:24)
    at act (/Users/brianlong/Developer/summit/client/node_modules/react/cjs/react.development.js:2582:11)
    at actWithWarning (/Users/brianlong/Developer/summit/client/node_modules/react-dom/cjs/react-dom-test-utils.development.js:1740:10)
    at /Users/brianlong/Developer/summit/client/node_modules/@testing-library/react/dist/act-compat.js:63:25
    at renderRoot (/Users/brianlong/Developer/summit/client/node_modules/@testing-library/react/dist/pure.js:159:26)
    at render (/Users/brianlong/Developer/summit/client/node_modules/@testing-library/react/dist/pure.js:246:10)
    at renderWithTheme (/Users/brianlong/Developer/summit/client/src/components/ai-enhanced/__tests__/EnhancedAIAssistant.test.tsx:27:16)
    at Object.&lt;anonymous&gt; (/Users/brianlong/Developer/summit/client/src/components/ai-enhanced/__tests__/EnhancedAIAssistant.test.tsx:291:5)
    at Promise.finally.completed (/Users/brianlong/Developer/summit/client/node_modules/jest-circus/build/jestAdapterInit.js:1556:28)
    at new Promise (&lt;anonymous&gt;)
    at callAsyncCircusFn (/Users/brianlong/Developer/summit/client/node_modules/jest-circus/build/jestAdapterInit.js:1496:10)
    at _callCircusTest (/Users/brianlong/Developer/summit/client/node_modules/jest-circus/build/jestAdapterInit.js:1006:40)
    at processTicksAndRejections (node:internal/process/task_queues:95:5)
    at _runTest (/Users/brianlong/Developer/summit/client/node_modules/jest-circus/build/jestAdapterInit.js:946:3)
    at _runTestsForDescribeBlock (/Users/brianlong/Developer/summit/client/node_modules/jest-circus/build/jestAdapterInit.js:839:13)
    at _runTestsForDescribeBlock (/Users/brianlong/Developer/summit/client/node_modules/jest-circus/build/jestAdapterInit.js:829:11)
    at run (/Users/brianlong/Developer/summit/client/node_modules/jest-circus/build/jestAdapterInit.js:757:3)
    at runAndTransformResultsToJestFormat (/Users/brianlong/Developer/summit/client/node_modules/jest-circus/build/jestAdapterInit.js:1917:21)
    at jestAdapter (/Users/brianlong/Developer/summit/client/node_modules/jest-circus/build/runner.js:101:19)
    at runTestInternal (/Users/brianlong/Developer/summit/client/node_modules/jest-runner/build/testWorker.js:275:16)
    at runTest (/Users/brianlong/Developer/summit/client/node_modules/jest-runner/build/testWorker.js:343:7)
    at Object.worker (/Users/brianlong/Developer/summit/client/node_modules/jest-runner/build/testWorker.js:497:12)</failure>
    </testcase>
    <testcase classname="EnhancedAIAssistant" name="allows copying message content" time="0.217">
      <failure>TypeError: messagesEndRef.current?.scrollTo is not a function
    at /Users/brianlong/Developer/summit/client/src/components/ai-enhanced/EnhancedAIAssistant.tsx:218:29
    at commitHookEffectListMount (/Users/brianlong/Developer/summit/client/node_modules/react-dom/cjs/react-dom.development.js:23189:26)
    at commitPassiveMountOnFiber (/Users/brianlong/Developer/summit/client/node_modules/react-dom/cjs/react-dom.development.js:24970:11)
    at commitPassiveMountEffects_complete (/Users/brianlong/Developer/summit/client/node_modules/react-dom/cjs/react-dom.development.js:24930:9)
    at commitPassiveMountEffects_begin (/Users/brianlong/Developer/summit/client/node_modules/react-dom/cjs/react-dom.development.js:24917:7)
    at commitPassiveMountEffects (/Users/brianlong/Developer/summit/client/node_modules/react-dom/cjs/react-dom.development.js:24905:3)
    at flushPassiveEffectsImpl (/Users/brianlong/Developer/summit/client/node_modules/react-dom/cjs/react-dom.development.js:27078:3)
    at flushPassiveEffects (/Users/brianlong/Developer/summit/client/node_modules/react-dom/cjs/react-dom.development.js:27023:14)
    at /Users/brianlong/Developer/summit/client/node_modules/react-dom/cjs/react-dom.development.js:26808:9
    at flushActQueue (/Users/brianlong/Developer/summit/client/node_modules/react/cjs/react.development.js:2667:24)
    at act (/Users/brianlong/Developer/summit/client/node_modules/react/cjs/react.development.js:2582:11)
    at actWithWarning (/Users/brianlong/Developer/summit/client/node_modules/react-dom/cjs/react-dom-test-utils.development.js:1740:10)
    at /Users/brianlong/Developer/summit/client/node_modules/@testing-library/react/dist/act-compat.js:63:25
    at renderRoot (/Users/brianlong/Developer/summit/client/node_modules/@testing-library/react/dist/pure.js:159:26)
    at render (/Users/brianlong/Developer/summit/client/node_modules/@testing-library/react/dist/pure.js:246:10)
    at renderWithTheme (/Users/brianlong/Developer/summit/client/src/components/ai-enhanced/__tests__/EnhancedAIAssistant.test.tsx:27:16)
    at Object.&lt;anonymous&gt; (/Users/brianlong/Developer/summit/client/src/components/ai-enhanced/__tests__/EnhancedAIAssistant.test.tsx:326:5)
    at Promise.finally.completed (/Users/brianlong/Developer/summit/client/node_modules/jest-circus/build/jestAdapterInit.js:1556:28)
    at new Promise (&lt;anonymous&gt;)
    at callAsyncCircusFn (/Users/brianlong/Developer/summit/client/node_modules/jest-circus/build/jestAdapterInit.js:1496:10)
    at _callCircusTest (/Users/brianlong/Developer/summit/client/node_modules/jest-circus/build/jestAdapterInit.js:1006:40)
    at processTicksAndRejections (node:internal/process/task_queues:95:5)
    at _runTest (/Users/brianlong/Developer/summit/client/node_modules/jest-circus/build/jestAdapterInit.js:946:3)
    at _runTestsForDescribeBlock (/Users/brianlong/Developer/summit/client/node_modules/jest-circus/build/jestAdapterInit.js:839:13)
    at _runTestsForDescribeBlock (/Users/brianlong/Developer/summit/client/node_modules/jest-circus/build/jestAdapterInit.js:829:11)
    at run (/Users/brianlong/Developer/summit/client/node_modules/jest-circus/build/jestAdapterInit.js:757:3)
    at runAndTransformResultsToJestFormat (/Users/brianlong/Developer/summit/client/node_modules/jest-circus/build/jestAdapterInit.js:1917:21)
    at jestAdapter (/Users/brianlong/Developer/summit/client/node_modules/jest-circus/build/runner.js:101:19)
    at runTestInternal (/Users/brianlong/Developer/summit/client/node_modules/jest-runner/build/testWorker.js:275:16)
    at runTest (/Users/brianlong/Developer/summit/client/node_modules/jest-runner/build/testWorker.js:343:7)
    at Object.worker (/Users/brianlong/Developer/summit/client/node_modules/jest-runner/build/testWorker.js:497:12)</failure>
    </testcase>
    <testcase classname="EnhancedAIAssistant" name="has proper accessibility attributes" time="0.262">
      <failure>TypeError: messagesEndRef.current?.scrollTo is not a function
    at /Users/brianlong/Developer/summit/client/src/components/ai-enhanced/EnhancedAIAssistant.tsx:218:29
    at commitHookEffectListMount (/Users/brianlong/Developer/summit/client/node_modules/react-dom/cjs/react-dom.development.js:23189:26)
    at commitPassiveMountOnFiber (/Users/brianlong/Developer/summit/client/node_modules/react-dom/cjs/react-dom.development.js:24970:11)
    at commitPassiveMountEffects_complete (/Users/brianlong/Developer/summit/client/node_modules/react-dom/cjs/react-dom.development.js:24930:9)
    at commitPassiveMountEffects_begin (/Users/brianlong/Developer/summit/client/node_modules/react-dom/cjs/react-dom.development.js:24917:7)
    at commitPassiveMountEffects (/Users/brianlong/Developer/summit/client/node_modules/react-dom/cjs/react-dom.development.js:24905:3)
    at flushPassiveEffectsImpl (/Users/brianlong/Developer/summit/client/node_modules/react-dom/cjs/react-dom.development.js:27078:3)
    at flushPassiveEffects (/Users/brianlong/Developer/summit/client/node_modules/react-dom/cjs/react-dom.development.js:27023:14)
    at /Users/brianlong/Developer/summit/client/node_modules/react-dom/cjs/react-dom.development.js:26808:9
    at flushActQueue (/Users/brianlong/Developer/summit/client/node_modules/react/cjs/react.development.js:2667:24)
    at act (/Users/brianlong/Developer/summit/client/node_modules/react/cjs/react.development.js:2582:11)
    at actWithWarning (/Users/brianlong/Developer/summit/client/node_modules/react-dom/cjs/react-dom-test-utils.development.js:1740:10)
    at /Users/brianlong/Developer/summit/client/node_modules/@testing-library/react/dist/act-compat.js:63:25
    at renderRoot (/Users/brianlong/Developer/summit/client/node_modules/@testing-library/react/dist/pure.js:159:26)
    at render (/Users/brianlong/Developer/summit/client/node_modules/@testing-library/react/dist/pure.js:246:10)
    at renderWithTheme (/Users/brianlong/Developer/summit/client/src/components/ai-enhanced/__tests__/EnhancedAIAssistant.test.tsx:27:16)
    at Object.&lt;anonymous&gt; (/Users/brianlong/Developer/summit/client/src/components/ai-enhanced/__tests__/EnhancedAIAssistant.test.tsx:340:5)
    at Promise.finally.completed (/Users/brianlong/Developer/summit/client/node_modules/jest-circus/build/jestAdapterInit.js:1556:28)
    at new Promise (&lt;anonymous&gt;)
    at callAsyncCircusFn (/Users/brianlong/Developer/summit/client/node_modules/jest-circus/build/jestAdapterInit.js:1496:10)
    at _callCircusTest (/Users/brianlong/Developer/summit/client/node_modules/jest-circus/build/jestAdapterInit.js:1006:40)
    at processTicksAndRejections (node:internal/process/task_queues:95:5)
    at _runTest (/Users/brianlong/Developer/summit/client/node_modules/jest-circus/build/jestAdapterInit.js:946:3)
    at _runTestsForDescribeBlock (/Users/brianlong/Developer/summit/client/node_modules/jest-circus/build/jestAdapterInit.js:839:13)
    at _runTestsForDescribeBlock (/Users/brianlong/Developer/summit/client/node_modules/jest-circus/build/jestAdapterInit.js:829:11)
    at run (/Users/brianlong/Developer/summit/client/node_modules/jest-circus/build/jestAdapterInit.js:757:3)
    at runAndTransformResultsToJestFormat (/Users/brianlong/Developer/summit/client/node_modules/jest-circus/build/jestAdapterInit.js:1917:21)
    at jestAdapter (/Users/brianlong/Developer/summit/client/node_modules/jest-circus/build/runner.js:101:19)
    at runTestInternal (/Users/brianlong/Developer/summit/client/node_modules/jest-runner/build/testWorker.js:275:16)
    at runTest (/Users/brianlong/Developer/summit/client/node_modules/jest-runner/build/testWorker.js:343:7)
    at Object.worker (/Users/brianlong/Developer/summit/client/node_modules/jest-runner/build/testWorker.js:497:12)</failure>
    </testcase>
    <testcase classname="EnhancedAIAssistant" name="shows proper ARIA structure for messages" time="0.114">
      <failure>TypeError: messagesEndRef.current?.scrollTo is not a function
    at /Users/brianlong/Developer/summit/client/src/components/ai-enhanced/EnhancedAIAssistant.tsx:218:29
    at commitHookEffectListMount (/Users/brianlong/Developer/summit/client/node_modules/react-dom/cjs/react-dom.development.js:23189:26)
    at commitPassiveMountOnFiber (/Users/brianlong/Developer/summit/client/node_modules/react-dom/cjs/react-dom.development.js:24970:11)
    at commitPassiveMountEffects_complete (/Users/brianlong/Developer/summit/client/node_modules/react-dom/cjs/react-dom.development.js:24930:9)
    at commitPassiveMountEffects_begin (/Users/brianlong/Developer/summit/client/node_modules/react-dom/cjs/react-dom.development.js:24917:7)
    at commitPassiveMountEffects (/Users/brianlong/Developer/summit/client/node_modules/react-dom/cjs/react-dom.development.js:24905:3)
    at flushPassiveEffectsImpl (/Users/brianlong/Developer/summit/client/node_modules/react-dom/cjs/react-dom.development.js:27078:3)
    at flushPassiveEffects (/Users/brianlong/Developer/summit/client/node_modules/react-dom/cjs/react-dom.development.js:27023:14)
    at /Users/brianlong/Developer/summit/client/node_modules/react-dom/cjs/react-dom.development.js:26808:9
    at flushActQueue (/Users/brianlong/Developer/summit/client/node_modules/react/cjs/react.development.js:2667:24)
    at act (/Users/brianlong/Developer/summit/client/node_modules/react/cjs/react.development.js:2582:11)
    at actWithWarning (/Users/brianlong/Developer/summit/client/node_modules/react-dom/cjs/react-dom-test-utils.development.js:1740:10)
    at /Users/brianlong/Developer/summit/client/node_modules/@testing-library/react/dist/act-compat.js:63:25
    at renderRoot (/Users/brianlong/Developer/summit/client/node_modules/@testing-library/react/dist/pure.js:159:26)
    at render (/Users/brianlong/Developer/summit/client/node_modules/@testing-library/react/dist/pure.js:246:10)
    at renderWithTheme (/Users/brianlong/Developer/summit/client/src/components/ai-enhanced/__tests__/EnhancedAIAssistant.test.tsx:27:16)
    at Object.&lt;anonymous&gt; (/Users/brianlong/Developer/summit/client/src/components/ai-enhanced/__tests__/EnhancedAIAssistant.test.tsx:361:5)
    at Promise.finally.completed (/Users/brianlong/Developer/summit/client/node_modules/jest-circus/build/jestAdapterInit.js:1556:28)
    at new Promise (&lt;anonymous&gt;)
    at callAsyncCircusFn (/Users/brianlong/Developer/summit/client/node_modules/jest-circus/build/jestAdapterInit.js:1496:10)
    at _callCircusTest (/Users/brianlong/Developer/summit/client/node_modules/jest-circus/build/jestAdapterInit.js:1006:40)
    at processTicksAndRejections (node:internal/process/task_queues:95:5)
    at _runTest (/Users/brianlong/Developer/summit/client/node_modules/jest-circus/build/jestAdapterInit.js:946:3)
    at _runTestsForDescribeBlock (/Users/brianlong/Developer/summit/client/node_modules/jest-circus/build/jestAdapterInit.js:839:13)
    at _runTestsForDescribeBlock (/Users/brianlong/Developer/summit/client/node_modules/jest-circus/build/jestAdapterInit.js:829:11)
    at run (/Users/brianlong/Developer/summit/client/node_modules/jest-circus/build/jestAdapterInit.js:757:3)
    at runAndTransformResultsToJestFormat (/Users/brianlong/Developer/summit/client/node_modules/jest-circus/build/jestAdapterInit.js:1917:21)
    at jestAdapter (/Users/brianlong/Developer/summit/client/node_modules/jest-circus/build/runner.js:101:19)
    at runTestInternal (/Users/brianlong/Developer/summit/client/node_modules/jest-runner/build/testWorker.js:275:16)
    at runTest (/Users/brianlong/Developer/summit/client/node_modules/jest-runner/build/testWorker.js:343:7)
    at Object.worker (/Users/brianlong/Developer/summit/client/node_modules/jest-runner/build/testWorker.js:497:12)</failure>
    </testcase>
    <testcase classname="EnhancedAIAssistant" name="legacy fallback streams and completes to idle" time="0">
      <failure>ReferenceError: TextEncoder is not defined
    at installStreamingFetchMock (/Users/brianlong/Developer/summit/client/src/components/ai-enhanced/test-utils/fetch.ts:2:19)
    at Object.&lt;anonymous&gt; (/Users/brianlong/Developer/summit/client/src/components/ai-enhanced/__tests__/EnhancedAIAssistant.test.tsx:392:30)
    at Promise.finally.completed (/Users/brianlong/Developer/summit/client/node_modules/jest-circus/build/jestAdapterInit.js:1556:28)
    at new Promise (&lt;anonymous&gt;)
    at callAsyncCircusFn (/Users/brianlong/Developer/summit/client/node_modules/jest-circus/build/jestAdapterInit.js:1496:10)
    at _callCircusTest (/Users/brianlong/Developer/summit/client/node_modules/jest-circus/build/jestAdapterInit.js:1006:40)
    at processTicksAndRejections (node:internal/process/task_queues:95:5)
    at _runTest (/Users/brianlong/Developer/summit/client/node_modules/jest-circus/build/jestAdapterInit.js:946:3)
    at _runTestsForDescribeBlock (/Users/brianlong/Developer/summit/client/node_modules/jest-circus/build/jestAdapterInit.js:839:13)
    at _runTestsForDescribeBlock (/Users/brianlong/Developer/summit/client/node_modules/jest-circus/build/jestAdapterInit.js:829:11)
    at run (/Users/brianlong/Developer/summit/client/node_modules/jest-circus/build/jestAdapterInit.js:757:3)
    at runAndTransformResultsToJestFormat (/Users/brianlong/Developer/summit/client/node_modules/jest-circus/build/jestAdapterInit.js:1917:21)
    at jestAdapter (/Users/brianlong/Developer/summit/client/node_modules/jest-circus/build/runner.js:101:19)
    at runTestInternal (/Users/brianlong/Developer/summit/client/node_modules/jest-runner/build/testWorker.js:275:16)
    at runTest (/Users/brianlong/Developer/summit/client/node_modules/jest-runner/build/testWorker.js:343:7)
    at Object.worker (/Users/brianlong/Developer/summit/client/node_modules/jest-runner/build/testWorker.js:497:12)</failure>
    </testcase>
    <testcase classname="EnhancedAIAssistant" name="displays &quot;cannot confirm&quot; message when RAG is strict and no cites are provided" time="0.264">
      <failure>TypeError: messagesEndRef.current?.scrollTo is not a function
    at /Users/brianlong/Developer/summit/client/src/components/ai-enhanced/EnhancedAIAssistant.tsx:218:29
    at commitHookEffectListMount (/Users/brianlong/Developer/summit/client/node_modules/react-dom/cjs/react-dom.development.js:23189:26)
    at commitPassiveMountOnFiber (/Users/brianlong/Developer/summit/client/node_modules/react-dom/cjs/react-dom.development.js:24970:11)
    at commitPassiveMountEffects_complete (/Users/brianlong/Developer/summit/client/node_modules/react-dom/cjs/react-dom.development.js:24930:9)
    at commitPassiveMountEffects_begin (/Users/brianlong/Developer/summit/client/node_modules/react-dom/cjs/react-dom.development.js:24917:7)
    at commitPassiveMountEffects (/Users/brianlong/Developer/summit/client/node_modules/react-dom/cjs/react-dom.development.js:24905:3)
    at flushPassiveEffectsImpl (/Users/brianlong/Developer/summit/client/node_modules/react-dom/cjs/react-dom.development.js:27078:3)
    at flushPassiveEffects (/Users/brianlong/Developer/summit/client/node_modules/react-dom/cjs/react-dom.development.js:27023:14)
    at /Users/brianlong/Developer/summit/client/node_modules/react-dom/cjs/react-dom.development.js:26808:9
    at flushActQueue (/Users/brianlong/Developer/summit/client/node_modules/react/cjs/react.development.js:2667:24)
    at act (/Users/brianlong/Developer/summit/client/node_modules/react/cjs/react.development.js:2582:11)
    at actWithWarning (/Users/brianlong/Developer/summit/client/node_modules/react-dom/cjs/react-dom-test-utils.development.js:1740:10)
    at /Users/brianlong/Developer/summit/client/node_modules/@testing-library/react/dist/act-compat.js:63:25
    at renderRoot (/Users/brianlong/Developer/summit/client/node_modules/@testing-library/react/dist/pure.js:159:26)
    at render (/Users/brianlong/Developer/summit/client/node_modules/@testing-library/react/dist/pure.js:246:10)
    at renderWithTheme (/Users/brianlong/Developer/summit/client/src/components/ai-enhanced/__tests__/EnhancedAIAssistant.test.tsx:27:16)
    at Object.&lt;anonymous&gt; (/Users/brianlong/Developer/summit/client/src/components/ai-enhanced/__tests__/EnhancedAIAssistant.test.tsx:418:5)
    at Promise.finally.completed (/Users/brianlong/Developer/summit/client/node_modules/jest-circus/build/jestAdapterInit.js:1556:28)
    at new Promise (&lt;anonymous&gt;)
    at callAsyncCircusFn (/Users/brianlong/Developer/summit/client/node_modules/jest-circus/build/jestAdapterInit.js:1496:10)
    at _callCircusTest (/Users/brianlong/Developer/summit/client/node_modules/jest-circus/build/jestAdapterInit.js:1006:40)
    at processTicksAndRejections (node:internal/process/task_queues:95:5)
    at _runTest (/Users/brianlong/Developer/summit/client/node_modules/jest-circus/build/jestAdapterInit.js:946:3)
    at _runTestsForDescribeBlock (/Users/brianlong/Developer/summit/client/node_modules/jest-circus/build/jestAdapterInit.js:839:13)
    at _runTestsForDescribeBlock (/Users/brianlong/Developer/summit/client/node_modules/jest-circus/build/jestAdapterInit.js:829:11)
    at run (/Users/brianlong/Developer/summit/client/node_modules/jest-circus/build/jestAdapterInit.js:757:3)
    at runAndTransformResultsToJestFormat (/Users/brianlong/Developer/summit/client/node_modules/jest-circus/build/jestAdapterInit.js:1917:21)
    at jestAdapter (/Users/brianlong/Developer/summit/client/node_modules/jest-circus/build/runner.js:101:19)
    at runTestInternal (/Users/brianlong/Developer/summit/client/node_modules/jest-runner/build/testWorker.js:275:16)
    at runTest (/Users/brianlong/Developer/summit/client/node_modules/jest-runner/build/testWorker.js:343:7)
    at Object.worker (/Users/brianlong/Developer/summit/client/node_modules/jest-runner/build/testWorker.js:497:12)</failure>
    </testcase>
  </testsuite>
  <testsuite name="LaunchableOrchestrator" errors="0" failures="0" skipped="0" timestamp="2025-10-16T07:18:42" time="4.862" tests="6">
    <testcase classname="LaunchableOrchestrator" name="starts all modules and exposes running statuses" time="0.269">
    </testcase>
    <testcase classname="LaunchableOrchestrator" name="dispatches composite launch task across all modules" time="0.498">
    </testcase>
    <testcase classname="LaunchableOrchestrator" name="surfaces errors when an action is unsupported" time="0.258">
    </testcase>
    <testcase classname="LaunchableOrchestrator" name="surfaces errors when a module is missing" time="0.269">
    </testcase>
    <testcase classname="LaunchableOrchestrator" name="emits task lifecycle events" time="1.162">
    </testcase>
    <testcase classname="LaunchableOrchestrator" name="validates mission presets against the orchestrator catalog" time="0.231">
    </testcase>
  </testsuite>
  <testsuite name="undefined" errors="0" failures="0" skipped="0" timestamp="2025-10-16T07:18:43" time="4.848" tests="1">
    <testcase classname="" name="renders IntelGraph test app content" time="1.257">
    </testcase>
  </testsuite>
  <testsuite name="AuditDashboard" errors="0" failures="0" skipped="0" timestamp="2025-10-16T07:18:44" time="3.586" tests="1">
    <testcase classname="AuditDashboard" name="renders logs and resolutions" time="0.19">
    </testcase>
  </testsuite>
  <testsuite name="analyzeText" errors="0" failures="0" skipped="0" timestamp="2025-10-16T07:18:49" time="3.621" tests="2">
    <testcase classname="analyzeText" name="detects emotional language" time="0.019">
    </testcase>
    <testcase classname="analyzeText" name="detects bias phrases" time="0">
    </testcase>
  </testsuite>
  <testsuite name="hypothesis store" errors="0" failures="0" skipped="0" timestamp="2025-10-16T07:18:51" time="2.704" tests="1">
    <testcase classname="hypothesis store" name="updates with evidence weight" time="0.002">
    </testcase>
  </testsuite>
  <testsuite name="undefined" errors="0" failures="0" skipped="0" timestamp="2025-10-16T07:18:49" time="6.764" tests="1">
    <testcase classname="" name="mounts TestApp without crashing" time="0.614">
    </testcase>
  </testsuite>
  <testsuite name="undefined" errors="0" failures="0" skipped="0" timestamp="2025-10-16T07:18:49" time="7.335" tests="1">
    <testcase classname="" name="renders IntelGraph test app content" time="1.49">
    </testcase>
  </testsuite>
  <testsuite name="undefined" errors="0" failures="0" skipped="0" timestamp="2025-10-16T07:19:27" time="7.043" tests="1">
    <testcase classname="" name="mounts TestApp without crashing" time="2.044">
    </testcase>
  </testsuite>
  <testsuite name="MCPRegistry page" errors="0" failures="1" skipped="0" timestamp="2025-10-16T07:18:20" time="83.053" tests="1">
    <testcase classname="MCPRegistry page" name="renders registry heading and empty state" time="8.968">
      <failure>Error: thrown: &quot;Exceeded timeout of 5000 ms for a test.
Add a timeout value to this test to increase the timeout, if this is a long-running test. See https://jestjs.io/docs/api#testname-fn-timeout.&quot;
    at /Users/brianlong/Developer/summit/client/src/__tests__/MCPRegistry.test.tsx:26:3
    at _dispatchDescribe (/Users/brianlong/Developer/summit/client/node_modules/jest-circus/build/jestAdapterInit.js:604:26)
    at describe (/Users/brianlong/Developer/summit/client/node_modules/jest-circus/build/jestAdapterInit.js:572:44)
    at Object.&lt;anonymous&gt; (/Users/brianlong/Developer/summit/client/src/__tests__/MCPRegistry.test.tsx:6:1)
    at Runtime._execModule (/Users/brianlong/Developer/summit/client/node_modules/jest-runtime/build/index.js:1268:24)
    at Runtime._loadModule (/Users/brianlong/Developer/summit/client/node_modules/jest-runtime/build/index.js:944:12)
    at Runtime.requireModule (/Users/brianlong/Developer/summit/client/node_modules/jest-runtime/build/index.js:832:12)
    at jestAdapter (/Users/brianlong/Developer/summit/client/node_modules/jest-circus/build/runner.js:95:13)
    at processTicksAndRejections (node:internal/process/task_queues:95:5)
    at runTestInternal (/Users/brianlong/Developer/summit/client/node_modules/jest-runner/build/testWorker.js:275:16)
    at runTest (/Users/brianlong/Developer/summit/client/node_modules/jest-runner/build/testWorker.js:343:7)
    at Object.worker (/Users/brianlong/Developer/summit/client/node_modules/jest-runner/build/testWorker.js:497:12)</failure>
    </testcase>
  </testsuite>
  <testsuite name="AdvancedGraphInteractions" errors="0" failures="0" skipped="0" timestamp="2025-10-16T07:18:21" time="105.893" tests="19">
    <testcase classname="AdvancedGraphInteractions" name="renders component header with node and edge counts" time="6.316">
    </testcase>
    <testcase classname="AdvancedGraphInteractions" name="displays control buttons in header" time="2.621">
    </testcase>
    <testcase classname="AdvancedGraphInteractions" name="renders all navigation tabs" time="0.35">
    </testcase>
    <testcase classname="AdvancedGraphInteractions" name="displays network analysis metrics by default" time="0.311">
    </testcase>
    <testcase classname="AdvancedGraphInteractions" name="switches to filters tab when clicked" time="1.7">
    </testcase>
    <testcase classname="AdvancedGraphInteractions" name="switches to communities tab when clicked" time="0.424">
    </testcase>
    <testcase classname="AdvancedGraphInteractions" name="switches to pathfinding tab when clicked" time="0.446">
    </testcase>
    <testcase classname="AdvancedGraphInteractions" name="displays community detection button and handles click" time="2.996">
    </testcase>
    <testcase classname="AdvancedGraphInteractions" name="handles layout algorithm selection" time="4.281">
    </testcase>
    <testcase classname="AdvancedGraphInteractions" name="handles centrality threshold slider changes" time="1.261">
    </testcase>
    <testcase classname="AdvancedGraphInteractions" name="toggles show communities switch" time="1.497">
    </testcase>
    <testcase classname="AdvancedGraphInteractions" name="handles node type filter chips" time="0.823">
    </testcase>
    <testcase classname="AdvancedGraphInteractions" name="calls onNodeSelect when provided" time="0.251">
    </testcase>
    <testcase classname="AdvancedGraphInteractions" name="calls onAnalysisRun when community detection is triggered" time="1.29">
    </testcase>
    <testcase classname="AdvancedGraphInteractions" name="displays metric cards with proper formatting" time="2.706">
    </testcase>
    <testcase classname="AdvancedGraphInteractions" name="shows proper category chips for metrics" time="1.842">
    </testcase>
    <testcase classname="AdvancedGraphInteractions" name="handles empty node and edge arrays gracefully" time="1.99">
    </testcase>
    <testcase classname="AdvancedGraphInteractions" name="has proper accessibility attributes" time="1.959">
    </testcase>
    <testcase classname="AdvancedGraphInteractions" name="enables advanced features by default" time="0.13">
    </testcase>
  </testsuite>
  <testsuite name="EnhancedAnalyticsDashboard" errors="0" failures="0" skipped="0" timestamp="2025-10-16T07:18:36" time="140.768" tests="12">
    <testcase classname="EnhancedAnalyticsDashboard" name="renders dashboard header with title and controls" time="4.461">
    </testcase>
    <testcase classname="EnhancedAnalyticsDashboard" name="displays metric cards with key metrics" time="1.002">
    </testcase>
    <testcase classname="EnhancedAnalyticsDashboard" name="shows real-time monitoring alert when enabled" time="0.741">
    </testcase>
    <testcase classname="EnhancedAnalyticsDashboard" name="renders time range selector with default value" time="0.44">
    </testcase>
    <testcase classname="EnhancedAnalyticsDashboard" name="toggles real-time monitoring" time="0.69">
    </testcase>
    <testcase classname="EnhancedAnalyticsDashboard" name="handles refresh button click" time="3.522">
    </testcase>
    <testcase classname="EnhancedAnalyticsDashboard" name="renders navigation tabs and switches between them" time="0.74">
    </testcase>
    <testcase classname="EnhancedAnalyticsDashboard" name="calls onExport when export button is clicked" time="1.786">
    </testcase>
    <testcase classname="EnhancedAnalyticsDashboard" name="shows appropriate category labels for metrics" time="1.084">
    </testcase>
    <testcase classname="EnhancedAnalyticsDashboard" name="handles loading states properly" time="1.602">
    </testcase>
    <testcase classname="EnhancedAnalyticsDashboard" name="has proper accessibility attributes" time="0.413">
    </testcase>
    <testcase classname="EnhancedAnalyticsDashboard" name="formats metric values correctly" time="0.823">
    </testcase>
  </testsuite>
</testsuites>