<?xml version="1.0" encoding="UTF-8"?>
<testsuites name="jest tests" tests="1" failures="0" errors="0" time="1.721">
  <testsuite name="undefined" errors="0" failures="0" skipped="0" timestamp="2025-08-17T01:52:33" time="0.282" tests="1">
    <testcase classname="" name="renders IntelGraph platform" time="0.017">
    </testcase>
  </testsuite>
</testsuites>