<?xml version="1.0" encoding="UTF-8"?>
<testsuites name="jest tests" tests="1" failures="0" errors="0" time="2.273">
  <testsuite name="undefined" errors="0" failures="0" skipped="0" timestamp="2025-08-17T02:43:35" time="0.895" tests="1">
    <testcase classname="" name="renders IntelGraph platform" time="0.106">
    </testcase>
  </testsuite>
</testsuites>