<?xml version="1.0" encoding="UTF-8"?>
<testsuites name="jest tests" tests="5" failures="0" errors="0" time="7.194">
  <testsuite name="Neo4j Causal Cluster Routing Tests" errors="0" failures="0" skipped="0" timestamp="2025-08-15T08:28:47" time="1.36" tests="3">
    <testcase classname="Neo4j Causal Cluster Routing Tests should route writes to the leader" name="Neo4j Causal Cluster Routing Tests should route writes to the leader" time="0.002">
    </testcase>
    <testcase classname="Neo4j Causal Cluster Routing Tests should route reads to followers" name="Neo4j Causal Cluster Routing Tests should route reads to followers" time="0">
    </testcase>
    <testcase classname="Neo4j Causal Cluster Routing Tests should ensure data consistency (Tx id monotonicity)" name="Neo4j Causal Cluster Routing Tests should ensure data consistency (Tx id monotonicity)" time="0">
    </testcase>
  </testsuite>
  <testsuite name="Neo4j Causal Cluster Failover Tests" errors="0" failures="0" skipped="0" timestamp="2025-08-15T08:28:47" time="6.427" tests="2">
    <testcase classname="Neo4j Causal Cluster Failover Tests should re-elect a leader within 10 seconds after leader failure" name="Neo4j Causal Cluster Failover Tests should re-elect a leader within 10 seconds after leader failure" time="5.014">
    </testcase>
    <testcase classname="Neo4j Causal Cluster Failover Tests should maintain data consistency during network partition" name="Neo4j Causal Cluster Failover Tests should maintain data consistency during network partition" time="0.001">
    </testcase>
  </testsuite>
</testsuites>