<?xml version="1.0" encoding="UTF-8"?>
<testsuites name="jest tests" tests="1" failures="0" errors="0" time="2.984">
  <testsuite name="KmsSigner" errors="0" failures="0" skipped="0" timestamp="2025-09-07T19:09:55" time="2.897" tests="1">
    <testcase classname="KmsSigner signs and verifies using client" name="KmsSigner signs and verifies using client" time="0.001">
    </testcase>
  </testsuite>
</testsuites>