<?xml version="1.0" encoding="UTF-8"?>
<testsuites name="jest tests" tests="39" failures="1" errors="0" time="11.18">
  <testsuite name="Neo4j Causal Cluster Failover Tests" errors="0" failures="0" skipped="2" timestamp="2025-08-26T20:09:52" time="3.43" tests="2">
    <testcase classname="Neo4j Causal Cluster Failover Tests should re-elect a leader within 10 seconds after leader failure" name="Neo4j Causal Cluster Failover Tests should re-elect a leader within 10 seconds after leader failure" time="0">
      <skipped/>
    </testcase>
    <testcase classname="Neo4j Causal Cluster Failover Tests should maintain data consistency during network partition" name="Neo4j Causal Cluster Failover Tests should maintain data consistency during network partition" time="0">
      <skipped/>
    </testcase>
  </testsuite>
  <testsuite name="WargameResolver" errors="0" failures="0" skipped="10" timestamp="2025-08-26T20:09:55" time="0.611" tests="10">
    <testcase classname="WargameResolver Query Resolvers should fetch all crisis scenarios" name="WargameResolver Query Resolvers should fetch all crisis scenarios" time="0">
      <skipped/>
    </testcase>
    <testcase classname="WargameResolver Query Resolvers should fetch a single crisis scenario by ID" name="WargameResolver Query Resolvers should fetch a single crisis scenario by ID" time="0">
      <skipped/>
    </testcase>
    <testcase classname="WargameResolver Query Resolvers should return undefined if crisis scenario not found" name="WargameResolver Query Resolvers should return undefined if crisis scenario not found" time="0">
      <skipped/>
    </testcase>
    <testcase classname="WargameResolver Query Resolvers should fetch crisis telemetry" name="WargameResolver Query Resolvers should fetch crisis telemetry" time="0">
      <skipped/>
    </testcase>
    <testcase classname="WargameResolver Query Resolvers should fetch adversary intent estimates" name="WargameResolver Query Resolvers should fetch adversary intent estimates" time="0">
      <skipped/>
    </testcase>
    <testcase classname="WargameResolver Query Resolvers should fetch narrative heatmap data" name="WargameResolver Query Resolvers should fetch narrative heatmap data" time="0">
      <skipped/>
    </testcase>
    <testcase classname="WargameResolver Query Resolvers should fetch strategic response playbooks" name="WargameResolver Query Resolvers should fetch strategic response playbooks" time="0">
      <skipped/>
    </testcase>
    <testcase classname="WargameResolver Mutation Resolvers should run a war-game simulation and store data" name="WargameResolver Mutation Resolvers should run a war-game simulation and store data" time="0">
      <skipped/>
    </testcase>
    <testcase classname="WargameResolver Mutation Resolvers should update a crisis scenario" name="WargameResolver Mutation Resolvers should update a crisis scenario" time="0">
      <skipped/>
    </testcase>
    <testcase classname="WargameResolver Mutation Resolvers should delete a crisis scenario" name="WargameResolver Mutation Resolvers should delete a crisis scenario" time="0">
      <skipped/>
    </testcase>
  </testsuite>
  <testsuite name="stats caching" errors="0" failures="1" skipped="0" timestamp="2025-08-26T20:09:56" time="0.349" tests="1">
    <testcase classname="stats caching caseCounts and summaryStats are cached via local/redis cache" name="stats caching caseCounts and summaryStats are cached via local/redis cache" time="0.001">
      <failure>TypeError: Cannot read properties of undefined (reading &apos;rows&apos;)
    at /Users/brianlong/Documents/GitHub/intelgraph/server/src/graphql/resolvers/stats.ts:18:29
    at cached (/Users/brianlong/Documents/GitHub/intelgraph/server/src/cache/responseCache.ts:50:15)
    at Object.caseCounts (/Users/brianlong/Documents/GitHub/intelgraph/server/src/graphql/resolvers/stats.ts:12:22)
    at Object.&lt;anonymous&gt; (/Users/brianlong/Documents/GitHub/intelgraph/server/tests/stats.cache.test.ts:22:5)</failure>
    </testcase>
  </testsuite>
  <testsuite name="undefined" errors="0" failures="0" skipped="0" timestamp="2025-08-26T20:09:56" time="0.108" tests="1">
    <testcase classname=" /metrics exposes apollo_* and cache_*" name=" /metrics exposes apollo_* and cache_*" time="0.05">
    </testcase>
  </testsuite>
  <testsuite name="undefined" errors="0" failures="0" skipped="0" timestamp="2025-08-26T20:09:57" time="0.074" tests="1">
    <testcase classname=" apollo metrics record totals, errors, durations" name=" apollo metrics record totals, errors, durations" time="0.022">
    </testcase>
  </testsuite>
  <testsuite name="BehavioralDnaNetwork" errors="0" failures="0" skipped="0" timestamp="2025-08-26T20:09:57" time="0.048" tests="2">
    <testcase classname="BehavioralDnaNetwork updates embeddings and detects anomalies" name="BehavioralDnaNetwork updates embeddings and detects anomalies" time="0.001">
    </testcase>
    <testcase classname="BehavioralDnaNetwork predicts next behavior based on trend" name="BehavioralDnaNetwork predicts next behavior based on trend" time="0">
    </testcase>
  </testsuite>
  <testsuite name="GraphQL Depth Limit Validation" errors="0" failures="0" skipped="0" timestamp="2025-08-26T20:09:57" time="0.052" tests="4">
    <testcase classname="GraphQL Depth Limit Validation should allow queries within depth limit" name="GraphQL Depth Limit Validation should allow queries within depth limit" time="0.001">
    </testcase>
    <testcase classname="GraphQL Depth Limit Validation should reject queries exceeding depth limit" name="GraphQL Depth Limit Validation should reject queries exceeding depth limit" time="0.001">
    </testcase>
    <testcase classname="GraphQL Depth Limit Validation should include operation name in error message" name="GraphQL Depth Limit Validation should include operation name in error message" time="0.001">
    </testcase>
    <testcase classname="GraphQL Depth Limit Validation should handle custom depth limits" name="GraphQL Depth Limit Validation should handle custom depth limits" time="0.001">
    </testcase>
  </testsuite>
  <testsuite name="GossipAuditor" errors="0" failures="0" skipped="0" timestamp="2025-08-26T20:09:57" time="0.044" tests="1">
    <testcase classname="GossipAuditor alerts on fork" name="GossipAuditor alerts on fork" time="0">
    </testcase>
  </testsuite>
  <testsuite name="StripeWebhook" errors="0" failures="0" skipped="0" timestamp="2025-08-26T20:09:57" time="0.044" tests="2">
    <testcase classname="StripeWebhook verifies signature" name="StripeWebhook verifies signature" time="0.001">
    </testcase>
    <testcase classname="StripeWebhook handles idempotent payment and refund" name="StripeWebhook handles idempotent payment and refund" time="0.001">
    </testcase>
  </testsuite>
  <testsuite name="SlaEnforcer" errors="0" failures="0" skipped="0" timestamp="2025-08-26T20:09:57" time="0.046" tests="1">
    <testcase classname="SlaEnforcer credits and pauses on breach" name="SlaEnforcer credits and pauses on breach" time="0.003">
    </testcase>
  </testsuite>
  <testsuite name="deepfake triage" errors="0" failures="0" skipped="0" timestamp="2025-08-26T20:09:57" time="0.049" tests="1">
    <testcase classname="deepfake triage returns score, facets, and latency" name="deepfake triage returns score, facets, and latency" time="0">
    </testcase>
  </testsuite>
  <testsuite name="PathRankingService" errors="0" failures="0" skipped="0" timestamp="2025-08-26T20:09:57" time="0.047" tests="1">
    <testcase classname="PathRankingService v2 ranking improves top1 path alignment" name="PathRankingService v2 ranking improves top1 path alignment" time="0">
    </testcase>
  </testsuite>
  <testsuite name="KmsSigner" errors="0" failures="0" skipped="0" timestamp="2025-08-26T20:09:57" time="0.046" tests="1">
    <testcase classname="KmsSigner signs and verifies using client" name="KmsSigner signs and verifies using client" time="0">
    </testcase>
  </testsuite>
  <testsuite name="Neo4j Causal Cluster Routing Tests" errors="0" failures="0" skipped="0" timestamp="2025-08-26T20:09:57" time="0.045" tests="3">
    <testcase classname="Neo4j Causal Cluster Routing Tests should route writes to the leader" name="Neo4j Causal Cluster Routing Tests should route writes to the leader" time="0">
    </testcase>
    <testcase classname="Neo4j Causal Cluster Routing Tests should route reads to followers" name="Neo4j Causal Cluster Routing Tests should route reads to followers" time="0">
    </testcase>
    <testcase classname="Neo4j Causal Cluster Routing Tests should ensure data consistency (Tx id monotonicity)" name="Neo4j Causal Cluster Routing Tests should ensure data consistency (Tx id monotonicity)" time="0">
    </testcase>
  </testsuite>
  <testsuite name="VideoFrameExtractor" errors="0" failures="0" skipped="0" timestamp="2025-08-26T20:09:57" time="0.356" tests="6">
    <testcase classname="VideoFrameExtractor should extract frames with default options" name="VideoFrameExtractor should extract frames with default options" time="0.002">
    </testcase>
    <testcase classname="VideoFrameExtractor should extract frames with specified frameRate" name="VideoFrameExtractor should extract frames with specified frameRate" time="0.001">
    </testcase>
    <testcase classname="VideoFrameExtractor should extract frames with specified interval" name="VideoFrameExtractor should extract frames with specified interval" time="0">
    </testcase>
    <testcase classname="VideoFrameExtractor should extract audio when extractAudio is true" name="VideoFrameExtractor should extract audio when extractAudio is true" time="0.001">
    </testcase>
    <testcase classname="VideoFrameExtractor should clean up temporary directory" name="VideoFrameExtractor should clean up temporary directory" time="0">
    </testcase>
    <testcase classname="VideoFrameExtractor should handle ffmpeg errors during frame extraction" name="VideoFrameExtractor should handle ffmpeg errors during frame extraction" time="0.007">
    </testcase>
  </testsuite>
  <testsuite name="behavioral fingerprint job" errors="0" failures="0" skipped="0" timestamp="2025-08-26T20:09:59" time="0.234" tests="1">
    <testcase classname="behavioral fingerprint job scores and clusters identities across projects" name="behavioral fingerprint job scores and clusters identities across projects" time="0">
    </testcase>
  </testsuite>
  <testsuite name="HybridEntityResolutionService" errors="0" failures="0" skipped="1" timestamp="2025-08-26T20:10:01" time="0.275" tests="1">
    <testcase classname="HybridEntityResolutionService returns deterministic results" name="HybridEntityResolutionService returns deterministic results" time="0">
      <skipped/>
    </testcase>
  </testsuite>
</testsuites>