<?xml version="1.0" encoding="UTF-8"?>
<testsuites name="jest tests" tests="25" failures="0" errors="0" time="12.66">
  <testsuite name="StripeWebhook" errors="0" failures="0" skipped="2" timestamp="2025-08-19T19:14:13" time="4.036" tests="2">
    <testcase classname="StripeWebhook" name="verifies signature" time="0">
      <skipped/>
    </testcase>
    <testcase classname="StripeWebhook" name="handles idempotent payment and refund" time="0">
      <skipped/>
    </testcase>
  </testsuite>
  <testsuite name="BehavioralDnaNetwork" errors="0" failures="0" skipped="2" timestamp="2025-08-19T19:14:17" time="0.055" tests="2">
    <testcase classname="BehavioralDnaNetwork" name="updates embeddings and detects anomalies" time="0">
      <skipped/>
    </testcase>
    <testcase classname="BehavioralDnaNetwork" name="predicts next behavior based on trend" time="0">
      <skipped/>
    </testcase>
  </testsuite>
  <testsuite name="VideoFrameExtractor" errors="0" failures="0" skipped="6" timestamp="2025-08-19T19:14:13" time="4.111" tests="6">
    <testcase classname="VideoFrameExtractor" name="should extract frames with default options" time="0">
      <skipped/>
    </testcase>
    <testcase classname="VideoFrameExtractor" name="should extract frames with specified frameRate" time="0">
      <skipped/>
    </testcase>
    <testcase classname="VideoFrameExtractor" name="should extract frames with specified interval" time="0">
      <skipped/>
    </testcase>
    <testcase classname="VideoFrameExtractor" name="should extract audio when extractAudio is true" time="0">
      <skipped/>
    </testcase>
    <testcase classname="VideoFrameExtractor" name="should clean up temporary directory" time="0">
      <skipped/>
    </testcase>
    <testcase classname="VideoFrameExtractor" name="should handle ffmpeg errors during frame extraction" time="0">
      <skipped/>
    </testcase>
  </testsuite>
  <testsuite name="KmsSigner" errors="0" failures="0" skipped="1" timestamp="2025-08-19T19:14:17" time="0.032" tests="1">
    <testcase classname="KmsSigner" name="signs and verifies using client" time="0">
      <skipped/>
    </testcase>
  </testsuite>
  <testsuite name="GossipAuditor" errors="0" failures="0" skipped="1" timestamp="2025-08-19T19:14:17" time="0.047" tests="1">
    <testcase classname="GossipAuditor" name="alerts on fork" time="0">
      <skipped/>
    </testcase>
  </testsuite>
  <testsuite name="PathRankingService" errors="0" failures="0" skipped="1" timestamp="2025-08-19T19:14:13" time="4.217" tests="1">
    <testcase classname="PathRankingService" name="v2 ranking improves top1 path alignment" time="0">
      <skipped/>
    </testcase>
  </testsuite>
  <testsuite name="deepfake triage" errors="0" failures="0" skipped="1" timestamp="2025-08-19T19:14:17" time="0.039" tests="1">
    <testcase classname="deepfake triage" name="returns score, facets, and latency" time="0">
      <skipped/>
    </testcase>
  </testsuite>
  <testsuite name="HybridEntityResolutionService" errors="0" failures="0" skipped="1" timestamp="2025-08-19T19:14:17" time="0.066" tests="1">
    <testcase classname="HybridEntityResolutionService" name="returns deterministic results" time="0">
      <skipped/>
    </testcase>
  </testsuite>
  <testsuite name="Neo4j Causal Cluster Failover Tests" errors="0" failures="0" skipped="2" timestamp="2025-08-19T19:14:17" time="0.037" tests="2">
    <testcase classname="Neo4j Causal Cluster Failover Tests" name="should re-elect a leader within 10 seconds after leader failure" time="0">
      <skipped/>
    </testcase>
    <testcase classname="Neo4j Causal Cluster Failover Tests" name="should maintain data consistency during network partition" time="0">
      <skipped/>
    </testcase>
  </testsuite>
  <testsuite name="Neo4j Causal Cluster Routing Tests" errors="0" failures="0" skipped="3" timestamp="2025-08-19T19:14:17" time="0.03" tests="3">
    <testcase classname="Neo4j Causal Cluster Routing Tests" name="should route writes to the leader" time="0">
      <skipped/>
    </testcase>
    <testcase classname="Neo4j Causal Cluster Routing Tests" name="should route reads to followers" time="0">
      <skipped/>
    </testcase>
    <testcase classname="Neo4j Causal Cluster Routing Tests" name="should ensure data consistency (Tx id monotonicity)" time="0">
      <skipped/>
    </testcase>
  </testsuite>
  <testsuite name="undefined" errors="0" failures="0" skipped="1" timestamp="2025-08-19T19:14:13" time="4.3" tests="1">
    <testcase classname="" name="similarEntities by text" time="0">
      <skipped/>
    </testcase>
  </testsuite>
  <testsuite name="GraphQL Depth Limit Validation" errors="0" failures="0" skipped="4" timestamp="2025-08-19T19:14:17" time="0.192" tests="4">
    <testcase classname="GraphQL Depth Limit Validation" name="should allow queries within depth limit" time="0">
      <skipped/>
    </testcase>
    <testcase classname="GraphQL Depth Limit Validation" name="should reject queries exceeding depth limit" time="0">
      <skipped/>
    </testcase>
    <testcase classname="GraphQL Depth Limit Validation" name="should include operation name in error message" time="0">
      <skipped/>
    </testcase>
    <testcase classname="GraphQL Depth Limit Validation" name="should handle custom depth limits" time="0">
      <skipped/>
    </testcase>
  </testsuite>
</testsuites>