<?xml version="1.0" encoding="UTF-8"?>
<testsuites name="jest tests" tests="37" failures="1" errors="0" time="11.169">
  <testsuite name="undefined" errors="0" failures="1" skipped="0" timestamp="2025-08-26T04:30:26" time="4.693" tests="1">
    <testcase classname="" name="similarEntities by text" time="0.01">
      <failure>Error: connect EPERM ::1:4000 - Local (:::0)
    at internalConnect (node:net:1100:16)
    at defaultTriggerAsyncIdScope (node:internal/async_hooks:462:18)
    at GetAddrInfoReqWrap.emitLookup [as callback] (node:net:1381:9)
    at GetAddrInfoReqWrap.onlookup [as oncomplete] (node:dns:109:8)</failure>
    </testcase>
  </testsuite>
  <testsuite name="WargameResolver" errors="0" failures="0" skipped="10" timestamp="2025-08-26T04:30:26" time="4.917" tests="10">
    <testcase classname="WargameResolver › Query Resolvers" name="should fetch all crisis scenarios" time="0">
      <skipped/>
    </testcase>
    <testcase classname="WargameResolver › Query Resolvers" name="should fetch a single crisis scenario by ID" time="0">
      <skipped/>
    </testcase>
    <testcase classname="WargameResolver › Query Resolvers" name="should return undefined if crisis scenario not found" time="0">
      <skipped/>
    </testcase>
    <testcase classname="WargameResolver › Query Resolvers" name="should fetch crisis telemetry" time="0">
      <skipped/>
    </testcase>
    <testcase classname="WargameResolver › Query Resolvers" name="should fetch adversary intent estimates" time="0">
      <skipped/>
    </testcase>
    <testcase classname="WargameResolver › Query Resolvers" name="should fetch narrative heatmap data" time="0">
      <skipped/>
    </testcase>
    <testcase classname="WargameResolver › Query Resolvers" name="should fetch strategic response playbooks" time="0">
      <skipped/>
    </testcase>
    <testcase classname="WargameResolver › Mutation Resolvers" name="should run a war-game simulation and store data" time="0">
      <skipped/>
    </testcase>
    <testcase classname="WargameResolver › Mutation Resolvers" name="should update a crisis scenario" time="0">
      <skipped/>
    </testcase>
    <testcase classname="WargameResolver › Mutation Resolvers" name="should delete a crisis scenario" time="0">
      <skipped/>
    </testcase>
  </testsuite>
  <testsuite name="HybridEntityResolutionService" errors="0" failures="0" skipped="1" timestamp="2025-08-26T04:30:26" time="5.188" tests="1">
    <testcase classname="HybridEntityResolutionService" name="returns deterministic results" time="0">
      <skipped/>
    </testcase>
  </testsuite>
  <testsuite name="VideoFrameExtractor" errors="0" failures="0" skipped="0" timestamp="2025-08-26T04:30:30" time="0.714" tests="6">
    <testcase classname="VideoFrameExtractor" name="should extract frames with default options" time="0.002">
    </testcase>
    <testcase classname="VideoFrameExtractor" name="should extract frames with specified frameRate" time="0">
    </testcase>
    <testcase classname="VideoFrameExtractor" name="should extract frames with specified interval" time="0.003">
    </testcase>
    <testcase classname="VideoFrameExtractor" name="should extract audio when extractAudio is true" time="0.001">
    </testcase>
    <testcase classname="VideoFrameExtractor" name="should clean up temporary directory" time="0.001">
    </testcase>
    <testcase classname="VideoFrameExtractor" name="should handle ffmpeg errors during frame extraction" time="0.007">
    </testcase>
  </testsuite>
  <testsuite name="StripeWebhook" errors="0" failures="0" skipped="0" timestamp="2025-08-26T04:30:31" time="0.628" tests="2">
    <testcase classname="StripeWebhook" name="verifies signature" time="0.003">
    </testcase>
    <testcase classname="StripeWebhook" name="handles idempotent payment and refund" time="0.001">
    </testcase>
  </testsuite>
  <testsuite name="GraphQL Depth Limit Validation" errors="0" failures="0" skipped="0" timestamp="2025-08-26T04:30:31" time="0.728" tests="4">
    <testcase classname="GraphQL Depth Limit Validation" name="should allow queries within depth limit" time="0.002">
    </testcase>
    <testcase classname="GraphQL Depth Limit Validation" name="should reject queries exceeding depth limit" time="0.001">
    </testcase>
    <testcase classname="GraphQL Depth Limit Validation" name="should include operation name in error message" time="0.001">
    </testcase>
    <testcase classname="GraphQL Depth Limit Validation" name="should handle custom depth limits" time="0">
    </testcase>
  </testsuite>
  <testsuite name="PathRankingService" errors="0" failures="0" skipped="0" timestamp="2025-08-26T04:30:31" time="0.62" tests="1">
    <testcase classname="PathRankingService" name="v2 ranking improves top1 path alignment" time="0.001">
    </testcase>
  </testsuite>
  <testsuite name="KmsSigner" errors="0" failures="0" skipped="0" timestamp="2025-08-26T04:30:32" time="0.416" tests="1">
    <testcase classname="KmsSigner" name="signs and verifies using client" time="0.001">
    </testcase>
  </testsuite>
  <testsuite name="behavioral fingerprint job" errors="0" failures="0" skipped="0" timestamp="2025-08-26T04:30:31" time="1.372" tests="1">
    <testcase classname="behavioral fingerprint job" name="scores and clusters identities across projects" time="0.005">
    </testcase>
  </testsuite>
  <testsuite name="GossipAuditor" errors="0" failures="0" skipped="0" timestamp="2025-08-26T04:30:32" time="0.405" tests="1">
    <testcase classname="GossipAuditor" name="alerts on fork" time="0">
    </testcase>
  </testsuite>
  <testsuite name="Neo4j Causal Cluster Routing Tests" errors="0" failures="0" skipped="0" timestamp="2025-08-26T04:30:32" time="0.291" tests="3">
    <testcase classname="Neo4j Causal Cluster Routing Tests" name="should route writes to the leader" time="0">
    </testcase>
    <testcase classname="Neo4j Causal Cluster Routing Tests" name="should route reads to followers" time="0">
    </testcase>
    <testcase classname="Neo4j Causal Cluster Routing Tests" name="should ensure data consistency (Tx id monotonicity)" time="0">
    </testcase>
  </testsuite>
  <testsuite name="deepfake triage" errors="0" failures="0" skipped="0" timestamp="2025-08-26T04:30:32" time="0.314" tests="1">
    <testcase classname="deepfake triage" name="returns score, facets, and latency" time="0.001">
    </testcase>
  </testsuite>
  <testsuite name="BehavioralDnaNetwork" errors="0" failures="0" skipped="0" timestamp="2025-08-26T04:30:32" time="0.322" tests="2">
    <testcase classname="BehavioralDnaNetwork" name="updates embeddings and detects anomalies" time="0.003">
    </testcase>
    <testcase classname="BehavioralDnaNetwork" name="predicts next behavior based on trend" time="0.001">
    </testcase>
  </testsuite>
  <testsuite name="SlaEnforcer" errors="0" failures="0" skipped="0" timestamp="2025-08-26T04:30:33" time="0.321" tests="1">
    <testcase classname="SlaEnforcer" name="credits and pauses on breach" time="0.001">
    </testcase>
  </testsuite>
  <testsuite name="Neo4j Causal Cluster Failover Tests" errors="0" failures="0" skipped="0" timestamp="2025-08-26T04:30:26" time="9.577" tests="2">
    <testcase classname="Neo4j Causal Cluster Failover Tests" name="should re-elect a leader within 10 seconds after leader failure" time="5.003">
    </testcase>
    <testcase classname="Neo4j Causal Cluster Failover Tests" name="should maintain data consistency during network partition" time="0">
    </testcase>
  </testsuite>
</testsuites>