<?xml version="1.0" encoding="UTF-8"?>
<testsuites name="jest tests" tests="1700" failures="104" errors="0" time="138.283">
  <testsuite name="War Room Graph Sync - P0 Critical MVP1" errors="0" failures="9" skipped="0" timestamp="2025-08-14T19:28:21" time="30.272" tests="9">
    <testcase classname="War Room Graph Sync - P0 Critical MVP1 P0 Requirement: &lt;300ms Latency should initialize war room in under 50ms" name="War Room Graph Sync - P0 Critical MVP1 P0 Requirement: &lt;300ms Latency should initialize war room in under 50ms" time="0.005">
      <failure>Error: thrown: &quot;Exceeded timeout of 30000 ms for a hook while waiting for `done()` to be called.
Add a timeout value to this test to increase the timeout, if this is a long-running test. See https://jestjs.io/docs/api#testname-fn-timeout.&quot;
    at beforeAll (/Users/brianlong/Documents/GitHub/intelgraph/server/src/tests/warRoomSync.test.js:17:3)
    at _dispatchDescribe (/Users/brianlong/Documents/GitHub/intelgraph/server/node_modules/jest-circus/build/index.js:91:26)
    at describe (/Users/brianlong/Documents/GitHub/intelgraph/server/node_modules/jest-circus/build/index.js:55:5)
    at Object.describe (/Users/brianlong/Documents/GitHub/intelgraph/server/src/tests/warRoomSync.test.js:11:1)
    at Runtime._execModule (/Users/brianlong/Documents/GitHub/intelgraph/server/node_modules/jest-runtime/build/index.js:1439:24)
    at Runtime._loadModule (/Users/brianlong/Documents/GitHub/intelgraph/server/node_modules/jest-runtime/build/index.js:1022:12)
    at Runtime.requireModule (/Users/brianlong/Documents/GitHub/intelgraph/server/node_modules/jest-runtime/build/index.js:882:12)
    at jestAdapter (/Users/brianlong/Documents/GitHub/intelgraph/server/node_modules/jest-circus/build/legacy-code-todo-rewrite/jestAdapter.js:77:13)
    at processTicksAndRejections (node:internal/process/task_queues:105:5)
    at runTestInternal (/Users/brianlong/Documents/GitHub/intelgraph/server/node_modules/jest-runner/build/runTest.js:367:16)
    at runTest (/Users/brianlong/Documents/GitHub/intelgraph/server/node_modules/jest-runner/build/runTest.js:444:34)
    at Object.worker (/Users/brianlong/Documents/GitHub/intelgraph/server/node_modules/jest-runner/build/testWorker.js:106:12)</failure>
    </testcase>
    <testcase classname="War Room Graph Sync - P0 Critical MVP1 P0 Requirement: &lt;300ms Latency should handle graph operations with &lt;300ms latency" name="War Room Graph Sync - P0 Critical MVP1 P0 Requirement: &lt;300ms Latency should handle graph operations with &lt;300ms latency" time="0">
      <failure>Error: thrown: &quot;Exceeded timeout of 30000 ms for a hook while waiting for `done()` to be called.
Add a timeout value to this test to increase the timeout, if this is a long-running test. See https://jestjs.io/docs/api#testname-fn-timeout.&quot;
    at beforeAll (/Users/brianlong/Documents/GitHub/intelgraph/server/src/tests/warRoomSync.test.js:17:3)
    at _dispatchDescribe (/Users/brianlong/Documents/GitHub/intelgraph/server/node_modules/jest-circus/build/index.js:91:26)
    at describe (/Users/brianlong/Documents/GitHub/intelgraph/server/node_modules/jest-circus/build/index.js:55:5)
    at Object.describe (/Users/brianlong/Documents/GitHub/intelgraph/server/src/tests/warRoomSync.test.js:11:1)
    at Runtime._execModule (/Users/brianlong/Documents/GitHub/intelgraph/server/node_modules/jest-runtime/build/index.js:1439:24)
    at Runtime._loadModule (/Users/brianlong/Documents/GitHub/intelgraph/server/node_modules/jest-runtime/build/index.js:1022:12)
    at Runtime.requireModule (/Users/brianlong/Documents/GitHub/intelgraph/server/node_modules/jest-runtime/build/index.js:882:12)
    at jestAdapter (/Users/brianlong/Documents/GitHub/intelgraph/server/node_modules/jest-circus/build/legacy-code-todo-rewrite/jestAdapter.js:77:13)
    at processTicksAndRejections (node:internal/process/task_queues:105:5)
    at runTestInternal (/Users/brianlong/Documents/GitHub/intelgraph/server/node_modules/jest-runner/build/runTest.js:367:16)
    at runTest (/Users/brianlong/Documents/GitHub/intelgraph/server/node_modules/jest-runner/build/runTest.js:444:34)
    at Object.worker (/Users/brianlong/Documents/GitHub/intelgraph/server/node_modules/jest-runner/build/testWorker.js:106:12)</failure>
    </testcase>
    <testcase classname="War Room Graph Sync - P0 Critical MVP1 P0 Requirement: &lt;300ms Latency should handle concurrent operations without conflicts" name="War Room Graph Sync - P0 Critical MVP1 P0 Requirement: &lt;300ms Latency should handle concurrent operations without conflicts" time="0">
      <failure>Error: thrown: &quot;Exceeded timeout of 30000 ms for a hook while waiting for `done()` to be called.
Add a timeout value to this test to increase the timeout, if this is a long-running test. See https://jestjs.io/docs/api#testname-fn-timeout.&quot;
    at beforeAll (/Users/brianlong/Documents/GitHub/intelgraph/server/src/tests/warRoomSync.test.js:17:3)
    at _dispatchDescribe (/Users/brianlong/Documents/GitHub/intelgraph/server/node_modules/jest-circus/build/index.js:91:26)
    at describe (/Users/brianlong/Documents/GitHub/intelgraph/server/node_modules/jest-circus/build/index.js:55:5)
    at Object.describe (/Users/brianlong/Documents/GitHub/intelgraph/server/src/tests/warRoomSync.test.js:11:1)
    at Runtime._execModule (/Users/brianlong/Documents/GitHub/intelgraph/server/node_modules/jest-runtime/build/index.js:1439:24)
    at Runtime._loadModule (/Users/brianlong/Documents/GitHub/intelgraph/server/node_modules/jest-runtime/build/index.js:1022:12)
    at Runtime.requireModule (/Users/brianlong/Documents/GitHub/intelgraph/server/node_modules/jest-runtime/build/index.js:882:12)
    at jestAdapter (/Users/brianlong/Documents/GitHub/intelgraph/server/node_modules/jest-circus/build/legacy-code-todo-rewrite/jestAdapter.js:77:13)
    at processTicksAndRejections (node:internal/process/task_queues:105:5)
    at runTestInternal (/Users/brianlong/Documents/GitHub/intelgraph/server/node_modules/jest-runner/build/runTest.js:367:16)
    at runTest (/Users/brianlong/Documents/GitHub/intelgraph/server/node_modules/jest-runner/build/runTest.js:444:34)
    at Object.worker (/Users/brianlong/Documents/GitHub/intelgraph/server/node_modules/jest-runner/build/testWorker.js:106:12)</failure>
    </testcase>
    <testcase classname="War Room Graph Sync - P0 Critical MVP1 P0 Requirement: &lt;300ms Latency should resolve conflicts quickly" name="War Room Graph Sync - P0 Critical MVP1 P0 Requirement: &lt;300ms Latency should resolve conflicts quickly" time="0">
      <failure>Error: thrown: &quot;Exceeded timeout of 30000 ms for a hook while waiting for `done()` to be called.
Add a timeout value to this test to increase the timeout, if this is a long-running test. See https://jestjs.io/docs/api#testname-fn-timeout.&quot;
    at beforeAll (/Users/brianlong/Documents/GitHub/intelgraph/server/src/tests/warRoomSync.test.js:17:3)
    at _dispatchDescribe (/Users/brianlong/Documents/GitHub/intelgraph/server/node_modules/jest-circus/build/index.js:91:26)
    at describe (/Users/brianlong/Documents/GitHub/intelgraph/server/node_modules/jest-circus/build/index.js:55:5)
    at Object.describe (/Users/brianlong/Documents/GitHub/intelgraph/server/src/tests/warRoomSync.test.js:11:1)
    at Runtime._execModule (/Users/brianlong/Documents/GitHub/intelgraph/server/node_modules/jest-runtime/build/index.js:1439:24)
    at Runtime._loadModule (/Users/brianlong/Documents/GitHub/intelgraph/server/node_modules/jest-runtime/build/index.js:1022:12)
    at Runtime.requireModule (/Users/brianlong/Documents/GitHub/intelgraph/server/node_modules/jest-runtime/build/index.js:882:12)
    at jestAdapter (/Users/brianlong/Documents/GitHub/intelgraph/server/node_modules/jest-circus/build/legacy-code-todo-rewrite/jestAdapter.js:77:13)
    at processTicksAndRejections (node:internal/process/task_queues:105:5)
    at runTestInternal (/Users/brianlong/Documents/GitHub/intelgraph/server/node_modules/jest-runner/build/runTest.js:367:16)
    at runTest (/Users/brianlong/Documents/GitHub/intelgraph/server/node_modules/jest-runner/build/runTest.js:444:34)
    at Object.worker (/Users/brianlong/Documents/GitHub/intelgraph/server/node_modules/jest-runner/build/testWorker.js:106:12)</failure>
    </testcase>
    <testcase classname="War Room Graph Sync - P0 Critical MVP1 Operational Transform should transform concurrent operations correctly" name="War Room Graph Sync - P0 Critical MVP1 Operational Transform should transform concurrent operations correctly" time="0">
      <failure>Error: thrown: &quot;Exceeded timeout of 30000 ms for a hook while waiting for `done()` to be called.
Add a timeout value to this test to increase the timeout, if this is a long-running test. See https://jestjs.io/docs/api#testname-fn-timeout.&quot;
    at beforeAll (/Users/brianlong/Documents/GitHub/intelgraph/server/src/tests/warRoomSync.test.js:17:3)
    at _dispatchDescribe (/Users/brianlong/Documents/GitHub/intelgraph/server/node_modules/jest-circus/build/index.js:91:26)
    at describe (/Users/brianlong/Documents/GitHub/intelgraph/server/node_modules/jest-circus/build/index.js:55:5)
    at Object.describe (/Users/brianlong/Documents/GitHub/intelgraph/server/src/tests/warRoomSync.test.js:11:1)
    at Runtime._execModule (/Users/brianlong/Documents/GitHub/intelgraph/server/node_modules/jest-runtime/build/index.js:1439:24)
    at Runtime._loadModule (/Users/brianlong/Documents/GitHub/intelgraph/server/node_modules/jest-runtime/build/index.js:1022:12)
    at Runtime.requireModule (/Users/brianlong/Documents/GitHub/intelgraph/server/node_modules/jest-runtime/build/index.js:882:12)
    at jestAdapter (/Users/brianlong/Documents/GitHub/intelgraph/server/node_modules/jest-circus/build/legacy-code-todo-rewrite/jestAdapter.js:77:13)
    at processTicksAndRejections (node:internal/process/task_queues:105:5)
    at runTestInternal (/Users/brianlong/Documents/GitHub/intelgraph/server/node_modules/jest-runner/build/runTest.js:367:16)
    at runTest (/Users/brianlong/Documents/GitHub/intelgraph/server/node_modules/jest-runner/build/runTest.js:444:34)
    at Object.worker (/Users/brianlong/Documents/GitHub/intelgraph/server/node_modules/jest-runner/build/testWorker.js:106:12)</failure>
    </testcase>
    <testcase classname="War Room Graph Sync - P0 Critical MVP1 Performance Metrics should track performance metrics accurately" name="War Room Graph Sync - P0 Critical MVP1 Performance Metrics should track performance metrics accurately" time="0">
      <failure>Error: thrown: &quot;Exceeded timeout of 30000 ms for a hook while waiting for `done()` to be called.
Add a timeout value to this test to increase the timeout, if this is a long-running test. See https://jestjs.io/docs/api#testname-fn-timeout.&quot;
    at beforeAll (/Users/brianlong/Documents/GitHub/intelgraph/server/src/tests/warRoomSync.test.js:17:3)
    at _dispatchDescribe (/Users/brianlong/Documents/GitHub/intelgraph/server/node_modules/jest-circus/build/index.js:91:26)
    at describe (/Users/brianlong/Documents/GitHub/intelgraph/server/node_modules/jest-circus/build/index.js:55:5)
    at Object.describe (/Users/brianlong/Documents/GitHub/intelgraph/server/src/tests/warRoomSync.test.js:11:1)
    at Runtime._execModule (/Users/brianlong/Documents/GitHub/intelgraph/server/node_modules/jest-runtime/build/index.js:1439:24)
    at Runtime._loadModule (/Users/brianlong/Documents/GitHub/intelgraph/server/node_modules/jest-runtime/build/index.js:1022:12)
    at Runtime.requireModule (/Users/brianlong/Documents/GitHub/intelgraph/server/node_modules/jest-runtime/build/index.js:882:12)
    at jestAdapter (/Users/brianlong/Documents/GitHub/intelgraph/server/node_modules/jest-circus/build/legacy-code-todo-rewrite/jestAdapter.js:77:13)
    at processTicksAndRejections (node:internal/process/task_queues:105:5)
    at runTestInternal (/Users/brianlong/Documents/GitHub/intelgraph/server/node_modules/jest-runner/build/runTest.js:367:16)
    at runTest (/Users/brianlong/Documents/GitHub/intelgraph/server/node_modules/jest-runner/build/runTest.js:444:34)
    at Object.worker (/Users/brianlong/Documents/GitHub/intelgraph/server/node_modules/jest-runner/build/testWorker.js:106:12)</failure>
    </testcase>
    <testcase classname="War Room Graph Sync - P0 Critical MVP1 Performance Metrics should provide room statistics" name="War Room Graph Sync - P0 Critical MVP1 Performance Metrics should provide room statistics" time="0">
      <failure>Error: thrown: &quot;Exceeded timeout of 30000 ms for a hook while waiting for `done()` to be called.
Add a timeout value to this test to increase the timeout, if this is a long-running test. See https://jestjs.io/docs/api#testname-fn-timeout.&quot;
    at beforeAll (/Users/brianlong/Documents/GitHub/intelgraph/server/src/tests/warRoomSync.test.js:17:3)
    at _dispatchDescribe (/Users/brianlong/Documents/GitHub/intelgraph/server/node_modules/jest-circus/build/index.js:91:26)
    at describe (/Users/brianlong/Documents/GitHub/intelgraph/server/node_modules/jest-circus/build/index.js:55:5)
    at Object.describe (/Users/brianlong/Documents/GitHub/intelgraph/server/src/tests/warRoomSync.test.js:11:1)
    at Runtime._execModule (/Users/brianlong/Documents/GitHub/intelgraph/server/node_modules/jest-runtime/build/index.js:1439:24)
    at Runtime._loadModule (/Users/brianlong/Documents/GitHub/intelgraph/server/node_modules/jest-runtime/build/index.js:1022:12)
    at Runtime.requireModule (/Users/brianlong/Documents/GitHub/intelgraph/server/node_modules/jest-runtime/build/index.js:882:12)
    at jestAdapter (/Users/brianlong/Documents/GitHub/intelgraph/server/node_modules/jest-circus/build/legacy-code-todo-rewrite/jestAdapter.js:77:13)
    at processTicksAndRejections (node:internal/process/task_queues:105:5)
    at runTestInternal (/Users/brianlong/Documents/GitHub/intelgraph/server/node_modules/jest-runner/build/runTest.js:367:16)
    at runTest (/Users/brianlong/Documents/GitHub/intelgraph/server/node_modules/jest-runner/build/runTest.js:444:34)
    at Object.worker (/Users/brianlong/Documents/GitHub/intelgraph/server/node_modules/jest-runner/build/testWorker.js:106:12)</failure>
    </testcase>
    <testcase classname="War Room Graph Sync - P0 Critical MVP1 Error Handling should handle invalid operations gracefully" name="War Room Graph Sync - P0 Critical MVP1 Error Handling should handle invalid operations gracefully" time="0">
      <failure>Error: thrown: &quot;Exceeded timeout of 30000 ms for a hook while waiting for `done()` to be called.
Add a timeout value to this test to increase the timeout, if this is a long-running test. See https://jestjs.io/docs/api#testname-fn-timeout.&quot;
    at beforeAll (/Users/brianlong/Documents/GitHub/intelgraph/server/src/tests/warRoomSync.test.js:17:3)
    at _dispatchDescribe (/Users/brianlong/Documents/GitHub/intelgraph/server/node_modules/jest-circus/build/index.js:91:26)
    at describe (/Users/brianlong/Documents/GitHub/intelgraph/server/node_modules/jest-circus/build/index.js:55:5)
    at Object.describe (/Users/brianlong/Documents/GitHub/intelgraph/server/src/tests/warRoomSync.test.js:11:1)
    at Runtime._execModule (/Users/brianlong/Documents/GitHub/intelgraph/server/node_modules/jest-runtime/build/index.js:1439:24)
    at Runtime._loadModule (/Users/brianlong/Documents/GitHub/intelgraph/server/node_modules/jest-runtime/build/index.js:1022:12)
    at Runtime.requireModule (/Users/brianlong/Documents/GitHub/intelgraph/server/node_modules/jest-runtime/build/index.js:882:12)
    at jestAdapter (/Users/brianlong/Documents/GitHub/intelgraph/server/node_modules/jest-circus/build/legacy-code-todo-rewrite/jestAdapter.js:77:13)
    at processTicksAndRejections (node:internal/process/task_queues:105:5)
    at runTestInternal (/Users/brianlong/Documents/GitHub/intelgraph/server/node_modules/jest-runner/build/runTest.js:367:16)
    at runTest (/Users/brianlong/Documents/GitHub/intelgraph/server/node_modules/jest-runner/build/runTest.js:444:34)
    at Object.worker (/Users/brianlong/Documents/GitHub/intelgraph/server/node_modules/jest-runner/build/testWorker.js:106:12)</failure>
    </testcase>
    <testcase classname="War Room Graph Sync - P0 Critical MVP1 Error Handling should handle user permission violations" name="War Room Graph Sync - P0 Critical MVP1 Error Handling should handle user permission violations" time="0">
      <failure>Error: thrown: &quot;Exceeded timeout of 30000 ms for a hook while waiting for `done()` to be called.
Add a timeout value to this test to increase the timeout, if this is a long-running test. See https://jestjs.io/docs/api#testname-fn-timeout.&quot;
    at beforeAll (/Users/brianlong/Documents/GitHub/intelgraph/server/src/tests/warRoomSync.test.js:17:3)
    at _dispatchDescribe (/Users/brianlong/Documents/GitHub/intelgraph/server/node_modules/jest-circus/build/index.js:91:26)
    at describe (/Users/brianlong/Documents/GitHub/intelgraph/server/node_modules/jest-circus/build/index.js:55:5)
    at Object.describe (/Users/brianlong/Documents/GitHub/intelgraph/server/src/tests/warRoomSync.test.js:11:1)
    at Runtime._execModule (/Users/brianlong/Documents/GitHub/intelgraph/server/node_modules/jest-runtime/build/index.js:1439:24)
    at Runtime._loadModule (/Users/brianlong/Documents/GitHub/intelgraph/server/node_modules/jest-runtime/build/index.js:1022:12)
    at Runtime.requireModule (/Users/brianlong/Documents/GitHub/intelgraph/server/node_modules/jest-runtime/build/index.js:882:12)
    at jestAdapter (/Users/brianlong/Documents/GitHub/intelgraph/server/node_modules/jest-circus/build/legacy-code-todo-rewrite/jestAdapter.js:77:13)
    at processTicksAndRejections (node:internal/process/task_queues:105:5)
    at runTestInternal (/Users/brianlong/Documents/GitHub/intelgraph/server/node_modules/jest-runner/build/runTest.js:367:16)
    at runTest (/Users/brianlong/Documents/GitHub/intelgraph/server/node_modules/jest-runner/build/runTest.js:444:34)
    at Object.worker (/Users/brianlong/Documents/GitHub/intelgraph/server/node_modules/jest-runner/build/testWorker.js:106:12)</failure>
    </testcase>
  </testsuite>
  <testsuite name="War Room Graph Sync - P0 Critical MVP1" errors="0" failures="9" skipped="0" timestamp="2025-08-14T19:28:21" time="30.284" tests="9">
    <testcase classname="War Room Graph Sync - P0 Critical MVP1 P0 Requirement: &lt;300ms Latency should initialize war room in under 50ms" name="War Room Graph Sync - P0 Critical MVP1 P0 Requirement: &lt;300ms Latency should initialize war room in under 50ms" time="0.005">
      <failure>Error: thrown: &quot;Exceeded timeout of 30000 ms for a hook while waiting for `done()` to be called.
Add a timeout value to this test to increase the timeout, if this is a long-running test. See https://jestjs.io/docs/api#testname-fn-timeout.&quot;
    at beforeAll (/Users/brianlong/Documents/GitHub/intelgraph/server/src/tests/warRoomSync.test.js:17:3)
    at _dispatchDescribe (/Users/brianlong/Documents/GitHub/intelgraph/server/node_modules/jest-circus/build/index.js:91:26)
    at describe (/Users/brianlong/Documents/GitHub/intelgraph/server/node_modules/jest-circus/build/index.js:55:5)
    at Object.describe (/Users/brianlong/Documents/GitHub/intelgraph/server/src/tests/warRoomSync.test.js:11:1)
    at Runtime._execModule (/Users/brianlong/Documents/GitHub/intelgraph/server/node_modules/jest-runtime/build/index.js:1439:24)
    at Runtime._loadModule (/Users/brianlong/Documents/GitHub/intelgraph/server/node_modules/jest-runtime/build/index.js:1022:12)
    at Runtime.requireModule (/Users/brianlong/Documents/GitHub/intelgraph/server/node_modules/jest-runtime/build/index.js:882:12)
    at jestAdapter (/Users/brianlong/Documents/GitHub/intelgraph/server/node_modules/jest-circus/build/legacy-code-todo-rewrite/jestAdapter.js:77:13)
    at processTicksAndRejections (node:internal/process/task_queues:105:5)
    at runTestInternal (/Users/brianlong/Documents/GitHub/intelgraph/server/node_modules/jest-runner/build/runTest.js:367:16)
    at runTest (/Users/brianlong/Documents/GitHub/intelgraph/server/node_modules/jest-runner/build/runTest.js:444:34)
    at Object.worker (/Users/brianlong/Documents/GitHub/intelgraph/server/node_modules/jest-runner/build/testWorker.js:106:12)</failure>
    </testcase>
    <testcase classname="War Room Graph Sync - P0 Critical MVP1 P0 Requirement: &lt;300ms Latency should handle graph operations with &lt;300ms latency" name="War Room Graph Sync - P0 Critical MVP1 P0 Requirement: &lt;300ms Latency should handle graph operations with &lt;300ms latency" time="0">
      <failure>Error: thrown: &quot;Exceeded timeout of 30000 ms for a hook while waiting for `done()` to be called.
Add a timeout value to this test to increase the timeout, if this is a long-running test. See https://jestjs.io/docs/api#testname-fn-timeout.&quot;
    at beforeAll (/Users/brianlong/Documents/GitHub/intelgraph/server/src/tests/warRoomSync.test.js:17:3)
    at _dispatchDescribe (/Users/brianlong/Documents/GitHub/intelgraph/server/node_modules/jest-circus/build/index.js:91:26)
    at describe (/Users/brianlong/Documents/GitHub/intelgraph/server/node_modules/jest-circus/build/index.js:55:5)
    at Object.describe (/Users/brianlong/Documents/GitHub/intelgraph/server/src/tests/warRoomSync.test.js:11:1)
    at Runtime._execModule (/Users/brianlong/Documents/GitHub/intelgraph/server/node_modules/jest-runtime/build/index.js:1439:24)
    at Runtime._loadModule (/Users/brianlong/Documents/GitHub/intelgraph/server/node_modules/jest-runtime/build/index.js:1022:12)
    at Runtime.requireModule (/Users/brianlong/Documents/GitHub/intelgraph/server/node_modules/jest-runtime/build/index.js:882:12)
    at jestAdapter (/Users/brianlong/Documents/GitHub/intelgraph/server/node_modules/jest-circus/build/legacy-code-todo-rewrite/jestAdapter.js:77:13)
    at processTicksAndRejections (node:internal/process/task_queues:105:5)
    at runTestInternal (/Users/brianlong/Documents/GitHub/intelgraph/server/node_modules/jest-runner/build/runTest.js:367:16)
    at runTest (/Users/brianlong/Documents/GitHub/intelgraph/server/node_modules/jest-runner/build/runTest.js:444:34)
    at Object.worker (/Users/brianlong/Documents/GitHub/intelgraph/server/node_modules/jest-runner/build/testWorker.js:106:12)</failure>
    </testcase>
    <testcase classname="War Room Graph Sync - P0 Critical MVP1 P0 Requirement: &lt;300ms Latency should handle concurrent operations without conflicts" name="War Room Graph Sync - P0 Critical MVP1 P0 Requirement: &lt;300ms Latency should handle concurrent operations without conflicts" time="0">
      <failure>Error: thrown: &quot;Exceeded timeout of 30000 ms for a hook while waiting for `done()` to be called.
Add a timeout value to this test to increase the timeout, if this is a long-running test. See https://jestjs.io/docs/api#testname-fn-timeout.&quot;
    at beforeAll (/Users/brianlong/Documents/GitHub/intelgraph/server/src/tests/warRoomSync.test.js:17:3)
    at _dispatchDescribe (/Users/brianlong/Documents/GitHub/intelgraph/server/node_modules/jest-circus/build/index.js:91:26)
    at describe (/Users/brianlong/Documents/GitHub/intelgraph/server/node_modules/jest-circus/build/index.js:55:5)
    at Object.describe (/Users/brianlong/Documents/GitHub/intelgraph/server/src/tests/warRoomSync.test.js:11:1)
    at Runtime._execModule (/Users/brianlong/Documents/GitHub/intelgraph/server/node_modules/jest-runtime/build/index.js:1439:24)
    at Runtime._loadModule (/Users/brianlong/Documents/GitHub/intelgraph/server/node_modules/jest-runtime/build/index.js:1022:12)
    at Runtime.requireModule (/Users/brianlong/Documents/GitHub/intelgraph/server/node_modules/jest-runtime/build/index.js:882:12)
    at jestAdapter (/Users/brianlong/Documents/GitHub/intelgraph/server/node_modules/jest-circus/build/legacy-code-todo-rewrite/jestAdapter.js:77:13)
    at processTicksAndRejections (node:internal/process/task_queues:105:5)
    at runTestInternal (/Users/brianlong/Documents/GitHub/intelgraph/server/node_modules/jest-runner/build/runTest.js:367:16)
    at runTest (/Users/brianlong/Documents/GitHub/intelgraph/server/node_modules/jest-runner/build/runTest.js:444:34)
    at Object.worker (/Users/brianlong/Documents/GitHub/intelgraph/server/node_modules/jest-runner/build/testWorker.js:106:12)</failure>
    </testcase>
    <testcase classname="War Room Graph Sync - P0 Critical MVP1 P0 Requirement: &lt;300ms Latency should resolve conflicts quickly" name="War Room Graph Sync - P0 Critical MVP1 P0 Requirement: &lt;300ms Latency should resolve conflicts quickly" time="0">
      <failure>Error: thrown: &quot;Exceeded timeout of 30000 ms for a hook while waiting for `done()` to be called.
Add a timeout value to this test to increase the timeout, if this is a long-running test. See https://jestjs.io/docs/api#testname-fn-timeout.&quot;
    at beforeAll (/Users/brianlong/Documents/GitHub/intelgraph/server/src/tests/warRoomSync.test.js:17:3)
    at _dispatchDescribe (/Users/brianlong/Documents/GitHub/intelgraph/server/node_modules/jest-circus/build/index.js:91:26)
    at describe (/Users/brianlong/Documents/GitHub/intelgraph/server/node_modules/jest-circus/build/index.js:55:5)
    at Object.describe (/Users/brianlong/Documents/GitHub/intelgraph/server/src/tests/warRoomSync.test.js:11:1)
    at Runtime._execModule (/Users/brianlong/Documents/GitHub/intelgraph/server/node_modules/jest-runtime/build/index.js:1439:24)
    at Runtime._loadModule (/Users/brianlong/Documents/GitHub/intelgraph/server/node_modules/jest-runtime/build/index.js:1022:12)
    at Runtime.requireModule (/Users/brianlong/Documents/GitHub/intelgraph/server/node_modules/jest-runtime/build/index.js:882:12)
    at jestAdapter (/Users/brianlong/Documents/GitHub/intelgraph/server/node_modules/jest-circus/build/legacy-code-todo-rewrite/jestAdapter.js:77:13)
    at processTicksAndRejections (node:internal/process/task_queues:105:5)
    at runTestInternal (/Users/brianlong/Documents/GitHub/intelgraph/server/node_modules/jest-runner/build/runTest.js:367:16)
    at runTest (/Users/brianlong/Documents/GitHub/intelgraph/server/node_modules/jest-runner/build/runTest.js:444:34)
    at Object.worker (/Users/brianlong/Documents/GitHub/intelgraph/server/node_modules/jest-runner/build/testWorker.js:106:12)</failure>
    </testcase>
    <testcase classname="War Room Graph Sync - P0 Critical MVP1 Operational Transform should transform concurrent operations correctly" name="War Room Graph Sync - P0 Critical MVP1 Operational Transform should transform concurrent operations correctly" time="0">
      <failure>Error: thrown: &quot;Exceeded timeout of 30000 ms for a hook while waiting for `done()` to be called.
Add a timeout value to this test to increase the timeout, if this is a long-running test. See https://jestjs.io/docs/api#testname-fn-timeout.&quot;
    at beforeAll (/Users/brianlong/Documents/GitHub/intelgraph/server/src/tests/warRoomSync.test.js:17:3)
    at _dispatchDescribe (/Users/brianlong/Documents/GitHub/intelgraph/server/node_modules/jest-circus/build/index.js:91:26)
    at describe (/Users/brianlong/Documents/GitHub/intelgraph/server/node_modules/jest-circus/build/index.js:55:5)
    at Object.describe (/Users/brianlong/Documents/GitHub/intelgraph/server/src/tests/warRoomSync.test.js:11:1)
    at Runtime._execModule (/Users/brianlong/Documents/GitHub/intelgraph/server/node_modules/jest-runtime/build/index.js:1439:24)
    at Runtime._loadModule (/Users/brianlong/Documents/GitHub/intelgraph/server/node_modules/jest-runtime/build/index.js:1022:12)
    at Runtime.requireModule (/Users/brianlong/Documents/GitHub/intelgraph/server/node_modules/jest-runtime/build/index.js:882:12)
    at jestAdapter (/Users/brianlong/Documents/GitHub/intelgraph/server/node_modules/jest-circus/build/legacy-code-todo-rewrite/jestAdapter.js:77:13)
    at processTicksAndRejections (node:internal/process/task_queues:105:5)
    at runTestInternal (/Users/brianlong/Documents/GitHub/intelgraph/server/node_modules/jest-runner/build/runTest.js:367:16)
    at runTest (/Users/brianlong/Documents/GitHub/intelgraph/server/node_modules/jest-runner/build/runTest.js:444:34)
    at Object.worker (/Users/brianlong/Documents/GitHub/intelgraph/server/node_modules/jest-runner/build/testWorker.js:106:12)</failure>
    </testcase>
    <testcase classname="War Room Graph Sync - P0 Critical MVP1 Performance Metrics should track performance metrics accurately" name="War Room Graph Sync - P0 Critical MVP1 Performance Metrics should track performance metrics accurately" time="0">
      <failure>Error: thrown: &quot;Exceeded timeout of 30000 ms for a hook while waiting for `done()` to be called.
Add a timeout value to this test to increase the timeout, if this is a long-running test. See https://jestjs.io/docs/api#testname-fn-timeout.&quot;
    at beforeAll (/Users/brianlong/Documents/GitHub/intelgraph/server/src/tests/warRoomSync.test.js:17:3)
    at _dispatchDescribe (/Users/brianlong/Documents/GitHub/intelgraph/server/node_modules/jest-circus/build/index.js:91:26)
    at describe (/Users/brianlong/Documents/GitHub/intelgraph/server/node_modules/jest-circus/build/index.js:55:5)
    at Object.describe (/Users/brianlong/Documents/GitHub/intelgraph/server/src/tests/warRoomSync.test.js:11:1)
    at Runtime._execModule (/Users/brianlong/Documents/GitHub/intelgraph/server/node_modules/jest-runtime/build/index.js:1439:24)
    at Runtime._loadModule (/Users/brianlong/Documents/GitHub/intelgraph/server/node_modules/jest-runtime/build/index.js:1022:12)
    at Runtime.requireModule (/Users/brianlong/Documents/GitHub/intelgraph/server/node_modules/jest-runtime/build/index.js:882:12)
    at jestAdapter (/Users/brianlong/Documents/GitHub/intelgraph/server/node_modules/jest-circus/build/legacy-code-todo-rewrite/jestAdapter.js:77:13)
    at processTicksAndRejections (node:internal/process/task_queues:105:5)
    at runTestInternal (/Users/brianlong/Documents/GitHub/intelgraph/server/node_modules/jest-runner/build/runTest.js:367:16)
    at runTest (/Users/brianlong/Documents/GitHub/intelgraph/server/node_modules/jest-runner/build/runTest.js:444:34)
    at Object.worker (/Users/brianlong/Documents/GitHub/intelgraph/server/node_modules/jest-runner/build/testWorker.js:106:12)</failure>
    </testcase>
    <testcase classname="War Room Graph Sync - P0 Critical MVP1 Performance Metrics should provide room statistics" name="War Room Graph Sync - P0 Critical MVP1 Performance Metrics should provide room statistics" time="0">
      <failure>Error: thrown: &quot;Exceeded timeout of 30000 ms for a hook while waiting for `done()` to be called.
Add a timeout value to this test to increase the timeout, if this is a long-running test. See https://jestjs.io/docs/api#testname-fn-timeout.&quot;
    at beforeAll (/Users/brianlong/Documents/GitHub/intelgraph/server/src/tests/warRoomSync.test.js:17:3)
    at _dispatchDescribe (/Users/brianlong/Documents/GitHub/intelgraph/server/node_modules/jest-circus/build/index.js:91:26)
    at describe (/Users/brianlong/Documents/GitHub/intelgraph/server/node_modules/jest-circus/build/index.js:55:5)
    at Object.describe (/Users/brianlong/Documents/GitHub/intelgraph/server/src/tests/warRoomSync.test.js:11:1)
    at Runtime._execModule (/Users/brianlong/Documents/GitHub/intelgraph/server/node_modules/jest-runtime/build/index.js:1439:24)
    at Runtime._loadModule (/Users/brianlong/Documents/GitHub/intelgraph/server/node_modules/jest-runtime/build/index.js:1022:12)
    at Runtime.requireModule (/Users/brianlong/Documents/GitHub/intelgraph/server/node_modules/jest-runtime/build/index.js:882:12)
    at jestAdapter (/Users/brianlong/Documents/GitHub/intelgraph/server/node_modules/jest-circus/build/legacy-code-todo-rewrite/jestAdapter.js:77:13)
    at processTicksAndRejections (node:internal/process/task_queues:105:5)
    at runTestInternal (/Users/brianlong/Documents/GitHub/intelgraph/server/node_modules/jest-runner/build/runTest.js:367:16)
    at runTest (/Users/brianlong/Documents/GitHub/intelgraph/server/node_modules/jest-runner/build/runTest.js:444:34)
    at Object.worker (/Users/brianlong/Documents/GitHub/intelgraph/server/node_modules/jest-runner/build/testWorker.js:106:12)</failure>
    </testcase>
    <testcase classname="War Room Graph Sync - P0 Critical MVP1 Error Handling should handle invalid operations gracefully" name="War Room Graph Sync - P0 Critical MVP1 Error Handling should handle invalid operations gracefully" time="0">
      <failure>Error: thrown: &quot;Exceeded timeout of 30000 ms for a hook while waiting for `done()` to be called.
Add a timeout value to this test to increase the timeout, if this is a long-running test. See https://jestjs.io/docs/api#testname-fn-timeout.&quot;
    at beforeAll (/Users/brianlong/Documents/GitHub/intelgraph/server/src/tests/warRoomSync.test.js:17:3)
    at _dispatchDescribe (/Users/brianlong/Documents/GitHub/intelgraph/server/node_modules/jest-circus/build/index.js:91:26)
    at describe (/Users/brianlong/Documents/GitHub/intelgraph/server/node_modules/jest-circus/build/index.js:55:5)
    at Object.describe (/Users/brianlong/Documents/GitHub/intelgraph/server/src/tests/warRoomSync.test.js:11:1)
    at Runtime._execModule (/Users/brianlong/Documents/GitHub/intelgraph/server/node_modules/jest-runtime/build/index.js:1439:24)
    at Runtime._loadModule (/Users/brianlong/Documents/GitHub/intelgraph/server/node_modules/jest-runtime/build/index.js:1022:12)
    at Runtime.requireModule (/Users/brianlong/Documents/GitHub/intelgraph/server/node_modules/jest-runtime/build/index.js:882:12)
    at jestAdapter (/Users/brianlong/Documents/GitHub/intelgraph/server/node_modules/jest-circus/build/legacy-code-todo-rewrite/jestAdapter.js:77:13)
    at processTicksAndRejections (node:internal/process/task_queues:105:5)
    at runTestInternal (/Users/brianlong/Documents/GitHub/intelgraph/server/node_modules/jest-runner/build/runTest.js:367:16)
    at runTest (/Users/brianlong/Documents/GitHub/intelgraph/server/node_modules/jest-runner/build/runTest.js:444:34)
    at Object.worker (/Users/brianlong/Documents/GitHub/intelgraph/server/node_modules/jest-runner/build/testWorker.js:106:12)</failure>
    </testcase>
    <testcase classname="War Room Graph Sync - P0 Critical MVP1 Error Handling should handle user permission violations" name="War Room Graph Sync - P0 Critical MVP1 Error Handling should handle user permission violations" time="0">
      <failure>Error: thrown: &quot;Exceeded timeout of 30000 ms for a hook while waiting for `done()` to be called.
Add a timeout value to this test to increase the timeout, if this is a long-running test. See https://jestjs.io/docs/api#testname-fn-timeout.&quot;
    at beforeAll (/Users/brianlong/Documents/GitHub/intelgraph/server/src/tests/warRoomSync.test.js:17:3)
    at _dispatchDescribe (/Users/brianlong/Documents/GitHub/intelgraph/server/node_modules/jest-circus/build/index.js:91:26)
    at describe (/Users/brianlong/Documents/GitHub/intelgraph/server/node_modules/jest-circus/build/index.js:55:5)
    at Object.describe (/Users/brianlong/Documents/GitHub/intelgraph/server/src/tests/warRoomSync.test.js:11:1)
    at Runtime._execModule (/Users/brianlong/Documents/GitHub/intelgraph/server/node_modules/jest-runtime/build/index.js:1439:24)
    at Runtime._loadModule (/Users/brianlong/Documents/GitHub/intelgraph/server/node_modules/jest-runtime/build/index.js:1022:12)
    at Runtime.requireModule (/Users/brianlong/Documents/GitHub/intelgraph/server/node_modules/jest-runtime/build/index.js:882:12)
    at jestAdapter (/Users/brianlong/Documents/GitHub/intelgraph/server/node_modules/jest-circus/build/legacy-code-todo-rewrite/jestAdapter.js:77:13)
    at processTicksAndRejections (node:internal/process/task_queues:105:5)
    at runTestInternal (/Users/brianlong/Documents/GitHub/intelgraph/server/node_modules/jest-runner/build/runTest.js:367:16)
    at runTest (/Users/brianlong/Documents/GitHub/intelgraph/server/node_modules/jest-runner/build/runTest.js:444:34)
    at Object.worker (/Users/brianlong/Documents/GitHub/intelgraph/server/node_modules/jest-runner/build/testWorker.js:106:12)</failure>
    </testcase>
  </testsuite>
  <testsuite name="Visualization Service - P2 Priority" errors="0" failures="1" skipped="0" timestamp="2025-08-14T19:28:51" time="0.192" tests="36">
    <testcase classname="Visualization Service - P2 Priority Visualization Engine Initialization should initialize all supported visualization types" name="Visualization Service - P2 Priority Visualization Engine Initialization should initialize all supported visualization types" time="0.002">
    </testcase>
    <testcase classname="Visualization Service - P2 Priority Visualization Engine Initialization should configure rendering engines correctly" name="Visualization Service - P2 Priority Visualization Engine Initialization should configure rendering engines correctly" time="0">
    </testcase>
    <testcase classname="Visualization Service - P2 Priority Visualization Engine Initialization should validate engine-type compatibility" name="Visualization Service - P2 Priority Visualization Engine Initialization should validate engine-type compatibility" time="0.001">
    </testcase>
    <testcase classname="Visualization Service - P2 Priority Visualization Creation should create network graph visualizations" name="Visualization Service - P2 Priority Visualization Creation should create network graph visualizations" time="0.001">
    </testcase>
    <testcase classname="Visualization Service - P2 Priority Visualization Creation should create timeline visualizations" name="Visualization Service - P2 Priority Visualization Creation should create timeline visualizations" time="0.001">
    </testcase>
    <testcase classname="Visualization Service - P2 Priority Visualization Creation should create geospatial map visualizations" name="Visualization Service - P2 Priority Visualization Creation should create geospatial map visualizations" time="0.001">
      <failure>Error: expect(received).toBe(expected) // Object.is equality

Expected: &quot;GEOSPATIAL_MAP&quot;
Received: undefined
    at Object.toBe (/Users/brianlong/Documents/GitHub/intelgraph/server/src/tests/visualizationService.test.js:210:34)
    at processTicksAndRejections (node:internal/process/task_queues:105:5)</failure>
    </testcase>
    <testcase classname="Visualization Service - P2 Priority Visualization Creation should create hierarchical tree visualizations" name="Visualization Service - P2 Priority Visualization Creation should create hierarchical tree visualizations" time="0">
    </testcase>
    <testcase classname="Visualization Service - P2 Priority Advanced Visualization Types should create matrix visualizations" name="Visualization Service - P2 Priority Advanced Visualization Types should create matrix visualizations" time="0.001">
    </testcase>
    <testcase classname="Visualization Service - P2 Priority Advanced Visualization Types should create Sankey diagram visualizations" name="Visualization Service - P2 Priority Advanced Visualization Types should create Sankey diagram visualizations" time="0">
    </testcase>
    <testcase classname="Visualization Service - P2 Priority Advanced Visualization Types should create 3D force-directed visualizations" name="Visualization Service - P2 Priority Advanced Visualization Types should create 3D force-directed visualizations" time="0">
    </testcase>
    <testcase classname="Visualization Service - P2 Priority Interactive Features should handle node selection and highlighting" name="Visualization Service - P2 Priority Interactive Features should handle node selection and highlighting" time="0.001">
    </testcase>
    <testcase classname="Visualization Service - P2 Priority Interactive Features should support node filtering and search" name="Visualization Service - P2 Priority Interactive Features should support node filtering and search" time="0">
    </testcase>
    <testcase classname="Visualization Service - P2 Priority Interactive Features should handle layout changes" name="Visualization Service - P2 Priority Interactive Features should handle layout changes" time="0">
    </testcase>
    <testcase classname="Visualization Service - P2 Priority Interactive Features should support zoom and pan operations" name="Visualization Service - P2 Priority Interactive Features should support zoom and pan operations" time="0.001">
    </testcase>
    <testcase classname="Visualization Service - P2 Priority Export Functionality should export visualizations to PNG format" name="Visualization Service - P2 Priority Export Functionality should export visualizations to PNG format" time="0">
    </testcase>
    <testcase classname="Visualization Service - P2 Priority Export Functionality should export visualizations to SVG format" name="Visualization Service - P2 Priority Export Functionality should export visualizations to SVG format" time="0">
    </testcase>
    <testcase classname="Visualization Service - P2 Priority Export Functionality should export visualizations to JSON format" name="Visualization Service - P2 Priority Export Functionality should export visualizations to JSON format" time="0">
    </testcase>
    <testcase classname="Visualization Service - P2 Priority Export Functionality should export interactive HTML visualizations" name="Visualization Service - P2 Priority Export Functionality should export interactive HTML visualizations" time="0.001">
    </testcase>
    <testcase classname="Visualization Service - P2 Priority Layout Algorithms should implement force-directed layout" name="Visualization Service - P2 Priority Layout Algorithms should implement force-directed layout" time="0">
    </testcase>
    <testcase classname="Visualization Service - P2 Priority Layout Algorithms should implement hierarchical layout" name="Visualization Service - P2 Priority Layout Algorithms should implement hierarchical layout" time="0.001">
    </testcase>
    <testcase classname="Visualization Service - P2 Priority Layout Algorithms should implement circular layout" name="Visualization Service - P2 Priority Layout Algorithms should implement circular layout" time="0.001">
    </testcase>
    <testcase classname="Visualization Service - P2 Priority Layout Algorithms should implement grid layout" name="Visualization Service - P2 Priority Layout Algorithms should implement grid layout" time="0">
    </testcase>
    <testcase classname="Visualization Service - P2 Priority Real-time Updates should handle real-time node additions" name="Visualization Service - P2 Priority Real-time Updates should handle real-time node additions" time="0">
    </testcase>
    <testcase classname="Visualization Service - P2 Priority Real-time Updates should handle real-time edge additions" name="Visualization Service - P2 Priority Real-time Updates should handle real-time edge additions" time="0.001">
    </testcase>
    <testcase classname="Visualization Service - P2 Priority Real-time Updates should handle node property updates" name="Visualization Service - P2 Priority Real-time Updates should handle node property updates" time="0">
    </testcase>
    <testcase classname="Visualization Service - P2 Priority Performance Optimization should implement level-of-detail rendering" name="Visualization Service - P2 Priority Performance Optimization should implement level-of-detail rendering" time="0.004">
    </testcase>
    <testcase classname="Visualization Service - P2 Priority Performance Optimization should implement node clustering for large graphs" name="Visualization Service - P2 Priority Performance Optimization should implement node clustering for large graphs" time="0.007">
    </testcase>
    <testcase classname="Visualization Service - P2 Priority Performance Optimization should implement edge bundling for complex networks" name="Visualization Service - P2 Priority Performance Optimization should implement edge bundling for complex networks" time="0">
    </testcase>
    <testcase classname="Visualization Service - P2 Priority Visualization Management should save and load visualization configurations" name="Visualization Service - P2 Priority Visualization Management should save and load visualization configurations" time="0.001">
    </testcase>
    <testcase classname="Visualization Service - P2 Priority Visualization Management should share visualizations between users" name="Visualization Service - P2 Priority Visualization Management should share visualizations between users" time="0">
    </testcase>
    <testcase classname="Visualization Service - P2 Priority Visualization Management should create visualization snapshots" name="Visualization Service - P2 Priority Visualization Management should create visualization snapshots" time="0">
    </testcase>
    <testcase classname="Visualization Service - P2 Priority Metrics and Analytics should track visualization usage metrics" name="Visualization Service - P2 Priority Metrics and Analytics should track visualization usage metrics" time="0">
    </testcase>
    <testcase classname="Visualization Service - P2 Priority Metrics and Analytics should provide performance analytics" name="Visualization Service - P2 Priority Metrics and Analytics should provide performance analytics" time="0.001">
    </testcase>
    <testcase classname="Visualization Service - P2 Priority Error Handling should handle data loading failures gracefully" name="Visualization Service - P2 Priority Error Handling should handle data loading failures gracefully" time="0">
    </testcase>
    <testcase classname="Visualization Service - P2 Priority Error Handling should validate visualization parameters" name="Visualization Service - P2 Priority Error Handling should validate visualization parameters" time="0.01">
    </testcase>
    <testcase classname="Visualization Service Performance should handle large graph rendering efficiently" name="Visualization Service Performance should handle large graph rendering efficiently" time="0.014">
    </testcase>
  </testsuite>
  <testsuite name="Entity Model System" errors="0" failures="12" skipped="0" timestamp="2025-08-14T19:28:51" time="0.298" tests="12">
    <testcase classname="Entity Model System Migration System should initialize migration tracking table" name="Entity Model System Migration System should initialize migration tracking table" time="0">
      <failure>AggregateError: 
    at /Users/brianlong/Documents/GitHub/intelgraph/server/node_modules/pg-pool/index.js:45:11
    at processTicksAndRejections (node:internal/process/task_queues:105:5)
    at connectPostgres (/Users/brianlong/Documents/GitHub/intelgraph/server/src/config/database.js:112:20)
    at Object.&lt;anonymous&gt; (/Users/brianlong/Documents/GitHub/intelgraph/server/src/tests/entityModel.test.js:13:5)</failure>
    </testcase>
    <testcase classname="Entity Model System Migration System should get migration status" name="Entity Model System Migration System should get migration status" time="0">
      <failure>AggregateError: 
    at /Users/brianlong/Documents/GitHub/intelgraph/server/node_modules/pg-pool/index.js:45:11
    at processTicksAndRejections (node:internal/process/task_queues:105:5)
    at connectPostgres (/Users/brianlong/Documents/GitHub/intelgraph/server/src/config/database.js:112:20)
    at Object.&lt;anonymous&gt; (/Users/brianlong/Documents/GitHub/intelgraph/server/src/tests/entityModel.test.js:13:5)</failure>
    </testcase>
    <testcase classname="Entity Model System Migration System should track applied migrations" name="Entity Model System Migration System should track applied migrations" time="0">
      <failure>AggregateError: 
    at /Users/brianlong/Documents/GitHub/intelgraph/server/node_modules/pg-pool/index.js:45:11
    at processTicksAndRejections (node:internal/process/task_queues:105:5)
    at connectPostgres (/Users/brianlong/Documents/GitHub/intelgraph/server/src/config/database.js:112:20)
    at Object.&lt;anonymous&gt; (/Users/brianlong/Documents/GitHub/intelgraph/server/src/tests/entityModel.test.js:13:5)</failure>
    </testcase>
    <testcase classname="Entity Model System Entity Model Constraints should enforce unique entity IDs" name="Entity Model System Entity Model Constraints should enforce unique entity IDs" time="0.001">
      <failure>AggregateError: 
    at /Users/brianlong/Documents/GitHub/intelgraph/server/node_modules/pg-pool/index.js:45:11
    at processTicksAndRejections (node:internal/process/task_queues:105:5)
    at connectPostgres (/Users/brianlong/Documents/GitHub/intelgraph/server/src/config/database.js:112:20)
    at Object.&lt;anonymous&gt; (/Users/brianlong/Documents/GitHub/intelgraph/server/src/tests/entityModel.test.js:13:5)</failure>
    </testcase>
    <testcase classname="Entity Model System Entity Model Constraints should enforce required fields" name="Entity Model System Entity Model Constraints should enforce required fields" time="0">
      <failure>AggregateError: 
    at /Users/brianlong/Documents/GitHub/intelgraph/server/node_modules/pg-pool/index.js:45:11
    at processTicksAndRejections (node:internal/process/task_queues:105:5)
    at connectPostgres (/Users/brianlong/Documents/GitHub/intelgraph/server/src/config/database.js:112:20)
    at Object.&lt;anonymous&gt; (/Users/brianlong/Documents/GitHub/intelgraph/server/src/tests/entityModel.test.js:13:5)</failure>
    </testcase>
    <testcase classname="Entity Model System Entity Model Constraints should enforce email format for EMAIL entities" name="Entity Model System Entity Model Constraints should enforce email format for EMAIL entities" time="0">
      <failure>AggregateError: 
    at /Users/brianlong/Documents/GitHub/intelgraph/server/node_modules/pg-pool/index.js:45:11
    at processTicksAndRejections (node:internal/process/task_queues:105:5)
    at connectPostgres (/Users/brianlong/Documents/GitHub/intelgraph/server/src/config/database.js:112:20)
    at Object.&lt;anonymous&gt; (/Users/brianlong/Documents/GitHub/intelgraph/server/src/tests/entityModel.test.js:13:5)</failure>
    </testcase>
    <testcase classname="Entity Model System Entity Model Service should get entity statistics" name="Entity Model System Entity Model Service should get entity statistics" time="0">
      <failure>AggregateError: 
    at /Users/brianlong/Documents/GitHub/intelgraph/server/node_modules/pg-pool/index.js:45:11
    at processTicksAndRejections (node:internal/process/task_queues:105:5)
    at connectPostgres (/Users/brianlong/Documents/GitHub/intelgraph/server/src/config/database.js:112:20)
    at Object.&lt;anonymous&gt; (/Users/brianlong/Documents/GitHub/intelgraph/server/src/tests/entityModel.test.js:13:5)</failure>
      <failure>Error: Neo4j driver not initialized
    at getNeo4jDriver (/Users/brianlong/Documents/GitHub/intelgraph/server/src/config/database.js:266:27)
    at Object.getNeo4jDriver (/Users/brianlong/Documents/GitHub/intelgraph/server/src/tests/entityModel.test.js:181:22)
    at Promise.then.completed (/Users/brianlong/Documents/GitHub/intelgraph/server/node_modules/jest-circus/build/utils.js:298:28)
    at new Promise (&lt;anonymous&gt;)
    at callAsyncCircusFn (/Users/brianlong/Documents/GitHub/intelgraph/server/node_modules/jest-circus/build/utils.js:231:10)
    at _callCircusHook (/Users/brianlong/Documents/GitHub/intelgraph/server/node_modules/jest-circus/build/run.js:281:40)
    at processTicksAndRejections (node:internal/process/task_queues:105:5)
    at _runTest (/Users/brianlong/Documents/GitHub/intelgraph/server/node_modules/jest-circus/build/run.js:254:5)
    at _runTestsForDescribeBlock (/Users/brianlong/Documents/GitHub/intelgraph/server/node_modules/jest-circus/build/run.js:126:9)
    at _runTestsForDescribeBlock (/Users/brianlong/Documents/GitHub/intelgraph/server/node_modules/jest-circus/build/run.js:121:9)
    at _runTestsForDescribeBlock (/Users/brianlong/Documents/GitHub/intelgraph/server/node_modules/jest-circus/build/run.js:121:9)
    at run (/Users/brianlong/Documents/GitHub/intelgraph/server/node_modules/jest-circus/build/run.js:71:3)
    at runAndTransformResultsToJestFormat (/Users/brianlong/Documents/GitHub/intelgraph/server/node_modules/jest-circus/build/legacy-code-todo-rewrite/jestAdapterInit.js:122:21)
    at jestAdapter (/Users/brianlong/Documents/GitHub/intelgraph/server/node_modules/jest-circus/build/legacy-code-todo-rewrite/jestAdapter.js:79:19)
    at runTestInternal (/Users/brianlong/Documents/GitHub/intelgraph/server/node_modules/jest-runner/build/runTest.js:367:16)
    at runTest (/Users/brianlong/Documents/GitHub/intelgraph/server/node_modules/jest-runner/build/runTest.js:444:34)
    at Object.worker (/Users/brianlong/Documents/GitHub/intelgraph/server/node_modules/jest-runner/build/testWorker.js:106:12)</failure>
    </testcase>
    <testcase classname="Entity Model System Entity Model Service should find hub entities" name="Entity Model System Entity Model Service should find hub entities" time="0">
      <failure>AggregateError: 
    at /Users/brianlong/Documents/GitHub/intelgraph/server/node_modules/pg-pool/index.js:45:11
    at processTicksAndRejections (node:internal/process/task_queues:105:5)
    at connectPostgres (/Users/brianlong/Documents/GitHub/intelgraph/server/src/config/database.js:112:20)
    at Object.&lt;anonymous&gt; (/Users/brianlong/Documents/GitHub/intelgraph/server/src/tests/entityModel.test.js:13:5)</failure>
      <failure>Error: Neo4j driver not initialized
    at getNeo4jDriver (/Users/brianlong/Documents/GitHub/intelgraph/server/src/config/database.js:266:27)
    at Object.getNeo4jDriver (/Users/brianlong/Documents/GitHub/intelgraph/server/src/tests/entityModel.test.js:181:22)
    at Promise.then.completed (/Users/brianlong/Documents/GitHub/intelgraph/server/node_modules/jest-circus/build/utils.js:298:28)
    at new Promise (&lt;anonymous&gt;)
    at callAsyncCircusFn (/Users/brianlong/Documents/GitHub/intelgraph/server/node_modules/jest-circus/build/utils.js:231:10)
    at _callCircusHook (/Users/brianlong/Documents/GitHub/intelgraph/server/node_modules/jest-circus/build/run.js:281:40)
    at processTicksAndRejections (node:internal/process/task_queues:105:5)
    at _runTest (/Users/brianlong/Documents/GitHub/intelgraph/server/node_modules/jest-circus/build/run.js:254:5)
    at _runTestsForDescribeBlock (/Users/brianlong/Documents/GitHub/intelgraph/server/node_modules/jest-circus/build/run.js:126:9)
    at _runTestsForDescribeBlock (/Users/brianlong/Documents/GitHub/intelgraph/server/node_modules/jest-circus/build/run.js:121:9)
    at _runTestsForDescribeBlock (/Users/brianlong/Documents/GitHub/intelgraph/server/node_modules/jest-circus/build/run.js:121:9)
    at run (/Users/brianlong/Documents/GitHub/intelgraph/server/node_modules/jest-circus/build/run.js:71:3)
    at runAndTransformResultsToJestFormat (/Users/brianlong/Documents/GitHub/intelgraph/server/node_modules/jest-circus/build/legacy-code-todo-rewrite/jestAdapterInit.js:122:21)
    at jestAdapter (/Users/brianlong/Documents/GitHub/intelgraph/server/node_modules/jest-circus/build/legacy-code-todo-rewrite/jestAdapter.js:79:19)
    at runTestInternal (/Users/brianlong/Documents/GitHub/intelgraph/server/node_modules/jest-runner/build/runTest.js:367:16)
    at runTest (/Users/brianlong/Documents/GitHub/intelgraph/server/node_modules/jest-runner/build/runTest.js:444:34)
    at Object.worker (/Users/brianlong/Documents/GitHub/intelgraph/server/node_modules/jest-runner/build/testWorker.js:106:12)</failure>
    </testcase>
    <testcase classname="Entity Model System Entity Model Service should validate model integrity" name="Entity Model System Entity Model Service should validate model integrity" time="0">
      <failure>AggregateError: 
    at /Users/brianlong/Documents/GitHub/intelgraph/server/node_modules/pg-pool/index.js:45:11
    at processTicksAndRejections (node:internal/process/task_queues:105:5)
    at connectPostgres (/Users/brianlong/Documents/GitHub/intelgraph/server/src/config/database.js:112:20)
    at Object.&lt;anonymous&gt; (/Users/brianlong/Documents/GitHub/intelgraph/server/src/tests/entityModel.test.js:13:5)</failure>
      <failure>Error: Neo4j driver not initialized
    at getNeo4jDriver (/Users/brianlong/Documents/GitHub/intelgraph/server/src/config/database.js:266:27)
    at Object.getNeo4jDriver (/Users/brianlong/Documents/GitHub/intelgraph/server/src/tests/entityModel.test.js:181:22)
    at Promise.then.completed (/Users/brianlong/Documents/GitHub/intelgraph/server/node_modules/jest-circus/build/utils.js:298:28)
    at new Promise (&lt;anonymous&gt;)
    at callAsyncCircusFn (/Users/brianlong/Documents/GitHub/intelgraph/server/node_modules/jest-circus/build/utils.js:231:10)
    at _callCircusHook (/Users/brianlong/Documents/GitHub/intelgraph/server/node_modules/jest-circus/build/run.js:281:40)
    at processTicksAndRejections (node:internal/process/task_queues:105:5)
    at _runTest (/Users/brianlong/Documents/GitHub/intelgraph/server/node_modules/jest-circus/build/run.js:254:5)
    at _runTestsForDescribeBlock (/Users/brianlong/Documents/GitHub/intelgraph/server/node_modules/jest-circus/build/run.js:126:9)
    at _runTestsForDescribeBlock (/Users/brianlong/Documents/GitHub/intelgraph/server/node_modules/jest-circus/build/run.js:121:9)
    at _runTestsForDescribeBlock (/Users/brianlong/Documents/GitHub/intelgraph/server/node_modules/jest-circus/build/run.js:121:9)
    at run (/Users/brianlong/Documents/GitHub/intelgraph/server/node_modules/jest-circus/build/run.js:71:3)
    at runAndTransformResultsToJestFormat (/Users/brianlong/Documents/GitHub/intelgraph/server/node_modules/jest-circus/build/legacy-code-todo-rewrite/jestAdapterInit.js:122:21)
    at jestAdapter (/Users/brianlong/Documents/GitHub/intelgraph/server/node_modules/jest-circus/build/legacy-code-todo-rewrite/jestAdapter.js:79:19)
    at runTestInternal (/Users/brianlong/Documents/GitHub/intelgraph/server/node_modules/jest-runner/build/runTest.js:367:16)
    at runTest (/Users/brianlong/Documents/GitHub/intelgraph/server/node_modules/jest-runner/build/runTest.js:444:34)
    at Object.worker (/Users/brianlong/Documents/GitHub/intelgraph/server/node_modules/jest-runner/build/testWorker.js:106:12)</failure>
    </testcase>
    <testcase classname="Entity Model System Entity Model Service should get query performance stats" name="Entity Model System Entity Model Service should get query performance stats" time="0">
      <failure>AggregateError: 
    at /Users/brianlong/Documents/GitHub/intelgraph/server/node_modules/pg-pool/index.js:45:11
    at processTicksAndRejections (node:internal/process/task_queues:105:5)
    at connectPostgres (/Users/brianlong/Documents/GitHub/intelgraph/server/src/config/database.js:112:20)
    at Object.&lt;anonymous&gt; (/Users/brianlong/Documents/GitHub/intelgraph/server/src/tests/entityModel.test.js:13:5)</failure>
      <failure>Error: Neo4j driver not initialized
    at getNeo4jDriver (/Users/brianlong/Documents/GitHub/intelgraph/server/src/config/database.js:266:27)
    at Object.getNeo4jDriver (/Users/brianlong/Documents/GitHub/intelgraph/server/src/tests/entityModel.test.js:181:22)
    at Promise.then.completed (/Users/brianlong/Documents/GitHub/intelgraph/server/node_modules/jest-circus/build/utils.js:298:28)
    at new Promise (&lt;anonymous&gt;)
    at callAsyncCircusFn (/Users/brianlong/Documents/GitHub/intelgraph/server/node_modules/jest-circus/build/utils.js:231:10)
    at _callCircusHook (/Users/brianlong/Documents/GitHub/intelgraph/server/node_modules/jest-circus/build/run.js:281:40)
    at processTicksAndRejections (node:internal/process/task_queues:105:5)
    at _runTest (/Users/brianlong/Documents/GitHub/intelgraph/server/node_modules/jest-circus/build/run.js:254:5)
    at _runTestsForDescribeBlock (/Users/brianlong/Documents/GitHub/intelgraph/server/node_modules/jest-circus/build/run.js:126:9)
    at _runTestsForDescribeBlock (/Users/brianlong/Documents/GitHub/intelgraph/server/node_modules/jest-circus/build/run.js:121:9)
    at _runTestsForDescribeBlock (/Users/brianlong/Documents/GitHub/intelgraph/server/node_modules/jest-circus/build/run.js:121:9)
    at run (/Users/brianlong/Documents/GitHub/intelgraph/server/node_modules/jest-circus/build/run.js:71:3)
    at runAndTransformResultsToJestFormat (/Users/brianlong/Documents/GitHub/intelgraph/server/node_modules/jest-circus/build/legacy-code-todo-rewrite/jestAdapterInit.js:122:21)
    at jestAdapter (/Users/brianlong/Documents/GitHub/intelgraph/server/node_modules/jest-circus/build/legacy-code-todo-rewrite/jestAdapter.js:79:19)
    at runTestInternal (/Users/brianlong/Documents/GitHub/intelgraph/server/node_modules/jest-runner/build/runTest.js:367:16)
    at runTest (/Users/brianlong/Documents/GitHub/intelgraph/server/node_modules/jest-runner/build/runTest.js:444:34)
    at Object.worker (/Users/brianlong/Documents/GitHub/intelgraph/server/node_modules/jest-runner/build/testWorker.js:106:12)</failure>
    </testcase>
    <testcase classname="Entity Model System Index Performance should have efficient entity type queries" name="Entity Model System Index Performance should have efficient entity type queries" time="0">
      <failure>AggregateError: 
    at /Users/brianlong/Documents/GitHub/intelgraph/server/node_modules/pg-pool/index.js:45:11
    at processTicksAndRejections (node:internal/process/task_queues:105:5)
    at connectPostgres (/Users/brianlong/Documents/GitHub/intelgraph/server/src/config/database.js:112:20)
    at Object.&lt;anonymous&gt; (/Users/brianlong/Documents/GitHub/intelgraph/server/src/tests/entityModel.test.js:13:5)</failure>
    </testcase>
    <testcase classname="Entity Model System Index Performance should have efficient investigation queries" name="Entity Model System Index Performance should have efficient investigation queries" time="0">
      <failure>AggregateError: 
    at /Users/brianlong/Documents/GitHub/intelgraph/server/node_modules/pg-pool/index.js:45:11
    at processTicksAndRejections (node:internal/process/task_queues:105:5)
    at connectPostgres (/Users/brianlong/Documents/GitHub/intelgraph/server/src/config/database.js:112:20)
    at Object.&lt;anonymous&gt; (/Users/brianlong/Documents/GitHub/intelgraph/server/src/tests/entityModel.test.js:13:5)</failure>
    </testcase>
  </testsuite>
  <testsuite name="Visualization Service - P2 Priority" errors="0" failures="1" skipped="0" timestamp="2025-08-14T19:28:51" time="0.133" tests="36">
    <testcase classname="Visualization Service - P2 Priority Visualization Engine Initialization should initialize all supported visualization types" name="Visualization Service - P2 Priority Visualization Engine Initialization should initialize all supported visualization types" time="0.001">
    </testcase>
    <testcase classname="Visualization Service - P2 Priority Visualization Engine Initialization should configure rendering engines correctly" name="Visualization Service - P2 Priority Visualization Engine Initialization should configure rendering engines correctly" time="0.001">
    </testcase>
    <testcase classname="Visualization Service - P2 Priority Visualization Engine Initialization should validate engine-type compatibility" name="Visualization Service - P2 Priority Visualization Engine Initialization should validate engine-type compatibility" time="0">
    </testcase>
    <testcase classname="Visualization Service - P2 Priority Visualization Creation should create network graph visualizations" name="Visualization Service - P2 Priority Visualization Creation should create network graph visualizations" time="0">
    </testcase>
    <testcase classname="Visualization Service - P2 Priority Visualization Creation should create timeline visualizations" name="Visualization Service - P2 Priority Visualization Creation should create timeline visualizations" time="0">
    </testcase>
    <testcase classname="Visualization Service - P2 Priority Visualization Creation should create geospatial map visualizations" name="Visualization Service - P2 Priority Visualization Creation should create geospatial map visualizations" time="0.001">
      <failure>Error: expect(received).toBe(expected) // Object.is equality

Expected: &quot;GEOSPATIAL_MAP&quot;
Received: undefined
    at Object.toBe (/Users/brianlong/Documents/GitHub/intelgraph/server/src/tests/visualizationService.test.js:210:34)
    at processTicksAndRejections (node:internal/process/task_queues:105:5)</failure>
    </testcase>
    <testcase classname="Visualization Service - P2 Priority Visualization Creation should create hierarchical tree visualizations" name="Visualization Service - P2 Priority Visualization Creation should create hierarchical tree visualizations" time="0.001">
    </testcase>
    <testcase classname="Visualization Service - P2 Priority Advanced Visualization Types should create matrix visualizations" name="Visualization Service - P2 Priority Advanced Visualization Types should create matrix visualizations" time="0">
    </testcase>
    <testcase classname="Visualization Service - P2 Priority Advanced Visualization Types should create Sankey diagram visualizations" name="Visualization Service - P2 Priority Advanced Visualization Types should create Sankey diagram visualizations" time="0">
    </testcase>
    <testcase classname="Visualization Service - P2 Priority Advanced Visualization Types should create 3D force-directed visualizations" name="Visualization Service - P2 Priority Advanced Visualization Types should create 3D force-directed visualizations" time="0">
    </testcase>
    <testcase classname="Visualization Service - P2 Priority Interactive Features should handle node selection and highlighting" name="Visualization Service - P2 Priority Interactive Features should handle node selection and highlighting" time="0">
    </testcase>
    <testcase classname="Visualization Service - P2 Priority Interactive Features should support node filtering and search" name="Visualization Service - P2 Priority Interactive Features should support node filtering and search" time="0">
    </testcase>
    <testcase classname="Visualization Service - P2 Priority Interactive Features should handle layout changes" name="Visualization Service - P2 Priority Interactive Features should handle layout changes" time="0.001">
    </testcase>
    <testcase classname="Visualization Service - P2 Priority Interactive Features should support zoom and pan operations" name="Visualization Service - P2 Priority Interactive Features should support zoom and pan operations" time="0">
    </testcase>
    <testcase classname="Visualization Service - P2 Priority Export Functionality should export visualizations to PNG format" name="Visualization Service - P2 Priority Export Functionality should export visualizations to PNG format" time="0">
    </testcase>
    <testcase classname="Visualization Service - P2 Priority Export Functionality should export visualizations to SVG format" name="Visualization Service - P2 Priority Export Functionality should export visualizations to SVG format" time="0">
    </testcase>
    <testcase classname="Visualization Service - P2 Priority Export Functionality should export visualizations to JSON format" name="Visualization Service - P2 Priority Export Functionality should export visualizations to JSON format" time="0">
    </testcase>
    <testcase classname="Visualization Service - P2 Priority Export Functionality should export interactive HTML visualizations" name="Visualization Service - P2 Priority Export Functionality should export interactive HTML visualizations" time="0">
    </testcase>
    <testcase classname="Visualization Service - P2 Priority Layout Algorithms should implement force-directed layout" name="Visualization Service - P2 Priority Layout Algorithms should implement force-directed layout" time="0.001">
    </testcase>
    <testcase classname="Visualization Service - P2 Priority Layout Algorithms should implement hierarchical layout" name="Visualization Service - P2 Priority Layout Algorithms should implement hierarchical layout" time="0">
    </testcase>
    <testcase classname="Visualization Service - P2 Priority Layout Algorithms should implement circular layout" name="Visualization Service - P2 Priority Layout Algorithms should implement circular layout" time="0">
    </testcase>
    <testcase classname="Visualization Service - P2 Priority Layout Algorithms should implement grid layout" name="Visualization Service - P2 Priority Layout Algorithms should implement grid layout" time="0">
    </testcase>
    <testcase classname="Visualization Service - P2 Priority Real-time Updates should handle real-time node additions" name="Visualization Service - P2 Priority Real-time Updates should handle real-time node additions" time="0.001">
    </testcase>
    <testcase classname="Visualization Service - P2 Priority Real-time Updates should handle real-time edge additions" name="Visualization Service - P2 Priority Real-time Updates should handle real-time edge additions" time="0">
    </testcase>
    <testcase classname="Visualization Service - P2 Priority Real-time Updates should handle node property updates" name="Visualization Service - P2 Priority Real-time Updates should handle node property updates" time="0">
    </testcase>
    <testcase classname="Visualization Service - P2 Priority Performance Optimization should implement level-of-detail rendering" name="Visualization Service - P2 Priority Performance Optimization should implement level-of-detail rendering" time="0.004">
    </testcase>
    <testcase classname="Visualization Service - P2 Priority Performance Optimization should implement node clustering for large graphs" name="Visualization Service - P2 Priority Performance Optimization should implement node clustering for large graphs" time="0.007">
    </testcase>
    <testcase classname="Visualization Service - P2 Priority Performance Optimization should implement edge bundling for complex networks" name="Visualization Service - P2 Priority Performance Optimization should implement edge bundling for complex networks" time="0.001">
    </testcase>
    <testcase classname="Visualization Service - P2 Priority Visualization Management should save and load visualization configurations" name="Visualization Service - P2 Priority Visualization Management should save and load visualization configurations" time="0">
    </testcase>
    <testcase classname="Visualization Service - P2 Priority Visualization Management should share visualizations between users" name="Visualization Service - P2 Priority Visualization Management should share visualizations between users" time="0">
    </testcase>
    <testcase classname="Visualization Service - P2 Priority Visualization Management should create visualization snapshots" name="Visualization Service - P2 Priority Visualization Management should create visualization snapshots" time="0">
    </testcase>
    <testcase classname="Visualization Service - P2 Priority Metrics and Analytics should track visualization usage metrics" name="Visualization Service - P2 Priority Metrics and Analytics should track visualization usage metrics" time="0.001">
    </testcase>
    <testcase classname="Visualization Service - P2 Priority Metrics and Analytics should provide performance analytics" name="Visualization Service - P2 Priority Metrics and Analytics should provide performance analytics" time="0">
    </testcase>
    <testcase classname="Visualization Service - P2 Priority Error Handling should handle data loading failures gracefully" name="Visualization Service - P2 Priority Error Handling should handle data loading failures gracefully" time="0">
    </testcase>
    <testcase classname="Visualization Service - P2 Priority Error Handling should validate visualization parameters" name="Visualization Service - P2 Priority Error Handling should validate visualization parameters" time="0.011">
    </testcase>
    <testcase classname="Visualization Service Performance should handle large graph rendering efficiently" name="Visualization Service Performance should handle large graph rendering efficiently" time="0.014">
    </testcase>
  </testsuite>
  <testsuite name="Entity Model System" errors="0" failures="12" skipped="0" timestamp="2025-08-14T19:28:51" time="0.092" tests="12">
    <testcase classname="Entity Model System Migration System should initialize migration tracking table" name="Entity Model System Migration System should initialize migration tracking table" time="0">
      <failure>AggregateError: 
    at /Users/brianlong/Documents/GitHub/intelgraph/server/node_modules/pg-pool/index.js:45:11
    at processTicksAndRejections (node:internal/process/task_queues:105:5)
    at connectPostgres (/Users/brianlong/Documents/GitHub/intelgraph/server/src/config/database.js:112:20)
    at Object.&lt;anonymous&gt; (/Users/brianlong/Documents/GitHub/intelgraph/server/src/tests/entityModel.test.js:13:5)</failure>
    </testcase>
    <testcase classname="Entity Model System Migration System should get migration status" name="Entity Model System Migration System should get migration status" time="0">
      <failure>AggregateError: 
    at /Users/brianlong/Documents/GitHub/intelgraph/server/node_modules/pg-pool/index.js:45:11
    at processTicksAndRejections (node:internal/process/task_queues:105:5)
    at connectPostgres (/Users/brianlong/Documents/GitHub/intelgraph/server/src/config/database.js:112:20)
    at Object.&lt;anonymous&gt; (/Users/brianlong/Documents/GitHub/intelgraph/server/src/tests/entityModel.test.js:13:5)</failure>
    </testcase>
    <testcase classname="Entity Model System Migration System should track applied migrations" name="Entity Model System Migration System should track applied migrations" time="0">
      <failure>AggregateError: 
    at /Users/brianlong/Documents/GitHub/intelgraph/server/node_modules/pg-pool/index.js:45:11
    at processTicksAndRejections (node:internal/process/task_queues:105:5)
    at connectPostgres (/Users/brianlong/Documents/GitHub/intelgraph/server/src/config/database.js:112:20)
    at Object.&lt;anonymous&gt; (/Users/brianlong/Documents/GitHub/intelgraph/server/src/tests/entityModel.test.js:13:5)</failure>
    </testcase>
    <testcase classname="Entity Model System Entity Model Constraints should enforce unique entity IDs" name="Entity Model System Entity Model Constraints should enforce unique entity IDs" time="0">
      <failure>AggregateError: 
    at /Users/brianlong/Documents/GitHub/intelgraph/server/node_modules/pg-pool/index.js:45:11
    at processTicksAndRejections (node:internal/process/task_queues:105:5)
    at connectPostgres (/Users/brianlong/Documents/GitHub/intelgraph/server/src/config/database.js:112:20)
    at Object.&lt;anonymous&gt; (/Users/brianlong/Documents/GitHub/intelgraph/server/src/tests/entityModel.test.js:13:5)</failure>
    </testcase>
    <testcase classname="Entity Model System Entity Model Constraints should enforce required fields" name="Entity Model System Entity Model Constraints should enforce required fields" time="0">
      <failure>AggregateError: 
    at /Users/brianlong/Documents/GitHub/intelgraph/server/node_modules/pg-pool/index.js:45:11
    at processTicksAndRejections (node:internal/process/task_queues:105:5)
    at connectPostgres (/Users/brianlong/Documents/GitHub/intelgraph/server/src/config/database.js:112:20)
    at Object.&lt;anonymous&gt; (/Users/brianlong/Documents/GitHub/intelgraph/server/src/tests/entityModel.test.js:13:5)</failure>
    </testcase>
    <testcase classname="Entity Model System Entity Model Constraints should enforce email format for EMAIL entities" name="Entity Model System Entity Model Constraints should enforce email format for EMAIL entities" time="0">
      <failure>AggregateError: 
    at /Users/brianlong/Documents/GitHub/intelgraph/server/node_modules/pg-pool/index.js:45:11
    at processTicksAndRejections (node:internal/process/task_queues:105:5)
    at connectPostgres (/Users/brianlong/Documents/GitHub/intelgraph/server/src/config/database.js:112:20)
    at Object.&lt;anonymous&gt; (/Users/brianlong/Documents/GitHub/intelgraph/server/src/tests/entityModel.test.js:13:5)</failure>
    </testcase>
    <testcase classname="Entity Model System Entity Model Service should get entity statistics" name="Entity Model System Entity Model Service should get entity statistics" time="0">
      <failure>AggregateError: 
    at /Users/brianlong/Documents/GitHub/intelgraph/server/node_modules/pg-pool/index.js:45:11
    at processTicksAndRejections (node:internal/process/task_queues:105:5)
    at connectPostgres (/Users/brianlong/Documents/GitHub/intelgraph/server/src/config/database.js:112:20)
    at Object.&lt;anonymous&gt; (/Users/brianlong/Documents/GitHub/intelgraph/server/src/tests/entityModel.test.js:13:5)</failure>
      <failure>Error: Neo4j driver not initialized
    at getNeo4jDriver (/Users/brianlong/Documents/GitHub/intelgraph/server/src/config/database.js:266:27)
    at Object.getNeo4jDriver (/Users/brianlong/Documents/GitHub/intelgraph/server/src/tests/entityModel.test.js:181:22)
    at Promise.then.completed (/Users/brianlong/Documents/GitHub/intelgraph/server/node_modules/jest-circus/build/utils.js:298:28)
    at new Promise (&lt;anonymous&gt;)
    at callAsyncCircusFn (/Users/brianlong/Documents/GitHub/intelgraph/server/node_modules/jest-circus/build/utils.js:231:10)
    at _callCircusHook (/Users/brianlong/Documents/GitHub/intelgraph/server/node_modules/jest-circus/build/run.js:281:40)
    at processTicksAndRejections (node:internal/process/task_queues:105:5)
    at _runTest (/Users/brianlong/Documents/GitHub/intelgraph/server/node_modules/jest-circus/build/run.js:254:5)
    at _runTestsForDescribeBlock (/Users/brianlong/Documents/GitHub/intelgraph/server/node_modules/jest-circus/build/run.js:126:9)
    at _runTestsForDescribeBlock (/Users/brianlong/Documents/GitHub/intelgraph/server/node_modules/jest-circus/build/run.js:121:9)
    at _runTestsForDescribeBlock (/Users/brianlong/Documents/GitHub/intelgraph/server/node_modules/jest-circus/build/run.js:121:9)
    at run (/Users/brianlong/Documents/GitHub/intelgraph/server/node_modules/jest-circus/build/run.js:71:3)
    at runAndTransformResultsToJestFormat (/Users/brianlong/Documents/GitHub/intelgraph/server/node_modules/jest-circus/build/legacy-code-todo-rewrite/jestAdapterInit.js:122:21)
    at jestAdapter (/Users/brianlong/Documents/GitHub/intelgraph/server/node_modules/jest-circus/build/legacy-code-todo-rewrite/jestAdapter.js:79:19)
    at runTestInternal (/Users/brianlong/Documents/GitHub/intelgraph/server/node_modules/jest-runner/build/runTest.js:367:16)
    at runTest (/Users/brianlong/Documents/GitHub/intelgraph/server/node_modules/jest-runner/build/runTest.js:444:34)
    at Object.worker (/Users/brianlong/Documents/GitHub/intelgraph/server/node_modules/jest-runner/build/testWorker.js:106:12)</failure>
    </testcase>
    <testcase classname="Entity Model System Entity Model Service should find hub entities" name="Entity Model System Entity Model Service should find hub entities" time="0">
      <failure>AggregateError: 
    at /Users/brianlong/Documents/GitHub/intelgraph/server/node_modules/pg-pool/index.js:45:11
    at processTicksAndRejections (node:internal/process/task_queues:105:5)
    at connectPostgres (/Users/brianlong/Documents/GitHub/intelgraph/server/src/config/database.js:112:20)
    at Object.&lt;anonymous&gt; (/Users/brianlong/Documents/GitHub/intelgraph/server/src/tests/entityModel.test.js:13:5)</failure>
      <failure>Error: Neo4j driver not initialized
    at getNeo4jDriver (/Users/brianlong/Documents/GitHub/intelgraph/server/src/config/database.js:266:27)
    at Object.getNeo4jDriver (/Users/brianlong/Documents/GitHub/intelgraph/server/src/tests/entityModel.test.js:181:22)
    at Promise.then.completed (/Users/brianlong/Documents/GitHub/intelgraph/server/node_modules/jest-circus/build/utils.js:298:28)
    at new Promise (&lt;anonymous&gt;)
    at callAsyncCircusFn (/Users/brianlong/Documents/GitHub/intelgraph/server/node_modules/jest-circus/build/utils.js:231:10)
    at _callCircusHook (/Users/brianlong/Documents/GitHub/intelgraph/server/node_modules/jest-circus/build/run.js:281:40)
    at processTicksAndRejections (node:internal/process/task_queues:105:5)
    at _runTest (/Users/brianlong/Documents/GitHub/intelgraph/server/node_modules/jest-circus/build/run.js:254:5)
    at _runTestsForDescribeBlock (/Users/brianlong/Documents/GitHub/intelgraph/server/node_modules/jest-circus/build/run.js:126:9)
    at _runTestsForDescribeBlock (/Users/brianlong/Documents/GitHub/intelgraph/server/node_modules/jest-circus/build/run.js:121:9)
    at _runTestsForDescribeBlock (/Users/brianlong/Documents/GitHub/intelgraph/server/node_modules/jest-circus/build/run.js:121:9)
    at run (/Users/brianlong/Documents/GitHub/intelgraph/server/node_modules/jest-circus/build/run.js:71:3)
    at runAndTransformResultsToJestFormat (/Users/brianlong/Documents/GitHub/intelgraph/server/node_modules/jest-circus/build/legacy-code-todo-rewrite/jestAdapterInit.js:122:21)
    at jestAdapter (/Users/brianlong/Documents/GitHub/intelgraph/server/node_modules/jest-circus/build/legacy-code-todo-rewrite/jestAdapter.js:79:19)
    at runTestInternal (/Users/brianlong/Documents/GitHub/intelgraph/server/node_modules/jest-runner/build/runTest.js:367:16)
    at runTest (/Users/brianlong/Documents/GitHub/intelgraph/server/node_modules/jest-runner/build/runTest.js:444:34)
    at Object.worker (/Users/brianlong/Documents/GitHub/intelgraph/server/node_modules/jest-runner/build/testWorker.js:106:12)</failure>
    </testcase>
    <testcase classname="Entity Model System Entity Model Service should validate model integrity" name="Entity Model System Entity Model Service should validate model integrity" time="0">
      <failure>AggregateError: 
    at /Users/brianlong/Documents/GitHub/intelgraph/server/node_modules/pg-pool/index.js:45:11
    at processTicksAndRejections (node:internal/process/task_queues:105:5)
    at connectPostgres (/Users/brianlong/Documents/GitHub/intelgraph/server/src/config/database.js:112:20)
    at Object.&lt;anonymous&gt; (/Users/brianlong/Documents/GitHub/intelgraph/server/src/tests/entityModel.test.js:13:5)</failure>
      <failure>Error: Neo4j driver not initialized
    at getNeo4jDriver (/Users/brianlong/Documents/GitHub/intelgraph/server/src/config/database.js:266:27)
    at Object.getNeo4jDriver (/Users/brianlong/Documents/GitHub/intelgraph/server/src/tests/entityModel.test.js:181:22)
    at Promise.then.completed (/Users/brianlong/Documents/GitHub/intelgraph/server/node_modules/jest-circus/build/utils.js:298:28)
    at new Promise (&lt;anonymous&gt;)
    at callAsyncCircusFn (/Users/brianlong/Documents/GitHub/intelgraph/server/node_modules/jest-circus/build/utils.js:231:10)
    at _callCircusHook (/Users/brianlong/Documents/GitHub/intelgraph/server/node_modules/jest-circus/build/run.js:281:40)
    at processTicksAndRejections (node:internal/process/task_queues:105:5)
    at _runTest (/Users/brianlong/Documents/GitHub/intelgraph/server/node_modules/jest-circus/build/run.js:254:5)
    at _runTestsForDescribeBlock (/Users/brianlong/Documents/GitHub/intelgraph/server/node_modules/jest-circus/build/run.js:126:9)
    at _runTestsForDescribeBlock (/Users/brianlong/Documents/GitHub/intelgraph/server/node_modules/jest-circus/build/run.js:121:9)
    at _runTestsForDescribeBlock (/Users/brianlong/Documents/GitHub/intelgraph/server/node_modules/jest-circus/build/run.js:121:9)
    at run (/Users/brianlong/Documents/GitHub/intelgraph/server/node_modules/jest-circus/build/run.js:71:3)
    at runAndTransformResultsToJestFormat (/Users/brianlong/Documents/GitHub/intelgraph/server/node_modules/jest-circus/build/legacy-code-todo-rewrite/jestAdapterInit.js:122:21)
    at jestAdapter (/Users/brianlong/Documents/GitHub/intelgraph/server/node_modules/jest-circus/build/legacy-code-todo-rewrite/jestAdapter.js:79:19)
    at runTestInternal (/Users/brianlong/Documents/GitHub/intelgraph/server/node_modules/jest-runner/build/runTest.js:367:16)
    at runTest (/Users/brianlong/Documents/GitHub/intelgraph/server/node_modules/jest-runner/build/runTest.js:444:34)
    at Object.worker (/Users/brianlong/Documents/GitHub/intelgraph/server/node_modules/jest-runner/build/testWorker.js:106:12)</failure>
    </testcase>
    <testcase classname="Entity Model System Entity Model Service should get query performance stats" name="Entity Model System Entity Model Service should get query performance stats" time="0">
      <failure>AggregateError: 
    at /Users/brianlong/Documents/GitHub/intelgraph/server/node_modules/pg-pool/index.js:45:11
    at processTicksAndRejections (node:internal/process/task_queues:105:5)
    at connectPostgres (/Users/brianlong/Documents/GitHub/intelgraph/server/src/config/database.js:112:20)
    at Object.&lt;anonymous&gt; (/Users/brianlong/Documents/GitHub/intelgraph/server/src/tests/entityModel.test.js:13:5)</failure>
      <failure>Error: Neo4j driver not initialized
    at getNeo4jDriver (/Users/brianlong/Documents/GitHub/intelgraph/server/src/config/database.js:266:27)
    at Object.getNeo4jDriver (/Users/brianlong/Documents/GitHub/intelgraph/server/src/tests/entityModel.test.js:181:22)
    at Promise.then.completed (/Users/brianlong/Documents/GitHub/intelgraph/server/node_modules/jest-circus/build/utils.js:298:28)
    at new Promise (&lt;anonymous&gt;)
    at callAsyncCircusFn (/Users/brianlong/Documents/GitHub/intelgraph/server/node_modules/jest-circus/build/utils.js:231:10)
    at _callCircusHook (/Users/brianlong/Documents/GitHub/intelgraph/server/node_modules/jest-circus/build/run.js:281:40)
    at processTicksAndRejections (node:internal/process/task_queues:105:5)
    at _runTest (/Users/brianlong/Documents/GitHub/intelgraph/server/node_modules/jest-circus/build/run.js:254:5)
    at _runTestsForDescribeBlock (/Users/brianlong/Documents/GitHub/intelgraph/server/node_modules/jest-circus/build/run.js:126:9)
    at _runTestsForDescribeBlock (/Users/brianlong/Documents/GitHub/intelgraph/server/node_modules/jest-circus/build/run.js:121:9)
    at _runTestsForDescribeBlock (/Users/brianlong/Documents/GitHub/intelgraph/server/node_modules/jest-circus/build/run.js:121:9)
    at run (/Users/brianlong/Documents/GitHub/intelgraph/server/node_modules/jest-circus/build/run.js:71:3)
    at runAndTransformResultsToJestFormat (/Users/brianlong/Documents/GitHub/intelgraph/server/node_modules/jest-circus/build/legacy-code-todo-rewrite/jestAdapterInit.js:122:21)
    at jestAdapter (/Users/brianlong/Documents/GitHub/intelgraph/server/node_modules/jest-circus/build/legacy-code-todo-rewrite/jestAdapter.js:79:19)
    at runTestInternal (/Users/brianlong/Documents/GitHub/intelgraph/server/node_modules/jest-runner/build/runTest.js:367:16)
    at runTest (/Users/brianlong/Documents/GitHub/intelgraph/server/node_modules/jest-runner/build/runTest.js:444:34)
    at Object.worker (/Users/brianlong/Documents/GitHub/intelgraph/server/node_modules/jest-runner/build/testWorker.js:106:12)</failure>
    </testcase>
    <testcase classname="Entity Model System Index Performance should have efficient entity type queries" name="Entity Model System Index Performance should have efficient entity type queries" time="0">
      <failure>AggregateError: 
    at /Users/brianlong/Documents/GitHub/intelgraph/server/node_modules/pg-pool/index.js:45:11
    at processTicksAndRejections (node:internal/process/task_queues:105:5)
    at connectPostgres (/Users/brianlong/Documents/GitHub/intelgraph/server/src/config/database.js:112:20)
    at Object.&lt;anonymous&gt; (/Users/brianlong/Documents/GitHub/intelgraph/server/src/tests/entityModel.test.js:13:5)</failure>
    </testcase>
    <testcase classname="Entity Model System Index Performance should have efficient investigation queries" name="Entity Model System Index Performance should have efficient investigation queries" time="0">
      <failure>AggregateError: 
    at /Users/brianlong/Documents/GitHub/intelgraph/server/node_modules/pg-pool/index.js:45:11
    at processTicksAndRejections (node:internal/process/task_queues:105:5)
    at connectPostgres (/Users/brianlong/Documents/GitHub/intelgraph/server/src/config/database.js:112:20)
    at Object.&lt;anonymous&gt; (/Users/brianlong/Documents/GitHub/intelgraph/server/src/tests/entityModel.test.js:13:5)</failure>
    </testcase>
  </testsuite>
  <testsuite name="Integration Service - P2 Priority" errors="0" failures="0" skipped="0" timestamp="2025-08-14T19:28:51" time="1.166" tests="49">
    <testcase classname="Integration Service - P2 Priority Connector Initialization should initialize all enterprise connectors" name="Integration Service - P2 Priority Connector Initialization should initialize all enterprise connectors" time="0.001">
    </testcase>
    <testcase classname="Integration Service - P2 Priority Connector Initialization should configure connector categories correctly" name="Integration Service - P2 Priority Connector Initialization should configure connector categories correctly" time="0.001">
    </testcase>
    <testcase classname="Integration Service - P2 Priority Connector Initialization should define authentication methods for each connector" name="Integration Service - P2 Priority Connector Initialization should define authentication methods for each connector" time="0">
    </testcase>
    <testcase classname="Integration Service - P2 Priority Connector Initialization should configure data types for each connector" name="Integration Service - P2 Priority Connector Initialization should configure data types for each connector" time="0">
    </testcase>
    <testcase classname="Integration Service - P2 Priority Connection Management should create connections successfully" name="Integration Service - P2 Priority Connection Management should create connections successfully" time="0.001">
    </testcase>
    <testcase classname="Integration Service - P2 Priority Connection Management should validate authentication before creating connections" name="Integration Service - P2 Priority Connection Management should validate authentication before creating connections" time="0.012">
    </testcase>
    <testcase classname="Integration Service - P2 Priority Connection Management should reject connections with invalid connectors" name="Integration Service - P2 Priority Connection Management should reject connections with invalid connectors" time="0">
    </testcase>
    <testcase classname="Integration Service - P2 Priority Connection Management should fail connection creation on test failure" name="Integration Service - P2 Priority Connection Management should fail connection creation on test failure" time="0">
    </testcase>
    <testcase classname="Integration Service - P2 Priority Connection Management should update existing connections" name="Integration Service - P2 Priority Connection Management should update existing connections" time="0.001">
    </testcase>
    <testcase classname="Integration Service - P2 Priority Connection Management should delete connections and cleanup sync jobs" name="Integration Service - P2 Priority Connection Management should delete connections and cleanup sync jobs" time="0">
    </testcase>
    <testcase classname="Integration Service - P2 Priority Authentication Validation should validate API key authentication" name="Integration Service - P2 Priority Authentication Validation should validate API key authentication" time="0">
    </testcase>
    <testcase classname="Integration Service - P2 Priority Authentication Validation should validate username/password authentication" name="Integration Service - P2 Priority Authentication Validation should validate username/password authentication" time="0">
    </testcase>
    <testcase classname="Integration Service - P2 Priority Authentication Validation should validate OAuth2 authentication" name="Integration Service - P2 Priority Authentication Validation should validate OAuth2 authentication" time="0">
    </testcase>
    <testcase classname="Integration Service - P2 Priority Authentication Validation should validate AWS credentials" name="Integration Service - P2 Priority Authentication Validation should validate AWS credentials" time="0">
    </testcase>
    <testcase classname="Integration Service - P2 Priority Authentication Validation should reject unsupported authentication types" name="Integration Service - P2 Priority Authentication Validation should reject unsupported authentication types" time="0.001">
    </testcase>
    <testcase classname="Integration Service - P2 Priority Authentication Validation should reject incomplete credentials" name="Integration Service - P2 Priority Authentication Validation should reject incomplete credentials" time="0">
    </testcase>
    <testcase classname="Integration Service - P2 Priority Connection Testing should test connections successfully" name="Integration Service - P2 Priority Connection Testing should test connections successfully" time="0">
    </testcase>
    <testcase classname="Integration Service - P2 Priority Connection Testing should handle connection test failures" name="Integration Service - P2 Priority Connection Testing should handle connection test failures" time="0">
    </testcase>
    <testcase classname="Integration Service - P2 Priority Connection Testing should use appropriate test endpoints for each connector" name="Integration Service - P2 Priority Connection Testing should use appropriate test endpoints for each connector" time="0">
    </testcase>
    <testcase classname="Integration Service - P2 Priority Data Operations should execute queries on active connections" name="Integration Service - P2 Priority Data Operations should execute queries on active connections" time="0.001">
    </testcase>
    <testcase classname="Integration Service - P2 Priority Data Operations should reject queries on inactive connections" name="Integration Service - P2 Priority Data Operations should reject queries on inactive connections" time="0">
    </testcase>
    <testcase classname="Integration Service - P2 Priority Data Operations should handle query execution failures" name="Integration Service - P2 Priority Data Operations should handle query execution failures" time="0">
    </testcase>
    <testcase classname="Integration Service - P2 Priority Sync Job Management should create sync jobs" name="Integration Service - P2 Priority Sync Job Management should create sync jobs" time="0">
    </testcase>
    <testcase classname="Integration Service - P2 Priority Sync Job Management should run sync jobs successfully" name="Integration Service - P2 Priority Sync Job Management should run sync jobs successfully" time="0.001">
    </testcase>
    <testcase classname="Integration Service - P2 Priority Sync Job Management should handle sync job failures" name="Integration Service - P2 Priority Sync Job Management should handle sync job failures" time="0">
    </testcase>
    <testcase classname="Integration Service - P2 Priority Sync Job Management should process scheduled syncs" name="Integration Service - P2 Priority Sync Job Management should process scheduled syncs" time="0">
    </testcase>
    <testcase classname="Integration Service - P2 Priority Webhook Management should create webhooks" name="Integration Service - P2 Priority Webhook Management should create webhooks" time="0">
    </testcase>
    <testcase classname="Integration Service - P2 Priority Webhook Management should trigger webhooks for matching events" name="Integration Service - P2 Priority Webhook Management should trigger webhooks for matching events" time="0.001">
    </testcase>
    <testcase classname="Integration Service - P2 Priority Webhook Management should handle webhook delivery failures with retry" name="Integration Service - P2 Priority Webhook Management should handle webhook delivery failures with retry" time="1.103">
    </testcase>
    <testcase classname="Integration Service - P2 Priority Webhook Management should skip disabled webhooks" name="Integration Service - P2 Priority Webhook Management should skip disabled webhooks" time="0">
    </testcase>
    <testcase classname="Integration Service - P2 Priority Webhook Management should filter events based on webhook configuration" name="Integration Service - P2 Priority Webhook Management should filter events based on webhook configuration" time="0.001">
    </testcase>
    <testcase classname="Integration Service - P2 Priority Security and Encryption should encrypt and decrypt credentials" name="Integration Service - P2 Priority Security and Encryption should encrypt and decrypt credentials" time="0.001">
    </testcase>
    <testcase classname="Integration Service - P2 Priority Security and Encryption should generate webhook signatures" name="Integration Service - P2 Priority Security and Encryption should generate webhook signatures" time="0.001">
    </testcase>
    <testcase classname="Integration Service - P2 Priority Security and Encryption should generate consistent signatures" name="Integration Service - P2 Priority Security and Encryption should generate consistent signatures" time="0">
    </testcase>
    <testcase classname="Integration Service - P2 Priority Connection Health and Metrics should track connection metrics" name="Integration Service - P2 Priority Connection Health and Metrics should track connection metrics" time="0.001">
    </testcase>
    <testcase classname="Integration Service - P2 Priority Connection Health and Metrics should calculate connection health percentage" name="Integration Service - P2 Priority Connection Health and Metrics should calculate connection health percentage" time="0.001">
    </testcase>
    <testcase classname="Integration Service - P2 Priority Connection Health and Metrics should provide connector breakdown statistics" name="Integration Service - P2 Priority Connection Health and Metrics should provide connector breakdown statistics" time="0">
    </testcase>
    <testcase classname="Integration Service - P2 Priority API Methods should list connectors" name="Integration Service - P2 Priority API Methods should list connectors" time="0">
    </testcase>
    <testcase classname="Integration Service - P2 Priority API Methods should get specific connector details" name="Integration Service - P2 Priority API Methods should get specific connector details" time="0">
    </testcase>
    <testcase classname="Integration Service - P2 Priority API Methods should list connections with user filtering" name="Integration Service - P2 Priority API Methods should list connections with user filtering" time="0.001">
    </testcase>
    <testcase classname="Integration Service - P2 Priority API Methods should list webhooks with user filtering" name="Integration Service - P2 Priority API Methods should list webhooks with user filtering" time="0">
    </testcase>
    <testcase classname="Integration Service - P2 Priority API Methods should list sync jobs with connection filtering" name="Integration Service - P2 Priority API Methods should list sync jobs with connection filtering" time="0.001">
    </testcase>
    <testcase classname="Integration Service - P2 Priority Error Handling should handle connection not found errors" name="Integration Service - P2 Priority Error Handling should handle connection not found errors" time="0.001">
    </testcase>
    <testcase classname="Integration Service - P2 Priority Error Handling should handle sync job not found errors" name="Integration Service - P2 Priority Error Handling should handle sync job not found errors" time="0.001">
    </testcase>
    <testcase classname="Integration Service - P2 Priority Error Handling should handle webhook not found gracefully" name="Integration Service - P2 Priority Error Handling should handle webhook not found gracefully" time="0">
    </testcase>
    <testcase classname="Integration Service - P2 Priority Utility Methods should calculate next run times" name="Integration Service - P2 Priority Utility Methods should calculate next run times" time="0.001">
    </testcase>
    <testcase classname="Integration Service - P2 Priority Utility Methods should make HTTP requests" name="Integration Service - P2 Priority Utility Methods should make HTTP requests" time="0">
    </testcase>
    <testcase classname="Integration Service Performance should handle many concurrent connections efficiently" name="Integration Service Performance should handle many concurrent connections efficiently" time="0.002">
    </testcase>
    <testcase classname="Integration Service Performance should efficiently process webhook deliveries" name="Integration Service Performance should efficiently process webhook deliveries" time="0.004">
    </testcase>
  </testsuite>
  <testsuite name="Integration Service - P2 Priority" errors="0" failures="0" skipped="0" timestamp="2025-08-14T19:28:51" time="1.155" tests="49">
    <testcase classname="Integration Service - P2 Priority Connector Initialization should initialize all enterprise connectors" name="Integration Service - P2 Priority Connector Initialization should initialize all enterprise connectors" time="0.002">
    </testcase>
    <testcase classname="Integration Service - P2 Priority Connector Initialization should configure connector categories correctly" name="Integration Service - P2 Priority Connector Initialization should configure connector categories correctly" time="0">
    </testcase>
    <testcase classname="Integration Service - P2 Priority Connector Initialization should define authentication methods for each connector" name="Integration Service - P2 Priority Connector Initialization should define authentication methods for each connector" time="0">
    </testcase>
    <testcase classname="Integration Service - P2 Priority Connector Initialization should configure data types for each connector" name="Integration Service - P2 Priority Connector Initialization should configure data types for each connector" time="0.003">
    </testcase>
    <testcase classname="Integration Service - P2 Priority Connection Management should create connections successfully" name="Integration Service - P2 Priority Connection Management should create connections successfully" time="0">
    </testcase>
    <testcase classname="Integration Service - P2 Priority Connection Management should validate authentication before creating connections" name="Integration Service - P2 Priority Connection Management should validate authentication before creating connections" time="0.012">
    </testcase>
    <testcase classname="Integration Service - P2 Priority Connection Management should reject connections with invalid connectors" name="Integration Service - P2 Priority Connection Management should reject connections with invalid connectors" time="0">
    </testcase>
    <testcase classname="Integration Service - P2 Priority Connection Management should fail connection creation on test failure" name="Integration Service - P2 Priority Connection Management should fail connection creation on test failure" time="0">
    </testcase>
    <testcase classname="Integration Service - P2 Priority Connection Management should update existing connections" name="Integration Service - P2 Priority Connection Management should update existing connections" time="0.001">
    </testcase>
    <testcase classname="Integration Service - P2 Priority Connection Management should delete connections and cleanup sync jobs" name="Integration Service - P2 Priority Connection Management should delete connections and cleanup sync jobs" time="0">
    </testcase>
    <testcase classname="Integration Service - P2 Priority Authentication Validation should validate API key authentication" name="Integration Service - P2 Priority Authentication Validation should validate API key authentication" time="0">
    </testcase>
    <testcase classname="Integration Service - P2 Priority Authentication Validation should validate username/password authentication" name="Integration Service - P2 Priority Authentication Validation should validate username/password authentication" time="0.001">
    </testcase>
    <testcase classname="Integration Service - P2 Priority Authentication Validation should validate OAuth2 authentication" name="Integration Service - P2 Priority Authentication Validation should validate OAuth2 authentication" time="0">
    </testcase>
    <testcase classname="Integration Service - P2 Priority Authentication Validation should validate AWS credentials" name="Integration Service - P2 Priority Authentication Validation should validate AWS credentials" time="0">
    </testcase>
    <testcase classname="Integration Service - P2 Priority Authentication Validation should reject unsupported authentication types" name="Integration Service - P2 Priority Authentication Validation should reject unsupported authentication types" time="0">
    </testcase>
    <testcase classname="Integration Service - P2 Priority Authentication Validation should reject incomplete credentials" name="Integration Service - P2 Priority Authentication Validation should reject incomplete credentials" time="0">
    </testcase>
    <testcase classname="Integration Service - P2 Priority Connection Testing should test connections successfully" name="Integration Service - P2 Priority Connection Testing should test connections successfully" time="0">
    </testcase>
    <testcase classname="Integration Service - P2 Priority Connection Testing should handle connection test failures" name="Integration Service - P2 Priority Connection Testing should handle connection test failures" time="0.001">
    </testcase>
    <testcase classname="Integration Service - P2 Priority Connection Testing should use appropriate test endpoints for each connector" name="Integration Service - P2 Priority Connection Testing should use appropriate test endpoints for each connector" time="0">
    </testcase>
    <testcase classname="Integration Service - P2 Priority Data Operations should execute queries on active connections" name="Integration Service - P2 Priority Data Operations should execute queries on active connections" time="0">
    </testcase>
    <testcase classname="Integration Service - P2 Priority Data Operations should reject queries on inactive connections" name="Integration Service - P2 Priority Data Operations should reject queries on inactive connections" time="0">
    </testcase>
    <testcase classname="Integration Service - P2 Priority Data Operations should handle query execution failures" name="Integration Service - P2 Priority Data Operations should handle query execution failures" time="0">
    </testcase>
    <testcase classname="Integration Service - P2 Priority Sync Job Management should create sync jobs" name="Integration Service - P2 Priority Sync Job Management should create sync jobs" time="0.001">
    </testcase>
    <testcase classname="Integration Service - P2 Priority Sync Job Management should run sync jobs successfully" name="Integration Service - P2 Priority Sync Job Management should run sync jobs successfully" time="0">
    </testcase>
    <testcase classname="Integration Service - P2 Priority Sync Job Management should handle sync job failures" name="Integration Service - P2 Priority Sync Job Management should handle sync job failures" time="0">
    </testcase>
    <testcase classname="Integration Service - P2 Priority Sync Job Management should process scheduled syncs" name="Integration Service - P2 Priority Sync Job Management should process scheduled syncs" time="0">
    </testcase>
    <testcase classname="Integration Service - P2 Priority Webhook Management should create webhooks" name="Integration Service - P2 Priority Webhook Management should create webhooks" time="0.001">
    </testcase>
    <testcase classname="Integration Service - P2 Priority Webhook Management should trigger webhooks for matching events" name="Integration Service - P2 Priority Webhook Management should trigger webhooks for matching events" time="0">
    </testcase>
    <testcase classname="Integration Service - P2 Priority Webhook Management should handle webhook delivery failures with retry" name="Integration Service - P2 Priority Webhook Management should handle webhook delivery failures with retry" time="1.102">
    </testcase>
    <testcase classname="Integration Service - P2 Priority Webhook Management should skip disabled webhooks" name="Integration Service - P2 Priority Webhook Management should skip disabled webhooks" time="0">
    </testcase>
    <testcase classname="Integration Service - P2 Priority Webhook Management should filter events based on webhook configuration" name="Integration Service - P2 Priority Webhook Management should filter events based on webhook configuration" time="0">
    </testcase>
    <testcase classname="Integration Service - P2 Priority Security and Encryption should encrypt and decrypt credentials" name="Integration Service - P2 Priority Security and Encryption should encrypt and decrypt credentials" time="0">
    </testcase>
    <testcase classname="Integration Service - P2 Priority Security and Encryption should generate webhook signatures" name="Integration Service - P2 Priority Security and Encryption should generate webhook signatures" time="0.001">
    </testcase>
    <testcase classname="Integration Service - P2 Priority Security and Encryption should generate consistent signatures" name="Integration Service - P2 Priority Security and Encryption should generate consistent signatures" time="0">
    </testcase>
    <testcase classname="Integration Service - P2 Priority Connection Health and Metrics should track connection metrics" name="Integration Service - P2 Priority Connection Health and Metrics should track connection metrics" time="0">
    </testcase>
    <testcase classname="Integration Service - P2 Priority Connection Health and Metrics should calculate connection health percentage" name="Integration Service - P2 Priority Connection Health and Metrics should calculate connection health percentage" time="0">
    </testcase>
    <testcase classname="Integration Service - P2 Priority Connection Health and Metrics should provide connector breakdown statistics" name="Integration Service - P2 Priority Connection Health and Metrics should provide connector breakdown statistics" time="0.001">
    </testcase>
    <testcase classname="Integration Service - P2 Priority API Methods should list connectors" name="Integration Service - P2 Priority API Methods should list connectors" time="0">
    </testcase>
    <testcase classname="Integration Service - P2 Priority API Methods should get specific connector details" name="Integration Service - P2 Priority API Methods should get specific connector details" time="0">
    </testcase>
    <testcase classname="Integration Service - P2 Priority API Methods should list connections with user filtering" name="Integration Service - P2 Priority API Methods should list connections with user filtering" time="0">
    </testcase>
    <testcase classname="Integration Service - P2 Priority API Methods should list webhooks with user filtering" name="Integration Service - P2 Priority API Methods should list webhooks with user filtering" time="0">
    </testcase>
    <testcase classname="Integration Service - P2 Priority API Methods should list sync jobs with connection filtering" name="Integration Service - P2 Priority API Methods should list sync jobs with connection filtering" time="0.001">
    </testcase>
    <testcase classname="Integration Service - P2 Priority Error Handling should handle connection not found errors" name="Integration Service - P2 Priority Error Handling should handle connection not found errors" time="0">
    </testcase>
    <testcase classname="Integration Service - P2 Priority Error Handling should handle sync job not found errors" name="Integration Service - P2 Priority Error Handling should handle sync job not found errors" time="0">
    </testcase>
    <testcase classname="Integration Service - P2 Priority Error Handling should handle webhook not found gracefully" name="Integration Service - P2 Priority Error Handling should handle webhook not found gracefully" time="0">
    </testcase>
    <testcase classname="Integration Service - P2 Priority Utility Methods should calculate next run times" name="Integration Service - P2 Priority Utility Methods should calculate next run times" time="0.001">
    </testcase>
    <testcase classname="Integration Service - P2 Priority Utility Methods should make HTTP requests" name="Integration Service - P2 Priority Utility Methods should make HTTP requests" time="0">
    </testcase>
    <testcase classname="Integration Service Performance should handle many concurrent connections efficiently" name="Integration Service Performance should handle many concurrent connections efficiently" time="0.001">
    </testcase>
    <testcase classname="Integration Service Performance should efficiently process webhook deliveries" name="Integration Service Performance should efficiently process webhook deliveries" time="0.001">
    </testcase>
  </testsuite>
  <testsuite name="Mobile Service - P2 Priority" errors="0" failures="0" skipped="0" timestamp="2025-08-14T19:28:52" time="0.071" tests="39">
    <testcase classname="Mobile Service - P2 Priority Mobile Client Registration should register mobile clients successfully" name="Mobile Service - P2 Priority Mobile Client Registration should register mobile clients successfully" time="0.001">
    </testcase>
    <testcase classname="Mobile Service - P2 Priority Mobile Client Registration should initialize offline data for new clients" name="Mobile Service - P2 Priority Mobile Client Registration should initialize offline data for new clients" time="0">
    </testcase>
    <testcase classname="Mobile Service - P2 Priority Mobile Client Registration should handle device token mapping" name="Mobile Service - P2 Priority Mobile Client Registration should handle device token mapping" time="0">
    </testcase>
    <testcase classname="Mobile Service - P2 Priority Offline Data Management should provide offline investigations data" name="Mobile Service - P2 Priority Offline Data Management should provide offline investigations data" time="0.001">
    </testcase>
    <testcase classname="Mobile Service - P2 Priority Offline Data Management should provide lightweight entity data" name="Mobile Service - P2 Priority Offline Data Management should provide lightweight entity data" time="0">
    </testcase>
    <testcase classname="Mobile Service - P2 Priority Offline Data Management should provide offline notifications" name="Mobile Service - P2 Priority Offline Data Management should provide offline notifications" time="0">
    </testcase>
    <testcase classname="Mobile Service - P2 Priority Offline Data Management should provide user settings" name="Mobile Service - P2 Priority Offline Data Management should provide user settings" time="0.001">
    </testcase>
    <testcase classname="Mobile Service - P2 Priority Sync Operations should handle full sync requests" name="Mobile Service - P2 Priority Sync Operations should handle full sync requests" time="0">
    </testcase>
    <testcase classname="Mobile Service - P2 Priority Sync Operations should handle incremental sync requests" name="Mobile Service - P2 Priority Sync Operations should handle incremental sync requests" time="0">
    </testcase>
    <testcase classname="Mobile Service - P2 Priority Sync Operations should process offline operations during sync" name="Mobile Service - P2 Priority Sync Operations should process offline operations during sync" time="0.001">
    </testcase>
    <testcase classname="Mobile Service - P2 Priority Sync Operations should optimize changes for mobile consumption" name="Mobile Service - P2 Priority Sync Operations should optimize changes for mobile consumption" time="0">
    </testcase>
    <testcase classname="Mobile Service - P2 Priority Sync Operations should handle sync failures gracefully" name="Mobile Service - P2 Priority Sync Operations should handle sync failures gracefully" time="0.008">
    </testcase>
    <testcase classname="Mobile Service - P2 Priority Offline Operations Processing should process entity creation operations" name="Mobile Service - P2 Priority Offline Operations Processing should process entity creation operations" time="0.001">
    </testcase>
    <testcase classname="Mobile Service - P2 Priority Offline Operations Processing should handle invalid operations gracefully" name="Mobile Service - P2 Priority Offline Operations Processing should handle invalid operations gracefully" time="0">
    </testcase>
    <testcase classname="Mobile Service - P2 Priority Offline Operations Processing should process multiple operation types" name="Mobile Service - P2 Priority Offline Operations Processing should process multiple operation types" time="0">
    </testcase>
    <testcase classname="Mobile Service - P2 Priority Mobile-Optimized API Endpoints should provide investigation summaries" name="Mobile Service - P2 Priority Mobile-Optimized API Endpoints should provide investigation summaries" time="0.001">
    </testcase>
    <testcase classname="Mobile Service - P2 Priority Mobile-Optimized API Endpoints should provide lightweight entity data" name="Mobile Service - P2 Priority Mobile-Optimized API Endpoints should provide lightweight entity data" time="0">
    </testcase>
    <testcase classname="Mobile Service - P2 Priority Mobile-Optimized API Endpoints should provide mobile-optimized notifications" name="Mobile Service - P2 Priority Mobile-Optimized API Endpoints should provide mobile-optimized notifications" time="0">
    </testcase>
    <testcase classname="Mobile Service - P2 Priority Push Notification Support should send push notifications to mobile devices" name="Mobile Service - P2 Priority Push Notification Support should send push notifications to mobile devices" time="0.001">
    </testcase>
    <testcase classname="Mobile Service - P2 Priority Push Notification Support should customize notifications for iOS platform" name="Mobile Service - P2 Priority Push Notification Support should customize notifications for iOS platform" time="0">
    </testcase>
    <testcase classname="Mobile Service - P2 Priority Push Notification Support should customize notifications for Android platform" name="Mobile Service - P2 Priority Push Notification Support should customize notifications for Android platform" time="0">
    </testcase>
    <testcase classname="Mobile Service - P2 Priority Push Notification Support should handle push notification failures" name="Mobile Service - P2 Priority Push Notification Support should handle push notification failures" time="0">
    </testcase>
    <testcase classname="Mobile Service - P2 Priority Mobile Client Management should update mobile client information" name="Mobile Service - P2 Priority Mobile Client Management should update mobile client information" time="0.001">
    </testcase>
    <testcase classname="Mobile Service - P2 Priority Mobile Client Management should deregister mobile clients" name="Mobile Service - P2 Priority Mobile Client Management should deregister mobile clients" time="0">
    </testcase>
    <testcase classname="Mobile Service - P2 Priority Background Sync and Cleanup should perform background sync for clients" name="Mobile Service - P2 Priority Background Sync and Cleanup should perform background sync for clients" time="0">
    </testcase>
    <testcase classname="Mobile Service - P2 Priority Background Sync and Cleanup should skip background sync for disabled clients" name="Mobile Service - P2 Priority Background Sync and Cleanup should skip background sync for disabled clients" time="0">
    </testcase>
    <testcase classname="Mobile Service - P2 Priority Background Sync and Cleanup should clean up expired sync data" name="Mobile Service - P2 Priority Background Sync and Cleanup should clean up expired sync data" time="0.001">
    </testcase>
    <testcase classname="Mobile Service - P2 Priority Helper Methods should generate current sync version" name="Mobile Service - P2 Priority Helper Methods should generate current sync version" time="0">
    </testcase>
    <testcase classname="Mobile Service - P2 Priority Helper Methods should get appropriate notification icons" name="Mobile Service - P2 Priority Helper Methods should get appropriate notification icons" time="0">
    </testcase>
    <testcase classname="Mobile Service - P2 Priority Helper Methods should detect important changes" name="Mobile Service - P2 Priority Helper Methods should detect important changes" time="0">
    </testcase>
    <testcase classname="Mobile Service - P2 Priority Helper Methods should calculate unread notification count" name="Mobile Service - P2 Priority Helper Methods should calculate unread notification count" time="0">
    </testcase>
    <testcase classname="Mobile Service - P2 Priority Analytics and Metrics should track mobile service metrics" name="Mobile Service - P2 Priority Analytics and Metrics should track mobile service metrics" time="0">
    </testcase>
    <testcase classname="Mobile Service - P2 Priority Analytics and Metrics should provide platform breakdown" name="Mobile Service - P2 Priority Analytics and Metrics should provide platform breakdown" time="0.001">
    </testcase>
    <testcase classname="Mobile Service - P2 Priority Analytics and Metrics should calculate average sync interval" name="Mobile Service - P2 Priority Analytics and Metrics should calculate average sync interval" time="0">
    </testcase>
    <testcase classname="Mobile Service - P2 Priority Error Handling should handle client not found errors" name="Mobile Service - P2 Priority Error Handling should handle client not found errors" time="0.004">
    </testcase>
    <testcase classname="Mobile Service - P2 Priority Error Handling should handle push notification errors gracefully" name="Mobile Service - P2 Priority Error Handling should handle push notification errors gracefully" time="0">
    </testcase>
    <testcase classname="Mobile Service - P2 Priority Error Handling should handle background sync failures" name="Mobile Service - P2 Priority Error Handling should handle background sync failures" time="0">
    </testcase>
    <testcase classname="Mobile Service Performance should handle many concurrent sync operations" name="Mobile Service Performance should handle many concurrent sync operations" time="0.001">
    </testcase>
    <testcase classname="Mobile Service Performance should efficiently manage large offline datasets" name="Mobile Service Performance should efficiently manage large offline datasets" time="0.016">
    </testcase>
  </testsuite>
  <testsuite name="Mobile Service - P2 Priority" errors="0" failures="0" skipped="0" timestamp="2025-08-14T19:28:53" time="0.065" tests="39">
    <testcase classname="Mobile Service - P2 Priority Mobile Client Registration should register mobile clients successfully" name="Mobile Service - P2 Priority Mobile Client Registration should register mobile clients successfully" time="0.001">
    </testcase>
    <testcase classname="Mobile Service - P2 Priority Mobile Client Registration should initialize offline data for new clients" name="Mobile Service - P2 Priority Mobile Client Registration should initialize offline data for new clients" time="0.001">
    </testcase>
    <testcase classname="Mobile Service - P2 Priority Mobile Client Registration should handle device token mapping" name="Mobile Service - P2 Priority Mobile Client Registration should handle device token mapping" time="0">
    </testcase>
    <testcase classname="Mobile Service - P2 Priority Offline Data Management should provide offline investigations data" name="Mobile Service - P2 Priority Offline Data Management should provide offline investigations data" time="0.001">
    </testcase>
    <testcase classname="Mobile Service - P2 Priority Offline Data Management should provide lightweight entity data" name="Mobile Service - P2 Priority Offline Data Management should provide lightweight entity data" time="0">
    </testcase>
    <testcase classname="Mobile Service - P2 Priority Offline Data Management should provide offline notifications" name="Mobile Service - P2 Priority Offline Data Management should provide offline notifications" time="0">
    </testcase>
    <testcase classname="Mobile Service - P2 Priority Offline Data Management should provide user settings" name="Mobile Service - P2 Priority Offline Data Management should provide user settings" time="0.001">
    </testcase>
    <testcase classname="Mobile Service - P2 Priority Sync Operations should handle full sync requests" name="Mobile Service - P2 Priority Sync Operations should handle full sync requests" time="0.001">
    </testcase>
    <testcase classname="Mobile Service - P2 Priority Sync Operations should handle incremental sync requests" name="Mobile Service - P2 Priority Sync Operations should handle incremental sync requests" time="0">
    </testcase>
    <testcase classname="Mobile Service - P2 Priority Sync Operations should process offline operations during sync" name="Mobile Service - P2 Priority Sync Operations should process offline operations during sync" time="0.001">
    </testcase>
    <testcase classname="Mobile Service - P2 Priority Sync Operations should optimize changes for mobile consumption" name="Mobile Service - P2 Priority Sync Operations should optimize changes for mobile consumption" time="0">
    </testcase>
    <testcase classname="Mobile Service - P2 Priority Sync Operations should handle sync failures gracefully" name="Mobile Service - P2 Priority Sync Operations should handle sync failures gracefully" time="0.011">
    </testcase>
    <testcase classname="Mobile Service - P2 Priority Offline Operations Processing should process entity creation operations" name="Mobile Service - P2 Priority Offline Operations Processing should process entity creation operations" time="0">
    </testcase>
    <testcase classname="Mobile Service - P2 Priority Offline Operations Processing should handle invalid operations gracefully" name="Mobile Service - P2 Priority Offline Operations Processing should handle invalid operations gracefully" time="0">
    </testcase>
    <testcase classname="Mobile Service - P2 Priority Offline Operations Processing should process multiple operation types" name="Mobile Service - P2 Priority Offline Operations Processing should process multiple operation types" time="0.001">
    </testcase>
    <testcase classname="Mobile Service - P2 Priority Mobile-Optimized API Endpoints should provide investigation summaries" name="Mobile Service - P2 Priority Mobile-Optimized API Endpoints should provide investigation summaries" time="0.001">
    </testcase>
    <testcase classname="Mobile Service - P2 Priority Mobile-Optimized API Endpoints should provide lightweight entity data" name="Mobile Service - P2 Priority Mobile-Optimized API Endpoints should provide lightweight entity data" time="0">
    </testcase>
    <testcase classname="Mobile Service - P2 Priority Mobile-Optimized API Endpoints should provide mobile-optimized notifications" name="Mobile Service - P2 Priority Mobile-Optimized API Endpoints should provide mobile-optimized notifications" time="0.001">
    </testcase>
    <testcase classname="Mobile Service - P2 Priority Push Notification Support should send push notifications to mobile devices" name="Mobile Service - P2 Priority Push Notification Support should send push notifications to mobile devices" time="0">
    </testcase>
    <testcase classname="Mobile Service - P2 Priority Push Notification Support should customize notifications for iOS platform" name="Mobile Service - P2 Priority Push Notification Support should customize notifications for iOS platform" time="0">
    </testcase>
    <testcase classname="Mobile Service - P2 Priority Push Notification Support should customize notifications for Android platform" name="Mobile Service - P2 Priority Push Notification Support should customize notifications for Android platform" time="0.001">
    </testcase>
    <testcase classname="Mobile Service - P2 Priority Push Notification Support should handle push notification failures" name="Mobile Service - P2 Priority Push Notification Support should handle push notification failures" time="0">
    </testcase>
    <testcase classname="Mobile Service - P2 Priority Mobile Client Management should update mobile client information" name="Mobile Service - P2 Priority Mobile Client Management should update mobile client information" time="0.001">
    </testcase>
    <testcase classname="Mobile Service - P2 Priority Mobile Client Management should deregister mobile clients" name="Mobile Service - P2 Priority Mobile Client Management should deregister mobile clients" time="0">
    </testcase>
    <testcase classname="Mobile Service - P2 Priority Background Sync and Cleanup should perform background sync for clients" name="Mobile Service - P2 Priority Background Sync and Cleanup should perform background sync for clients" time="0.001">
    </testcase>
    <testcase classname="Mobile Service - P2 Priority Background Sync and Cleanup should skip background sync for disabled clients" name="Mobile Service - P2 Priority Background Sync and Cleanup should skip background sync for disabled clients" time="0">
    </testcase>
    <testcase classname="Mobile Service - P2 Priority Background Sync and Cleanup should clean up expired sync data" name="Mobile Service - P2 Priority Background Sync and Cleanup should clean up expired sync data" time="0">
    </testcase>
    <testcase classname="Mobile Service - P2 Priority Helper Methods should generate current sync version" name="Mobile Service - P2 Priority Helper Methods should generate current sync version" time="0">
    </testcase>
    <testcase classname="Mobile Service - P2 Priority Helper Methods should get appropriate notification icons" name="Mobile Service - P2 Priority Helper Methods should get appropriate notification icons" time="0.001">
    </testcase>
    <testcase classname="Mobile Service - P2 Priority Helper Methods should detect important changes" name="Mobile Service - P2 Priority Helper Methods should detect important changes" time="0">
    </testcase>
    <testcase classname="Mobile Service - P2 Priority Helper Methods should calculate unread notification count" name="Mobile Service - P2 Priority Helper Methods should calculate unread notification count" time="0">
    </testcase>
    <testcase classname="Mobile Service - P2 Priority Analytics and Metrics should track mobile service metrics" name="Mobile Service - P2 Priority Analytics and Metrics should track mobile service metrics" time="0.001">
    </testcase>
    <testcase classname="Mobile Service - P2 Priority Analytics and Metrics should provide platform breakdown" name="Mobile Service - P2 Priority Analytics and Metrics should provide platform breakdown" time="0">
    </testcase>
    <testcase classname="Mobile Service - P2 Priority Analytics and Metrics should calculate average sync interval" name="Mobile Service - P2 Priority Analytics and Metrics should calculate average sync interval" time="0">
    </testcase>
    <testcase classname="Mobile Service - P2 Priority Error Handling should handle client not found errors" name="Mobile Service - P2 Priority Error Handling should handle client not found errors" time="0.005">
    </testcase>
    <testcase classname="Mobile Service - P2 Priority Error Handling should handle push notification errors gracefully" name="Mobile Service - P2 Priority Error Handling should handle push notification errors gracefully" time="0">
    </testcase>
    <testcase classname="Mobile Service - P2 Priority Error Handling should handle background sync failures" name="Mobile Service - P2 Priority Error Handling should handle background sync failures" time="0.005">
    </testcase>
    <testcase classname="Mobile Service Performance should handle many concurrent sync operations" name="Mobile Service Performance should handle many concurrent sync operations" time="0.001">
    </testcase>
    <testcase classname="Mobile Service Performance should efficiently manage large offline datasets" name="Mobile Service Performance should efficiently manage large offline datasets" time="0.011">
    </testcase>
  </testsuite>
  <testsuite name="Mobile Service - P2 Priority" errors="0" failures="0" skipped="0" timestamp="2025-08-14T19:28:53" time="0.048" tests="39">
    <testcase classname="Mobile Service - P2 Priority Mobile Client Registration should register mobile clients successfully" name="Mobile Service - P2 Priority Mobile Client Registration should register mobile clients successfully" time="0.001">
    </testcase>
    <testcase classname="Mobile Service - P2 Priority Mobile Client Registration should initialize offline data for new clients" name="Mobile Service - P2 Priority Mobile Client Registration should initialize offline data for new clients" time="0">
    </testcase>
    <testcase classname="Mobile Service - P2 Priority Mobile Client Registration should handle device token mapping" name="Mobile Service - P2 Priority Mobile Client Registration should handle device token mapping" time="0.001">
    </testcase>
    <testcase classname="Mobile Service - P2 Priority Offline Data Management should provide offline investigations data" name="Mobile Service - P2 Priority Offline Data Management should provide offline investigations data" time="0">
    </testcase>
    <testcase classname="Mobile Service - P2 Priority Offline Data Management should provide lightweight entity data" name="Mobile Service - P2 Priority Offline Data Management should provide lightweight entity data" time="0">
    </testcase>
    <testcase classname="Mobile Service - P2 Priority Offline Data Management should provide offline notifications" name="Mobile Service - P2 Priority Offline Data Management should provide offline notifications" time="0">
    </testcase>
    <testcase classname="Mobile Service - P2 Priority Offline Data Management should provide user settings" name="Mobile Service - P2 Priority Offline Data Management should provide user settings" time="0.001">
    </testcase>
    <testcase classname="Mobile Service - P2 Priority Sync Operations should handle full sync requests" name="Mobile Service - P2 Priority Sync Operations should handle full sync requests" time="0">
    </testcase>
    <testcase classname="Mobile Service - P2 Priority Sync Operations should handle incremental sync requests" name="Mobile Service - P2 Priority Sync Operations should handle incremental sync requests" time="0">
    </testcase>
    <testcase classname="Mobile Service - P2 Priority Sync Operations should process offline operations during sync" name="Mobile Service - P2 Priority Sync Operations should process offline operations during sync" time="0">
    </testcase>
    <testcase classname="Mobile Service - P2 Priority Sync Operations should optimize changes for mobile consumption" name="Mobile Service - P2 Priority Sync Operations should optimize changes for mobile consumption" time="0.001">
    </testcase>
    <testcase classname="Mobile Service - P2 Priority Sync Operations should handle sync failures gracefully" name="Mobile Service - P2 Priority Sync Operations should handle sync failures gracefully" time="0.008">
    </testcase>
    <testcase classname="Mobile Service - P2 Priority Offline Operations Processing should process entity creation operations" name="Mobile Service - P2 Priority Offline Operations Processing should process entity creation operations" time="0">
    </testcase>
    <testcase classname="Mobile Service - P2 Priority Offline Operations Processing should handle invalid operations gracefully" name="Mobile Service - P2 Priority Offline Operations Processing should handle invalid operations gracefully" time="0">
    </testcase>
    <testcase classname="Mobile Service - P2 Priority Offline Operations Processing should process multiple operation types" name="Mobile Service - P2 Priority Offline Operations Processing should process multiple operation types" time="0">
    </testcase>
    <testcase classname="Mobile Service - P2 Priority Mobile-Optimized API Endpoints should provide investigation summaries" name="Mobile Service - P2 Priority Mobile-Optimized API Endpoints should provide investigation summaries" time="0.001">
    </testcase>
    <testcase classname="Mobile Service - P2 Priority Mobile-Optimized API Endpoints should provide lightweight entity data" name="Mobile Service - P2 Priority Mobile-Optimized API Endpoints should provide lightweight entity data" time="0">
    </testcase>
    <testcase classname="Mobile Service - P2 Priority Mobile-Optimized API Endpoints should provide mobile-optimized notifications" name="Mobile Service - P2 Priority Mobile-Optimized API Endpoints should provide mobile-optimized notifications" time="0">
    </testcase>
    <testcase classname="Mobile Service - P2 Priority Push Notification Support should send push notifications to mobile devices" name="Mobile Service - P2 Priority Push Notification Support should send push notifications to mobile devices" time="0">
    </testcase>
    <testcase classname="Mobile Service - P2 Priority Push Notification Support should customize notifications for iOS platform" name="Mobile Service - P2 Priority Push Notification Support should customize notifications for iOS platform" time="0">
    </testcase>
    <testcase classname="Mobile Service - P2 Priority Push Notification Support should customize notifications for Android platform" name="Mobile Service - P2 Priority Push Notification Support should customize notifications for Android platform" time="0.001">
    </testcase>
    <testcase classname="Mobile Service - P2 Priority Push Notification Support should handle push notification failures" name="Mobile Service - P2 Priority Push Notification Support should handle push notification failures" time="0">
    </testcase>
    <testcase classname="Mobile Service - P2 Priority Mobile Client Management should update mobile client information" name="Mobile Service - P2 Priority Mobile Client Management should update mobile client information" time="0">
    </testcase>
    <testcase classname="Mobile Service - P2 Priority Mobile Client Management should deregister mobile clients" name="Mobile Service - P2 Priority Mobile Client Management should deregister mobile clients" time="0">
    </testcase>
    <testcase classname="Mobile Service - P2 Priority Background Sync and Cleanup should perform background sync for clients" name="Mobile Service - P2 Priority Background Sync and Cleanup should perform background sync for clients" time="0">
    </testcase>
    <testcase classname="Mobile Service - P2 Priority Background Sync and Cleanup should skip background sync for disabled clients" name="Mobile Service - P2 Priority Background Sync and Cleanup should skip background sync for disabled clients" time="0.001">
    </testcase>
    <testcase classname="Mobile Service - P2 Priority Background Sync and Cleanup should clean up expired sync data" name="Mobile Service - P2 Priority Background Sync and Cleanup should clean up expired sync data" time="0">
    </testcase>
    <testcase classname="Mobile Service - P2 Priority Helper Methods should generate current sync version" name="Mobile Service - P2 Priority Helper Methods should generate current sync version" time="0">
    </testcase>
    <testcase classname="Mobile Service - P2 Priority Helper Methods should get appropriate notification icons" name="Mobile Service - P2 Priority Helper Methods should get appropriate notification icons" time="0">
    </testcase>
    <testcase classname="Mobile Service - P2 Priority Helper Methods should detect important changes" name="Mobile Service - P2 Priority Helper Methods should detect important changes" time="0">
    </testcase>
    <testcase classname="Mobile Service - P2 Priority Helper Methods should calculate unread notification count" name="Mobile Service - P2 Priority Helper Methods should calculate unread notification count" time="0">
    </testcase>
    <testcase classname="Mobile Service - P2 Priority Analytics and Metrics should track mobile service metrics" name="Mobile Service - P2 Priority Analytics and Metrics should track mobile service metrics" time="0">
    </testcase>
    <testcase classname="Mobile Service - P2 Priority Analytics and Metrics should provide platform breakdown" name="Mobile Service - P2 Priority Analytics and Metrics should provide platform breakdown" time="0.001">
    </testcase>
    <testcase classname="Mobile Service - P2 Priority Analytics and Metrics should calculate average sync interval" name="Mobile Service - P2 Priority Analytics and Metrics should calculate average sync interval" time="0">
    </testcase>
    <testcase classname="Mobile Service - P2 Priority Error Handling should handle client not found errors" name="Mobile Service - P2 Priority Error Handling should handle client not found errors" time="0.004">
    </testcase>
    <testcase classname="Mobile Service - P2 Priority Error Handling should handle push notification errors gracefully" name="Mobile Service - P2 Priority Error Handling should handle push notification errors gracefully" time="0">
    </testcase>
    <testcase classname="Mobile Service - P2 Priority Error Handling should handle background sync failures" name="Mobile Service - P2 Priority Error Handling should handle background sync failures" time="0.001">
    </testcase>
    <testcase classname="Mobile Service Performance should handle many concurrent sync operations" name="Mobile Service Performance should handle many concurrent sync operations" time="0">
    </testcase>
    <testcase classname="Mobile Service Performance should efficiently manage large offline datasets" name="Mobile Service Performance should efficiently manage large offline datasets" time="0.013">
    </testcase>
  </testsuite>
  <testsuite name="Integration Service - P2 Priority" errors="0" failures="0" skipped="0" timestamp="2025-08-14T19:28:52" time="1.171" tests="49">
    <testcase classname="Integration Service - P2 Priority Connector Initialization should initialize all enterprise connectors" name="Integration Service - P2 Priority Connector Initialization should initialize all enterprise connectors" time="0.001">
    </testcase>
    <testcase classname="Integration Service - P2 Priority Connector Initialization should configure connector categories correctly" name="Integration Service - P2 Priority Connector Initialization should configure connector categories correctly" time="0">
    </testcase>
    <testcase classname="Integration Service - P2 Priority Connector Initialization should define authentication methods for each connector" name="Integration Service - P2 Priority Connector Initialization should define authentication methods for each connector" time="0.001">
    </testcase>
    <testcase classname="Integration Service - P2 Priority Connector Initialization should configure data types for each connector" name="Integration Service - P2 Priority Connector Initialization should configure data types for each connector" time="0">
    </testcase>
    <testcase classname="Integration Service - P2 Priority Connection Management should create connections successfully" name="Integration Service - P2 Priority Connection Management should create connections successfully" time="0">
    </testcase>
    <testcase classname="Integration Service - P2 Priority Connection Management should validate authentication before creating connections" name="Integration Service - P2 Priority Connection Management should validate authentication before creating connections" time="0.019">
    </testcase>
    <testcase classname="Integration Service - P2 Priority Connection Management should reject connections with invalid connectors" name="Integration Service - P2 Priority Connection Management should reject connections with invalid connectors" time="0">
    </testcase>
    <testcase classname="Integration Service - P2 Priority Connection Management should fail connection creation on test failure" name="Integration Service - P2 Priority Connection Management should fail connection creation on test failure" time="0">
    </testcase>
    <testcase classname="Integration Service - P2 Priority Connection Management should update existing connections" name="Integration Service - P2 Priority Connection Management should update existing connections" time="0">
    </testcase>
    <testcase classname="Integration Service - P2 Priority Connection Management should delete connections and cleanup sync jobs" name="Integration Service - P2 Priority Connection Management should delete connections and cleanup sync jobs" time="0.001">
    </testcase>
    <testcase classname="Integration Service - P2 Priority Authentication Validation should validate API key authentication" name="Integration Service - P2 Priority Authentication Validation should validate API key authentication" time="0">
    </testcase>
    <testcase classname="Integration Service - P2 Priority Authentication Validation should validate username/password authentication" name="Integration Service - P2 Priority Authentication Validation should validate username/password authentication" time="0">
    </testcase>
    <testcase classname="Integration Service - P2 Priority Authentication Validation should validate OAuth2 authentication" name="Integration Service - P2 Priority Authentication Validation should validate OAuth2 authentication" time="0">
    </testcase>
    <testcase classname="Integration Service - P2 Priority Authentication Validation should validate AWS credentials" name="Integration Service - P2 Priority Authentication Validation should validate AWS credentials" time="0">
    </testcase>
    <testcase classname="Integration Service - P2 Priority Authentication Validation should reject unsupported authentication types" name="Integration Service - P2 Priority Authentication Validation should reject unsupported authentication types" time="0">
    </testcase>
    <testcase classname="Integration Service - P2 Priority Authentication Validation should reject incomplete credentials" name="Integration Service - P2 Priority Authentication Validation should reject incomplete credentials" time="0">
    </testcase>
    <testcase classname="Integration Service - P2 Priority Connection Testing should test connections successfully" name="Integration Service - P2 Priority Connection Testing should test connections successfully" time="0">
    </testcase>
    <testcase classname="Integration Service - P2 Priority Connection Testing should handle connection test failures" name="Integration Service - P2 Priority Connection Testing should handle connection test failures" time="0.001">
    </testcase>
    <testcase classname="Integration Service - P2 Priority Connection Testing should use appropriate test endpoints for each connector" name="Integration Service - P2 Priority Connection Testing should use appropriate test endpoints for each connector" time="0">
    </testcase>
    <testcase classname="Integration Service - P2 Priority Data Operations should execute queries on active connections" name="Integration Service - P2 Priority Data Operations should execute queries on active connections" time="0">
    </testcase>
    <testcase classname="Integration Service - P2 Priority Data Operations should reject queries on inactive connections" name="Integration Service - P2 Priority Data Operations should reject queries on inactive connections" time="0">
    </testcase>
    <testcase classname="Integration Service - P2 Priority Data Operations should handle query execution failures" name="Integration Service - P2 Priority Data Operations should handle query execution failures" time="0">
    </testcase>
    <testcase classname="Integration Service - P2 Priority Sync Job Management should create sync jobs" name="Integration Service - P2 Priority Sync Job Management should create sync jobs" time="0.001">
    </testcase>
    <testcase classname="Integration Service - P2 Priority Sync Job Management should run sync jobs successfully" name="Integration Service - P2 Priority Sync Job Management should run sync jobs successfully" time="0">
    </testcase>
    <testcase classname="Integration Service - P2 Priority Sync Job Management should handle sync job failures" name="Integration Service - P2 Priority Sync Job Management should handle sync job failures" time="0">
    </testcase>
    <testcase classname="Integration Service - P2 Priority Sync Job Management should process scheduled syncs" name="Integration Service - P2 Priority Sync Job Management should process scheduled syncs" time="0.003">
    </testcase>
    <testcase classname="Integration Service - P2 Priority Webhook Management should create webhooks" name="Integration Service - P2 Priority Webhook Management should create webhooks" time="0">
    </testcase>
    <testcase classname="Integration Service - P2 Priority Webhook Management should trigger webhooks for matching events" name="Integration Service - P2 Priority Webhook Management should trigger webhooks for matching events" time="0">
    </testcase>
    <testcase classname="Integration Service - P2 Priority Webhook Management should handle webhook delivery failures with retry" name="Integration Service - P2 Priority Webhook Management should handle webhook delivery failures with retry" time="1.102">
    </testcase>
    <testcase classname="Integration Service - P2 Priority Webhook Management should skip disabled webhooks" name="Integration Service - P2 Priority Webhook Management should skip disabled webhooks" time="0">
    </testcase>
    <testcase classname="Integration Service - P2 Priority Webhook Management should filter events based on webhook configuration" name="Integration Service - P2 Priority Webhook Management should filter events based on webhook configuration" time="0.001">
    </testcase>
    <testcase classname="Integration Service - P2 Priority Security and Encryption should encrypt and decrypt credentials" name="Integration Service - P2 Priority Security and Encryption should encrypt and decrypt credentials" time="0.001">
    </testcase>
    <testcase classname="Integration Service - P2 Priority Security and Encryption should generate webhook signatures" name="Integration Service - P2 Priority Security and Encryption should generate webhook signatures" time="0">
    </testcase>
    <testcase classname="Integration Service - P2 Priority Security and Encryption should generate consistent signatures" name="Integration Service - P2 Priority Security and Encryption should generate consistent signatures" time="0.001">
    </testcase>
    <testcase classname="Integration Service - P2 Priority Connection Health and Metrics should track connection metrics" name="Integration Service - P2 Priority Connection Health and Metrics should track connection metrics" time="0">
    </testcase>
    <testcase classname="Integration Service - P2 Priority Connection Health and Metrics should calculate connection health percentage" name="Integration Service - P2 Priority Connection Health and Metrics should calculate connection health percentage" time="0">
    </testcase>
    <testcase classname="Integration Service - P2 Priority Connection Health and Metrics should provide connector breakdown statistics" name="Integration Service - P2 Priority Connection Health and Metrics should provide connector breakdown statistics" time="0.001">
    </testcase>
    <testcase classname="Integration Service - P2 Priority API Methods should list connectors" name="Integration Service - P2 Priority API Methods should list connectors" time="0">
    </testcase>
    <testcase classname="Integration Service - P2 Priority API Methods should get specific connector details" name="Integration Service - P2 Priority API Methods should get specific connector details" time="0">
    </testcase>
    <testcase classname="Integration Service - P2 Priority API Methods should list connections with user filtering" name="Integration Service - P2 Priority API Methods should list connections with user filtering" time="0.001">
    </testcase>
    <testcase classname="Integration Service - P2 Priority API Methods should list webhooks with user filtering" name="Integration Service - P2 Priority API Methods should list webhooks with user filtering" time="0">
    </testcase>
    <testcase classname="Integration Service - P2 Priority API Methods should list sync jobs with connection filtering" name="Integration Service - P2 Priority API Methods should list sync jobs with connection filtering" time="0">
    </testcase>
    <testcase classname="Integration Service - P2 Priority Error Handling should handle connection not found errors" name="Integration Service - P2 Priority Error Handling should handle connection not found errors" time="0.002">
    </testcase>
    <testcase classname="Integration Service - P2 Priority Error Handling should handle sync job not found errors" name="Integration Service - P2 Priority Error Handling should handle sync job not found errors" time="0">
    </testcase>
    <testcase classname="Integration Service - P2 Priority Error Handling should handle webhook not found gracefully" name="Integration Service - P2 Priority Error Handling should handle webhook not found gracefully" time="0">
    </testcase>
    <testcase classname="Integration Service - P2 Priority Utility Methods should calculate next run times" name="Integration Service - P2 Priority Utility Methods should calculate next run times" time="0.001">
    </testcase>
    <testcase classname="Integration Service - P2 Priority Utility Methods should make HTTP requests" name="Integration Service - P2 Priority Utility Methods should make HTTP requests" time="0">
    </testcase>
    <testcase classname="Integration Service Performance should handle many concurrent connections efficiently" name="Integration Service Performance should handle many concurrent connections efficiently" time="0.001">
    </testcase>
    <testcase classname="Integration Service Performance should efficiently process webhook deliveries" name="Integration Service Performance should efficiently process webhook deliveries" time="0.002">
    </testcase>
  </testsuite>
  <testsuite name="Plugin Service - P2 Priority" errors="0" failures="0" skipped="0" timestamp="2025-08-14T19:28:53" time="3.091" tests="40">
    <testcase classname="Plugin Service - P2 Priority Extension Points Initialization should initialize all required extension points" name="Plugin Service - P2 Priority Extension Points Initialization should initialize all required extension points" time="0.001">
    </testcase>
    <testcase classname="Plugin Service - P2 Priority Extension Points Initialization should configure extension point interfaces correctly" name="Plugin Service - P2 Priority Extension Points Initialization should configure extension point interfaces correctly" time="0.001">
    </testcase>
    <testcase classname="Plugin Service - P2 Priority Extension Points Initialization should define security requirements for extension points" name="Plugin Service - P2 Priority Extension Points Initialization should define security requirements for extension points" time="0">
    </testcase>
    <testcase classname="Plugin Service - P2 Priority Plugin Registration should register valid plugins successfully" name="Plugin Service - P2 Priority Plugin Registration should register valid plugins successfully" time="0">
    </testcase>
    <testcase classname="Plugin Service - P2 Priority Plugin Registration should validate plugin data during registration" name="Plugin Service - P2 Priority Plugin Registration should validate plugin data during registration" time="0.015">
    </testcase>
    <testcase classname="Plugin Service - P2 Priority Plugin Registration should check plugin dependencies" name="Plugin Service - P2 Priority Plugin Registration should check plugin dependencies" time="0">
    </testcase>
    <testcase classname="Plugin Service - P2 Priority Plugin Registration should reject plugins with missing dependencies" name="Plugin Service - P2 Priority Plugin Registration should reject plugins with missing dependencies" time="0">
    </testcase>
    <testcase classname="Plugin Service - P2 Priority Plugin Loading and Sandboxing should create secure sandboxes for plugins" name="Plugin Service - P2 Priority Plugin Loading and Sandboxing should create secure sandboxes for plugins" time="0.001">
    </testcase>
    <testcase classname="Plugin Service - P2 Priority Plugin Loading and Sandboxing should provide restricted API to sandboxed plugins" name="Plugin Service - P2 Priority Plugin Loading and Sandboxing should provide restricted API to sandboxed plugins" time="0">
    </testcase>
    <testcase classname="Plugin Service - P2 Priority Plugin Loading and Sandboxing should restrict API access based on permissions" name="Plugin Service - P2 Priority Plugin Loading and Sandboxing should restrict API access based on permissions" time="0.001">
    </testcase>
    <testcase classname="Plugin Service - P2 Priority Plugin Loading and Sandboxing should validate required modules in sandbox" name="Plugin Service - P2 Priority Plugin Loading and Sandboxing should validate required modules in sandbox" time="0.01">
    </testcase>
    <testcase classname="Plugin Service - P2 Priority Plugin Lifecycle Management should load plugins correctly" name="Plugin Service - P2 Priority Plugin Lifecycle Management should load plugins correctly" time="0">
    </testcase>
    <testcase classname="Plugin Service - P2 Priority Plugin Lifecycle Management should activate plugins successfully" name="Plugin Service - P2 Priority Plugin Lifecycle Management should activate plugins successfully" time="0">
    </testcase>
    <testcase classname="Plugin Service - P2 Priority Plugin Lifecycle Management should deactivate plugins cleanly" name="Plugin Service - P2 Priority Plugin Lifecycle Management should deactivate plugins cleanly" time="0.001">
    </testcase>
    <testcase classname="Plugin Service - P2 Priority Plugin Lifecycle Management should handle plugin loading failures" name="Plugin Service - P2 Priority Plugin Lifecycle Management should handle plugin loading failures" time="0">
    </testcase>
    <testcase classname="Plugin Service - P2 Priority Hook System should register and execute plugin hooks" name="Plugin Service - P2 Priority Hook System should register and execute plugin hooks" time="0.001">
    </testcase>
    <testcase classname="Plugin Service - P2 Priority Hook System should handle hook execution failures gracefully" name="Plugin Service - P2 Priority Hook System should handle hook execution failures gracefully" time="0">
    </testcase>
    <testcase classname="Plugin Service - P2 Priority Hook System should respect hook priorities" name="Plugin Service - P2 Priority Hook System should respect hook priorities" time="0.001">
    </testcase>
    <testcase classname="Plugin Service - P2 Priority Extension System should register plugin extensions" name="Plugin Service - P2 Priority Extension System should register plugin extensions" time="0">
    </testcase>
    <testcase classname="Plugin Service - P2 Priority Extension System should execute extensions" name="Plugin Service - P2 Priority Extension System should execute extensions" time="0.001">
    </testcase>
    <testcase classname="Plugin Service - P2 Priority Extension System should validate extension permissions" name="Plugin Service - P2 Priority Extension System should validate extension permissions" time="0">
    </testcase>
    <testcase classname="Plugin Service - P2 Priority Plugin Installation and Updates should install plugin packages" name="Plugin Service - P2 Priority Plugin Installation and Updates should install plugin packages" time="0">
    </testcase>
    <testcase classname="Plugin Service - P2 Priority Plugin Installation and Updates should update existing plugins" name="Plugin Service - P2 Priority Plugin Installation and Updates should update existing plugins" time="0">
    </testcase>
    <testcase classname="Plugin Service - P2 Priority Plugin Installation and Updates should restore backup on update failure" name="Plugin Service - P2 Priority Plugin Installation and Updates should restore backup on update failure" time="0">
    </testcase>
    <testcase classname="Plugin Service - P2 Priority Plugin Configuration should save and load plugin configurations" name="Plugin Service - P2 Priority Plugin Configuration should save and load plugin configurations" time="0">
    </testcase>
    <testcase classname="Plugin Service - P2 Priority Plugin Configuration should handle configuration loading errors" name="Plugin Service - P2 Priority Plugin Configuration should handle configuration loading errors" time="0">
    </testcase>
    <testcase classname="Plugin Service - P2 Priority Security and Access Control should encrypt and decrypt plugin data" name="Plugin Service - P2 Priority Security and Access Control should encrypt and decrypt plugin data" time="0">
    </testcase>
    <testcase classname="Plugin Service - P2 Priority Security and Access Control should validate plugin API access" name="Plugin Service - P2 Priority Security and Access Control should validate plugin API access" time="0.001">
    </testcase>
    <testcase classname="Plugin Service - P2 Priority Security and Access Control should audit plugin security operations" name="Plugin Service - P2 Priority Security and Access Control should audit plugin security operations" time="0">
    </testcase>
    <testcase classname="Plugin Service - P2 Priority Plugin Management API should list plugins with filtering" name="Plugin Service - P2 Priority Plugin Management API should list plugins with filtering" time="0">
    </testcase>
    <testcase classname="Plugin Service - P2 Priority Plugin Management API should get plugin details" name="Plugin Service - P2 Priority Plugin Management API should get plugin details" time="0">
    </testcase>
    <testcase classname="Plugin Service - P2 Priority Plugin Management API should remove plugins completely" name="Plugin Service - P2 Priority Plugin Management API should remove plugins completely" time="0">
    </testcase>
    <testcase classname="Plugin Service - P2 Priority Metrics and Monitoring should track plugin system metrics" name="Plugin Service - P2 Priority Metrics and Monitoring should track plugin system metrics" time="0.001">
    </testcase>
    <testcase classname="Plugin Service - P2 Priority Metrics and Monitoring should provide plugin performance data" name="Plugin Service - P2 Priority Metrics and Monitoring should provide plugin performance data" time="0.001">
    </testcase>
    <testcase classname="Plugin Service - P2 Priority Error Handling and Recovery should handle sandbox creation failures" name="Plugin Service - P2 Priority Error Handling and Recovery should handle sandbox creation failures" time="0">
    </testcase>
    <testcase classname="Plugin Service - P2 Priority Error Handling and Recovery should handle plugin timeout scenarios" name="Plugin Service - P2 Priority Error Handling and Recovery should handle plugin timeout scenarios" time="3.001">
    </testcase>
    <testcase classname="Plugin Service - P2 Priority Version Compatibility should check semantic version compatibility" name="Plugin Service - P2 Priority Version Compatibility should check semantic version compatibility" time="0.002">
    </testcase>
    <testcase classname="Plugin Service - P2 Priority Version Compatibility should handle version range specifications" name="Plugin Service - P2 Priority Version Compatibility should handle version range specifications" time="0.001">
    </testcase>
    <testcase classname="Plugin Service Performance should handle many plugins efficiently" name="Plugin Service Performance should handle many plugins efficiently" time="0.003">
    </testcase>
    <testcase classname="Plugin Service Performance should execute hooks efficiently with many plugins" name="Plugin Service Performance should execute hooks efficiently with many plugins" time="0.029">
    </testcase>
  </testsuite>
  <testsuite name="Plugin Service - P2 Priority" errors="0" failures="0" skipped="0" timestamp="2025-08-14T19:28:54" time="3.108" tests="40">
    <testcase classname="Plugin Service - P2 Priority Extension Points Initialization should initialize all required extension points" name="Plugin Service - P2 Priority Extension Points Initialization should initialize all required extension points" time="0.001">
    </testcase>
    <testcase classname="Plugin Service - P2 Priority Extension Points Initialization should configure extension point interfaces correctly" name="Plugin Service - P2 Priority Extension Points Initialization should configure extension point interfaces correctly" time="0.001">
    </testcase>
    <testcase classname="Plugin Service - P2 Priority Extension Points Initialization should define security requirements for extension points" name="Plugin Service - P2 Priority Extension Points Initialization should define security requirements for extension points" time="0">
    </testcase>
    <testcase classname="Plugin Service - P2 Priority Plugin Registration should register valid plugins successfully" name="Plugin Service - P2 Priority Plugin Registration should register valid plugins successfully" time="0.001">
    </testcase>
    <testcase classname="Plugin Service - P2 Priority Plugin Registration should validate plugin data during registration" name="Plugin Service - P2 Priority Plugin Registration should validate plugin data during registration" time="0.014">
    </testcase>
    <testcase classname="Plugin Service - P2 Priority Plugin Registration should check plugin dependencies" name="Plugin Service - P2 Priority Plugin Registration should check plugin dependencies" time="0.001">
    </testcase>
    <testcase classname="Plugin Service - P2 Priority Plugin Registration should reject plugins with missing dependencies" name="Plugin Service - P2 Priority Plugin Registration should reject plugins with missing dependencies" time="0">
    </testcase>
    <testcase classname="Plugin Service - P2 Priority Plugin Loading and Sandboxing should create secure sandboxes for plugins" name="Plugin Service - P2 Priority Plugin Loading and Sandboxing should create secure sandboxes for plugins" time="0.001">
    </testcase>
    <testcase classname="Plugin Service - P2 Priority Plugin Loading and Sandboxing should provide restricted API to sandboxed plugins" name="Plugin Service - P2 Priority Plugin Loading and Sandboxing should provide restricted API to sandboxed plugins" time="0">
    </testcase>
    <testcase classname="Plugin Service - P2 Priority Plugin Loading and Sandboxing should restrict API access based on permissions" name="Plugin Service - P2 Priority Plugin Loading and Sandboxing should restrict API access based on permissions" time="0">
    </testcase>
    <testcase classname="Plugin Service - P2 Priority Plugin Loading and Sandboxing should validate required modules in sandbox" name="Plugin Service - P2 Priority Plugin Loading and Sandboxing should validate required modules in sandbox" time="0.009">
    </testcase>
    <testcase classname="Plugin Service - P2 Priority Plugin Lifecycle Management should load plugins correctly" name="Plugin Service - P2 Priority Plugin Lifecycle Management should load plugins correctly" time="0">
    </testcase>
    <testcase classname="Plugin Service - P2 Priority Plugin Lifecycle Management should activate plugins successfully" name="Plugin Service - P2 Priority Plugin Lifecycle Management should activate plugins successfully" time="0.001">
    </testcase>
    <testcase classname="Plugin Service - P2 Priority Plugin Lifecycle Management should deactivate plugins cleanly" name="Plugin Service - P2 Priority Plugin Lifecycle Management should deactivate plugins cleanly" time="0">
    </testcase>
    <testcase classname="Plugin Service - P2 Priority Plugin Lifecycle Management should handle plugin loading failures" name="Plugin Service - P2 Priority Plugin Lifecycle Management should handle plugin loading failures" time="0.001">
    </testcase>
    <testcase classname="Plugin Service - P2 Priority Hook System should register and execute plugin hooks" name="Plugin Service - P2 Priority Hook System should register and execute plugin hooks" time="0">
    </testcase>
    <testcase classname="Plugin Service - P2 Priority Hook System should handle hook execution failures gracefully" name="Plugin Service - P2 Priority Hook System should handle hook execution failures gracefully" time="0.001">
    </testcase>
    <testcase classname="Plugin Service - P2 Priority Hook System should respect hook priorities" name="Plugin Service - P2 Priority Hook System should respect hook priorities" time="0.001">
    </testcase>
    <testcase classname="Plugin Service - P2 Priority Extension System should register plugin extensions" name="Plugin Service - P2 Priority Extension System should register plugin extensions" time="0">
    </testcase>
    <testcase classname="Plugin Service - P2 Priority Extension System should execute extensions" name="Plugin Service - P2 Priority Extension System should execute extensions" time="0.001">
    </testcase>
    <testcase classname="Plugin Service - P2 Priority Extension System should validate extension permissions" name="Plugin Service - P2 Priority Extension System should validate extension permissions" time="0">
    </testcase>
    <testcase classname="Plugin Service - P2 Priority Plugin Installation and Updates should install plugin packages" name="Plugin Service - P2 Priority Plugin Installation and Updates should install plugin packages" time="0">
    </testcase>
    <testcase classname="Plugin Service - P2 Priority Plugin Installation and Updates should update existing plugins" name="Plugin Service - P2 Priority Plugin Installation and Updates should update existing plugins" time="0.001">
    </testcase>
    <testcase classname="Plugin Service - P2 Priority Plugin Installation and Updates should restore backup on update failure" name="Plugin Service - P2 Priority Plugin Installation and Updates should restore backup on update failure" time="0">
    </testcase>
    <testcase classname="Plugin Service - P2 Priority Plugin Configuration should save and load plugin configurations" name="Plugin Service - P2 Priority Plugin Configuration should save and load plugin configurations" time="0">
    </testcase>
    <testcase classname="Plugin Service - P2 Priority Plugin Configuration should handle configuration loading errors" name="Plugin Service - P2 Priority Plugin Configuration should handle configuration loading errors" time="0">
    </testcase>
    <testcase classname="Plugin Service - P2 Priority Security and Access Control should encrypt and decrypt plugin data" name="Plugin Service - P2 Priority Security and Access Control should encrypt and decrypt plugin data" time="0">
    </testcase>
    <testcase classname="Plugin Service - P2 Priority Security and Access Control should validate plugin API access" name="Plugin Service - P2 Priority Security and Access Control should validate plugin API access" time="0.001">
    </testcase>
    <testcase classname="Plugin Service - P2 Priority Security and Access Control should audit plugin security operations" name="Plugin Service - P2 Priority Security and Access Control should audit plugin security operations" time="0">
    </testcase>
    <testcase classname="Plugin Service - P2 Priority Plugin Management API should list plugins with filtering" name="Plugin Service - P2 Priority Plugin Management API should list plugins with filtering" time="0">
    </testcase>
    <testcase classname="Plugin Service - P2 Priority Plugin Management API should get plugin details" name="Plugin Service - P2 Priority Plugin Management API should get plugin details" time="0">
    </testcase>
    <testcase classname="Plugin Service - P2 Priority Plugin Management API should remove plugins completely" name="Plugin Service - P2 Priority Plugin Management API should remove plugins completely" time="0">
    </testcase>
    <testcase classname="Plugin Service - P2 Priority Metrics and Monitoring should track plugin system metrics" name="Plugin Service - P2 Priority Metrics and Monitoring should track plugin system metrics" time="0.001">
    </testcase>
    <testcase classname="Plugin Service - P2 Priority Metrics and Monitoring should provide plugin performance data" name="Plugin Service - P2 Priority Metrics and Monitoring should provide plugin performance data" time="0.001">
    </testcase>
    <testcase classname="Plugin Service - P2 Priority Error Handling and Recovery should handle sandbox creation failures" name="Plugin Service - P2 Priority Error Handling and Recovery should handle sandbox creation failures" time="0">
    </testcase>
    <testcase classname="Plugin Service - P2 Priority Error Handling and Recovery should handle plugin timeout scenarios" name="Plugin Service - P2 Priority Error Handling and Recovery should handle plugin timeout scenarios" time="3.001">
    </testcase>
    <testcase classname="Plugin Service - P2 Priority Version Compatibility should check semantic version compatibility" name="Plugin Service - P2 Priority Version Compatibility should check semantic version compatibility" time="0.002">
    </testcase>
    <testcase classname="Plugin Service - P2 Priority Version Compatibility should handle version range specifications" name="Plugin Service - P2 Priority Version Compatibility should handle version range specifications" time="0.001">
    </testcase>
    <testcase classname="Plugin Service Performance should handle many plugins efficiently" name="Plugin Service Performance should handle many plugins efficiently" time="0.002">
    </testcase>
    <testcase classname="Plugin Service Performance should execute hooks efficiently with many plugins" name="Plugin Service Performance should execute hooks efficiently with many plugins" time="0.03">
    </testcase>
  </testsuite>
  <testsuite name="Simulation Engine Service - P0 Critical MVP1" errors="0" failures="0" skipped="0" timestamp="2025-08-14T19:28:57" time="1.647" tests="41">
    <testcase classname="Simulation Engine Service - P0 Critical MVP1 Simulation Engine Initialization should initialize all required simulation engines" name="Simulation Engine Service - P0 Critical MVP1 Simulation Engine Initialization should initialize all required simulation engines" time="0.002">
    </testcase>
    <testcase classname="Simulation Engine Service - P0 Critical MVP1 Simulation Engine Initialization should configure engine parameters correctly" name="Simulation Engine Service - P0 Critical MVP1 Simulation Engine Initialization should configure engine parameters correctly" time="0">
    </testcase>
    <testcase classname="Simulation Engine Service - P0 Critical MVP1 Simulation Engine Initialization should load scenario templates" name="Simulation Engine Service - P0 Critical MVP1 Simulation Engine Initialization should load scenario templates" time="0.001">
    </testcase>
    <testcase classname="Simulation Engine Service - P0 Critical MVP1 Simulation Configuration and Validation should validate simulation configuration" name="Simulation Engine Service - P0 Critical MVP1 Simulation Configuration and Validation should validate simulation configuration" time="0">
    </testcase>
    <testcase classname="Simulation Engine Service - P0 Critical MVP1 Simulation Configuration and Validation should reject unknown engines" name="Simulation Engine Service - P0 Critical MVP1 Simulation Configuration and Validation should reject unknown engines" time="0.016">
    </testcase>
    <testcase classname="Simulation Engine Service - P0 Critical MVP1 Simulation Configuration and Validation should validate engine parameters" name="Simulation Engine Service - P0 Critical MVP1 Simulation Configuration and Validation should validate engine parameters" time="0.001">
    </testcase>
    <testcase classname="Simulation Engine Service - P0 Critical MVP1 Simulation Configuration and Validation should reject simulations with no graph data" name="Simulation Engine Service - P0 Critical MVP1 Simulation Configuration and Validation should reject simulations with no graph data" time="0">
    </testcase>
    <testcase classname="Simulation Engine Service - P0 Critical MVP1 Graph Data Loading should load graph data from Neo4j" name="Simulation Engine Service - P0 Critical MVP1 Graph Data Loading should load graph data from Neo4j" time="0.001">
    </testcase>
    <testcase classname="Simulation Engine Service - P0 Critical MVP1 Graph Data Loading should handle database connection errors" name="Simulation Engine Service - P0 Critical MVP1 Graph Data Loading should handle database connection errors" time="0">
    </testcase>
    <testcase classname="Simulation Engine Service - P0 Critical MVP1 Simulation Execution should run complete simulation successfully" name="Simulation Engine Service - P0 Critical MVP1 Simulation Execution should run complete simulation successfully" time="0.001">
    </testcase>
    <testcase classname="Simulation Engine Service - P0 Critical MVP1 Simulation Execution should handle simulation initialization failure" name="Simulation Engine Service - P0 Critical MVP1 Simulation Execution should handle simulation initialization failure" time="0">
    </testcase>
    <testcase classname="Simulation Engine Service - P0 Critical MVP1 Simulation Execution should emit simulation lifecycle events" name="Simulation Engine Service - P0 Critical MVP1 Simulation Execution should emit simulation lifecycle events" time="0">
    </testcase>
    <testcase classname="Simulation Engine Service - P0 Critical MVP1 Network Propagation Engine should simulate network propagation correctly" name="Simulation Engine Service - P0 Critical MVP1 Network Propagation Engine should simulate network propagation correctly" time="0.001">
    </testcase>
    <testcase classname="Simulation Engine Service - P0 Critical MVP1 Network Propagation Engine should handle convergence detection" name="Simulation Engine Service - P0 Critical MVP1 Network Propagation Engine should handle convergence detection" time="0">
    </testcase>
    <testcase classname="Simulation Engine Service - P0 Critical MVP1 Behavioral Prediction Engine should generate behavioral predictions" name="Simulation Engine Service - P0 Critical MVP1 Behavioral Prediction Engine should generate behavioral predictions" time="0">
    </testcase>
    <testcase classname="Simulation Engine Service - P0 Critical MVP1 Behavioral Prediction Engine should include temporal factors in predictions" name="Simulation Engine Service - P0 Critical MVP1 Behavioral Prediction Engine should include temporal factors in predictions" time="0.001">
    </testcase>
    <testcase classname="Simulation Engine Service - P0 Critical MVP1 Risk Assessment Engine should assess risk for entities" name="Simulation Engine Service - P0 Critical MVP1 Risk Assessment Engine should assess risk for entities" time="0">
    </testcase>
    <testcase classname="Simulation Engine Service - P0 Critical MVP1 Risk Assessment Engine should identify risk clusters" name="Simulation Engine Service - P0 Critical MVP1 Risk Assessment Engine should identify risk clusters" time="0">
    </testcase>
    <testcase classname="Simulation Engine Service - P0 Critical MVP1 Monte Carlo Engine should run Monte Carlo simulation" name="Simulation Engine Service - P0 Critical MVP1 Monte Carlo Engine should run Monte Carlo simulation" time="1.103">
    </testcase>
    <testcase classname="Simulation Engine Service - P0 Critical MVP1 Monte Carlo Engine should calculate statistical measures correctly" name="Simulation Engine Service - P0 Critical MVP1 Monte Carlo Engine should calculate statistical measures correctly" time="0.001">
    </testcase>
    <testcase classname="Simulation Engine Service - P0 Critical MVP1 Monte Carlo Engine should handle parallel execution" name="Simulation Engine Service - P0 Critical MVP1 Monte Carlo Engine should handle parallel execution" time="0.111">
    </testcase>
    <testcase classname="Simulation Engine Service - P0 Critical MVP1 Event Cascade Engine should simulate event cascades" name="Simulation Engine Service - P0 Critical MVP1 Event Cascade Engine should simulate event cascades" time="0.002">
    </testcase>
    <testcase classname="Simulation Engine Service - P0 Critical MVP1 Event Cascade Engine should respect cascade depth limits" name="Simulation Engine Service - P0 Critical MVP1 Event Cascade Engine should respect cascade depth limits" time="0.001">
    </testcase>
    <testcase classname="Simulation Engine Service - P0 Critical MVP1 Resource Allocation Engine should optimize resource allocation" name="Simulation Engine Service - P0 Critical MVP1 Resource Allocation Engine should optimize resource allocation" time="0.001">
    </testcase>
    <testcase classname="Simulation Engine Service - P0 Critical MVP1 Resource Allocation Engine should track resource utilization over time" name="Simulation Engine Service - P0 Critical MVP1 Resource Allocation Engine should track resource utilization over time" time="0.002">
    </testcase>
    <testcase classname="Simulation Engine Service - P0 Critical MVP1 Simulation Management should track active simulations" name="Simulation Engine Service - P0 Critical MVP1 Simulation Management should track active simulations" time="0">
    </testcase>
    <testcase classname="Simulation Engine Service - P0 Critical MVP1 Simulation Management should get simulation status" name="Simulation Engine Service - P0 Critical MVP1 Simulation Management should get simulation status" time="0.001">
    </testcase>
    <testcase classname="Simulation Engine Service - P0 Critical MVP1 Simulation Management should cancel running simulation" name="Simulation Engine Service - P0 Critical MVP1 Simulation Management should cancel running simulation" time="0.118">
    </testcase>
    <testcase classname="Simulation Engine Service - P0 Critical MVP1 Performance Metrics should track simulation metrics" name="Simulation Engine Service - P0 Critical MVP1 Performance Metrics should track simulation metrics" time="0">
    </testcase>
    <testcase classname="Simulation Engine Service - P0 Critical MVP1 Performance Metrics should calculate success rate" name="Simulation Engine Service - P0 Critical MVP1 Performance Metrics should calculate success rate" time="0.001">
    </testcase>
    <testcase classname="Simulation Engine Service - P0 Critical MVP1 Error Handling should handle engine execution failures gracefully" name="Simulation Engine Service - P0 Critical MVP1 Error Handling should handle engine execution failures gracefully" time="0.001">
    </testcase>
    <testcase classname="Simulation Engine Service - P0 Critical MVP1 Error Handling should validate parameter ranges" name="Simulation Engine Service - P0 Critical MVP1 Error Handling should validate parameter ranges" time="0.001">
    </testcase>
    <testcase classname="Simulation Engine Service - P0 Critical MVP1 Utility Functions should calculate statistical measures correctly" name="Simulation Engine Service - P0 Critical MVP1 Utility Functions should calculate statistical measures correctly" time="0.001">
    </testcase>
    <testcase classname="Simulation Engine Service - P0 Critical MVP1 Utility Functions should calculate Value at Risk correctly" name="Simulation Engine Service - P0 Critical MVP1 Utility Functions should calculate Value at Risk correctly" time="0">
    </testcase>
    <testcase classname="Simulation Engine Service - P0 Critical MVP1 Utility Functions should calculate Conditional Value at Risk correctly" name="Simulation Engine Service - P0 Critical MVP1 Utility Functions should calculate Conditional Value at Risk correctly" time="0.001">
    </testcase>
    <testcase classname="Simulation Engine Service - P0 Critical MVP1 Utility Functions should create proper delay promises" name="Simulation Engine Service - P0 Critical MVP1 Utility Functions should create proper delay promises" time="0.101">
    </testcase>
    <testcase classname="Simulation Engine Service - P0 Critical MVP1 Scenario Templates should provide threat propagation scenario" name="Simulation Engine Service - P0 Critical MVP1 Scenario Templates should provide threat propagation scenario" time="0.002">
    </testcase>
    <testcase classname="Simulation Engine Service - P0 Critical MVP1 Scenario Templates should provide operational planning scenario" name="Simulation Engine Service - P0 Critical MVP1 Scenario Templates should provide operational planning scenario" time="0">
    </testcase>
    <testcase classname="Simulation Engine Service - P0 Critical MVP1 Scenario Templates should provide crisis response scenario" name="Simulation Engine Service - P0 Critical MVP1 Scenario Templates should provide crisis response scenario" time="0.001">
    </testcase>
    <testcase classname="Simulation Engine Performance - P0 Critical should complete network propagation simulation within reasonable time" name="Simulation Engine Performance - P0 Critical should complete network propagation simulation within reasonable time" time="0.035">
    </testcase>
    <testcase classname="Simulation Engine Performance - P0 Critical should handle Monte Carlo simulation with many iterations efficiently" name="Simulation Engine Performance - P0 Critical should handle Monte Carlo simulation with many iterations efficiently" time="0.112">
    </testcase>
  </testsuite>
  <testsuite name="Plugin Service - P2 Priority" errors="0" failures="0" skipped="0" timestamp="2025-08-14T19:28:56" time="3.067" tests="40">
    <testcase classname="Plugin Service - P2 Priority Extension Points Initialization should initialize all required extension points" name="Plugin Service - P2 Priority Extension Points Initialization should initialize all required extension points" time="0">
    </testcase>
    <testcase classname="Plugin Service - P2 Priority Extension Points Initialization should configure extension point interfaces correctly" name="Plugin Service - P2 Priority Extension Points Initialization should configure extension point interfaces correctly" time="0">
    </testcase>
    <testcase classname="Plugin Service - P2 Priority Extension Points Initialization should define security requirements for extension points" name="Plugin Service - P2 Priority Extension Points Initialization should define security requirements for extension points" time="0">
    </testcase>
    <testcase classname="Plugin Service - P2 Priority Plugin Registration should register valid plugins successfully" name="Plugin Service - P2 Priority Plugin Registration should register valid plugins successfully" time="0.001">
    </testcase>
    <testcase classname="Plugin Service - P2 Priority Plugin Registration should validate plugin data during registration" name="Plugin Service - P2 Priority Plugin Registration should validate plugin data during registration" time="0.014">
    </testcase>
    <testcase classname="Plugin Service - P2 Priority Plugin Registration should check plugin dependencies" name="Plugin Service - P2 Priority Plugin Registration should check plugin dependencies" time="0">
    </testcase>
    <testcase classname="Plugin Service - P2 Priority Plugin Registration should reject plugins with missing dependencies" name="Plugin Service - P2 Priority Plugin Registration should reject plugins with missing dependencies" time="0">
    </testcase>
    <testcase classname="Plugin Service - P2 Priority Plugin Loading and Sandboxing should create secure sandboxes for plugins" name="Plugin Service - P2 Priority Plugin Loading and Sandboxing should create secure sandboxes for plugins" time="0.001">
    </testcase>
    <testcase classname="Plugin Service - P2 Priority Plugin Loading and Sandboxing should provide restricted API to sandboxed plugins" name="Plugin Service - P2 Priority Plugin Loading and Sandboxing should provide restricted API to sandboxed plugins" time="0">
    </testcase>
    <testcase classname="Plugin Service - P2 Priority Plugin Loading and Sandboxing should restrict API access based on permissions" name="Plugin Service - P2 Priority Plugin Loading and Sandboxing should restrict API access based on permissions" time="0.001">
    </testcase>
    <testcase classname="Plugin Service - P2 Priority Plugin Loading and Sandboxing should validate required modules in sandbox" name="Plugin Service - P2 Priority Plugin Loading and Sandboxing should validate required modules in sandbox" time="0.003">
    </testcase>
    <testcase classname="Plugin Service - P2 Priority Plugin Lifecycle Management should load plugins correctly" name="Plugin Service - P2 Priority Plugin Lifecycle Management should load plugins correctly" time="0.001">
    </testcase>
    <testcase classname="Plugin Service - P2 Priority Plugin Lifecycle Management should activate plugins successfully" name="Plugin Service - P2 Priority Plugin Lifecycle Management should activate plugins successfully" time="0.001">
    </testcase>
    <testcase classname="Plugin Service - P2 Priority Plugin Lifecycle Management should deactivate plugins cleanly" name="Plugin Service - P2 Priority Plugin Lifecycle Management should deactivate plugins cleanly" time="0">
    </testcase>
    <testcase classname="Plugin Service - P2 Priority Plugin Lifecycle Management should handle plugin loading failures" name="Plugin Service - P2 Priority Plugin Lifecycle Management should handle plugin loading failures" time="0.001">
    </testcase>
    <testcase classname="Plugin Service - P2 Priority Hook System should register and execute plugin hooks" name="Plugin Service - P2 Priority Hook System should register and execute plugin hooks" time="0">
    </testcase>
    <testcase classname="Plugin Service - P2 Priority Hook System should handle hook execution failures gracefully" name="Plugin Service - P2 Priority Hook System should handle hook execution failures gracefully" time="0.001">
    </testcase>
    <testcase classname="Plugin Service - P2 Priority Hook System should respect hook priorities" name="Plugin Service - P2 Priority Hook System should respect hook priorities" time="0">
    </testcase>
    <testcase classname="Plugin Service - P2 Priority Extension System should register plugin extensions" name="Plugin Service - P2 Priority Extension System should register plugin extensions" time="0.001">
    </testcase>
    <testcase classname="Plugin Service - P2 Priority Extension System should execute extensions" name="Plugin Service - P2 Priority Extension System should execute extensions" time="0">
    </testcase>
    <testcase classname="Plugin Service - P2 Priority Extension System should validate extension permissions" name="Plugin Service - P2 Priority Extension System should validate extension permissions" time="0">
    </testcase>
    <testcase classname="Plugin Service - P2 Priority Plugin Installation and Updates should install plugin packages" name="Plugin Service - P2 Priority Plugin Installation and Updates should install plugin packages" time="0.001">
    </testcase>
    <testcase classname="Plugin Service - P2 Priority Plugin Installation and Updates should update existing plugins" name="Plugin Service - P2 Priority Plugin Installation and Updates should update existing plugins" time="0">
    </testcase>
    <testcase classname="Plugin Service - P2 Priority Plugin Installation and Updates should restore backup on update failure" name="Plugin Service - P2 Priority Plugin Installation and Updates should restore backup on update failure" time="0">
    </testcase>
    <testcase classname="Plugin Service - P2 Priority Plugin Configuration should save and load plugin configurations" name="Plugin Service - P2 Priority Plugin Configuration should save and load plugin configurations" time="0">
    </testcase>
    <testcase classname="Plugin Service - P2 Priority Plugin Configuration should handle configuration loading errors" name="Plugin Service - P2 Priority Plugin Configuration should handle configuration loading errors" time="0">
    </testcase>
    <testcase classname="Plugin Service - P2 Priority Security and Access Control should encrypt and decrypt plugin data" name="Plugin Service - P2 Priority Security and Access Control should encrypt and decrypt plugin data" time="0">
    </testcase>
    <testcase classname="Plugin Service - P2 Priority Security and Access Control should validate plugin API access" name="Plugin Service - P2 Priority Security and Access Control should validate plugin API access" time="0.001">
    </testcase>
    <testcase classname="Plugin Service - P2 Priority Security and Access Control should audit plugin security operations" name="Plugin Service - P2 Priority Security and Access Control should audit plugin security operations" time="0">
    </testcase>
    <testcase classname="Plugin Service - P2 Priority Plugin Management API should list plugins with filtering" name="Plugin Service - P2 Priority Plugin Management API should list plugins with filtering" time="0">
    </testcase>
    <testcase classname="Plugin Service - P2 Priority Plugin Management API should get plugin details" name="Plugin Service - P2 Priority Plugin Management API should get plugin details" time="0">
    </testcase>
    <testcase classname="Plugin Service - P2 Priority Plugin Management API should remove plugins completely" name="Plugin Service - P2 Priority Plugin Management API should remove plugins completely" time="0">
    </testcase>
    <testcase classname="Plugin Service - P2 Priority Metrics and Monitoring should track plugin system metrics" name="Plugin Service - P2 Priority Metrics and Monitoring should track plugin system metrics" time="0.001">
    </testcase>
    <testcase classname="Plugin Service - P2 Priority Metrics and Monitoring should provide plugin performance data" name="Plugin Service - P2 Priority Metrics and Monitoring should provide plugin performance data" time="0">
    </testcase>
    <testcase classname="Plugin Service - P2 Priority Error Handling and Recovery should handle sandbox creation failures" name="Plugin Service - P2 Priority Error Handling and Recovery should handle sandbox creation failures" time="0">
    </testcase>
    <testcase classname="Plugin Service - P2 Priority Error Handling and Recovery should handle plugin timeout scenarios" name="Plugin Service - P2 Priority Error Handling and Recovery should handle plugin timeout scenarios" time="3.001">
    </testcase>
    <testcase classname="Plugin Service - P2 Priority Version Compatibility should check semantic version compatibility" name="Plugin Service - P2 Priority Version Compatibility should check semantic version compatibility" time="0.001">
    </testcase>
    <testcase classname="Plugin Service - P2 Priority Version Compatibility should handle version range specifications" name="Plugin Service - P2 Priority Version Compatibility should handle version range specifications" time="0">
    </testcase>
    <testcase classname="Plugin Service Performance should handle many plugins efficiently" name="Plugin Service Performance should handle many plugins efficiently" time="0">
    </testcase>
    <testcase classname="Plugin Service Performance should execute hooks efficiently with many plugins" name="Plugin Service Performance should execute hooks efficiently with many plugins" time="0.014">
    </testcase>
  </testsuite>
  <testsuite name="Simulation Engine Service - P0 Critical MVP1" errors="0" failures="0" skipped="0" timestamp="2025-08-14T19:28:58" time="1.612" tests="41">
    <testcase classname="Simulation Engine Service - P0 Critical MVP1 Simulation Engine Initialization should initialize all required simulation engines" name="Simulation Engine Service - P0 Critical MVP1 Simulation Engine Initialization should initialize all required simulation engines" time="0">
    </testcase>
    <testcase classname="Simulation Engine Service - P0 Critical MVP1 Simulation Engine Initialization should configure engine parameters correctly" name="Simulation Engine Service - P0 Critical MVP1 Simulation Engine Initialization should configure engine parameters correctly" time="0.001">
    </testcase>
    <testcase classname="Simulation Engine Service - P0 Critical MVP1 Simulation Engine Initialization should load scenario templates" name="Simulation Engine Service - P0 Critical MVP1 Simulation Engine Initialization should load scenario templates" time="0">
    </testcase>
    <testcase classname="Simulation Engine Service - P0 Critical MVP1 Simulation Configuration and Validation should validate simulation configuration" name="Simulation Engine Service - P0 Critical MVP1 Simulation Configuration and Validation should validate simulation configuration" time="0">
    </testcase>
    <testcase classname="Simulation Engine Service - P0 Critical MVP1 Simulation Configuration and Validation should reject unknown engines" name="Simulation Engine Service - P0 Critical MVP1 Simulation Configuration and Validation should reject unknown engines" time="0.018">
    </testcase>
    <testcase classname="Simulation Engine Service - P0 Critical MVP1 Simulation Configuration and Validation should validate engine parameters" name="Simulation Engine Service - P0 Critical MVP1 Simulation Configuration and Validation should validate engine parameters" time="0">
    </testcase>
    <testcase classname="Simulation Engine Service - P0 Critical MVP1 Simulation Configuration and Validation should reject simulations with no graph data" name="Simulation Engine Service - P0 Critical MVP1 Simulation Configuration and Validation should reject simulations with no graph data" time="0">
    </testcase>
    <testcase classname="Simulation Engine Service - P0 Critical MVP1 Graph Data Loading should load graph data from Neo4j" name="Simulation Engine Service - P0 Critical MVP1 Graph Data Loading should load graph data from Neo4j" time="0.001">
    </testcase>
    <testcase classname="Simulation Engine Service - P0 Critical MVP1 Graph Data Loading should handle database connection errors" name="Simulation Engine Service - P0 Critical MVP1 Graph Data Loading should handle database connection errors" time="0">
    </testcase>
    <testcase classname="Simulation Engine Service - P0 Critical MVP1 Simulation Execution should run complete simulation successfully" name="Simulation Engine Service - P0 Critical MVP1 Simulation Execution should run complete simulation successfully" time="0">
    </testcase>
    <testcase classname="Simulation Engine Service - P0 Critical MVP1 Simulation Execution should handle simulation initialization failure" name="Simulation Engine Service - P0 Critical MVP1 Simulation Execution should handle simulation initialization failure" time="0">
    </testcase>
    <testcase classname="Simulation Engine Service - P0 Critical MVP1 Simulation Execution should emit simulation lifecycle events" name="Simulation Engine Service - P0 Critical MVP1 Simulation Execution should emit simulation lifecycle events" time="0.001">
    </testcase>
    <testcase classname="Simulation Engine Service - P0 Critical MVP1 Network Propagation Engine should simulate network propagation correctly" name="Simulation Engine Service - P0 Critical MVP1 Network Propagation Engine should simulate network propagation correctly" time="0">
    </testcase>
    <testcase classname="Simulation Engine Service - P0 Critical MVP1 Network Propagation Engine should handle convergence detection" name="Simulation Engine Service - P0 Critical MVP1 Network Propagation Engine should handle convergence detection" time="0">
    </testcase>
    <testcase classname="Simulation Engine Service - P0 Critical MVP1 Behavioral Prediction Engine should generate behavioral predictions" name="Simulation Engine Service - P0 Critical MVP1 Behavioral Prediction Engine should generate behavioral predictions" time="0">
    </testcase>
    <testcase classname="Simulation Engine Service - P0 Critical MVP1 Behavioral Prediction Engine should include temporal factors in predictions" name="Simulation Engine Service - P0 Critical MVP1 Behavioral Prediction Engine should include temporal factors in predictions" time="0">
    </testcase>
    <testcase classname="Simulation Engine Service - P0 Critical MVP1 Risk Assessment Engine should assess risk for entities" name="Simulation Engine Service - P0 Critical MVP1 Risk Assessment Engine should assess risk for entities" time="0.001">
    </testcase>
    <testcase classname="Simulation Engine Service - P0 Critical MVP1 Risk Assessment Engine should identify risk clusters" name="Simulation Engine Service - P0 Critical MVP1 Risk Assessment Engine should identify risk clusters" time="0">
    </testcase>
    <testcase classname="Simulation Engine Service - P0 Critical MVP1 Monte Carlo Engine should run Monte Carlo simulation" name="Simulation Engine Service - P0 Critical MVP1 Monte Carlo Engine should run Monte Carlo simulation" time="1.106">
    </testcase>
    <testcase classname="Simulation Engine Service - P0 Critical MVP1 Monte Carlo Engine should calculate statistical measures correctly" name="Simulation Engine Service - P0 Critical MVP1 Monte Carlo Engine should calculate statistical measures correctly" time="0.001">
    </testcase>
    <testcase classname="Simulation Engine Service - P0 Critical MVP1 Monte Carlo Engine should handle parallel execution" name="Simulation Engine Service - P0 Critical MVP1 Monte Carlo Engine should handle parallel execution" time="0.112">
    </testcase>
    <testcase classname="Simulation Engine Service - P0 Critical MVP1 Event Cascade Engine should simulate event cascades" name="Simulation Engine Service - P0 Critical MVP1 Event Cascade Engine should simulate event cascades" time="0.001">
    </testcase>
    <testcase classname="Simulation Engine Service - P0 Critical MVP1 Event Cascade Engine should respect cascade depth limits" name="Simulation Engine Service - P0 Critical MVP1 Event Cascade Engine should respect cascade depth limits" time="0.001">
    </testcase>
    <testcase classname="Simulation Engine Service - P0 Critical MVP1 Resource Allocation Engine should optimize resource allocation" name="Simulation Engine Service - P0 Critical MVP1 Resource Allocation Engine should optimize resource allocation" time="0.001">
    </testcase>
    <testcase classname="Simulation Engine Service - P0 Critical MVP1 Resource Allocation Engine should track resource utilization over time" name="Simulation Engine Service - P0 Critical MVP1 Resource Allocation Engine should track resource utilization over time" time="0.001">
    </testcase>
    <testcase classname="Simulation Engine Service - P0 Critical MVP1 Simulation Management should track active simulations" name="Simulation Engine Service - P0 Critical MVP1 Simulation Management should track active simulations" time="0">
    </testcase>
    <testcase classname="Simulation Engine Service - P0 Critical MVP1 Simulation Management should get simulation status" name="Simulation Engine Service - P0 Critical MVP1 Simulation Management should get simulation status" time="0.001">
    </testcase>
    <testcase classname="Simulation Engine Service - P0 Critical MVP1 Simulation Management should cancel running simulation" name="Simulation Engine Service - P0 Critical MVP1 Simulation Management should cancel running simulation" time="0.111">
    </testcase>
    <testcase classname="Simulation Engine Service - P0 Critical MVP1 Performance Metrics should track simulation metrics" name="Simulation Engine Service - P0 Critical MVP1 Performance Metrics should track simulation metrics" time="0">
    </testcase>
    <testcase classname="Simulation Engine Service - P0 Critical MVP1 Performance Metrics should calculate success rate" name="Simulation Engine Service - P0 Critical MVP1 Performance Metrics should calculate success rate" time="0">
    </testcase>
    <testcase classname="Simulation Engine Service - P0 Critical MVP1 Error Handling should handle engine execution failures gracefully" name="Simulation Engine Service - P0 Critical MVP1 Error Handling should handle engine execution failures gracefully" time="0.001">
    </testcase>
    <testcase classname="Simulation Engine Service - P0 Critical MVP1 Error Handling should validate parameter ranges" name="Simulation Engine Service - P0 Critical MVP1 Error Handling should validate parameter ranges" time="0.001">
    </testcase>
    <testcase classname="Simulation Engine Service - P0 Critical MVP1 Utility Functions should calculate statistical measures correctly" name="Simulation Engine Service - P0 Critical MVP1 Utility Functions should calculate statistical measures correctly" time="0">
    </testcase>
    <testcase classname="Simulation Engine Service - P0 Critical MVP1 Utility Functions should calculate Value at Risk correctly" name="Simulation Engine Service - P0 Critical MVP1 Utility Functions should calculate Value at Risk correctly" time="0">
    </testcase>
    <testcase classname="Simulation Engine Service - P0 Critical MVP1 Utility Functions should calculate Conditional Value at Risk correctly" name="Simulation Engine Service - P0 Critical MVP1 Utility Functions should calculate Conditional Value at Risk correctly" time="0">
    </testcase>
    <testcase classname="Simulation Engine Service - P0 Critical MVP1 Utility Functions should create proper delay promises" name="Simulation Engine Service - P0 Critical MVP1 Utility Functions should create proper delay promises" time="0.1">
    </testcase>
    <testcase classname="Simulation Engine Service - P0 Critical MVP1 Scenario Templates should provide threat propagation scenario" name="Simulation Engine Service - P0 Critical MVP1 Scenario Templates should provide threat propagation scenario" time="0.001">
    </testcase>
    <testcase classname="Simulation Engine Service - P0 Critical MVP1 Scenario Templates should provide operational planning scenario" name="Simulation Engine Service - P0 Critical MVP1 Scenario Templates should provide operational planning scenario" time="0">
    </testcase>
    <testcase classname="Simulation Engine Service - P0 Critical MVP1 Scenario Templates should provide crisis response scenario" name="Simulation Engine Service - P0 Critical MVP1 Scenario Templates should provide crisis response scenario" time="0">
    </testcase>
    <testcase classname="Simulation Engine Performance - P0 Critical should complete network propagation simulation within reasonable time" name="Simulation Engine Performance - P0 Critical should complete network propagation simulation within reasonable time" time="0.016">
    </testcase>
    <testcase classname="Simulation Engine Performance - P0 Critical should handle Monte Carlo simulation with many iterations efficiently" name="Simulation Engine Performance - P0 Critical should handle Monte Carlo simulation with many iterations efficiently" time="0.111">
    </testcase>
  </testsuite>
  <testsuite name="Visualization Service - P2 Priority" errors="0" failures="1" skipped="0" timestamp="2025-08-14T19:29:00" time="0.097" tests="36">
    <testcase classname="Visualization Service - P2 Priority Visualization Engine Initialization should initialize all supported visualization types" name="Visualization Service - P2 Priority Visualization Engine Initialization should initialize all supported visualization types" time="0.001">
    </testcase>
    <testcase classname="Visualization Service - P2 Priority Visualization Engine Initialization should configure rendering engines correctly" name="Visualization Service - P2 Priority Visualization Engine Initialization should configure rendering engines correctly" time="0">
    </testcase>
    <testcase classname="Visualization Service - P2 Priority Visualization Engine Initialization should validate engine-type compatibility" name="Visualization Service - P2 Priority Visualization Engine Initialization should validate engine-type compatibility" time="0">
    </testcase>
    <testcase classname="Visualization Service - P2 Priority Visualization Creation should create network graph visualizations" name="Visualization Service - P2 Priority Visualization Creation should create network graph visualizations" time="0">
    </testcase>
    <testcase classname="Visualization Service - P2 Priority Visualization Creation should create timeline visualizations" name="Visualization Service - P2 Priority Visualization Creation should create timeline visualizations" time="0">
    </testcase>
    <testcase classname="Visualization Service - P2 Priority Visualization Creation should create geospatial map visualizations" name="Visualization Service - P2 Priority Visualization Creation should create geospatial map visualizations" time="0.001">
      <failure>Error: expect(received).toBe(expected) // Object.is equality

Expected: &quot;GEOSPATIAL_MAP&quot;
Received: undefined
    at Object.toBe (/Users/brianlong/Documents/GitHub/intelgraph/server/src/tests/visualizationService.test.js:210:34)
    at processTicksAndRejections (node:internal/process/task_queues:105:5)</failure>
    </testcase>
    <testcase classname="Visualization Service - P2 Priority Visualization Creation should create hierarchical tree visualizations" name="Visualization Service - P2 Priority Visualization Creation should create hierarchical tree visualizations" time="0">
    </testcase>
    <testcase classname="Visualization Service - P2 Priority Advanced Visualization Types should create matrix visualizations" name="Visualization Service - P2 Priority Advanced Visualization Types should create matrix visualizations" time="0">
    </testcase>
    <testcase classname="Visualization Service - P2 Priority Advanced Visualization Types should create Sankey diagram visualizations" name="Visualization Service - P2 Priority Advanced Visualization Types should create Sankey diagram visualizations" time="0">
    </testcase>
    <testcase classname="Visualization Service - P2 Priority Advanced Visualization Types should create 3D force-directed visualizations" name="Visualization Service - P2 Priority Advanced Visualization Types should create 3D force-directed visualizations" time="0.001">
    </testcase>
    <testcase classname="Visualization Service - P2 Priority Interactive Features should handle node selection and highlighting" name="Visualization Service - P2 Priority Interactive Features should handle node selection and highlighting" time="0">
    </testcase>
    <testcase classname="Visualization Service - P2 Priority Interactive Features should support node filtering and search" name="Visualization Service - P2 Priority Interactive Features should support node filtering and search" time="0">
    </testcase>
    <testcase classname="Visualization Service - P2 Priority Interactive Features should handle layout changes" name="Visualization Service - P2 Priority Interactive Features should handle layout changes" time="0">
    </testcase>
    <testcase classname="Visualization Service - P2 Priority Interactive Features should support zoom and pan operations" name="Visualization Service - P2 Priority Interactive Features should support zoom and pan operations" time="0">
    </testcase>
    <testcase classname="Visualization Service - P2 Priority Export Functionality should export visualizations to PNG format" name="Visualization Service - P2 Priority Export Functionality should export visualizations to PNG format" time="0.001">
    </testcase>
    <testcase classname="Visualization Service - P2 Priority Export Functionality should export visualizations to SVG format" name="Visualization Service - P2 Priority Export Functionality should export visualizations to SVG format" time="0">
    </testcase>
    <testcase classname="Visualization Service - P2 Priority Export Functionality should export visualizations to JSON format" name="Visualization Service - P2 Priority Export Functionality should export visualizations to JSON format" time="0">
    </testcase>
    <testcase classname="Visualization Service - P2 Priority Export Functionality should export interactive HTML visualizations" name="Visualization Service - P2 Priority Export Functionality should export interactive HTML visualizations" time="0">
    </testcase>
    <testcase classname="Visualization Service - P2 Priority Layout Algorithms should implement force-directed layout" name="Visualization Service - P2 Priority Layout Algorithms should implement force-directed layout" time="0">
    </testcase>
    <testcase classname="Visualization Service - P2 Priority Layout Algorithms should implement hierarchical layout" name="Visualization Service - P2 Priority Layout Algorithms should implement hierarchical layout" time="0.001">
    </testcase>
    <testcase classname="Visualization Service - P2 Priority Layout Algorithms should implement circular layout" name="Visualization Service - P2 Priority Layout Algorithms should implement circular layout" time="0">
    </testcase>
    <testcase classname="Visualization Service - P2 Priority Layout Algorithms should implement grid layout" name="Visualization Service - P2 Priority Layout Algorithms should implement grid layout" time="0">
    </testcase>
    <testcase classname="Visualization Service - P2 Priority Real-time Updates should handle real-time node additions" name="Visualization Service - P2 Priority Real-time Updates should handle real-time node additions" time="0">
    </testcase>
    <testcase classname="Visualization Service - P2 Priority Real-time Updates should handle real-time edge additions" name="Visualization Service - P2 Priority Real-time Updates should handle real-time edge additions" time="0">
    </testcase>
    <testcase classname="Visualization Service - P2 Priority Real-time Updates should handle node property updates" name="Visualization Service - P2 Priority Real-time Updates should handle node property updates" time="0.001">
    </testcase>
    <testcase classname="Visualization Service - P2 Priority Performance Optimization should implement level-of-detail rendering" name="Visualization Service - P2 Priority Performance Optimization should implement level-of-detail rendering" time="0.004">
    </testcase>
    <testcase classname="Visualization Service - P2 Priority Performance Optimization should implement node clustering for large graphs" name="Visualization Service - P2 Priority Performance Optimization should implement node clustering for large graphs" time="0.007">
    </testcase>
    <testcase classname="Visualization Service - P2 Priority Performance Optimization should implement edge bundling for complex networks" name="Visualization Service - P2 Priority Performance Optimization should implement edge bundling for complex networks" time="0.001">
    </testcase>
    <testcase classname="Visualization Service - P2 Priority Visualization Management should save and load visualization configurations" name="Visualization Service - P2 Priority Visualization Management should save and load visualization configurations" time="0">
    </testcase>
    <testcase classname="Visualization Service - P2 Priority Visualization Management should share visualizations between users" name="Visualization Service - P2 Priority Visualization Management should share visualizations between users" time="0">
    </testcase>
    <testcase classname="Visualization Service - P2 Priority Visualization Management should create visualization snapshots" name="Visualization Service - P2 Priority Visualization Management should create visualization snapshots" time="0">
    </testcase>
    <testcase classname="Visualization Service - P2 Priority Metrics and Analytics should track visualization usage metrics" name="Visualization Service - P2 Priority Metrics and Analytics should track visualization usage metrics" time="0.001">
    </testcase>
    <testcase classname="Visualization Service - P2 Priority Metrics and Analytics should provide performance analytics" name="Visualization Service - P2 Priority Metrics and Analytics should provide performance analytics" time="0">
    </testcase>
    <testcase classname="Visualization Service - P2 Priority Error Handling should handle data loading failures gracefully" name="Visualization Service - P2 Priority Error Handling should handle data loading failures gracefully" time="0">
    </testcase>
    <testcase classname="Visualization Service - P2 Priority Error Handling should validate visualization parameters" name="Visualization Service - P2 Priority Error Handling should validate visualization parameters" time="0.009">
    </testcase>
    <testcase classname="Visualization Service Performance should handle large graph rendering efficiently" name="Visualization Service Performance should handle large graph rendering efficiently" time="0.015">
    </testcase>
  </testsuite>
  <testsuite name="Visualization Service - P2 Priority" errors="0" failures="1" skipped="0" timestamp="2025-08-14T19:29:00" time="0.081" tests="36">
    <testcase classname="Visualization Service - P2 Priority Visualization Engine Initialization should initialize all supported visualization types" name="Visualization Service - P2 Priority Visualization Engine Initialization should initialize all supported visualization types" time="0.001">
    </testcase>
    <testcase classname="Visualization Service - P2 Priority Visualization Engine Initialization should configure rendering engines correctly" name="Visualization Service - P2 Priority Visualization Engine Initialization should configure rendering engines correctly" time="0">
    </testcase>
    <testcase classname="Visualization Service - P2 Priority Visualization Engine Initialization should validate engine-type compatibility" name="Visualization Service - P2 Priority Visualization Engine Initialization should validate engine-type compatibility" time="0">
    </testcase>
    <testcase classname="Visualization Service - P2 Priority Visualization Creation should create network graph visualizations" name="Visualization Service - P2 Priority Visualization Creation should create network graph visualizations" time="0">
    </testcase>
    <testcase classname="Visualization Service - P2 Priority Visualization Creation should create timeline visualizations" name="Visualization Service - P2 Priority Visualization Creation should create timeline visualizations" time="0">
    </testcase>
    <testcase classname="Visualization Service - P2 Priority Visualization Creation should create geospatial map visualizations" name="Visualization Service - P2 Priority Visualization Creation should create geospatial map visualizations" time="0.001">
      <failure>Error: expect(received).toBe(expected) // Object.is equality

Expected: &quot;GEOSPATIAL_MAP&quot;
Received: undefined
    at Object.toBe (/Users/brianlong/Documents/GitHub/intelgraph/server/src/tests/visualizationService.test.js:210:34)
    at processTicksAndRejections (node:internal/process/task_queues:105:5)</failure>
    </testcase>
    <testcase classname="Visualization Service - P2 Priority Visualization Creation should create hierarchical tree visualizations" name="Visualization Service - P2 Priority Visualization Creation should create hierarchical tree visualizations" time="0">
    </testcase>
    <testcase classname="Visualization Service - P2 Priority Advanced Visualization Types should create matrix visualizations" name="Visualization Service - P2 Priority Advanced Visualization Types should create matrix visualizations" time="0">
    </testcase>
    <testcase classname="Visualization Service - P2 Priority Advanced Visualization Types should create Sankey diagram visualizations" name="Visualization Service - P2 Priority Advanced Visualization Types should create Sankey diagram visualizations" time="0">
    </testcase>
    <testcase classname="Visualization Service - P2 Priority Advanced Visualization Types should create 3D force-directed visualizations" name="Visualization Service - P2 Priority Advanced Visualization Types should create 3D force-directed visualizations" time="0">
    </testcase>
    <testcase classname="Visualization Service - P2 Priority Interactive Features should handle node selection and highlighting" name="Visualization Service - P2 Priority Interactive Features should handle node selection and highlighting" time="0">
    </testcase>
    <testcase classname="Visualization Service - P2 Priority Interactive Features should support node filtering and search" name="Visualization Service - P2 Priority Interactive Features should support node filtering and search" time="0">
    </testcase>
    <testcase classname="Visualization Service - P2 Priority Interactive Features should handle layout changes" name="Visualization Service - P2 Priority Interactive Features should handle layout changes" time="0">
    </testcase>
    <testcase classname="Visualization Service - P2 Priority Interactive Features should support zoom and pan operations" name="Visualization Service - P2 Priority Interactive Features should support zoom and pan operations" time="0">
    </testcase>
    <testcase classname="Visualization Service - P2 Priority Export Functionality should export visualizations to PNG format" name="Visualization Service - P2 Priority Export Functionality should export visualizations to PNG format" time="0">
    </testcase>
    <testcase classname="Visualization Service - P2 Priority Export Functionality should export visualizations to SVG format" name="Visualization Service - P2 Priority Export Functionality should export visualizations to SVG format" time="0.001">
    </testcase>
    <testcase classname="Visualization Service - P2 Priority Export Functionality should export visualizations to JSON format" name="Visualization Service - P2 Priority Export Functionality should export visualizations to JSON format" time="0">
    </testcase>
    <testcase classname="Visualization Service - P2 Priority Export Functionality should export interactive HTML visualizations" name="Visualization Service - P2 Priority Export Functionality should export interactive HTML visualizations" time="0">
    </testcase>
    <testcase classname="Visualization Service - P2 Priority Layout Algorithms should implement force-directed layout" name="Visualization Service - P2 Priority Layout Algorithms should implement force-directed layout" time="0">
    </testcase>
    <testcase classname="Visualization Service - P2 Priority Layout Algorithms should implement hierarchical layout" name="Visualization Service - P2 Priority Layout Algorithms should implement hierarchical layout" time="0">
    </testcase>
    <testcase classname="Visualization Service - P2 Priority Layout Algorithms should implement circular layout" name="Visualization Service - P2 Priority Layout Algorithms should implement circular layout" time="0">
    </testcase>
    <testcase classname="Visualization Service - P2 Priority Layout Algorithms should implement grid layout" name="Visualization Service - P2 Priority Layout Algorithms should implement grid layout" time="0.001">
    </testcase>
    <testcase classname="Visualization Service - P2 Priority Real-time Updates should handle real-time node additions" name="Visualization Service - P2 Priority Real-time Updates should handle real-time node additions" time="0">
    </testcase>
    <testcase classname="Visualization Service - P2 Priority Real-time Updates should handle real-time edge additions" name="Visualization Service - P2 Priority Real-time Updates should handle real-time edge additions" time="0">
    </testcase>
    <testcase classname="Visualization Service - P2 Priority Real-time Updates should handle node property updates" name="Visualization Service - P2 Priority Real-time Updates should handle node property updates" time="0">
    </testcase>
    <testcase classname="Visualization Service - P2 Priority Performance Optimization should implement level-of-detail rendering" name="Visualization Service - P2 Priority Performance Optimization should implement level-of-detail rendering" time="0.004">
    </testcase>
    <testcase classname="Visualization Service - P2 Priority Performance Optimization should implement node clustering for large graphs" name="Visualization Service - P2 Priority Performance Optimization should implement node clustering for large graphs" time="0.005">
    </testcase>
    <testcase classname="Visualization Service - P2 Priority Performance Optimization should implement edge bundling for complex networks" name="Visualization Service - P2 Priority Performance Optimization should implement edge bundling for complex networks" time="0.001">
    </testcase>
    <testcase classname="Visualization Service - P2 Priority Visualization Management should save and load visualization configurations" name="Visualization Service - P2 Priority Visualization Management should save and load visualization configurations" time="0">
    </testcase>
    <testcase classname="Visualization Service - P2 Priority Visualization Management should share visualizations between users" name="Visualization Service - P2 Priority Visualization Management should share visualizations between users" time="0">
    </testcase>
    <testcase classname="Visualization Service - P2 Priority Visualization Management should create visualization snapshots" name="Visualization Service - P2 Priority Visualization Management should create visualization snapshots" time="0">
    </testcase>
    <testcase classname="Visualization Service - P2 Priority Metrics and Analytics should track visualization usage metrics" name="Visualization Service - P2 Priority Metrics and Analytics should track visualization usage metrics" time="0">
    </testcase>
    <testcase classname="Visualization Service - P2 Priority Metrics and Analytics should provide performance analytics" name="Visualization Service - P2 Priority Metrics and Analytics should provide performance analytics" time="0">
    </testcase>
    <testcase classname="Visualization Service - P2 Priority Error Handling should handle data loading failures gracefully" name="Visualization Service - P2 Priority Error Handling should handle data loading failures gracefully" time="0.001">
    </testcase>
    <testcase classname="Visualization Service - P2 Priority Error Handling should validate visualization parameters" name="Visualization Service - P2 Priority Error Handling should validate visualization parameters" time="0.012">
    </testcase>
    <testcase classname="Visualization Service Performance should handle large graph rendering efficiently" name="Visualization Service Performance should handle large graph rendering efficiently" time="0.011">
    </testcase>
  </testsuite>
  <testsuite name="Reporting Service - P1 Priority" errors="0" failures="0" skipped="0" timestamp="2025-08-14T19:29:00" time="0.213" tests="30">
    <testcase classname="Reporting Service - P1 Priority Report Template Management should initialize all required report templates" name="Reporting Service - P1 Priority Report Template Management should initialize all required report templates" time="0.001">
    </testcase>
    <testcase classname="Reporting Service - P1 Priority Report Template Management should configure template metadata correctly" name="Reporting Service - P1 Priority Report Template Management should configure template metadata correctly" time="0">
    </testcase>
    <testcase classname="Reporting Service - P1 Priority Report Template Management should validate template sections and parameters" name="Reporting Service - P1 Priority Report Template Management should validate template sections and parameters" time="0">
    </testcase>
    <testcase classname="Reporting Service - P1 Priority Report Generation should generate comprehensive investigation report" name="Reporting Service - P1 Priority Report Generation should generate comprehensive investigation report" time="0.001">
    </testcase>
    <testcase classname="Reporting Service - P1 Priority Report Generation should handle entity analysis reports" name="Reporting Service - P1 Priority Report Generation should handle entity analysis reports" time="0">
    </testcase>
    <testcase classname="Reporting Service - P1 Priority Report Generation should generate network analysis reports" name="Reporting Service - P1 Priority Report Generation should generate network analysis reports" time="0">
    </testcase>
    <testcase classname="Reporting Service - P1 Priority Export Format Support should export reports to PDF format" name="Reporting Service - P1 Priority Export Format Support should export reports to PDF format" time="0">
    </testcase>
    <testcase classname="Reporting Service - P1 Priority Export Format Support should export reports to DOCX format" name="Reporting Service - P1 Priority Export Format Support should export reports to DOCX format" time="0.001">
    </testcase>
    <testcase classname="Reporting Service - P1 Priority Export Format Support should export reports to HTML format" name="Reporting Service - P1 Priority Export Format Support should export reports to HTML format" time="0">
    </testcase>
    <testcase classname="Reporting Service - P1 Priority Export Format Support should export reports to JSON format" name="Reporting Service - P1 Priority Export Format Support should export reports to JSON format" time="0">
    </testcase>
    <testcase classname="Reporting Service - P1 Priority Export Format Support should export reports to CSV format" name="Reporting Service - P1 Priority Export Format Support should export reports to CSV format" time="0">
    </testcase>
    <testcase classname="Reporting Service - P1 Priority Export Format Support should export reports to Excel format" name="Reporting Service - P1 Priority Export Format Support should export reports to Excel format" time="0.001">
    </testcase>
    <testcase classname="Reporting Service - P1 Priority Advanced Export Formats should export reports to PowerPoint format" name="Reporting Service - P1 Priority Advanced Export Formats should export reports to PowerPoint format" time="0">
    </testcase>
    <testcase classname="Reporting Service - P1 Priority Advanced Export Formats should export reports to Gephi format" name="Reporting Service - P1 Priority Advanced Export Formats should export reports to Gephi format" time="0">
    </testcase>
    <testcase classname="Reporting Service - P1 Priority Report Scheduling should create scheduled reports" name="Reporting Service - P1 Priority Report Scheduling should create scheduled reports" time="0">
    </testcase>
    <testcase classname="Reporting Service - P1 Priority Report Scheduling should execute scheduled reports" name="Reporting Service - P1 Priority Report Scheduling should execute scheduled reports" time="0">
    </testcase>
    <testcase classname="Reporting Service - P1 Priority Report Scheduling should handle scheduled report failures gracefully" name="Reporting Service - P1 Priority Report Scheduling should handle scheduled report failures gracefully" time="0">
    </testcase>
    <testcase classname="Reporting Service - P1 Priority Report Templates and Customization should allow custom template creation" name="Reporting Service - P1 Priority Report Templates and Customization should allow custom template creation" time="0">
    </testcase>
    <testcase classname="Reporting Service - P1 Priority Report Templates and Customization should validate template configurations" name="Reporting Service - P1 Priority Report Templates and Customization should validate template configurations" time="0.015">
    </testcase>
    <testcase classname="Reporting Service - P1 Priority Report Templates and Customization should support template inheritance" name="Reporting Service - P1 Priority Report Templates and Customization should support template inheritance" time="0">
    </testcase>
    <testcase classname="Reporting Service - P1 Priority Data Processing and Analysis should process complex investigation data" name="Reporting Service - P1 Priority Data Processing and Analysis should process complex investigation data" time="0">
    </testcase>
    <testcase classname="Reporting Service - P1 Priority Data Processing and Analysis should calculate network metrics for reports" name="Reporting Service - P1 Priority Data Processing and Analysis should calculate network metrics for reports" time="0">
    </testcase>
    <testcase classname="Reporting Service - P1 Priority Report Management should list user reports with filtering" name="Reporting Service - P1 Priority Report Management should list user reports with filtering" time="0">
    </testcase>
    <testcase classname="Reporting Service - P1 Priority Report Management should delete reports and cleanup files" name="Reporting Service - P1 Priority Report Management should delete reports and cleanup files" time="0.001">
    </testcase>
    <testcase classname="Reporting Service - P1 Priority Report Management should get report download URLs" name="Reporting Service - P1 Priority Report Management should get report download URLs" time="0">
    </testcase>
    <testcase classname="Reporting Service - P1 Priority Metrics and Analytics should track reporting metrics" name="Reporting Service - P1 Priority Metrics and Analytics should track reporting metrics" time="0">
    </testcase>
    <testcase classname="Reporting Service - P1 Priority Metrics and Analytics should provide usage analytics" name="Reporting Service - P1 Priority Metrics and Analytics should provide usage analytics" time="0">
    </testcase>
    <testcase classname="Reporting Service - P1 Priority Error Handling and Recovery should handle data source failures gracefully" name="Reporting Service - P1 Priority Error Handling and Recovery should handle data source failures gracefully" time="0">
    </testcase>
    <testcase classname="Reporting Service - P1 Priority Error Handling and Recovery should retry failed report generation" name="Reporting Service - P1 Priority Error Handling and Recovery should retry failed report generation" time="0">
    </testcase>
    <testcase classname="Reporting Service Performance should handle large dataset processing efficiently" name="Reporting Service Performance should handle large dataset processing efficiently" time="0.001">
    </testcase>
  </testsuite>
  <testsuite name="Simulation Engine Service - P0 Critical MVP1" errors="0" failures="0" skipped="0" timestamp="2025-08-14T19:28:59" time="1.603" tests="41">
    <testcase classname="Simulation Engine Service - P0 Critical MVP1 Simulation Engine Initialization should initialize all required simulation engines" name="Simulation Engine Service - P0 Critical MVP1 Simulation Engine Initialization should initialize all required simulation engines" time="0.001">
    </testcase>
    <testcase classname="Simulation Engine Service - P0 Critical MVP1 Simulation Engine Initialization should configure engine parameters correctly" name="Simulation Engine Service - P0 Critical MVP1 Simulation Engine Initialization should configure engine parameters correctly" time="0">
    </testcase>
    <testcase classname="Simulation Engine Service - P0 Critical MVP1 Simulation Engine Initialization should load scenario templates" name="Simulation Engine Service - P0 Critical MVP1 Simulation Engine Initialization should load scenario templates" time="0.001">
    </testcase>
    <testcase classname="Simulation Engine Service - P0 Critical MVP1 Simulation Configuration and Validation should validate simulation configuration" name="Simulation Engine Service - P0 Critical MVP1 Simulation Configuration and Validation should validate simulation configuration" time="0">
    </testcase>
    <testcase classname="Simulation Engine Service - P0 Critical MVP1 Simulation Configuration and Validation should reject unknown engines" name="Simulation Engine Service - P0 Critical MVP1 Simulation Configuration and Validation should reject unknown engines" time="0.017">
    </testcase>
    <testcase classname="Simulation Engine Service - P0 Critical MVP1 Simulation Configuration and Validation should validate engine parameters" name="Simulation Engine Service - P0 Critical MVP1 Simulation Configuration and Validation should validate engine parameters" time="0.001">
    </testcase>
    <testcase classname="Simulation Engine Service - P0 Critical MVP1 Simulation Configuration and Validation should reject simulations with no graph data" name="Simulation Engine Service - P0 Critical MVP1 Simulation Configuration and Validation should reject simulations with no graph data" time="0">
    </testcase>
    <testcase classname="Simulation Engine Service - P0 Critical MVP1 Graph Data Loading should load graph data from Neo4j" name="Simulation Engine Service - P0 Critical MVP1 Graph Data Loading should load graph data from Neo4j" time="0">
    </testcase>
    <testcase classname="Simulation Engine Service - P0 Critical MVP1 Graph Data Loading should handle database connection errors" name="Simulation Engine Service - P0 Critical MVP1 Graph Data Loading should handle database connection errors" time="0.001">
    </testcase>
    <testcase classname="Simulation Engine Service - P0 Critical MVP1 Simulation Execution should run complete simulation successfully" name="Simulation Engine Service - P0 Critical MVP1 Simulation Execution should run complete simulation successfully" time="0.001">
    </testcase>
    <testcase classname="Simulation Engine Service - P0 Critical MVP1 Simulation Execution should handle simulation initialization failure" name="Simulation Engine Service - P0 Critical MVP1 Simulation Execution should handle simulation initialization failure" time="0">
    </testcase>
    <testcase classname="Simulation Engine Service - P0 Critical MVP1 Simulation Execution should emit simulation lifecycle events" name="Simulation Engine Service - P0 Critical MVP1 Simulation Execution should emit simulation lifecycle events" time="0">
    </testcase>
    <testcase classname="Simulation Engine Service - P0 Critical MVP1 Network Propagation Engine should simulate network propagation correctly" name="Simulation Engine Service - P0 Critical MVP1 Network Propagation Engine should simulate network propagation correctly" time="0.005">
    </testcase>
    <testcase classname="Simulation Engine Service - P0 Critical MVP1 Network Propagation Engine should handle convergence detection" name="Simulation Engine Service - P0 Critical MVP1 Network Propagation Engine should handle convergence detection" time="0">
    </testcase>
    <testcase classname="Simulation Engine Service - P0 Critical MVP1 Behavioral Prediction Engine should generate behavioral predictions" name="Simulation Engine Service - P0 Critical MVP1 Behavioral Prediction Engine should generate behavioral predictions" time="0.001">
    </testcase>
    <testcase classname="Simulation Engine Service - P0 Critical MVP1 Behavioral Prediction Engine should include temporal factors in predictions" name="Simulation Engine Service - P0 Critical MVP1 Behavioral Prediction Engine should include temporal factors in predictions" time="0">
    </testcase>
    <testcase classname="Simulation Engine Service - P0 Critical MVP1 Risk Assessment Engine should assess risk for entities" name="Simulation Engine Service - P0 Critical MVP1 Risk Assessment Engine should assess risk for entities" time="0">
    </testcase>
    <testcase classname="Simulation Engine Service - P0 Critical MVP1 Risk Assessment Engine should identify risk clusters" name="Simulation Engine Service - P0 Critical MVP1 Risk Assessment Engine should identify risk clusters" time="0">
    </testcase>
    <testcase classname="Simulation Engine Service - P0 Critical MVP1 Monte Carlo Engine should run Monte Carlo simulation" name="Simulation Engine Service - P0 Critical MVP1 Monte Carlo Engine should run Monte Carlo simulation" time="1.103">
    </testcase>
    <testcase classname="Simulation Engine Service - P0 Critical MVP1 Monte Carlo Engine should calculate statistical measures correctly" name="Simulation Engine Service - P0 Critical MVP1 Monte Carlo Engine should calculate statistical measures correctly" time="0">
    </testcase>
    <testcase classname="Simulation Engine Service - P0 Critical MVP1 Monte Carlo Engine should handle parallel execution" name="Simulation Engine Service - P0 Critical MVP1 Monte Carlo Engine should handle parallel execution" time="0.11">
    </testcase>
    <testcase classname="Simulation Engine Service - P0 Critical MVP1 Event Cascade Engine should simulate event cascades" name="Simulation Engine Service - P0 Critical MVP1 Event Cascade Engine should simulate event cascades" time="0">
    </testcase>
    <testcase classname="Simulation Engine Service - P0 Critical MVP1 Event Cascade Engine should respect cascade depth limits" name="Simulation Engine Service - P0 Critical MVP1 Event Cascade Engine should respect cascade depth limits" time="0.001">
    </testcase>
    <testcase classname="Simulation Engine Service - P0 Critical MVP1 Resource Allocation Engine should optimize resource allocation" name="Simulation Engine Service - P0 Critical MVP1 Resource Allocation Engine should optimize resource allocation" time="0">
    </testcase>
    <testcase classname="Simulation Engine Service - P0 Critical MVP1 Resource Allocation Engine should track resource utilization over time" name="Simulation Engine Service - P0 Critical MVP1 Resource Allocation Engine should track resource utilization over time" time="0">
    </testcase>
    <testcase classname="Simulation Engine Service - P0 Critical MVP1 Simulation Management should track active simulations" name="Simulation Engine Service - P0 Critical MVP1 Simulation Management should track active simulations" time="0.001">
    </testcase>
    <testcase classname="Simulation Engine Service - P0 Critical MVP1 Simulation Management should get simulation status" name="Simulation Engine Service - P0 Critical MVP1 Simulation Management should get simulation status" time="0">
    </testcase>
    <testcase classname="Simulation Engine Service - P0 Critical MVP1 Simulation Management should cancel running simulation" name="Simulation Engine Service - P0 Critical MVP1 Simulation Management should cancel running simulation" time="0.112">
    </testcase>
    <testcase classname="Simulation Engine Service - P0 Critical MVP1 Performance Metrics should track simulation metrics" name="Simulation Engine Service - P0 Critical MVP1 Performance Metrics should track simulation metrics" time="0">
    </testcase>
    <testcase classname="Simulation Engine Service - P0 Critical MVP1 Performance Metrics should calculate success rate" name="Simulation Engine Service - P0 Critical MVP1 Performance Metrics should calculate success rate" time="0">
    </testcase>
    <testcase classname="Simulation Engine Service - P0 Critical MVP1 Error Handling should handle engine execution failures gracefully" name="Simulation Engine Service - P0 Critical MVP1 Error Handling should handle engine execution failures gracefully" time="0">
    </testcase>
    <testcase classname="Simulation Engine Service - P0 Critical MVP1 Error Handling should validate parameter ranges" name="Simulation Engine Service - P0 Critical MVP1 Error Handling should validate parameter ranges" time="0.001">
    </testcase>
    <testcase classname="Simulation Engine Service - P0 Critical MVP1 Utility Functions should calculate statistical measures correctly" name="Simulation Engine Service - P0 Critical MVP1 Utility Functions should calculate statistical measures correctly" time="0">
    </testcase>
    <testcase classname="Simulation Engine Service - P0 Critical MVP1 Utility Functions should calculate Value at Risk correctly" name="Simulation Engine Service - P0 Critical MVP1 Utility Functions should calculate Value at Risk correctly" time="0">
    </testcase>
    <testcase classname="Simulation Engine Service - P0 Critical MVP1 Utility Functions should calculate Conditional Value at Risk correctly" name="Simulation Engine Service - P0 Critical MVP1 Utility Functions should calculate Conditional Value at Risk correctly" time="0">
    </testcase>
    <testcase classname="Simulation Engine Service - P0 Critical MVP1 Utility Functions should create proper delay promises" name="Simulation Engine Service - P0 Critical MVP1 Utility Functions should create proper delay promises" time="0.101">
    </testcase>
    <testcase classname="Simulation Engine Service - P0 Critical MVP1 Scenario Templates should provide threat propagation scenario" name="Simulation Engine Service - P0 Critical MVP1 Scenario Templates should provide threat propagation scenario" time="0.001">
    </testcase>
    <testcase classname="Simulation Engine Service - P0 Critical MVP1 Scenario Templates should provide operational planning scenario" name="Simulation Engine Service - P0 Critical MVP1 Scenario Templates should provide operational planning scenario" time="0">
    </testcase>
    <testcase classname="Simulation Engine Service - P0 Critical MVP1 Scenario Templates should provide crisis response scenario" name="Simulation Engine Service - P0 Critical MVP1 Scenario Templates should provide crisis response scenario" time="0">
    </testcase>
    <testcase classname="Simulation Engine Performance - P0 Critical should complete network propagation simulation within reasonable time" name="Simulation Engine Performance - P0 Critical should complete network propagation simulation within reasonable time" time="0.016">
    </testcase>
    <testcase classname="Simulation Engine Performance - P0 Critical should handle Monte Carlo simulation with many iterations efficiently" name="Simulation Engine Performance - P0 Critical should handle Monte Carlo simulation with many iterations efficiently" time="0.108">
    </testcase>
  </testsuite>
  <testsuite name="Reporting Service - P1 Priority" errors="0" failures="0" skipped="0" timestamp="2025-08-14T19:29:00" time="0.078" tests="30">
    <testcase classname="Reporting Service - P1 Priority Report Template Management should initialize all required report templates" name="Reporting Service - P1 Priority Report Template Management should initialize all required report templates" time="0.001">
    </testcase>
    <testcase classname="Reporting Service - P1 Priority Report Template Management should configure template metadata correctly" name="Reporting Service - P1 Priority Report Template Management should configure template metadata correctly" time="0">
    </testcase>
    <testcase classname="Reporting Service - P1 Priority Report Template Management should validate template sections and parameters" name="Reporting Service - P1 Priority Report Template Management should validate template sections and parameters" time="0.001">
    </testcase>
    <testcase classname="Reporting Service - P1 Priority Report Generation should generate comprehensive investigation report" name="Reporting Service - P1 Priority Report Generation should generate comprehensive investigation report" time="0">
    </testcase>
    <testcase classname="Reporting Service - P1 Priority Report Generation should handle entity analysis reports" name="Reporting Service - P1 Priority Report Generation should handle entity analysis reports" time="0">
    </testcase>
    <testcase classname="Reporting Service - P1 Priority Report Generation should generate network analysis reports" name="Reporting Service - P1 Priority Report Generation should generate network analysis reports" time="0">
    </testcase>
    <testcase classname="Reporting Service - P1 Priority Export Format Support should export reports to PDF format" name="Reporting Service - P1 Priority Export Format Support should export reports to PDF format" time="0.001">
    </testcase>
    <testcase classname="Reporting Service - P1 Priority Export Format Support should export reports to DOCX format" name="Reporting Service - P1 Priority Export Format Support should export reports to DOCX format" time="0">
    </testcase>
    <testcase classname="Reporting Service - P1 Priority Export Format Support should export reports to HTML format" name="Reporting Service - P1 Priority Export Format Support should export reports to HTML format" time="0">
    </testcase>
    <testcase classname="Reporting Service - P1 Priority Export Format Support should export reports to JSON format" name="Reporting Service - P1 Priority Export Format Support should export reports to JSON format" time="0">
    </testcase>
    <testcase classname="Reporting Service - P1 Priority Export Format Support should export reports to CSV format" name="Reporting Service - P1 Priority Export Format Support should export reports to CSV format" time="0">
    </testcase>
    <testcase classname="Reporting Service - P1 Priority Export Format Support should export reports to Excel format" name="Reporting Service - P1 Priority Export Format Support should export reports to Excel format" time="0.001">
    </testcase>
    <testcase classname="Reporting Service - P1 Priority Advanced Export Formats should export reports to PowerPoint format" name="Reporting Service - P1 Priority Advanced Export Formats should export reports to PowerPoint format" time="0">
    </testcase>
    <testcase classname="Reporting Service - P1 Priority Advanced Export Formats should export reports to Gephi format" name="Reporting Service - P1 Priority Advanced Export Formats should export reports to Gephi format" time="0">
    </testcase>
    <testcase classname="Reporting Service - P1 Priority Report Scheduling should create scheduled reports" name="Reporting Service - P1 Priority Report Scheduling should create scheduled reports" time="0">
    </testcase>
    <testcase classname="Reporting Service - P1 Priority Report Scheduling should execute scheduled reports" name="Reporting Service - P1 Priority Report Scheduling should execute scheduled reports" time="0">
    </testcase>
    <testcase classname="Reporting Service - P1 Priority Report Scheduling should handle scheduled report failures gracefully" name="Reporting Service - P1 Priority Report Scheduling should handle scheduled report failures gracefully" time="0.001">
    </testcase>
    <testcase classname="Reporting Service - P1 Priority Report Templates and Customization should allow custom template creation" name="Reporting Service - P1 Priority Report Templates and Customization should allow custom template creation" time="0">
    </testcase>
    <testcase classname="Reporting Service - P1 Priority Report Templates and Customization should validate template configurations" name="Reporting Service - P1 Priority Report Templates and Customization should validate template configurations" time="0.015">
    </testcase>
    <testcase classname="Reporting Service - P1 Priority Report Templates and Customization should support template inheritance" name="Reporting Service - P1 Priority Report Templates and Customization should support template inheritance" time="0">
    </testcase>
    <testcase classname="Reporting Service - P1 Priority Data Processing and Analysis should process complex investigation data" name="Reporting Service - P1 Priority Data Processing and Analysis should process complex investigation data" time="0">
    </testcase>
    <testcase classname="Reporting Service - P1 Priority Data Processing and Analysis should calculate network metrics for reports" name="Reporting Service - P1 Priority Data Processing and Analysis should calculate network metrics for reports" time="0">
    </testcase>
    <testcase classname="Reporting Service - P1 Priority Report Management should list user reports with filtering" name="Reporting Service - P1 Priority Report Management should list user reports with filtering" time="0">
    </testcase>
    <testcase classname="Reporting Service - P1 Priority Report Management should delete reports and cleanup files" name="Reporting Service - P1 Priority Report Management should delete reports and cleanup files" time="0.001">
    </testcase>
    <testcase classname="Reporting Service - P1 Priority Report Management should get report download URLs" name="Reporting Service - P1 Priority Report Management should get report download URLs" time="0">
    </testcase>
    <testcase classname="Reporting Service - P1 Priority Metrics and Analytics should track reporting metrics" name="Reporting Service - P1 Priority Metrics and Analytics should track reporting metrics" time="0">
    </testcase>
    <testcase classname="Reporting Service - P1 Priority Metrics and Analytics should provide usage analytics" name="Reporting Service - P1 Priority Metrics and Analytics should provide usage analytics" time="0">
    </testcase>
    <testcase classname="Reporting Service - P1 Priority Error Handling and Recovery should handle data source failures gracefully" name="Reporting Service - P1 Priority Error Handling and Recovery should handle data source failures gracefully" time="0">
    </testcase>
    <testcase classname="Reporting Service - P1 Priority Error Handling and Recovery should retry failed report generation" name="Reporting Service - P1 Priority Error Handling and Recovery should retry failed report generation" time="0">
    </testcase>
    <testcase classname="Reporting Service Performance should handle large dataset processing efficiently" name="Reporting Service Performance should handle large dataset processing efficiently" time="0.001">
    </testcase>
  </testsuite>
  <testsuite name="Reporting Service - P1 Priority" errors="0" failures="0" skipped="0" timestamp="2025-08-14T19:29:00" time="0.15" tests="30">
    <testcase classname="Reporting Service - P1 Priority Report Template Management should initialize all required report templates" name="Reporting Service - P1 Priority Report Template Management should initialize all required report templates" time="0.001">
    </testcase>
    <testcase classname="Reporting Service - P1 Priority Report Template Management should configure template metadata correctly" name="Reporting Service - P1 Priority Report Template Management should configure template metadata correctly" time="0">
    </testcase>
    <testcase classname="Reporting Service - P1 Priority Report Template Management should validate template sections and parameters" name="Reporting Service - P1 Priority Report Template Management should validate template sections and parameters" time="0.001">
    </testcase>
    <testcase classname="Reporting Service - P1 Priority Report Generation should generate comprehensive investigation report" name="Reporting Service - P1 Priority Report Generation should generate comprehensive investigation report" time="0">
    </testcase>
    <testcase classname="Reporting Service - P1 Priority Report Generation should handle entity analysis reports" name="Reporting Service - P1 Priority Report Generation should handle entity analysis reports" time="0">
    </testcase>
    <testcase classname="Reporting Service - P1 Priority Report Generation should generate network analysis reports" name="Reporting Service - P1 Priority Report Generation should generate network analysis reports" time="0.001">
    </testcase>
    <testcase classname="Reporting Service - P1 Priority Export Format Support should export reports to PDF format" name="Reporting Service - P1 Priority Export Format Support should export reports to PDF format" time="0">
    </testcase>
    <testcase classname="Reporting Service - P1 Priority Export Format Support should export reports to DOCX format" name="Reporting Service - P1 Priority Export Format Support should export reports to DOCX format" time="0">
    </testcase>
    <testcase classname="Reporting Service - P1 Priority Export Format Support should export reports to HTML format" name="Reporting Service - P1 Priority Export Format Support should export reports to HTML format" time="0.001">
    </testcase>
    <testcase classname="Reporting Service - P1 Priority Export Format Support should export reports to JSON format" name="Reporting Service - P1 Priority Export Format Support should export reports to JSON format" time="0">
    </testcase>
    <testcase classname="Reporting Service - P1 Priority Export Format Support should export reports to CSV format" name="Reporting Service - P1 Priority Export Format Support should export reports to CSV format" time="0">
    </testcase>
    <testcase classname="Reporting Service - P1 Priority Export Format Support should export reports to Excel format" name="Reporting Service - P1 Priority Export Format Support should export reports to Excel format" time="0">
    </testcase>
    <testcase classname="Reporting Service - P1 Priority Advanced Export Formats should export reports to PowerPoint format" name="Reporting Service - P1 Priority Advanced Export Formats should export reports to PowerPoint format" time="0.001">
    </testcase>
    <testcase classname="Reporting Service - P1 Priority Advanced Export Formats should export reports to Gephi format" name="Reporting Service - P1 Priority Advanced Export Formats should export reports to Gephi format" time="0">
    </testcase>
    <testcase classname="Reporting Service - P1 Priority Report Scheduling should create scheduled reports" name="Reporting Service - P1 Priority Report Scheduling should create scheduled reports" time="0">
    </testcase>
    <testcase classname="Reporting Service - P1 Priority Report Scheduling should execute scheduled reports" name="Reporting Service - P1 Priority Report Scheduling should execute scheduled reports" time="0">
    </testcase>
    <testcase classname="Reporting Service - P1 Priority Report Scheduling should handle scheduled report failures gracefully" name="Reporting Service - P1 Priority Report Scheduling should handle scheduled report failures gracefully" time="0">
    </testcase>
    <testcase classname="Reporting Service - P1 Priority Report Templates and Customization should allow custom template creation" name="Reporting Service - P1 Priority Report Templates and Customization should allow custom template creation" time="0">
    </testcase>
    <testcase classname="Reporting Service - P1 Priority Report Templates and Customization should validate template configurations" name="Reporting Service - P1 Priority Report Templates and Customization should validate template configurations" time="0.015">
    </testcase>
    <testcase classname="Reporting Service - P1 Priority Report Templates and Customization should support template inheritance" name="Reporting Service - P1 Priority Report Templates and Customization should support template inheritance" time="0.003">
    </testcase>
    <testcase classname="Reporting Service - P1 Priority Data Processing and Analysis should process complex investigation data" name="Reporting Service - P1 Priority Data Processing and Analysis should process complex investigation data" time="0">
    </testcase>
    <testcase classname="Reporting Service - P1 Priority Data Processing and Analysis should calculate network metrics for reports" name="Reporting Service - P1 Priority Data Processing and Analysis should calculate network metrics for reports" time="0.001">
    </testcase>
    <testcase classname="Reporting Service - P1 Priority Report Management should list user reports with filtering" name="Reporting Service - P1 Priority Report Management should list user reports with filtering" time="0">
    </testcase>
    <testcase classname="Reporting Service - P1 Priority Report Management should delete reports and cleanup files" name="Reporting Service - P1 Priority Report Management should delete reports and cleanup files" time="0">
    </testcase>
    <testcase classname="Reporting Service - P1 Priority Report Management should get report download URLs" name="Reporting Service - P1 Priority Report Management should get report download URLs" time="0">
    </testcase>
    <testcase classname="Reporting Service - P1 Priority Metrics and Analytics should track reporting metrics" name="Reporting Service - P1 Priority Metrics and Analytics should track reporting metrics" time="0.001">
    </testcase>
    <testcase classname="Reporting Service - P1 Priority Metrics and Analytics should provide usage analytics" name="Reporting Service - P1 Priority Metrics and Analytics should provide usage analytics" time="0">
    </testcase>
    <testcase classname="Reporting Service - P1 Priority Error Handling and Recovery should handle data source failures gracefully" name="Reporting Service - P1 Priority Error Handling and Recovery should handle data source failures gracefully" time="0">
    </testcase>
    <testcase classname="Reporting Service - P1 Priority Error Handling and Recovery should retry failed report generation" name="Reporting Service - P1 Priority Error Handling and Recovery should retry failed report generation" time="0">
    </testcase>
    <testcase classname="Reporting Service Performance should handle large dataset processing efficiently" name="Reporting Service Performance should handle large dataset processing efficiently" time="0.001">
    </testcase>
  </testsuite>
  <testsuite name="Copilot Orchestration Service - P0 Critical MVP1" errors="0" failures="0" skipped="0" timestamp="2025-08-14T19:29:00" time="10.072" tests="37">
    <testcase classname="Copilot Orchestration Service - P0 Critical MVP1 Query Planner Initialization should initialize all required query planners" name="Copilot Orchestration Service - P0 Critical MVP1 Query Planner Initialization should initialize all required query planners" time="0.001">
    </testcase>
    <testcase classname="Copilot Orchestration Service - P0 Critical MVP1 Query Planner Initialization should configure planner patterns correctly" name="Copilot Orchestration Service - P0 Critical MVP1 Query Planner Initialization should configure planner patterns correctly" time="0">
    </testcase>
    <testcase classname="Copilot Orchestration Service - P0 Critical MVP1 Natural Language Query Analysis should analyze entity-focused queries" name="Copilot Orchestration Service - P0 Critical MVP1 Natural Language Query Analysis should analyze entity-focused queries" time="0.001">
    </testcase>
    <testcase classname="Copilot Orchestration Service - P0 Critical MVP1 Natural Language Query Analysis should analyze relationship discovery queries" name="Copilot Orchestration Service - P0 Critical MVP1 Natural Language Query Analysis should analyze relationship discovery queries" time="0">
    </testcase>
    <testcase classname="Copilot Orchestration Service - P0 Critical MVP1 Natural Language Query Analysis should analyze temporal queries" name="Copilot Orchestration Service - P0 Critical MVP1 Natural Language Query Analysis should analyze temporal queries" time="0">
    </testcase>
    <testcase classname="Copilot Orchestration Service - P0 Critical MVP1 Natural Language Query Analysis should classify query intents correctly" name="Copilot Orchestration Service - P0 Critical MVP1 Natural Language Query Analysis should classify query intents correctly" time="0">
    </testcase>
    <testcase classname="Copilot Orchestration Service - P0 Critical MVP1 Natural Language Query Analysis should extract keywords from query text" name="Copilot Orchestration Service - P0 Critical MVP1 Natural Language Query Analysis should extract keywords from query text" time="0">
    </testcase>
    <testcase classname="Copilot Orchestration Service - P0 Critical MVP1 Natural Language Query Analysis should identify query types using pattern matching" name="Copilot Orchestration Service - P0 Critical MVP1 Natural Language Query Analysis should identify query types using pattern matching" time="0.001">
    </testcase>
    <testcase classname="Copilot Orchestration Service - P0 Critical MVP1 Execution Plan Generation should generate entity analysis plan" name="Copilot Orchestration Service - P0 Critical MVP1 Execution Plan Generation should generate entity analysis plan" time="0">
    </testcase>
    <testcase classname="Copilot Orchestration Service - P0 Critical MVP1 Execution Plan Generation should generate relationship discovery plan" name="Copilot Orchestration Service - P0 Critical MVP1 Execution Plan Generation should generate relationship discovery plan" time="0">
    </testcase>
    <testcase classname="Copilot Orchestration Service - P0 Critical MVP1 Execution Plan Generation should generate multi-source investigation plan" name="Copilot Orchestration Service - P0 Critical MVP1 Execution Plan Generation should generate multi-source investigation plan" time="0.001">
    </testcase>
    <testcase classname="Copilot Orchestration Service - P0 Critical MVP1 Execution Plan Generation should handle unknown query type" name="Copilot Orchestration Service - P0 Critical MVP1 Execution Plan Generation should handle unknown query type" time="0.011">
    </testcase>
    <testcase classname="Copilot Orchestration Service - P0 Critical MVP1 Query Orchestration End-to-End should orchestrate simple entity query" name="Copilot Orchestration Service - P0 Critical MVP1 Query Orchestration End-to-End should orchestrate simple entity query" time="1.202">
    </testcase>
    <testcase classname="Copilot Orchestration Service - P0 Critical MVP1 Query Orchestration End-to-End should handle query orchestration failure" name="Copilot Orchestration Service - P0 Critical MVP1 Query Orchestration End-to-End should handle query orchestration failure" time="1.201">
    </testcase>
    <testcase classname="Copilot Orchestration Service - P0 Critical MVP1 Query Orchestration End-to-End should track active queries" name="Copilot Orchestration Service - P0 Critical MVP1 Query Orchestration End-to-End should track active queries" time="1.201">
    </testcase>
    <testcase classname="Copilot Orchestration Service - P0 Critical MVP1 Query Orchestration End-to-End should emit query lifecycle events" name="Copilot Orchestration Service - P0 Critical MVP1 Query Orchestration End-to-End should emit query lifecycle events" time="1.205">
    </testcase>
    <testcase classname="Copilot Orchestration Service - P0 Critical MVP1 Step Execution should execute graph query steps" name="Copilot Orchestration Service - P0 Critical MVP1 Step Execution should execute graph query steps" time="0.502">
    </testcase>
    <testcase classname="Copilot Orchestration Service - P0 Critical MVP1 Step Execution should execute multimodal search steps" name="Copilot Orchestration Service - P0 Critical MVP1 Step Execution should execute multimodal search steps" time="1.501">
    </testcase>
    <testcase classname="Copilot Orchestration Service - P0 Critical MVP1 Step Execution should execute federated search steps" name="Copilot Orchestration Service - P0 Critical MVP1 Step Execution should execute federated search steps" time="2.003">
    </testcase>
    <testcase classname="Copilot Orchestration Service - P0 Critical MVP1 Step Execution should handle step execution errors" name="Copilot Orchestration Service - P0 Critical MVP1 Step Execution should handle step execution errors" time="0.002">
    </testcase>
    <testcase classname="Copilot Orchestration Service - P0 Critical MVP1 Domain Knowledge and Understanding should load entity type knowledge" name="Copilot Orchestration Service - P0 Critical MVP1 Domain Knowledge and Understanding should load entity type knowledge" time="0.001">
    </testcase>
    <testcase classname="Copilot Orchestration Service - P0 Critical MVP1 Domain Knowledge and Understanding should load relationship type knowledge" name="Copilot Orchestration Service - P0 Critical MVP1 Domain Knowledge and Understanding should load relationship type knowledge" time="0.003">
    </testcase>
    <testcase classname="Copilot Orchestration Service - P0 Critical MVP1 Domain Knowledge and Understanding should extract entity mentions from text" name="Copilot Orchestration Service - P0 Critical MVP1 Domain Knowledge and Understanding should extract entity mentions from text" time="0.001">
    </testcase>
    <testcase classname="Copilot Orchestration Service - P0 Critical MVP1 Domain Knowledge and Understanding should extract relationship mentions" name="Copilot Orchestration Service - P0 Critical MVP1 Domain Knowledge and Understanding should extract relationship mentions" time="0.001">
    </testcase>
    <testcase classname="Copilot Orchestration Service - P0 Critical MVP1 Domain Knowledge and Understanding should extract temporal scope from queries" name="Copilot Orchestration Service - P0 Critical MVP1 Domain Knowledge and Understanding should extract temporal scope from queries" time="0">
    </testcase>
    <testcase classname="Copilot Orchestration Service - P0 Critical MVP1 Domain Knowledge and Understanding should extract spatial scope from queries" name="Copilot Orchestration Service - P0 Critical MVP1 Domain Knowledge and Understanding should extract spatial scope from queries" time="0.001">
    </testcase>
    <testcase classname="Copilot Orchestration Service - P0 Critical MVP1 Query Complexity and Confidence Calculation should calculate query complexity correctly" name="Copilot Orchestration Service - P0 Critical MVP1 Query Complexity and Confidence Calculation should calculate query complexity correctly" time="0.001">
    </testcase>
    <testcase classname="Copilot Orchestration Service - P0 Critical MVP1 Query Complexity and Confidence Calculation should calculate analysis confidence" name="Copilot Orchestration Service - P0 Critical MVP1 Query Complexity and Confidence Calculation should calculate analysis confidence" time="0.001">
    </testcase>
    <testcase classname="Copilot Orchestration Service - P0 Critical MVP1 Results Processing and Insights should merge step results correctly" name="Copilot Orchestration Service - P0 Critical MVP1 Results Processing and Insights should merge step results correctly" time="0">
    </testcase>
    <testcase classname="Copilot Orchestration Service - P0 Critical MVP1 Results Processing and Insights should generate query summary" name="Copilot Orchestration Service - P0 Critical MVP1 Results Processing and Insights should generate query summary" time="0.001">
    </testcase>
    <testcase classname="Copilot Orchestration Service - P0 Critical MVP1 Results Processing and Insights should generate insights from results" name="Copilot Orchestration Service - P0 Critical MVP1 Results Processing and Insights should generate insights from results" time="0.001">
    </testcase>
    <testcase classname="Copilot Orchestration Service - P0 Critical MVP1 Performance Metrics should track orchestration metrics" name="Copilot Orchestration Service - P0 Critical MVP1 Performance Metrics should track orchestration metrics" time="0">
    </testcase>
    <testcase classname="Copilot Orchestration Service - P0 Critical MVP1 Performance Metrics should calculate success rate correctly" name="Copilot Orchestration Service - P0 Critical MVP1 Performance Metrics should calculate success rate correctly" time="0.001">
    </testcase>
    <testcase classname="Copilot Orchestration Service - P0 Critical MVP1 Performance Metrics should update execution time metrics" name="Copilot Orchestration Service - P0 Critical MVP1 Performance Metrics should update execution time metrics" time="0.001">
    </testcase>
    <testcase classname="Copilot Orchestration Service - P0 Critical MVP1 Query Management should get query status" name="Copilot Orchestration Service - P0 Critical MVP1 Query Management should get query status" time="0">
    </testcase>
    <testcase classname="Copilot Orchestration Service - P0 Critical MVP1 Query Management should cancel active query" name="Copilot Orchestration Service - P0 Critical MVP1 Query Management should cancel active query" time="1.202">
    </testcase>
    <testcase classname="Copilot Orchestration Service - P0 Critical MVP1 Query Management should return false for cancelling non-existent query" name="Copilot Orchestration Service - P0 Critical MVP1 Query Management should return false for cancelling non-existent query" time="0.001">
    </testcase>
  </testsuite>
  <testsuite name="Copilot Orchestration Service - P0 Critical MVP1" errors="0" failures="0" skipped="0" timestamp="2025-08-14T19:29:01" time="10.068" tests="37">
    <testcase classname="Copilot Orchestration Service - P0 Critical MVP1 Query Planner Initialization should initialize all required query planners" name="Copilot Orchestration Service - P0 Critical MVP1 Query Planner Initialization should initialize all required query planners" time="0.001">
    </testcase>
    <testcase classname="Copilot Orchestration Service - P0 Critical MVP1 Query Planner Initialization should configure planner patterns correctly" name="Copilot Orchestration Service - P0 Critical MVP1 Query Planner Initialization should configure planner patterns correctly" time="0.001">
    </testcase>
    <testcase classname="Copilot Orchestration Service - P0 Critical MVP1 Natural Language Query Analysis should analyze entity-focused queries" name="Copilot Orchestration Service - P0 Critical MVP1 Natural Language Query Analysis should analyze entity-focused queries" time="0.001">
    </testcase>
    <testcase classname="Copilot Orchestration Service - P0 Critical MVP1 Natural Language Query Analysis should analyze relationship discovery queries" name="Copilot Orchestration Service - P0 Critical MVP1 Natural Language Query Analysis should analyze relationship discovery queries" time="0">
    </testcase>
    <testcase classname="Copilot Orchestration Service - P0 Critical MVP1 Natural Language Query Analysis should analyze temporal queries" name="Copilot Orchestration Service - P0 Critical MVP1 Natural Language Query Analysis should analyze temporal queries" time="0">
    </testcase>
    <testcase classname="Copilot Orchestration Service - P0 Critical MVP1 Natural Language Query Analysis should classify query intents correctly" name="Copilot Orchestration Service - P0 Critical MVP1 Natural Language Query Analysis should classify query intents correctly" time="0.001">
    </testcase>
    <testcase classname="Copilot Orchestration Service - P0 Critical MVP1 Natural Language Query Analysis should extract keywords from query text" name="Copilot Orchestration Service - P0 Critical MVP1 Natural Language Query Analysis should extract keywords from query text" time="0">
    </testcase>
    <testcase classname="Copilot Orchestration Service - P0 Critical MVP1 Natural Language Query Analysis should identify query types using pattern matching" name="Copilot Orchestration Service - P0 Critical MVP1 Natural Language Query Analysis should identify query types using pattern matching" time="0.001">
    </testcase>
    <testcase classname="Copilot Orchestration Service - P0 Critical MVP1 Execution Plan Generation should generate entity analysis plan" name="Copilot Orchestration Service - P0 Critical MVP1 Execution Plan Generation should generate entity analysis plan" time="0">
    </testcase>
    <testcase classname="Copilot Orchestration Service - P0 Critical MVP1 Execution Plan Generation should generate relationship discovery plan" name="Copilot Orchestration Service - P0 Critical MVP1 Execution Plan Generation should generate relationship discovery plan" time="0">
    </testcase>
    <testcase classname="Copilot Orchestration Service - P0 Critical MVP1 Execution Plan Generation should generate multi-source investigation plan" name="Copilot Orchestration Service - P0 Critical MVP1 Execution Plan Generation should generate multi-source investigation plan" time="0">
    </testcase>
    <testcase classname="Copilot Orchestration Service - P0 Critical MVP1 Execution Plan Generation should handle unknown query type" name="Copilot Orchestration Service - P0 Critical MVP1 Execution Plan Generation should handle unknown query type" time="0.014">
    </testcase>
    <testcase classname="Copilot Orchestration Service - P0 Critical MVP1 Query Orchestration End-to-End should orchestrate simple entity query" name="Copilot Orchestration Service - P0 Critical MVP1 Query Orchestration End-to-End should orchestrate simple entity query" time="1.201">
    </testcase>
    <testcase classname="Copilot Orchestration Service - P0 Critical MVP1 Query Orchestration End-to-End should handle query orchestration failure" name="Copilot Orchestration Service - P0 Critical MVP1 Query Orchestration End-to-End should handle query orchestration failure" time="1.202">
    </testcase>
    <testcase classname="Copilot Orchestration Service - P0 Critical MVP1 Query Orchestration End-to-End should track active queries" name="Copilot Orchestration Service - P0 Critical MVP1 Query Orchestration End-to-End should track active queries" time="1.203">
    </testcase>
    <testcase classname="Copilot Orchestration Service - P0 Critical MVP1 Query Orchestration End-to-End should emit query lifecycle events" name="Copilot Orchestration Service - P0 Critical MVP1 Query Orchestration End-to-End should emit query lifecycle events" time="1.204">
    </testcase>
    <testcase classname="Copilot Orchestration Service - P0 Critical MVP1 Step Execution should execute graph query steps" name="Copilot Orchestration Service - P0 Critical MVP1 Step Execution should execute graph query steps" time="0.502">
    </testcase>
    <testcase classname="Copilot Orchestration Service - P0 Critical MVP1 Step Execution should execute multimodal search steps" name="Copilot Orchestration Service - P0 Critical MVP1 Step Execution should execute multimodal search steps" time="1.501">
    </testcase>
    <testcase classname="Copilot Orchestration Service - P0 Critical MVP1 Step Execution should execute federated search steps" name="Copilot Orchestration Service - P0 Critical MVP1 Step Execution should execute federated search steps" time="2.002">
    </testcase>
    <testcase classname="Copilot Orchestration Service - P0 Critical MVP1 Step Execution should handle step execution errors" name="Copilot Orchestration Service - P0 Critical MVP1 Step Execution should handle step execution errors" time="0.001">
    </testcase>
    <testcase classname="Copilot Orchestration Service - P0 Critical MVP1 Domain Knowledge and Understanding should load entity type knowledge" name="Copilot Orchestration Service - P0 Critical MVP1 Domain Knowledge and Understanding should load entity type knowledge" time="0.001">
    </testcase>
    <testcase classname="Copilot Orchestration Service - P0 Critical MVP1 Domain Knowledge and Understanding should load relationship type knowledge" name="Copilot Orchestration Service - P0 Critical MVP1 Domain Knowledge and Understanding should load relationship type knowledge" time="0.002">
    </testcase>
    <testcase classname="Copilot Orchestration Service - P0 Critical MVP1 Domain Knowledge and Understanding should extract entity mentions from text" name="Copilot Orchestration Service - P0 Critical MVP1 Domain Knowledge and Understanding should extract entity mentions from text" time="0.001">
    </testcase>
    <testcase classname="Copilot Orchestration Service - P0 Critical MVP1 Domain Knowledge and Understanding should extract relationship mentions" name="Copilot Orchestration Service - P0 Critical MVP1 Domain Knowledge and Understanding should extract relationship mentions" time="0.002">
    </testcase>
    <testcase classname="Copilot Orchestration Service - P0 Critical MVP1 Domain Knowledge and Understanding should extract temporal scope from queries" name="Copilot Orchestration Service - P0 Critical MVP1 Domain Knowledge and Understanding should extract temporal scope from queries" time="0">
    </testcase>
    <testcase classname="Copilot Orchestration Service - P0 Critical MVP1 Domain Knowledge and Understanding should extract spatial scope from queries" name="Copilot Orchestration Service - P0 Critical MVP1 Domain Knowledge and Understanding should extract spatial scope from queries" time="0.001">
    </testcase>
    <testcase classname="Copilot Orchestration Service - P0 Critical MVP1 Query Complexity and Confidence Calculation should calculate query complexity correctly" name="Copilot Orchestration Service - P0 Critical MVP1 Query Complexity and Confidence Calculation should calculate query complexity correctly" time="0.001">
    </testcase>
    <testcase classname="Copilot Orchestration Service - P0 Critical MVP1 Query Complexity and Confidence Calculation should calculate analysis confidence" name="Copilot Orchestration Service - P0 Critical MVP1 Query Complexity and Confidence Calculation should calculate analysis confidence" time="0">
    </testcase>
    <testcase classname="Copilot Orchestration Service - P0 Critical MVP1 Results Processing and Insights should merge step results correctly" name="Copilot Orchestration Service - P0 Critical MVP1 Results Processing and Insights should merge step results correctly" time="0.001">
    </testcase>
    <testcase classname="Copilot Orchestration Service - P0 Critical MVP1 Results Processing and Insights should generate query summary" name="Copilot Orchestration Service - P0 Critical MVP1 Results Processing and Insights should generate query summary" time="0.001">
    </testcase>
    <testcase classname="Copilot Orchestration Service - P0 Critical MVP1 Results Processing and Insights should generate insights from results" name="Copilot Orchestration Service - P0 Critical MVP1 Results Processing and Insights should generate insights from results" time="0">
    </testcase>
    <testcase classname="Copilot Orchestration Service - P0 Critical MVP1 Performance Metrics should track orchestration metrics" name="Copilot Orchestration Service - P0 Critical MVP1 Performance Metrics should track orchestration metrics" time="0.001">
    </testcase>
    <testcase classname="Copilot Orchestration Service - P0 Critical MVP1 Performance Metrics should calculate success rate correctly" name="Copilot Orchestration Service - P0 Critical MVP1 Performance Metrics should calculate success rate correctly" time="0.001">
    </testcase>
    <testcase classname="Copilot Orchestration Service - P0 Critical MVP1 Performance Metrics should update execution time metrics" name="Copilot Orchestration Service - P0 Critical MVP1 Performance Metrics should update execution time metrics" time="0">
    </testcase>
    <testcase classname="Copilot Orchestration Service - P0 Critical MVP1 Query Management should get query status" name="Copilot Orchestration Service - P0 Critical MVP1 Query Management should get query status" time="0">
    </testcase>
    <testcase classname="Copilot Orchestration Service - P0 Critical MVP1 Query Management should cancel active query" name="Copilot Orchestration Service - P0 Critical MVP1 Query Management should cancel active query" time="1.201">
    </testcase>
    <testcase classname="Copilot Orchestration Service - P0 Critical MVP1 Query Management should return false for cancelling non-existent query" name="Copilot Orchestration Service - P0 Critical MVP1 Query Management should return false for cancelling non-existent query" time="0.001">
    </testcase>
  </testsuite>
  <testsuite name="Enterprise Security Service - P1 Priority" errors="0" failures="0" skipped="0" timestamp="2025-08-14T19:29:11" time="0.283" tests="31">
    <testcase classname="Enterprise Security Service - P1 Priority RBAC System Initialization should initialize all system permissions" name="Enterprise Security Service - P1 Priority RBAC System Initialization should initialize all system permissions" time="0.001">
    </testcase>
    <testcase classname="Enterprise Security Service - P1 Priority RBAC System Initialization should initialize system roles with correct permissions" name="Enterprise Security Service - P1 Priority RBAC System Initialization should initialize system roles with correct permissions" time="0.001">
    </testcase>
    <testcase classname="Enterprise Security Service - P1 Priority RBAC System Initialization should configure role hierarchy correctly" name="Enterprise Security Service - P1 Priority RBAC System Initialization should configure role hierarchy correctly" time="0">
    </testcase>
    <testcase classname="Enterprise Security Service - P1 Priority Authentication System should authenticate valid user credentials" name="Enterprise Security Service - P1 Priority Authentication System should authenticate valid user credentials" time="0.003">
    </testcase>
    <testcase classname="Enterprise Security Service - P1 Priority Authentication System should reject invalid credentials" name="Enterprise Security Service - P1 Priority Authentication System should reject invalid credentials" time="0.012">
    </testcase>
    <testcase classname="Enterprise Security Service - P1 Priority Authentication System should enforce rate limiting" name="Enterprise Security Service - P1 Priority Authentication System should enforce rate limiting" time="0">
    </testcase>
    <testcase classname="Enterprise Security Service - P1 Priority Authentication System should reject disabled accounts" name="Enterprise Security Service - P1 Priority Authentication System should reject disabled accounts" time="0.001">
    </testcase>
    <testcase classname="Enterprise Security Service - P1 Priority Session Management should create secure sessions" name="Enterprise Security Service - P1 Priority Session Management should create secure sessions" time="0.001">
    </testcase>
    <testcase classname="Enterprise Security Service - P1 Priority Session Management should verify valid sessions" name="Enterprise Security Service - P1 Priority Session Management should verify valid sessions" time="0.001">
    </testcase>
    <testcase classname="Enterprise Security Service - P1 Priority Session Management should reject expired sessions" name="Enterprise Security Service - P1 Priority Session Management should reject expired sessions" time="0.001">
    </testcase>
    <testcase classname="Enterprise Security Service - P1 Priority Session Management should handle idle timeout" name="Enterprise Security Service - P1 Priority Session Management should handle idle timeout" time="0">
    </testcase>
    <testcase classname="Enterprise Security Service - P1 Priority Permission System should grant access with valid permissions" name="Enterprise Security Service - P1 Priority Permission System should grant access with valid permissions" time="0">
    </testcase>
    <testcase classname="Enterprise Security Service - P1 Priority Permission System should deny access without required permissions" name="Enterprise Security Service - P1 Priority Permission System should deny access without required permissions" time="0">
    </testcase>
    <testcase classname="Enterprise Security Service - P1 Priority Permission System should deny access to higher classification data" name="Enterprise Security Service - P1 Priority Permission System should deny access to higher classification data" time="0">
    </testcase>
    <testcase classname="Enterprise Security Service - P1 Priority User Management should create new users with proper validation" name="Enterprise Security Service - P1 Priority User Management should create new users with proper validation" time="0.062">
    </testcase>
    <testcase classname="Enterprise Security Service - P1 Priority User Management should validate user data before creation" name="Enterprise Security Service - P1 Priority User Management should validate user data before creation" time="0">
    </testcase>
    <testcase classname="Enterprise Security Service - P1 Priority User Management should validate password strength" name="Enterprise Security Service - P1 Priority User Management should validate password strength" time="0.001">
    </testcase>
    <testcase classname="Enterprise Security Service - P1 Priority Audit Logging should log security events with required fields" name="Enterprise Security Service - P1 Priority Audit Logging should log security events with required fields" time="0">
    </testcase>
    <testcase classname="Enterprise Security Service - P1 Priority Audit Logging should determine compliance flags correctly" name="Enterprise Security Service - P1 Priority Audit Logging should determine compliance flags correctly" time="0">
    </testcase>
    <testcase classname="Enterprise Security Service - P1 Priority Audit Logging should track metrics for audit events" name="Enterprise Security Service - P1 Priority Audit Logging should track metrics for audit events" time="0">
    </testcase>
    <testcase classname="Enterprise Security Service - P1 Priority API Token Management should generate secure API tokens" name="Enterprise Security Service - P1 Priority API Token Management should generate secure API tokens" time="0.069">
    </testcase>
    <testcase classname="Enterprise Security Service - P1 Priority API Token Management should verify valid API tokens" name="Enterprise Security Service - P1 Priority API Token Management should verify valid API tokens" time="0.063">
    </testcase>
    <testcase classname="Enterprise Security Service - P1 Priority API Token Management should reject expired API tokens" name="Enterprise Security Service - P1 Priority API Token Management should reject expired API tokens" time="0.001">
    </testcase>
    <testcase classname="Enterprise Security Service - P1 Priority Compliance Reporting should generate SOC2 compliance reports" name="Enterprise Security Service - P1 Priority Compliance Reporting should generate SOC2 compliance reports" time="0">
    </testcase>
    <testcase classname="Enterprise Security Service - P1 Priority Compliance Reporting should calculate compliance scores accurately" name="Enterprise Security Service - P1 Priority Compliance Reporting should calculate compliance scores accurately" time="0">
    </testcase>
    <testcase classname="Enterprise Security Service - P1 Priority Security Monitoring should detect brute force attacks" name="Enterprise Security Service - P1 Priority Security Monitoring should detect brute force attacks" time="0">
    </testcase>
    <testcase classname="Enterprise Security Service - P1 Priority Security Monitoring should trigger security alerts for violations" name="Enterprise Security Service - P1 Priority Security Monitoring should trigger security alerts for violations" time="0">
    </testcase>
    <testcase classname="Enterprise Security Service - P1 Priority Metrics and Performance should track security metrics accurately" name="Enterprise Security Service - P1 Priority Metrics and Performance should track security metrics accurately" time="0">
    </testcase>
    <testcase classname="Enterprise Security Service - P1 Priority Metrics and Performance should calculate success rate correctly" name="Enterprise Security Service - P1 Priority Metrics and Performance should calculate success rate correctly" time="0">
    </testcase>
    <testcase classname="Enterprise Security Service - P1 Priority Email Validation should validate email addresses correctly" name="Enterprise Security Service - P1 Priority Email Validation should validate email addresses correctly" time="0.001">
    </testcase>
    <testcase classname="Enterprise Security Service - P1 Priority Time Parsing should parse time strings correctly" name="Enterprise Security Service - P1 Priority Time Parsing should parse time strings correctly" time="0">
    </testcase>
  </testsuite>
  <testsuite name="Enterprise Security Service - P1 Priority" errors="0" failures="0" skipped="0" timestamp="2025-08-14T19:29:11" time="0.165" tests="31">
    <testcase classname="Enterprise Security Service - P1 Priority RBAC System Initialization should initialize all system permissions" name="Enterprise Security Service - P1 Priority RBAC System Initialization should initialize all system permissions" time="0">
    </testcase>
    <testcase classname="Enterprise Security Service - P1 Priority RBAC System Initialization should initialize system roles with correct permissions" name="Enterprise Security Service - P1 Priority RBAC System Initialization should initialize system roles with correct permissions" time="0.001">
    </testcase>
    <testcase classname="Enterprise Security Service - P1 Priority RBAC System Initialization should configure role hierarchy correctly" name="Enterprise Security Service - P1 Priority RBAC System Initialization should configure role hierarchy correctly" time="0">
    </testcase>
    <testcase classname="Enterprise Security Service - P1 Priority Authentication System should authenticate valid user credentials" name="Enterprise Security Service - P1 Priority Authentication System should authenticate valid user credentials" time="0.001">
    </testcase>
    <testcase classname="Enterprise Security Service - P1 Priority Authentication System should reject invalid credentials" name="Enterprise Security Service - P1 Priority Authentication System should reject invalid credentials" time="0.011">
    </testcase>
    <testcase classname="Enterprise Security Service - P1 Priority Authentication System should enforce rate limiting" name="Enterprise Security Service - P1 Priority Authentication System should enforce rate limiting" time="0">
    </testcase>
    <testcase classname="Enterprise Security Service - P1 Priority Authentication System should reject disabled accounts" name="Enterprise Security Service - P1 Priority Authentication System should reject disabled accounts" time="0">
    </testcase>
    <testcase classname="Enterprise Security Service - P1 Priority Session Management should create secure sessions" name="Enterprise Security Service - P1 Priority Session Management should create secure sessions" time="0.001">
    </testcase>
    <testcase classname="Enterprise Security Service - P1 Priority Session Management should verify valid sessions" name="Enterprise Security Service - P1 Priority Session Management should verify valid sessions" time="0">
    </testcase>
    <testcase classname="Enterprise Security Service - P1 Priority Session Management should reject expired sessions" name="Enterprise Security Service - P1 Priority Session Management should reject expired sessions" time="0">
    </testcase>
    <testcase classname="Enterprise Security Service - P1 Priority Session Management should handle idle timeout" name="Enterprise Security Service - P1 Priority Session Management should handle idle timeout" time="0.001">
    </testcase>
    <testcase classname="Enterprise Security Service - P1 Priority Permission System should grant access with valid permissions" name="Enterprise Security Service - P1 Priority Permission System should grant access with valid permissions" time="0">
    </testcase>
    <testcase classname="Enterprise Security Service - P1 Priority Permission System should deny access without required permissions" name="Enterprise Security Service - P1 Priority Permission System should deny access without required permissions" time="0">
    </testcase>
    <testcase classname="Enterprise Security Service - P1 Priority Permission System should deny access to higher classification data" name="Enterprise Security Service - P1 Priority Permission System should deny access to higher classification data" time="0.001">
    </testcase>
    <testcase classname="Enterprise Security Service - P1 Priority User Management should create new users with proper validation" name="Enterprise Security Service - P1 Priority User Management should create new users with proper validation" time="0.036">
    </testcase>
    <testcase classname="Enterprise Security Service - P1 Priority User Management should validate user data before creation" name="Enterprise Security Service - P1 Priority User Management should validate user data before creation" time="0">
    </testcase>
    <testcase classname="Enterprise Security Service - P1 Priority User Management should validate password strength" name="Enterprise Security Service - P1 Priority User Management should validate password strength" time="0.001">
    </testcase>
    <testcase classname="Enterprise Security Service - P1 Priority Audit Logging should log security events with required fields" name="Enterprise Security Service - P1 Priority Audit Logging should log security events with required fields" time="0">
    </testcase>
    <testcase classname="Enterprise Security Service - P1 Priority Audit Logging should determine compliance flags correctly" name="Enterprise Security Service - P1 Priority Audit Logging should determine compliance flags correctly" time="0">
    </testcase>
    <testcase classname="Enterprise Security Service - P1 Priority Audit Logging should track metrics for audit events" name="Enterprise Security Service - P1 Priority Audit Logging should track metrics for audit events" time="0">
    </testcase>
    <testcase classname="Enterprise Security Service - P1 Priority API Token Management should generate secure API tokens" name="Enterprise Security Service - P1 Priority API Token Management should generate secure API tokens" time="0.036">
    </testcase>
    <testcase classname="Enterprise Security Service - P1 Priority API Token Management should verify valid API tokens" name="Enterprise Security Service - P1 Priority API Token Management should verify valid API tokens" time="0.047">
    </testcase>
    <testcase classname="Enterprise Security Service - P1 Priority API Token Management should reject expired API tokens" name="Enterprise Security Service - P1 Priority API Token Management should reject expired API tokens" time="0">
    </testcase>
    <testcase classname="Enterprise Security Service - P1 Priority Compliance Reporting should generate SOC2 compliance reports" name="Enterprise Security Service - P1 Priority Compliance Reporting should generate SOC2 compliance reports" time="0.001">
    </testcase>
    <testcase classname="Enterprise Security Service - P1 Priority Compliance Reporting should calculate compliance scores accurately" name="Enterprise Security Service - P1 Priority Compliance Reporting should calculate compliance scores accurately" time="0">
    </testcase>
    <testcase classname="Enterprise Security Service - P1 Priority Security Monitoring should detect brute force attacks" name="Enterprise Security Service - P1 Priority Security Monitoring should detect brute force attacks" time="0">
    </testcase>
    <testcase classname="Enterprise Security Service - P1 Priority Security Monitoring should trigger security alerts for violations" name="Enterprise Security Service - P1 Priority Security Monitoring should trigger security alerts for violations" time="0">
    </testcase>
    <testcase classname="Enterprise Security Service - P1 Priority Metrics and Performance should track security metrics accurately" name="Enterprise Security Service - P1 Priority Metrics and Performance should track security metrics accurately" time="0">
    </testcase>
    <testcase classname="Enterprise Security Service - P1 Priority Metrics and Performance should calculate success rate correctly" name="Enterprise Security Service - P1 Priority Metrics and Performance should calculate success rate correctly" time="0.001">
    </testcase>
    <testcase classname="Enterprise Security Service - P1 Priority Email Validation should validate email addresses correctly" name="Enterprise Security Service - P1 Priority Email Validation should validate email addresses correctly" time="0">
    </testcase>
    <testcase classname="Enterprise Security Service - P1 Priority Time Parsing should parse time strings correctly" name="Enterprise Security Service - P1 Priority Time Parsing should parse time strings correctly" time="0">
    </testcase>
  </testsuite>
  <testsuite name="Enterprise Security Service - P1 Priority" errors="0" failures="0" skipped="0" timestamp="2025-08-14T19:29:11" time="0.153" tests="31">
    <testcase classname="Enterprise Security Service - P1 Priority RBAC System Initialization should initialize all system permissions" name="Enterprise Security Service - P1 Priority RBAC System Initialization should initialize all system permissions" time="0.001">
    </testcase>
    <testcase classname="Enterprise Security Service - P1 Priority RBAC System Initialization should initialize system roles with correct permissions" name="Enterprise Security Service - P1 Priority RBAC System Initialization should initialize system roles with correct permissions" time="0">
    </testcase>
    <testcase classname="Enterprise Security Service - P1 Priority RBAC System Initialization should configure role hierarchy correctly" name="Enterprise Security Service - P1 Priority RBAC System Initialization should configure role hierarchy correctly" time="0">
    </testcase>
    <testcase classname="Enterprise Security Service - P1 Priority Authentication System should authenticate valid user credentials" name="Enterprise Security Service - P1 Priority Authentication System should authenticate valid user credentials" time="0">
    </testcase>
    <testcase classname="Enterprise Security Service - P1 Priority Authentication System should reject invalid credentials" name="Enterprise Security Service - P1 Priority Authentication System should reject invalid credentials" time="0.013">
    </testcase>
    <testcase classname="Enterprise Security Service - P1 Priority Authentication System should enforce rate limiting" name="Enterprise Security Service - P1 Priority Authentication System should enforce rate limiting" time="0.001">
    </testcase>
    <testcase classname="Enterprise Security Service - P1 Priority Authentication System should reject disabled accounts" name="Enterprise Security Service - P1 Priority Authentication System should reject disabled accounts" time="0">
    </testcase>
    <testcase classname="Enterprise Security Service - P1 Priority Session Management should create secure sessions" name="Enterprise Security Service - P1 Priority Session Management should create secure sessions" time="0.002">
    </testcase>
    <testcase classname="Enterprise Security Service - P1 Priority Session Management should verify valid sessions" name="Enterprise Security Service - P1 Priority Session Management should verify valid sessions" time="0.001">
    </testcase>
    <testcase classname="Enterprise Security Service - P1 Priority Session Management should reject expired sessions" name="Enterprise Security Service - P1 Priority Session Management should reject expired sessions" time="0">
    </testcase>
    <testcase classname="Enterprise Security Service - P1 Priority Session Management should handle idle timeout" name="Enterprise Security Service - P1 Priority Session Management should handle idle timeout" time="0">
    </testcase>
    <testcase classname="Enterprise Security Service - P1 Priority Permission System should grant access with valid permissions" name="Enterprise Security Service - P1 Priority Permission System should grant access with valid permissions" time="0">
    </testcase>
    <testcase classname="Enterprise Security Service - P1 Priority Permission System should deny access without required permissions" name="Enterprise Security Service - P1 Priority Permission System should deny access without required permissions" time="0">
    </testcase>
    <testcase classname="Enterprise Security Service - P1 Priority Permission System should deny access to higher classification data" name="Enterprise Security Service - P1 Priority Permission System should deny access to higher classification data" time="0">
    </testcase>
    <testcase classname="Enterprise Security Service - P1 Priority User Management should create new users with proper validation" name="Enterprise Security Service - P1 Priority User Management should create new users with proper validation" time="0.035">
    </testcase>
    <testcase classname="Enterprise Security Service - P1 Priority User Management should validate user data before creation" name="Enterprise Security Service - P1 Priority User Management should validate user data before creation" time="0">
    </testcase>
    <testcase classname="Enterprise Security Service - P1 Priority User Management should validate password strength" name="Enterprise Security Service - P1 Priority User Management should validate password strength" time="0">
    </testcase>
    <testcase classname="Enterprise Security Service - P1 Priority Audit Logging should log security events with required fields" name="Enterprise Security Service - P1 Priority Audit Logging should log security events with required fields" time="0">
    </testcase>
    <testcase classname="Enterprise Security Service - P1 Priority Audit Logging should determine compliance flags correctly" name="Enterprise Security Service - P1 Priority Audit Logging should determine compliance flags correctly" time="0.001">
    </testcase>
    <testcase classname="Enterprise Security Service - P1 Priority Audit Logging should track metrics for audit events" name="Enterprise Security Service - P1 Priority Audit Logging should track metrics for audit events" time="0">
    </testcase>
    <testcase classname="Enterprise Security Service - P1 Priority API Token Management should generate secure API tokens" name="Enterprise Security Service - P1 Priority API Token Management should generate secure API tokens" time="0.034">
    </testcase>
    <testcase classname="Enterprise Security Service - P1 Priority API Token Management should verify valid API tokens" name="Enterprise Security Service - P1 Priority API Token Management should verify valid API tokens" time="0.035">
    </testcase>
    <testcase classname="Enterprise Security Service - P1 Priority API Token Management should reject expired API tokens" name="Enterprise Security Service - P1 Priority API Token Management should reject expired API tokens" time="0.001">
    </testcase>
    <testcase classname="Enterprise Security Service - P1 Priority Compliance Reporting should generate SOC2 compliance reports" name="Enterprise Security Service - P1 Priority Compliance Reporting should generate SOC2 compliance reports" time="0">
    </testcase>
    <testcase classname="Enterprise Security Service - P1 Priority Compliance Reporting should calculate compliance scores accurately" name="Enterprise Security Service - P1 Priority Compliance Reporting should calculate compliance scores accurately" time="0">
    </testcase>
    <testcase classname="Enterprise Security Service - P1 Priority Security Monitoring should detect brute force attacks" name="Enterprise Security Service - P1 Priority Security Monitoring should detect brute force attacks" time="0">
    </testcase>
    <testcase classname="Enterprise Security Service - P1 Priority Security Monitoring should trigger security alerts for violations" name="Enterprise Security Service - P1 Priority Security Monitoring should trigger security alerts for violations" time="0.001">
    </testcase>
    <testcase classname="Enterprise Security Service - P1 Priority Metrics and Performance should track security metrics accurately" name="Enterprise Security Service - P1 Priority Metrics and Performance should track security metrics accurately" time="0">
    </testcase>
    <testcase classname="Enterprise Security Service - P1 Priority Metrics and Performance should calculate success rate correctly" name="Enterprise Security Service - P1 Priority Metrics and Performance should calculate success rate correctly" time="0">
    </testcase>
    <testcase classname="Enterprise Security Service - P1 Priority Email Validation should validate email addresses correctly" name="Enterprise Security Service - P1 Priority Email Validation should validate email addresses correctly" time="0">
    </testcase>
    <testcase classname="Enterprise Security Service - P1 Priority Time Parsing should parse time strings correctly" name="Enterprise Security Service - P1 Priority Time Parsing should parse time strings correctly" time="0">
    </testcase>
  </testsuite>
  <testsuite name="Copilot Orchestration Service - P0 Critical MVP1" errors="0" failures="0" skipped="0" timestamp="2025-08-14T19:29:11" time="10.08" tests="37">
    <testcase classname="Copilot Orchestration Service - P0 Critical MVP1 Query Planner Initialization should initialize all required query planners" name="Copilot Orchestration Service - P0 Critical MVP1 Query Planner Initialization should initialize all required query planners" time="0.001">
    </testcase>
    <testcase classname="Copilot Orchestration Service - P0 Critical MVP1 Query Planner Initialization should configure planner patterns correctly" name="Copilot Orchestration Service - P0 Critical MVP1 Query Planner Initialization should configure planner patterns correctly" time="0">
    </testcase>
    <testcase classname="Copilot Orchestration Service - P0 Critical MVP1 Natural Language Query Analysis should analyze entity-focused queries" name="Copilot Orchestration Service - P0 Critical MVP1 Natural Language Query Analysis should analyze entity-focused queries" time="0.001">
    </testcase>
    <testcase classname="Copilot Orchestration Service - P0 Critical MVP1 Natural Language Query Analysis should analyze relationship discovery queries" name="Copilot Orchestration Service - P0 Critical MVP1 Natural Language Query Analysis should analyze relationship discovery queries" time="0.001">
    </testcase>
    <testcase classname="Copilot Orchestration Service - P0 Critical MVP1 Natural Language Query Analysis should analyze temporal queries" name="Copilot Orchestration Service - P0 Critical MVP1 Natural Language Query Analysis should analyze temporal queries" time="0">
    </testcase>
    <testcase classname="Copilot Orchestration Service - P0 Critical MVP1 Natural Language Query Analysis should classify query intents correctly" name="Copilot Orchestration Service - P0 Critical MVP1 Natural Language Query Analysis should classify query intents correctly" time="0">
    </testcase>
    <testcase classname="Copilot Orchestration Service - P0 Critical MVP1 Natural Language Query Analysis should extract keywords from query text" name="Copilot Orchestration Service - P0 Critical MVP1 Natural Language Query Analysis should extract keywords from query text" time="0.001">
    </testcase>
    <testcase classname="Copilot Orchestration Service - P0 Critical MVP1 Natural Language Query Analysis should identify query types using pattern matching" name="Copilot Orchestration Service - P0 Critical MVP1 Natural Language Query Analysis should identify query types using pattern matching" time="0">
    </testcase>
    <testcase classname="Copilot Orchestration Service - P0 Critical MVP1 Execution Plan Generation should generate entity analysis plan" name="Copilot Orchestration Service - P0 Critical MVP1 Execution Plan Generation should generate entity analysis plan" time="0">
    </testcase>
    <testcase classname="Copilot Orchestration Service - P0 Critical MVP1 Execution Plan Generation should generate relationship discovery plan" name="Copilot Orchestration Service - P0 Critical MVP1 Execution Plan Generation should generate relationship discovery plan" time="0.001">
    </testcase>
    <testcase classname="Copilot Orchestration Service - P0 Critical MVP1 Execution Plan Generation should generate multi-source investigation plan" name="Copilot Orchestration Service - P0 Critical MVP1 Execution Plan Generation should generate multi-source investigation plan" time="0">
    </testcase>
    <testcase classname="Copilot Orchestration Service - P0 Critical MVP1 Execution Plan Generation should handle unknown query type" name="Copilot Orchestration Service - P0 Critical MVP1 Execution Plan Generation should handle unknown query type" time="0.014">
    </testcase>
    <testcase classname="Copilot Orchestration Service - P0 Critical MVP1 Query Orchestration End-to-End should orchestrate simple entity query" name="Copilot Orchestration Service - P0 Critical MVP1 Query Orchestration End-to-End should orchestrate simple entity query" time="1.202">
    </testcase>
    <testcase classname="Copilot Orchestration Service - P0 Critical MVP1 Query Orchestration End-to-End should handle query orchestration failure" name="Copilot Orchestration Service - P0 Critical MVP1 Query Orchestration End-to-End should handle query orchestration failure" time="1.202">
    </testcase>
    <testcase classname="Copilot Orchestration Service - P0 Critical MVP1 Query Orchestration End-to-End should track active queries" name="Copilot Orchestration Service - P0 Critical MVP1 Query Orchestration End-to-End should track active queries" time="1.202">
    </testcase>
    <testcase classname="Copilot Orchestration Service - P0 Critical MVP1 Query Orchestration End-to-End should emit query lifecycle events" name="Copilot Orchestration Service - P0 Critical MVP1 Query Orchestration End-to-End should emit query lifecycle events" time="1.204">
    </testcase>
    <testcase classname="Copilot Orchestration Service - P0 Critical MVP1 Step Execution should execute graph query steps" name="Copilot Orchestration Service - P0 Critical MVP1 Step Execution should execute graph query steps" time="0.501">
    </testcase>
    <testcase classname="Copilot Orchestration Service - P0 Critical MVP1 Step Execution should execute multimodal search steps" name="Copilot Orchestration Service - P0 Critical MVP1 Step Execution should execute multimodal search steps" time="1.502">
    </testcase>
    <testcase classname="Copilot Orchestration Service - P0 Critical MVP1 Step Execution should execute federated search steps" name="Copilot Orchestration Service - P0 Critical MVP1 Step Execution should execute federated search steps" time="2.003">
    </testcase>
    <testcase classname="Copilot Orchestration Service - P0 Critical MVP1 Step Execution should handle step execution errors" name="Copilot Orchestration Service - P0 Critical MVP1 Step Execution should handle step execution errors" time="0.001">
    </testcase>
    <testcase classname="Copilot Orchestration Service - P0 Critical MVP1 Domain Knowledge and Understanding should load entity type knowledge" name="Copilot Orchestration Service - P0 Critical MVP1 Domain Knowledge and Understanding should load entity type knowledge" time="0">
    </testcase>
    <testcase classname="Copilot Orchestration Service - P0 Critical MVP1 Domain Knowledge and Understanding should load relationship type knowledge" name="Copilot Orchestration Service - P0 Critical MVP1 Domain Knowledge and Understanding should load relationship type knowledge" time="0.001">
    </testcase>
    <testcase classname="Copilot Orchestration Service - P0 Critical MVP1 Domain Knowledge and Understanding should extract entity mentions from text" name="Copilot Orchestration Service - P0 Critical MVP1 Domain Knowledge and Understanding should extract entity mentions from text" time="0.001">
    </testcase>
    <testcase classname="Copilot Orchestration Service - P0 Critical MVP1 Domain Knowledge and Understanding should extract relationship mentions" name="Copilot Orchestration Service - P0 Critical MVP1 Domain Knowledge and Understanding should extract relationship mentions" time="0">
    </testcase>
    <testcase classname="Copilot Orchestration Service - P0 Critical MVP1 Domain Knowledge and Understanding should extract temporal scope from queries" name="Copilot Orchestration Service - P0 Critical MVP1 Domain Knowledge and Understanding should extract temporal scope from queries" time="0">
    </testcase>
    <testcase classname="Copilot Orchestration Service - P0 Critical MVP1 Domain Knowledge and Understanding should extract spatial scope from queries" name="Copilot Orchestration Service - P0 Critical MVP1 Domain Knowledge and Understanding should extract spatial scope from queries" time="0.001">
    </testcase>
    <testcase classname="Copilot Orchestration Service - P0 Critical MVP1 Query Complexity and Confidence Calculation should calculate query complexity correctly" name="Copilot Orchestration Service - P0 Critical MVP1 Query Complexity and Confidence Calculation should calculate query complexity correctly" time="0">
    </testcase>
    <testcase classname="Copilot Orchestration Service - P0 Critical MVP1 Query Complexity and Confidence Calculation should calculate analysis confidence" name="Copilot Orchestration Service - P0 Critical MVP1 Query Complexity and Confidence Calculation should calculate analysis confidence" time="0.001">
    </testcase>
    <testcase classname="Copilot Orchestration Service - P0 Critical MVP1 Results Processing and Insights should merge step results correctly" name="Copilot Orchestration Service - P0 Critical MVP1 Results Processing and Insights should merge step results correctly" time="0">
    </testcase>
    <testcase classname="Copilot Orchestration Service - P0 Critical MVP1 Results Processing and Insights should generate query summary" name="Copilot Orchestration Service - P0 Critical MVP1 Results Processing and Insights should generate query summary" time="0">
    </testcase>
    <testcase classname="Copilot Orchestration Service - P0 Critical MVP1 Results Processing and Insights should generate insights from results" name="Copilot Orchestration Service - P0 Critical MVP1 Results Processing and Insights should generate insights from results" time="0.001">
    </testcase>
    <testcase classname="Copilot Orchestration Service - P0 Critical MVP1 Performance Metrics should track orchestration metrics" name="Copilot Orchestration Service - P0 Critical MVP1 Performance Metrics should track orchestration metrics" time="0">
    </testcase>
    <testcase classname="Copilot Orchestration Service - P0 Critical MVP1 Performance Metrics should calculate success rate correctly" name="Copilot Orchestration Service - P0 Critical MVP1 Performance Metrics should calculate success rate correctly" time="0">
    </testcase>
    <testcase classname="Copilot Orchestration Service - P0 Critical MVP1 Performance Metrics should update execution time metrics" name="Copilot Orchestration Service - P0 Critical MVP1 Performance Metrics should update execution time metrics" time="0.001">
    </testcase>
    <testcase classname="Copilot Orchestration Service - P0 Critical MVP1 Query Management should get query status" name="Copilot Orchestration Service - P0 Critical MVP1 Query Management should get query status" time="0">
    </testcase>
    <testcase classname="Copilot Orchestration Service - P0 Critical MVP1 Query Management should cancel active query" name="Copilot Orchestration Service - P0 Critical MVP1 Query Management should cancel active query" time="1.202">
    </testcase>
    <testcase classname="Copilot Orchestration Service - P0 Critical MVP1 Query Management should return false for cancelling non-existent query" name="Copilot Orchestration Service - P0 Critical MVP1 Query Management should return false for cancelling non-existent query" time="0">
    </testcase>
  </testsuite>
  <testsuite name="AI Extraction Service - P0 Critical MVP1" errors="0" failures="4" skipped="0" timestamp="2025-08-14T19:28:21" time="77.76" tests="24">
    <testcase classname="AI Extraction Service - P0 Critical MVP1 Pipeline Initialization should initialize all required extraction pipelines" name="AI Extraction Service - P0 Critical MVP1 Pipeline Initialization should initialize all required extraction pipelines" time="0.003">
    </testcase>
    <testcase classname="AI Extraction Service - P0 Critical MVP1 Pipeline Initialization should configure pipeline capabilities correctly" name="AI Extraction Service - P0 Critical MVP1 Pipeline Initialization should configure pipeline capabilities correctly" time="0.001">
    </testcase>
    <testcase classname="AI Extraction Service - P0 Critical MVP1 Job Submission and Queue Management should queue extraction job successfully" name="AI Extraction Service - P0 Critical MVP1 Job Submission and Queue Management should queue extraction job successfully" time="0.001">
    </testcase>
    <testcase classname="AI Extraction Service - P0 Critical MVP1 Job Submission and Queue Management should handle concurrent job submissions" name="AI Extraction Service - P0 Critical MVP1 Job Submission and Queue Management should handle concurrent job submissions" time="0">
    </testcase>
    <testcase classname="AI Extraction Service - P0 Critical MVP1 Job Submission and Queue Management should enforce maximum concurrent jobs limit" name="AI Extraction Service - P0 Critical MVP1 Job Submission and Queue Management should enforce maximum concurrent jobs limit" time="0">
    </testcase>
    <testcase classname="AI Extraction Service - P0 Critical MVP1 Text Processing Pipelines should extract entities from text using spaCy pipeline" name="AI Extraction Service - P0 Critical MVP1 Text Processing Pipelines should extract entities from text using spaCy pipeline" time="0.503">
    </testcase>
    <testcase classname="AI Extraction Service - P0 Critical MVP1 Text Processing Pipelines should extract entities using Transformers pipeline" name="AI Extraction Service - P0 Critical MVP1 Text Processing Pipelines should extract entities using Transformers pipeline" time="2.003">
    </testcase>
    <testcase classname="AI Extraction Service - P0 Critical MVP1 Computer Vision Pipeline should extract entities from images" name="AI Extraction Service - P0 Critical MVP1 Computer Vision Pipeline should extract entities from images" time="3.003">
    </testcase>
    <testcase classname="AI Extraction Service - P0 Critical MVP1 Computer Vision Pipeline should detect vehicles in images" name="AI Extraction Service - P0 Critical MVP1 Computer Vision Pipeline should detect vehicles in images" time="3.002">
    </testcase>
    <testcase classname="AI Extraction Service - P0 Critical MVP1 OCR Pipeline should extract text and entities from images using OCR" name="AI Extraction Service - P0 Critical MVP1 OCR Pipeline should extract text and entities from images using OCR" time="4.003">
    </testcase>
    <testcase classname="AI Extraction Service - P0 Critical MVP1 Speech-to-Text Pipeline should extract entities from audio transcription" name="AI Extraction Service - P0 Critical MVP1 Speech-to-Text Pipeline should extract entities from audio transcription" time="8.004">
    </testcase>
    <testcase classname="AI Extraction Service - P0 Critical MVP1 Hybrid AI Pipeline should combine multiple extraction methods" name="AI Extraction Service - P0 Critical MVP1 Hybrid AI Pipeline should combine multiple extraction methods" time="21.004">
    </testcase>
    <testcase classname="AI Extraction Service - P0 Critical MVP1 Hybrid AI Pipeline should boost confidence for consensus entities" name="AI Extraction Service - P0 Critical MVP1 Hybrid AI Pipeline should boost confidence for consensus entities" time="0.001">
    </testcase>
    <testcase classname="AI Extraction Service - P0 Critical MVP1 Processing Loop and Job Execution should execute extraction job with proper lifecycle" name="AI Extraction Service - P0 Critical MVP1 Processing Loop and Job Execution should execute extraction job with proper lifecycle" time="30.002">
      <failure>Error: thrown: &quot;Exceeded timeout of 30000 ms for a test.
Add a timeout value to this test to increase the timeout, if this is a long-running test. See https://jestjs.io/docs/api#testname-fn-timeout.&quot;
    at test (/Users/brianlong/Documents/GitHub/intelgraph/server/src/tests/aiExtraction.test.js:293:5)
    at _dispatchDescribe (/Users/brianlong/Documents/GitHub/intelgraph/server/node_modules/jest-circus/build/index.js:91:26)
    at describe (/Users/brianlong/Documents/GitHub/intelgraph/server/node_modules/jest-circus/build/index.js:55:5)
    at describe (/Users/brianlong/Documents/GitHub/intelgraph/server/src/tests/aiExtraction.test.js:292:3)
    at _dispatchDescribe (/Users/brianlong/Documents/GitHub/intelgraph/server/node_modules/jest-circus/build/index.js:91:26)
    at describe (/Users/brianlong/Documents/GitHub/intelgraph/server/node_modules/jest-circus/build/index.js:55:5)
    at Object.describe (/Users/brianlong/Documents/GitHub/intelgraph/server/src/tests/aiExtraction.test.js:8:1)
    at Runtime._execModule (/Users/brianlong/Documents/GitHub/intelgraph/server/node_modules/jest-runtime/build/index.js:1439:24)
    at Runtime._loadModule (/Users/brianlong/Documents/GitHub/intelgraph/server/node_modules/jest-runtime/build/index.js:1022:12)
    at Runtime.requireModule (/Users/brianlong/Documents/GitHub/intelgraph/server/node_modules/jest-runtime/build/index.js:882:12)
    at jestAdapter (/Users/brianlong/Documents/GitHub/intelgraph/server/node_modules/jest-circus/build/legacy-code-todo-rewrite/jestAdapter.js:77:13)
    at processTicksAndRejections (node:internal/process/task_queues:105:5)
    at runTestInternal (/Users/brianlong/Documents/GitHub/intelgraph/server/node_modules/jest-runner/build/runTest.js:367:16)
    at runTest (/Users/brianlong/Documents/GitHub/intelgraph/server/node_modules/jest-runner/build/runTest.js:444:34)
    at Object.worker (/Users/brianlong/Documents/GitHub/intelgraph/server/node_modules/jest-runner/build/testWorker.js:106:12)</failure>
    </testcase>
    <testcase classname="AI Extraction Service - P0 Critical MVP1 Processing Loop and Job Execution should handle job failures gracefully" name="AI Extraction Service - P0 Critical MVP1 Processing Loop and Job Execution should handle job failures gracefully" time="2.001">
      <failure>TypeError: Cannot read properties of null (reading &apos;status&apos;)
    at Object.status (/Users/brianlong/Documents/GitHub/intelgraph/server/src/tests/aiExtraction.test.js:351:24)</failure>
    </testcase>
    <testcase classname="AI Extraction Service - P0 Critical MVP1 Performance Metrics should track extraction metrics accurately" name="AI Extraction Service - P0 Critical MVP1 Performance Metrics should track extraction metrics accurately" time="1.503">
    </testcase>
    <testcase classname="AI Extraction Service - P0 Critical MVP1 Performance Metrics should calculate success rate correctly" name="AI Extraction Service - P0 Critical MVP1 Performance Metrics should calculate success rate correctly" time="0">
    </testcase>
    <testcase classname="AI Extraction Service - P0 Critical MVP1 Performance Metrics should track entities and relationships extracted" name="AI Extraction Service - P0 Critical MVP1 Performance Metrics should track entities and relationships extracted" time="0">
    </testcase>
    <testcase classname="AI Extraction Service - P0 Critical MVP1 Entity Similarity and Fusion should identify similar entities correctly" name="AI Extraction Service - P0 Critical MVP1 Entity Similarity and Fusion should identify similar entities correctly" time="0">
    </testcase>
    <testcase classname="AI Extraction Service - P0 Critical MVP1 Entity Similarity and Fusion should calculate string similarity accurately" name="AI Extraction Service - P0 Critical MVP1 Entity Similarity and Fusion should calculate string similarity accurately" time="0.001">
    </testcase>
    <testcase classname="AI Extraction Service - P0 Critical MVP1 Entity Similarity and Fusion should group similar entities for fusion" name="AI Extraction Service - P0 Critical MVP1 Entity Similarity and Fusion should group similar entities for fusion" time="0">
    </testcase>
    <testcase classname="AI Extraction Service - P0 Critical MVP1 Error Handling and Validation should validate extraction methods" name="AI Extraction Service - P0 Critical MVP1 Error Handling and Validation should validate extraction methods" time="0.001">
      <failure>Error: expect(received).toContain(expected) // indexOf

Expected value: &quot;Unknown extraction method: NONEXISTENT_METHOD&quot;
Received array: []
    at Object.toContain (/Users/brianlong/Documents/GitHub/intelgraph/server/src/tests/aiExtraction.test.js:431:28)
    at runNextTicks (node:internal/process/task_queues:65:5)
    at processTimers (node:internal/timers:540:9)</failure>
    </testcase>
    <testcase classname="AI Extraction Service - P0 Critical MVP1 Error Handling and Validation should handle media source not found" name="AI Extraction Service - P0 Critical MVP1 Error Handling and Validation should handle media source not found" time="1">
      <failure>TypeError: Cannot read properties of null (reading &apos;status&apos;)
    at Object.status (/Users/brianlong/Documents/GitHub/intelgraph/server/src/tests/aiExtraction.test.js:449:24)</failure>
    </testcase>
    <testcase classname="AI Extraction Service - P0 Critical MVP1 Event Emission should emit job lifecycle events" name="AI Extraction Service - P0 Critical MVP1 Event Emission should emit job lifecycle events" time="1.501">
    </testcase>
  </testsuite>
  <testsuite name="AI Extraction Service - P0 Critical MVP1" errors="0" failures="4" skipped="0" timestamp="2025-08-14T19:28:21" time="77.773" tests="24">
    <testcase classname="AI Extraction Service - P0 Critical MVP1 Pipeline Initialization should initialize all required extraction pipelines" name="AI Extraction Service - P0 Critical MVP1 Pipeline Initialization should initialize all required extraction pipelines" time="0.003">
    </testcase>
    <testcase classname="AI Extraction Service - P0 Critical MVP1 Pipeline Initialization should configure pipeline capabilities correctly" name="AI Extraction Service - P0 Critical MVP1 Pipeline Initialization should configure pipeline capabilities correctly" time="0.001">
    </testcase>
    <testcase classname="AI Extraction Service - P0 Critical MVP1 Job Submission and Queue Management should queue extraction job successfully" name="AI Extraction Service - P0 Critical MVP1 Job Submission and Queue Management should queue extraction job successfully" time="0">
    </testcase>
    <testcase classname="AI Extraction Service - P0 Critical MVP1 Job Submission and Queue Management should handle concurrent job submissions" name="AI Extraction Service - P0 Critical MVP1 Job Submission and Queue Management should handle concurrent job submissions" time="0.001">
    </testcase>
    <testcase classname="AI Extraction Service - P0 Critical MVP1 Job Submission and Queue Management should enforce maximum concurrent jobs limit" name="AI Extraction Service - P0 Critical MVP1 Job Submission and Queue Management should enforce maximum concurrent jobs limit" time="0">
    </testcase>
    <testcase classname="AI Extraction Service - P0 Critical MVP1 Text Processing Pipelines should extract entities from text using spaCy pipeline" name="AI Extraction Service - P0 Critical MVP1 Text Processing Pipelines should extract entities from text using spaCy pipeline" time="0.504">
    </testcase>
    <testcase classname="AI Extraction Service - P0 Critical MVP1 Text Processing Pipelines should extract entities using Transformers pipeline" name="AI Extraction Service - P0 Critical MVP1 Text Processing Pipelines should extract entities using Transformers pipeline" time="2.002">
    </testcase>
    <testcase classname="AI Extraction Service - P0 Critical MVP1 Computer Vision Pipeline should extract entities from images" name="AI Extraction Service - P0 Critical MVP1 Computer Vision Pipeline should extract entities from images" time="3.003">
    </testcase>
    <testcase classname="AI Extraction Service - P0 Critical MVP1 Computer Vision Pipeline should detect vehicles in images" name="AI Extraction Service - P0 Critical MVP1 Computer Vision Pipeline should detect vehicles in images" time="3.004">
    </testcase>
    <testcase classname="AI Extraction Service - P0 Critical MVP1 OCR Pipeline should extract text and entities from images using OCR" name="AI Extraction Service - P0 Critical MVP1 OCR Pipeline should extract text and entities from images using OCR" time="4.003">
    </testcase>
    <testcase classname="AI Extraction Service - P0 Critical MVP1 Speech-to-Text Pipeline should extract entities from audio transcription" name="AI Extraction Service - P0 Critical MVP1 Speech-to-Text Pipeline should extract entities from audio transcription" time="8.003">
    </testcase>
    <testcase classname="AI Extraction Service - P0 Critical MVP1 Hybrid AI Pipeline should combine multiple extraction methods" name="AI Extraction Service - P0 Critical MVP1 Hybrid AI Pipeline should combine multiple extraction methods" time="21.007">
    </testcase>
    <testcase classname="AI Extraction Service - P0 Critical MVP1 Hybrid AI Pipeline should boost confidence for consensus entities" name="AI Extraction Service - P0 Critical MVP1 Hybrid AI Pipeline should boost confidence for consensus entities" time="0.002">
    </testcase>
    <testcase classname="AI Extraction Service - P0 Critical MVP1 Processing Loop and Job Execution should execute extraction job with proper lifecycle" name="AI Extraction Service - P0 Critical MVP1 Processing Loop and Job Execution should execute extraction job with proper lifecycle" time="30.001">
      <failure>Error: thrown: &quot;Exceeded timeout of 30000 ms for a test.
Add a timeout value to this test to increase the timeout, if this is a long-running test. See https://jestjs.io/docs/api#testname-fn-timeout.&quot;
    at test (/Users/brianlong/Documents/GitHub/intelgraph/server/src/tests/aiExtraction.test.js:293:5)
    at _dispatchDescribe (/Users/brianlong/Documents/GitHub/intelgraph/server/node_modules/jest-circus/build/index.js:91:26)
    at describe (/Users/brianlong/Documents/GitHub/intelgraph/server/node_modules/jest-circus/build/index.js:55:5)
    at describe (/Users/brianlong/Documents/GitHub/intelgraph/server/src/tests/aiExtraction.test.js:292:3)
    at _dispatchDescribe (/Users/brianlong/Documents/GitHub/intelgraph/server/node_modules/jest-circus/build/index.js:91:26)
    at describe (/Users/brianlong/Documents/GitHub/intelgraph/server/node_modules/jest-circus/build/index.js:55:5)
    at Object.describe (/Users/brianlong/Documents/GitHub/intelgraph/server/src/tests/aiExtraction.test.js:8:1)
    at Runtime._execModule (/Users/brianlong/Documents/GitHub/intelgraph/server/node_modules/jest-runtime/build/index.js:1439:24)
    at Runtime._loadModule (/Users/brianlong/Documents/GitHub/intelgraph/server/node_modules/jest-runtime/build/index.js:1022:12)
    at Runtime.requireModule (/Users/brianlong/Documents/GitHub/intelgraph/server/node_modules/jest-runtime/build/index.js:882:12)
    at jestAdapter (/Users/brianlong/Documents/GitHub/intelgraph/server/node_modules/jest-circus/build/legacy-code-todo-rewrite/jestAdapter.js:77:13)
    at processTicksAndRejections (node:internal/process/task_queues:105:5)
    at runTestInternal (/Users/brianlong/Documents/GitHub/intelgraph/server/node_modules/jest-runner/build/runTest.js:367:16)
    at runTest (/Users/brianlong/Documents/GitHub/intelgraph/server/node_modules/jest-runner/build/runTest.js:444:34)
    at Object.worker (/Users/brianlong/Documents/GitHub/intelgraph/server/node_modules/jest-runner/build/testWorker.js:106:12)</failure>
    </testcase>
    <testcase classname="AI Extraction Service - P0 Critical MVP1 Processing Loop and Job Execution should handle job failures gracefully" name="AI Extraction Service - P0 Critical MVP1 Processing Loop and Job Execution should handle job failures gracefully" time="2.002">
      <failure>TypeError: Cannot read properties of null (reading &apos;status&apos;)
    at Object.status (/Users/brianlong/Documents/GitHub/intelgraph/server/src/tests/aiExtraction.test.js:351:24)
    at runNextTicks (node:internal/process/task_queues:65:5)
    at processTimers (node:internal/timers:540:9)</failure>
    </testcase>
    <testcase classname="AI Extraction Service - P0 Critical MVP1 Performance Metrics should track extraction metrics accurately" name="AI Extraction Service - P0 Critical MVP1 Performance Metrics should track extraction metrics accurately" time="1.501">
    </testcase>
    <testcase classname="AI Extraction Service - P0 Critical MVP1 Performance Metrics should calculate success rate correctly" name="AI Extraction Service - P0 Critical MVP1 Performance Metrics should calculate success rate correctly" time="0">
    </testcase>
    <testcase classname="AI Extraction Service - P0 Critical MVP1 Performance Metrics should track entities and relationships extracted" name="AI Extraction Service - P0 Critical MVP1 Performance Metrics should track entities and relationships extracted" time="0">
    </testcase>
    <testcase classname="AI Extraction Service - P0 Critical MVP1 Entity Similarity and Fusion should identify similar entities correctly" name="AI Extraction Service - P0 Critical MVP1 Entity Similarity and Fusion should identify similar entities correctly" time="0">
    </testcase>
    <testcase classname="AI Extraction Service - P0 Critical MVP1 Entity Similarity and Fusion should calculate string similarity accurately" name="AI Extraction Service - P0 Critical MVP1 Entity Similarity and Fusion should calculate string similarity accurately" time="0.001">
    </testcase>
    <testcase classname="AI Extraction Service - P0 Critical MVP1 Entity Similarity and Fusion should group similar entities for fusion" name="AI Extraction Service - P0 Critical MVP1 Entity Similarity and Fusion should group similar entities for fusion" time="0">
    </testcase>
    <testcase classname="AI Extraction Service - P0 Critical MVP1 Error Handling and Validation should validate extraction methods" name="AI Extraction Service - P0 Critical MVP1 Error Handling and Validation should validate extraction methods" time="0.001">
      <failure>Error: expect(received).toContain(expected) // indexOf

Expected value: &quot;Unknown extraction method: NONEXISTENT_METHOD&quot;
Received array: []
    at Object.toContain (/Users/brianlong/Documents/GitHub/intelgraph/server/src/tests/aiExtraction.test.js:431:28)</failure>
    </testcase>
    <testcase classname="AI Extraction Service - P0 Critical MVP1 Error Handling and Validation should handle media source not found" name="AI Extraction Service - P0 Critical MVP1 Error Handling and Validation should handle media source not found" time="1">
      <failure>TypeError: Cannot read properties of null (reading &apos;status&apos;)
    at Object.status (/Users/brianlong/Documents/GitHub/intelgraph/server/src/tests/aiExtraction.test.js:449:24)</failure>
    </testcase>
    <testcase classname="AI Extraction Service - P0 Critical MVP1 Event Emission should emit job lifecycle events" name="AI Extraction Service - P0 Critical MVP1 Event Emission should emit job lifecycle events" time="1.502">
    </testcase>
  </testsuite>
  <testsuite name="Advanced Analytics Service - P1 Priority" errors="0" failures="0" skipped="0" timestamp="2025-08-14T19:29:38" time="1.216" tests="27">
    <testcase classname="Advanced Analytics Service - P1 Priority ML Model Initialization should initialize all required ML models" name="Advanced Analytics Service - P1 Priority ML Model Initialization should initialize all required ML models" time="0.001">
    </testcase>
    <testcase classname="Advanced Analytics Service - P1 Priority ML Model Initialization should configure model parameters correctly" name="Advanced Analytics Service - P1 Priority ML Model Initialization should configure model parameters correctly" time="0">
    </testcase>
    <testcase classname="Advanced Analytics Service - P1 Priority Anomaly Detection should initialize anomaly detectors" name="Advanced Analytics Service - P1 Priority Anomaly Detection should initialize anomaly detectors" time="0.001">
    </testcase>
    <testcase classname="Advanced Analytics Service - P1 Priority Anomaly Detection should configure detector thresholds" name="Advanced Analytics Service - P1 Priority Anomaly Detection should configure detector thresholds" time="0">
    </testcase>
    <testcase classname="Advanced Analytics Service - P1 Priority Link Prediction should perform link prediction analysis" name="Advanced Analytics Service - P1 Priority Link Prediction should perform link prediction analysis" time="0">
    </testcase>
    <testcase classname="Advanced Analytics Service - P1 Priority Link Prediction should calculate link prediction features" name="Advanced Analytics Service - P1 Priority Link Prediction should calculate link prediction features" time="0">
    </testcase>
    <testcase classname="Advanced Analytics Service - P1 Priority Link Prediction should predict link probability" name="Advanced Analytics Service - P1 Priority Link Prediction should predict link probability" time="0.001">
    </testcase>
    <testcase classname="Advanced Analytics Service - P1 Priority Entity Classification should classify entities using ML features" name="Advanced Analytics Service - P1 Priority Entity Classification should classify entities using ML features" time="0">
    </testcase>
    <testcase classname="Advanced Analytics Service - P1 Priority Entity Classification should extract entity features" name="Advanced Analytics Service - P1 Priority Entity Classification should extract entity features" time="0.002">
    </testcase>
    <testcase classname="Advanced Analytics Service - P1 Priority Entity Classification should classify entity based on features" name="Advanced Analytics Service - P1 Priority Entity Classification should classify entity based on features" time="0">
    </testcase>
    <testcase classname="Advanced Analytics Service - P1 Priority Behavior Prediction should predict behavioral patterns" name="Advanced Analytics Service - P1 Priority Behavior Prediction should predict behavioral patterns" time="0">
    </testcase>
    <testcase classname="Advanced Analytics Service - P1 Priority Behavior Prediction should analyze historical patterns" name="Advanced Analytics Service - P1 Priority Behavior Prediction should analyze historical patterns" time="0">
    </testcase>
    <testcase classname="Advanced Analytics Service - P1 Priority Behavior Prediction should predict future behavior" name="Advanced Analytics Service - P1 Priority Behavior Prediction should predict future behavior" time="0.001">
    </testcase>
    <testcase classname="Advanced Analytics Service - P1 Priority Risk Scoring should calculate comprehensive risk scores" name="Advanced Analytics Service - P1 Priority Risk Scoring should calculate comprehensive risk scores" time="0">
    </testcase>
    <testcase classname="Advanced Analytics Service - P1 Priority Risk Scoring should calculate risk components" name="Advanced Analytics Service - P1 Priority Risk Scoring should calculate risk components" time="0">
    </testcase>
    <testcase classname="Advanced Analytics Service - P1 Priority Community Detection should detect communities in networks" name="Advanced Analytics Service - P1 Priority Community Detection should detect communities in networks" time="0">
    </testcase>
    <testcase classname="Advanced Analytics Service - P1 Priority Community Detection should build adjacency list from edges" name="Advanced Analytics Service - P1 Priority Community Detection should build adjacency list from edges" time="0">
    </testcase>
    <testcase classname="Advanced Analytics Service - P1 Priority Community Detection should calculate community density" name="Advanced Analytics Service - P1 Priority Community Detection should calculate community density" time="0.001">
    </testcase>
    <testcase classname="Advanced Analytics Service - P1 Priority Analytics Job Management should queue and track analytics jobs" name="Advanced Analytics Service - P1 Priority Analytics Job Management should queue and track analytics jobs" time="0">
    </testcase>
    <testcase classname="Advanced Analytics Service - P1 Priority Analytics Job Management should retrieve job status" name="Advanced Analytics Service - P1 Priority Analytics Job Management should retrieve job status" time="0">
    </testcase>
    <testcase classname="Advanced Analytics Service - P1 Priority Analytics Job Management should get active jobs" name="Advanced Analytics Service - P1 Priority Analytics Job Management should get active jobs" time="0">
    </testcase>
    <testcase classname="Advanced Analytics Service - P1 Priority Metrics and Performance should track analytics metrics" name="Advanced Analytics Service - P1 Priority Metrics and Performance should track analytics metrics" time="0">
    </testcase>
    <testcase classname="Advanced Analytics Service - P1 Priority Metrics and Performance should calculate success rate correctly" name="Advanced Analytics Service - P1 Priority Metrics and Performance should calculate success rate correctly" time="0">
    </testcase>
    <testcase classname="Advanced Analytics Service - P1 Priority Utility Functions should calculate shortest path correctly" name="Advanced Analytics Service - P1 Priority Utility Functions should calculate shortest path correctly" time="0.001">
    </testcase>
    <testcase classname="Advanced Analytics Service - P1 Priority Utility Functions should handle no path found" name="Advanced Analytics Service - P1 Priority Utility Functions should handle no path found" time="0">
    </testcase>
    <testcase classname="Advanced Analytics Service - P1 Priority Utility Functions should check behavior type matching" name="Advanced Analytics Service - P1 Priority Utility Functions should check behavior type matching" time="0">
    </testcase>
    <testcase classname="Advanced Analytics Performance should handle large datasets efficiently" name="Advanced Analytics Performance should handle large datasets efficiently" time="1.146">
    </testcase>
  </testsuite>
  <testsuite name="Advanced Analytics Service - P1 Priority" errors="0" failures="0" skipped="0" timestamp="2025-08-14T19:29:38" time="1.262" tests="27">
    <testcase classname="Advanced Analytics Service - P1 Priority ML Model Initialization should initialize all required ML models" name="Advanced Analytics Service - P1 Priority ML Model Initialization should initialize all required ML models" time="0.001">
    </testcase>
    <testcase classname="Advanced Analytics Service - P1 Priority ML Model Initialization should configure model parameters correctly" name="Advanced Analytics Service - P1 Priority ML Model Initialization should configure model parameters correctly" time="0">
    </testcase>
    <testcase classname="Advanced Analytics Service - P1 Priority Anomaly Detection should initialize anomaly detectors" name="Advanced Analytics Service - P1 Priority Anomaly Detection should initialize anomaly detectors" time="0.001">
    </testcase>
    <testcase classname="Advanced Analytics Service - P1 Priority Anomaly Detection should configure detector thresholds" name="Advanced Analytics Service - P1 Priority Anomaly Detection should configure detector thresholds" time="0">
    </testcase>
    <testcase classname="Advanced Analytics Service - P1 Priority Link Prediction should perform link prediction analysis" name="Advanced Analytics Service - P1 Priority Link Prediction should perform link prediction analysis" time="0">
    </testcase>
    <testcase classname="Advanced Analytics Service - P1 Priority Link Prediction should calculate link prediction features" name="Advanced Analytics Service - P1 Priority Link Prediction should calculate link prediction features" time="0">
    </testcase>
    <testcase classname="Advanced Analytics Service - P1 Priority Link Prediction should predict link probability" name="Advanced Analytics Service - P1 Priority Link Prediction should predict link probability" time="0.001">
    </testcase>
    <testcase classname="Advanced Analytics Service - P1 Priority Entity Classification should classify entities using ML features" name="Advanced Analytics Service - P1 Priority Entity Classification should classify entities using ML features" time="0">
    </testcase>
    <testcase classname="Advanced Analytics Service - P1 Priority Entity Classification should extract entity features" name="Advanced Analytics Service - P1 Priority Entity Classification should extract entity features" time="0.003">
    </testcase>
    <testcase classname="Advanced Analytics Service - P1 Priority Entity Classification should classify entity based on features" name="Advanced Analytics Service - P1 Priority Entity Classification should classify entity based on features" time="0">
    </testcase>
    <testcase classname="Advanced Analytics Service - P1 Priority Behavior Prediction should predict behavioral patterns" name="Advanced Analytics Service - P1 Priority Behavior Prediction should predict behavioral patterns" time="0">
    </testcase>
    <testcase classname="Advanced Analytics Service - P1 Priority Behavior Prediction should analyze historical patterns" name="Advanced Analytics Service - P1 Priority Behavior Prediction should analyze historical patterns" time="0">
    </testcase>
    <testcase classname="Advanced Analytics Service - P1 Priority Behavior Prediction should predict future behavior" name="Advanced Analytics Service - P1 Priority Behavior Prediction should predict future behavior" time="0.001">
    </testcase>
    <testcase classname="Advanced Analytics Service - P1 Priority Risk Scoring should calculate comprehensive risk scores" name="Advanced Analytics Service - P1 Priority Risk Scoring should calculate comprehensive risk scores" time="0">
    </testcase>
    <testcase classname="Advanced Analytics Service - P1 Priority Risk Scoring should calculate risk components" name="Advanced Analytics Service - P1 Priority Risk Scoring should calculate risk components" time="0">
    </testcase>
    <testcase classname="Advanced Analytics Service - P1 Priority Community Detection should detect communities in networks" name="Advanced Analytics Service - P1 Priority Community Detection should detect communities in networks" time="0">
    </testcase>
    <testcase classname="Advanced Analytics Service - P1 Priority Community Detection should build adjacency list from edges" name="Advanced Analytics Service - P1 Priority Community Detection should build adjacency list from edges" time="0">
    </testcase>
    <testcase classname="Advanced Analytics Service - P1 Priority Community Detection should calculate community density" name="Advanced Analytics Service - P1 Priority Community Detection should calculate community density" time="0.001">
    </testcase>
    <testcase classname="Advanced Analytics Service - P1 Priority Analytics Job Management should queue and track analytics jobs" name="Advanced Analytics Service - P1 Priority Analytics Job Management should queue and track analytics jobs" time="0">
    </testcase>
    <testcase classname="Advanced Analytics Service - P1 Priority Analytics Job Management should retrieve job status" name="Advanced Analytics Service - P1 Priority Analytics Job Management should retrieve job status" time="0">
    </testcase>
    <testcase classname="Advanced Analytics Service - P1 Priority Analytics Job Management should get active jobs" name="Advanced Analytics Service - P1 Priority Analytics Job Management should get active jobs" time="0">
    </testcase>
    <testcase classname="Advanced Analytics Service - P1 Priority Metrics and Performance should track analytics metrics" name="Advanced Analytics Service - P1 Priority Metrics and Performance should track analytics metrics" time="0">
    </testcase>
    <testcase classname="Advanced Analytics Service - P1 Priority Metrics and Performance should calculate success rate correctly" name="Advanced Analytics Service - P1 Priority Metrics and Performance should calculate success rate correctly" time="0">
    </testcase>
    <testcase classname="Advanced Analytics Service - P1 Priority Utility Functions should calculate shortest path correctly" name="Advanced Analytics Service - P1 Priority Utility Functions should calculate shortest path correctly" time="0.001">
    </testcase>
    <testcase classname="Advanced Analytics Service - P1 Priority Utility Functions should handle no path found" name="Advanced Analytics Service - P1 Priority Utility Functions should handle no path found" time="0">
    </testcase>
    <testcase classname="Advanced Analytics Service - P1 Priority Utility Functions should check behavior type matching" name="Advanced Analytics Service - P1 Priority Utility Functions should check behavior type matching" time="0">
    </testcase>
    <testcase classname="Advanced Analytics Performance should handle large datasets efficiently" name="Advanced Analytics Performance should handle large datasets efficiently" time="1.181">
    </testcase>
  </testsuite>
  <testsuite name="Docker Security Configuration" errors="0" failures="0" skipped="0" timestamp="2025-08-14T19:29:40" time="0.027" tests="14">
    <testcase classname="Docker Security Configuration Dockerfile Security Dockerfile.secure should implement security best practices" name="Docker Security Configuration Dockerfile Security Dockerfile.secure should implement security best practices" time="0.001">
    </testcase>
    <testcase classname="Docker Security Configuration Dockerfile Security production Dockerfile should be secure" name="Docker Security Configuration Dockerfile Security production Dockerfile should be secure" time="0.001">
    </testcase>
    <testcase classname="Docker Security Configuration Docker Compose Security docker-compose.secure.yml should implement security hardening" name="Docker Security Configuration Docker Compose Security docker-compose.secure.yml should implement security hardening" time="0.001">
    </testcase>
    <testcase classname="Docker Security Configuration Docker Compose Security volumes should have security mount options" name="Docker Security Configuration Docker Compose Security volumes should have security mount options" time="0.001">
    </testcase>
    <testcase classname="Docker Security Configuration Nginx Security Configuration nginx-secure.conf should implement security headers" name="Docker Security Configuration Nginx Security Configuration nginx-secure.conf should implement security headers" time="0">
    </testcase>
    <testcase classname="Docker Security Configuration Nginx Security Configuration security-headers.conf should have comprehensive headers" name="Docker Security Configuration Nginx Security Configuration security-headers.conf should have comprehensive headers" time="0.001">
    </testcase>
    <testcase classname="Docker Security Configuration Falco Security Rules Falco rules should monitor IntelGraph containers" name="Docker Security Configuration Falco Security Rules Falco rules should monitor IntelGraph containers" time="0.001">
    </testcase>
    <testcase classname="Docker Security Configuration Security Scripts docker-security-audit.sh should be executable and comprehensive" name="Docker Security Configuration Security Scripts docker-security-audit.sh should be executable and comprehensive" time="0">
    </testcase>
    <testcase classname="Docker Security Configuration Security Scripts generate-secrets.sh should create secure secrets" name="Docker Security Configuration Security Scripts generate-secrets.sh should create secure secrets" time="0.001">
    </testcase>
    <testcase classname="Docker Security Configuration Package.json Security Scripts should have Docker security npm scripts" name="Docker Security Configuration Package.json Security Scripts should have Docker security npm scripts" time="0.002">
    </testcase>
    <testcase classname="Docker Security Configuration Security Best Practices should use secure secrets management in secure configurations" name="Docker Security Configuration Security Best Practices should use secure secrets management in secure configurations" time="0">
    </testcase>
    <testcase classname="Docker Security Configuration Security Best Practices should have proper .dockerignore" name="Docker Security Configuration Security Best Practices should have proper .dockerignore" time="0.001">
    </testcase>
    <testcase classname="Docker Security Configuration Security Best Practices should use proper file structure for security" name="Docker Security Configuration Security Best Practices should use proper file structure for security" time="0">
    </testcase>
    <testcase classname="Docker Security Configuration Security Documentation should have security documentation" name="Docker Security Configuration Security Documentation should have security documentation" time="0">
    </testcase>
  </testsuite>
  <testsuite name="Docker Security Configuration" errors="0" failures="0" skipped="0" timestamp="2025-08-14T19:29:40" time="0.036" tests="14">
    <testcase classname="Docker Security Configuration Dockerfile Security Dockerfile.secure should implement security best practices" name="Docker Security Configuration Dockerfile Security Dockerfile.secure should implement security best practices" time="0.003">
    </testcase>
    <testcase classname="Docker Security Configuration Dockerfile Security production Dockerfile should be secure" name="Docker Security Configuration Dockerfile Security production Dockerfile should be secure" time="0.002">
    </testcase>
    <testcase classname="Docker Security Configuration Docker Compose Security docker-compose.secure.yml should implement security hardening" name="Docker Security Configuration Docker Compose Security docker-compose.secure.yml should implement security hardening" time="0.004">
    </testcase>
    <testcase classname="Docker Security Configuration Docker Compose Security volumes should have security mount options" name="Docker Security Configuration Docker Compose Security volumes should have security mount options" time="0.002">
    </testcase>
    <testcase classname="Docker Security Configuration Nginx Security Configuration nginx-secure.conf should implement security headers" name="Docker Security Configuration Nginx Security Configuration nginx-secure.conf should implement security headers" time="0.001">
    </testcase>
    <testcase classname="Docker Security Configuration Nginx Security Configuration security-headers.conf should have comprehensive headers" name="Docker Security Configuration Nginx Security Configuration security-headers.conf should have comprehensive headers" time="0.001">
    </testcase>
    <testcase classname="Docker Security Configuration Falco Security Rules Falco rules should monitor IntelGraph containers" name="Docker Security Configuration Falco Security Rules Falco rules should monitor IntelGraph containers" time="0">
    </testcase>
    <testcase classname="Docker Security Configuration Security Scripts docker-security-audit.sh should be executable and comprehensive" name="Docker Security Configuration Security Scripts docker-security-audit.sh should be executable and comprehensive" time="0">
    </testcase>
    <testcase classname="Docker Security Configuration Security Scripts generate-secrets.sh should create secure secrets" name="Docker Security Configuration Security Scripts generate-secrets.sh should create secure secrets" time="0.001">
    </testcase>
    <testcase classname="Docker Security Configuration Package.json Security Scripts should have Docker security npm scripts" name="Docker Security Configuration Package.json Security Scripts should have Docker security npm scripts" time="0">
    </testcase>
    <testcase classname="Docker Security Configuration Security Best Practices should use secure secrets management in secure configurations" name="Docker Security Configuration Security Best Practices should use secure secrets management in secure configurations" time="0">
    </testcase>
    <testcase classname="Docker Security Configuration Security Best Practices should have proper .dockerignore" name="Docker Security Configuration Security Best Practices should have proper .dockerignore" time="0.001">
    </testcase>
    <testcase classname="Docker Security Configuration Security Best Practices should use proper file structure for security" name="Docker Security Configuration Security Best Practices should use proper file structure for security" time="0">
    </testcase>
    <testcase classname="Docker Security Configuration Security Documentation should have security documentation" name="Docker Security Configuration Security Documentation should have security documentation" time="0">
    </testcase>
  </testsuite>
  <testsuite name="Docker Security Configuration" errors="0" failures="0" skipped="0" timestamp="2025-08-14T19:29:40" time="0.02" tests="14">
    <testcase classname="Docker Security Configuration Dockerfile Security Dockerfile.secure should implement security best practices" name="Docker Security Configuration Dockerfile Security Dockerfile.secure should implement security best practices" time="0.001">
    </testcase>
    <testcase classname="Docker Security Configuration Dockerfile Security production Dockerfile should be secure" name="Docker Security Configuration Dockerfile Security production Dockerfile should be secure" time="0.001">
    </testcase>
    <testcase classname="Docker Security Configuration Docker Compose Security docker-compose.secure.yml should implement security hardening" name="Docker Security Configuration Docker Compose Security docker-compose.secure.yml should implement security hardening" time="0">
    </testcase>
    <testcase classname="Docker Security Configuration Docker Compose Security volumes should have security mount options" name="Docker Security Configuration Docker Compose Security volumes should have security mount options" time="0">
    </testcase>
    <testcase classname="Docker Security Configuration Nginx Security Configuration nginx-secure.conf should implement security headers" name="Docker Security Configuration Nginx Security Configuration nginx-secure.conf should implement security headers" time="0.001">
    </testcase>
    <testcase classname="Docker Security Configuration Nginx Security Configuration security-headers.conf should have comprehensive headers" name="Docker Security Configuration Nginx Security Configuration security-headers.conf should have comprehensive headers" time="0">
    </testcase>
    <testcase classname="Docker Security Configuration Falco Security Rules Falco rules should monitor IntelGraph containers" name="Docker Security Configuration Falco Security Rules Falco rules should monitor IntelGraph containers" time="0.001">
    </testcase>
    <testcase classname="Docker Security Configuration Security Scripts docker-security-audit.sh should be executable and comprehensive" name="Docker Security Configuration Security Scripts docker-security-audit.sh should be executable and comprehensive" time="0">
    </testcase>
    <testcase classname="Docker Security Configuration Security Scripts generate-secrets.sh should create secure secrets" name="Docker Security Configuration Security Scripts generate-secrets.sh should create secure secrets" time="0">
    </testcase>
    <testcase classname="Docker Security Configuration Package.json Security Scripts should have Docker security npm scripts" name="Docker Security Configuration Package.json Security Scripts should have Docker security npm scripts" time="0.001">
    </testcase>
    <testcase classname="Docker Security Configuration Security Best Practices should use secure secrets management in secure configurations" name="Docker Security Configuration Security Best Practices should use secure secrets management in secure configurations" time="0">
    </testcase>
    <testcase classname="Docker Security Configuration Security Best Practices should have proper .dockerignore" name="Docker Security Configuration Security Best Practices should have proper .dockerignore" time="0">
    </testcase>
    <testcase classname="Docker Security Configuration Security Best Practices should use proper file structure for security" name="Docker Security Configuration Security Best Practices should use proper file structure for security" time="0.001">
    </testcase>
    <testcase classname="Docker Security Configuration Security Documentation should have security documentation" name="Docker Security Configuration Security Documentation should have security documentation" time="0">
    </testcase>
  </testsuite>
  <testsuite name="Advanced Analytics Service - P1 Priority" errors="0" failures="0" skipped="0" timestamp="2025-08-14T19:29:40" time="1.185" tests="27">
    <testcase classname="Advanced Analytics Service - P1 Priority ML Model Initialization should initialize all required ML models" name="Advanced Analytics Service - P1 Priority ML Model Initialization should initialize all required ML models" time="0.001">
    </testcase>
    <testcase classname="Advanced Analytics Service - P1 Priority ML Model Initialization should configure model parameters correctly" name="Advanced Analytics Service - P1 Priority ML Model Initialization should configure model parameters correctly" time="0">
    </testcase>
    <testcase classname="Advanced Analytics Service - P1 Priority Anomaly Detection should initialize anomaly detectors" name="Advanced Analytics Service - P1 Priority Anomaly Detection should initialize anomaly detectors" time="0.001">
    </testcase>
    <testcase classname="Advanced Analytics Service - P1 Priority Anomaly Detection should configure detector thresholds" name="Advanced Analytics Service - P1 Priority Anomaly Detection should configure detector thresholds" time="0.001">
    </testcase>
    <testcase classname="Advanced Analytics Service - P1 Priority Link Prediction should perform link prediction analysis" name="Advanced Analytics Service - P1 Priority Link Prediction should perform link prediction analysis" time="0">
    </testcase>
    <testcase classname="Advanced Analytics Service - P1 Priority Link Prediction should calculate link prediction features" name="Advanced Analytics Service - P1 Priority Link Prediction should calculate link prediction features" time="0">
    </testcase>
    <testcase classname="Advanced Analytics Service - P1 Priority Link Prediction should predict link probability" name="Advanced Analytics Service - P1 Priority Link Prediction should predict link probability" time="0">
    </testcase>
    <testcase classname="Advanced Analytics Service - P1 Priority Entity Classification should classify entities using ML features" name="Advanced Analytics Service - P1 Priority Entity Classification should classify entities using ML features" time="0">
    </testcase>
    <testcase classname="Advanced Analytics Service - P1 Priority Entity Classification should extract entity features" name="Advanced Analytics Service - P1 Priority Entity Classification should extract entity features" time="0.001">
    </testcase>
    <testcase classname="Advanced Analytics Service - P1 Priority Entity Classification should classify entity based on features" name="Advanced Analytics Service - P1 Priority Entity Classification should classify entity based on features" time="0">
    </testcase>
    <testcase classname="Advanced Analytics Service - P1 Priority Behavior Prediction should predict behavioral patterns" name="Advanced Analytics Service - P1 Priority Behavior Prediction should predict behavioral patterns" time="0">
    </testcase>
    <testcase classname="Advanced Analytics Service - P1 Priority Behavior Prediction should analyze historical patterns" name="Advanced Analytics Service - P1 Priority Behavior Prediction should analyze historical patterns" time="0">
    </testcase>
    <testcase classname="Advanced Analytics Service - P1 Priority Behavior Prediction should predict future behavior" name="Advanced Analytics Service - P1 Priority Behavior Prediction should predict future behavior" time="0">
    </testcase>
    <testcase classname="Advanced Analytics Service - P1 Priority Risk Scoring should calculate comprehensive risk scores" name="Advanced Analytics Service - P1 Priority Risk Scoring should calculate comprehensive risk scores" time="0">
    </testcase>
    <testcase classname="Advanced Analytics Service - P1 Priority Risk Scoring should calculate risk components" name="Advanced Analytics Service - P1 Priority Risk Scoring should calculate risk components" time="0.001">
    </testcase>
    <testcase classname="Advanced Analytics Service - P1 Priority Community Detection should detect communities in networks" name="Advanced Analytics Service - P1 Priority Community Detection should detect communities in networks" time="0">
    </testcase>
    <testcase classname="Advanced Analytics Service - P1 Priority Community Detection should build adjacency list from edges" name="Advanced Analytics Service - P1 Priority Community Detection should build adjacency list from edges" time="0">
    </testcase>
    <testcase classname="Advanced Analytics Service - P1 Priority Community Detection should calculate community density" name="Advanced Analytics Service - P1 Priority Community Detection should calculate community density" time="0">
    </testcase>
    <testcase classname="Advanced Analytics Service - P1 Priority Analytics Job Management should queue and track analytics jobs" name="Advanced Analytics Service - P1 Priority Analytics Job Management should queue and track analytics jobs" time="0">
    </testcase>
    <testcase classname="Advanced Analytics Service - P1 Priority Analytics Job Management should retrieve job status" name="Advanced Analytics Service - P1 Priority Analytics Job Management should retrieve job status" time="0">
    </testcase>
    <testcase classname="Advanced Analytics Service - P1 Priority Analytics Job Management should get active jobs" name="Advanced Analytics Service - P1 Priority Analytics Job Management should get active jobs" time="0">
    </testcase>
    <testcase classname="Advanced Analytics Service - P1 Priority Metrics and Performance should track analytics metrics" name="Advanced Analytics Service - P1 Priority Metrics and Performance should track analytics metrics" time="0.001">
    </testcase>
    <testcase classname="Advanced Analytics Service - P1 Priority Metrics and Performance should calculate success rate correctly" name="Advanced Analytics Service - P1 Priority Metrics and Performance should calculate success rate correctly" time="0">
    </testcase>
    <testcase classname="Advanced Analytics Service - P1 Priority Utility Functions should calculate shortest path correctly" name="Advanced Analytics Service - P1 Priority Utility Functions should calculate shortest path correctly" time="0">
    </testcase>
    <testcase classname="Advanced Analytics Service - P1 Priority Utility Functions should handle no path found" name="Advanced Analytics Service - P1 Priority Utility Functions should handle no path found" time="0">
    </testcase>
    <testcase classname="Advanced Analytics Service - P1 Priority Utility Functions should check behavior type matching" name="Advanced Analytics Service - P1 Priority Utility Functions should check behavior type matching" time="0">
    </testcase>
    <testcase classname="Advanced Analytics Performance should handle large datasets efficiently" name="Advanced Analytics Performance should handle large datasets efficiently" time="1.128">
    </testcase>
  </testsuite>
  <testsuite name="War Room Graph Sync - P0 Critical MVP1" errors="0" failures="9" skipped="0" timestamp="2025-08-14T19:29:40" time="30.126" tests="9">
    <testcase classname="War Room Graph Sync - P0 Critical MVP1 P0 Requirement: &lt;300ms Latency should initialize war room in under 50ms" name="War Room Graph Sync - P0 Critical MVP1 P0 Requirement: &lt;300ms Latency should initialize war room in under 50ms" time="0">
      <failure>Error: thrown: &quot;Exceeded timeout of 30000 ms for a hook while waiting for `done()` to be called.
Add a timeout value to this test to increase the timeout, if this is a long-running test. See https://jestjs.io/docs/api#testname-fn-timeout.&quot;
    at beforeAll (/Users/brianlong/Documents/GitHub/intelgraph/server/src/tests/warRoomSync.test.js:17:3)
    at _dispatchDescribe (/Users/brianlong/Documents/GitHub/intelgraph/server/node_modules/jest-circus/build/index.js:91:26)
    at describe (/Users/brianlong/Documents/GitHub/intelgraph/server/node_modules/jest-circus/build/index.js:55:5)
    at Object.describe (/Users/brianlong/Documents/GitHub/intelgraph/server/src/tests/warRoomSync.test.js:11:1)
    at Runtime._execModule (/Users/brianlong/Documents/GitHub/intelgraph/server/node_modules/jest-runtime/build/index.js:1439:24)
    at Runtime._loadModule (/Users/brianlong/Documents/GitHub/intelgraph/server/node_modules/jest-runtime/build/index.js:1022:12)
    at Runtime.requireModule (/Users/brianlong/Documents/GitHub/intelgraph/server/node_modules/jest-runtime/build/index.js:882:12)
    at jestAdapter (/Users/brianlong/Documents/GitHub/intelgraph/server/node_modules/jest-circus/build/legacy-code-todo-rewrite/jestAdapter.js:77:13)
    at processTicksAndRejections (node:internal/process/task_queues:105:5)
    at runTestInternal (/Users/brianlong/Documents/GitHub/intelgraph/server/node_modules/jest-runner/build/runTest.js:367:16)
    at runTest (/Users/brianlong/Documents/GitHub/intelgraph/server/node_modules/jest-runner/build/runTest.js:444:34)
    at Object.worker (/Users/brianlong/Documents/GitHub/intelgraph/server/node_modules/jest-runner/build/testWorker.js:106:12)</failure>
    </testcase>
    <testcase classname="War Room Graph Sync - P0 Critical MVP1 P0 Requirement: &lt;300ms Latency should handle graph operations with &lt;300ms latency" name="War Room Graph Sync - P0 Critical MVP1 P0 Requirement: &lt;300ms Latency should handle graph operations with &lt;300ms latency" time="0">
      <failure>Error: thrown: &quot;Exceeded timeout of 30000 ms for a hook while waiting for `done()` to be called.
Add a timeout value to this test to increase the timeout, if this is a long-running test. See https://jestjs.io/docs/api#testname-fn-timeout.&quot;
    at beforeAll (/Users/brianlong/Documents/GitHub/intelgraph/server/src/tests/warRoomSync.test.js:17:3)
    at _dispatchDescribe (/Users/brianlong/Documents/GitHub/intelgraph/server/node_modules/jest-circus/build/index.js:91:26)
    at describe (/Users/brianlong/Documents/GitHub/intelgraph/server/node_modules/jest-circus/build/index.js:55:5)
    at Object.describe (/Users/brianlong/Documents/GitHub/intelgraph/server/src/tests/warRoomSync.test.js:11:1)
    at Runtime._execModule (/Users/brianlong/Documents/GitHub/intelgraph/server/node_modules/jest-runtime/build/index.js:1439:24)
    at Runtime._loadModule (/Users/brianlong/Documents/GitHub/intelgraph/server/node_modules/jest-runtime/build/index.js:1022:12)
    at Runtime.requireModule (/Users/brianlong/Documents/GitHub/intelgraph/server/node_modules/jest-runtime/build/index.js:882:12)
    at jestAdapter (/Users/brianlong/Documents/GitHub/intelgraph/server/node_modules/jest-circus/build/legacy-code-todo-rewrite/jestAdapter.js:77:13)
    at processTicksAndRejections (node:internal/process/task_queues:105:5)
    at runTestInternal (/Users/brianlong/Documents/GitHub/intelgraph/server/node_modules/jest-runner/build/runTest.js:367:16)
    at runTest (/Users/brianlong/Documents/GitHub/intelgraph/server/node_modules/jest-runner/build/runTest.js:444:34)
    at Object.worker (/Users/brianlong/Documents/GitHub/intelgraph/server/node_modules/jest-runner/build/testWorker.js:106:12)</failure>
    </testcase>
    <testcase classname="War Room Graph Sync - P0 Critical MVP1 P0 Requirement: &lt;300ms Latency should handle concurrent operations without conflicts" name="War Room Graph Sync - P0 Critical MVP1 P0 Requirement: &lt;300ms Latency should handle concurrent operations without conflicts" time="0">
      <failure>Error: thrown: &quot;Exceeded timeout of 30000 ms for a hook while waiting for `done()` to be called.
Add a timeout value to this test to increase the timeout, if this is a long-running test. See https://jestjs.io/docs/api#testname-fn-timeout.&quot;
    at beforeAll (/Users/brianlong/Documents/GitHub/intelgraph/server/src/tests/warRoomSync.test.js:17:3)
    at _dispatchDescribe (/Users/brianlong/Documents/GitHub/intelgraph/server/node_modules/jest-circus/build/index.js:91:26)
    at describe (/Users/brianlong/Documents/GitHub/intelgraph/server/node_modules/jest-circus/build/index.js:55:5)
    at Object.describe (/Users/brianlong/Documents/GitHub/intelgraph/server/src/tests/warRoomSync.test.js:11:1)
    at Runtime._execModule (/Users/brianlong/Documents/GitHub/intelgraph/server/node_modules/jest-runtime/build/index.js:1439:24)
    at Runtime._loadModule (/Users/brianlong/Documents/GitHub/intelgraph/server/node_modules/jest-runtime/build/index.js:1022:12)
    at Runtime.requireModule (/Users/brianlong/Documents/GitHub/intelgraph/server/node_modules/jest-runtime/build/index.js:882:12)
    at jestAdapter (/Users/brianlong/Documents/GitHub/intelgraph/server/node_modules/jest-circus/build/legacy-code-todo-rewrite/jestAdapter.js:77:13)
    at processTicksAndRejections (node:internal/process/task_queues:105:5)
    at runTestInternal (/Users/brianlong/Documents/GitHub/intelgraph/server/node_modules/jest-runner/build/runTest.js:367:16)
    at runTest (/Users/brianlong/Documents/GitHub/intelgraph/server/node_modules/jest-runner/build/runTest.js:444:34)
    at Object.worker (/Users/brianlong/Documents/GitHub/intelgraph/server/node_modules/jest-runner/build/testWorker.js:106:12)</failure>
    </testcase>
    <testcase classname="War Room Graph Sync - P0 Critical MVP1 P0 Requirement: &lt;300ms Latency should resolve conflicts quickly" name="War Room Graph Sync - P0 Critical MVP1 P0 Requirement: &lt;300ms Latency should resolve conflicts quickly" time="0">
      <failure>Error: thrown: &quot;Exceeded timeout of 30000 ms for a hook while waiting for `done()` to be called.
Add a timeout value to this test to increase the timeout, if this is a long-running test. See https://jestjs.io/docs/api#testname-fn-timeout.&quot;
    at beforeAll (/Users/brianlong/Documents/GitHub/intelgraph/server/src/tests/warRoomSync.test.js:17:3)
    at _dispatchDescribe (/Users/brianlong/Documents/GitHub/intelgraph/server/node_modules/jest-circus/build/index.js:91:26)
    at describe (/Users/brianlong/Documents/GitHub/intelgraph/server/node_modules/jest-circus/build/index.js:55:5)
    at Object.describe (/Users/brianlong/Documents/GitHub/intelgraph/server/src/tests/warRoomSync.test.js:11:1)
    at Runtime._execModule (/Users/brianlong/Documents/GitHub/intelgraph/server/node_modules/jest-runtime/build/index.js:1439:24)
    at Runtime._loadModule (/Users/brianlong/Documents/GitHub/intelgraph/server/node_modules/jest-runtime/build/index.js:1022:12)
    at Runtime.requireModule (/Users/brianlong/Documents/GitHub/intelgraph/server/node_modules/jest-runtime/build/index.js:882:12)
    at jestAdapter (/Users/brianlong/Documents/GitHub/intelgraph/server/node_modules/jest-circus/build/legacy-code-todo-rewrite/jestAdapter.js:77:13)
    at processTicksAndRejections (node:internal/process/task_queues:105:5)
    at runTestInternal (/Users/brianlong/Documents/GitHub/intelgraph/server/node_modules/jest-runner/build/runTest.js:367:16)
    at runTest (/Users/brianlong/Documents/GitHub/intelgraph/server/node_modules/jest-runner/build/runTest.js:444:34)
    at Object.worker (/Users/brianlong/Documents/GitHub/intelgraph/server/node_modules/jest-runner/build/testWorker.js:106:12)</failure>
    </testcase>
    <testcase classname="War Room Graph Sync - P0 Critical MVP1 Operational Transform should transform concurrent operations correctly" name="War Room Graph Sync - P0 Critical MVP1 Operational Transform should transform concurrent operations correctly" time="0">
      <failure>Error: thrown: &quot;Exceeded timeout of 30000 ms for a hook while waiting for `done()` to be called.
Add a timeout value to this test to increase the timeout, if this is a long-running test. See https://jestjs.io/docs/api#testname-fn-timeout.&quot;
    at beforeAll (/Users/brianlong/Documents/GitHub/intelgraph/server/src/tests/warRoomSync.test.js:17:3)
    at _dispatchDescribe (/Users/brianlong/Documents/GitHub/intelgraph/server/node_modules/jest-circus/build/index.js:91:26)
    at describe (/Users/brianlong/Documents/GitHub/intelgraph/server/node_modules/jest-circus/build/index.js:55:5)
    at Object.describe (/Users/brianlong/Documents/GitHub/intelgraph/server/src/tests/warRoomSync.test.js:11:1)
    at Runtime._execModule (/Users/brianlong/Documents/GitHub/intelgraph/server/node_modules/jest-runtime/build/index.js:1439:24)
    at Runtime._loadModule (/Users/brianlong/Documents/GitHub/intelgraph/server/node_modules/jest-runtime/build/index.js:1022:12)
    at Runtime.requireModule (/Users/brianlong/Documents/GitHub/intelgraph/server/node_modules/jest-runtime/build/index.js:882:12)
    at jestAdapter (/Users/brianlong/Documents/GitHub/intelgraph/server/node_modules/jest-circus/build/legacy-code-todo-rewrite/jestAdapter.js:77:13)
    at processTicksAndRejections (node:internal/process/task_queues:105:5)
    at runTestInternal (/Users/brianlong/Documents/GitHub/intelgraph/server/node_modules/jest-runner/build/runTest.js:367:16)
    at runTest (/Users/brianlong/Documents/GitHub/intelgraph/server/node_modules/jest-runner/build/runTest.js:444:34)
    at Object.worker (/Users/brianlong/Documents/GitHub/intelgraph/server/node_modules/jest-runner/build/testWorker.js:106:12)</failure>
    </testcase>
    <testcase classname="War Room Graph Sync - P0 Critical MVP1 Performance Metrics should track performance metrics accurately" name="War Room Graph Sync - P0 Critical MVP1 Performance Metrics should track performance metrics accurately" time="0">
      <failure>Error: thrown: &quot;Exceeded timeout of 30000 ms for a hook while waiting for `done()` to be called.
Add a timeout value to this test to increase the timeout, if this is a long-running test. See https://jestjs.io/docs/api#testname-fn-timeout.&quot;
    at beforeAll (/Users/brianlong/Documents/GitHub/intelgraph/server/src/tests/warRoomSync.test.js:17:3)
    at _dispatchDescribe (/Users/brianlong/Documents/GitHub/intelgraph/server/node_modules/jest-circus/build/index.js:91:26)
    at describe (/Users/brianlong/Documents/GitHub/intelgraph/server/node_modules/jest-circus/build/index.js:55:5)
    at Object.describe (/Users/brianlong/Documents/GitHub/intelgraph/server/src/tests/warRoomSync.test.js:11:1)
    at Runtime._execModule (/Users/brianlong/Documents/GitHub/intelgraph/server/node_modules/jest-runtime/build/index.js:1439:24)
    at Runtime._loadModule (/Users/brianlong/Documents/GitHub/intelgraph/server/node_modules/jest-runtime/build/index.js:1022:12)
    at Runtime.requireModule (/Users/brianlong/Documents/GitHub/intelgraph/server/node_modules/jest-runtime/build/index.js:882:12)
    at jestAdapter (/Users/brianlong/Documents/GitHub/intelgraph/server/node_modules/jest-circus/build/legacy-code-todo-rewrite/jestAdapter.js:77:13)
    at processTicksAndRejections (node:internal/process/task_queues:105:5)
    at runTestInternal (/Users/brianlong/Documents/GitHub/intelgraph/server/node_modules/jest-runner/build/runTest.js:367:16)
    at runTest (/Users/brianlong/Documents/GitHub/intelgraph/server/node_modules/jest-runner/build/runTest.js:444:34)
    at Object.worker (/Users/brianlong/Documents/GitHub/intelgraph/server/node_modules/jest-runner/build/testWorker.js:106:12)</failure>
    </testcase>
    <testcase classname="War Room Graph Sync - P0 Critical MVP1 Performance Metrics should provide room statistics" name="War Room Graph Sync - P0 Critical MVP1 Performance Metrics should provide room statistics" time="0">
      <failure>Error: thrown: &quot;Exceeded timeout of 30000 ms for a hook while waiting for `done()` to be called.
Add a timeout value to this test to increase the timeout, if this is a long-running test. See https://jestjs.io/docs/api#testname-fn-timeout.&quot;
    at beforeAll (/Users/brianlong/Documents/GitHub/intelgraph/server/src/tests/warRoomSync.test.js:17:3)
    at _dispatchDescribe (/Users/brianlong/Documents/GitHub/intelgraph/server/node_modules/jest-circus/build/index.js:91:26)
    at describe (/Users/brianlong/Documents/GitHub/intelgraph/server/node_modules/jest-circus/build/index.js:55:5)
    at Object.describe (/Users/brianlong/Documents/GitHub/intelgraph/server/src/tests/warRoomSync.test.js:11:1)
    at Runtime._execModule (/Users/brianlong/Documents/GitHub/intelgraph/server/node_modules/jest-runtime/build/index.js:1439:24)
    at Runtime._loadModule (/Users/brianlong/Documents/GitHub/intelgraph/server/node_modules/jest-runtime/build/index.js:1022:12)
    at Runtime.requireModule (/Users/brianlong/Documents/GitHub/intelgraph/server/node_modules/jest-runtime/build/index.js:882:12)
    at jestAdapter (/Users/brianlong/Documents/GitHub/intelgraph/server/node_modules/jest-circus/build/legacy-code-todo-rewrite/jestAdapter.js:77:13)
    at processTicksAndRejections (node:internal/process/task_queues:105:5)
    at runTestInternal (/Users/brianlong/Documents/GitHub/intelgraph/server/node_modules/jest-runner/build/runTest.js:367:16)
    at runTest (/Users/brianlong/Documents/GitHub/intelgraph/server/node_modules/jest-runner/build/runTest.js:444:34)
    at Object.worker (/Users/brianlong/Documents/GitHub/intelgraph/server/node_modules/jest-runner/build/testWorker.js:106:12)</failure>
    </testcase>
    <testcase classname="War Room Graph Sync - P0 Critical MVP1 Error Handling should handle invalid operations gracefully" name="War Room Graph Sync - P0 Critical MVP1 Error Handling should handle invalid operations gracefully" time="0">
      <failure>Error: thrown: &quot;Exceeded timeout of 30000 ms for a hook while waiting for `done()` to be called.
Add a timeout value to this test to increase the timeout, if this is a long-running test. See https://jestjs.io/docs/api#testname-fn-timeout.&quot;
    at beforeAll (/Users/brianlong/Documents/GitHub/intelgraph/server/src/tests/warRoomSync.test.js:17:3)
    at _dispatchDescribe (/Users/brianlong/Documents/GitHub/intelgraph/server/node_modules/jest-circus/build/index.js:91:26)
    at describe (/Users/brianlong/Documents/GitHub/intelgraph/server/node_modules/jest-circus/build/index.js:55:5)
    at Object.describe (/Users/brianlong/Documents/GitHub/intelgraph/server/src/tests/warRoomSync.test.js:11:1)
    at Runtime._execModule (/Users/brianlong/Documents/GitHub/intelgraph/server/node_modules/jest-runtime/build/index.js:1439:24)
    at Runtime._loadModule (/Users/brianlong/Documents/GitHub/intelgraph/server/node_modules/jest-runtime/build/index.js:1022:12)
    at Runtime.requireModule (/Users/brianlong/Documents/GitHub/intelgraph/server/node_modules/jest-runtime/build/index.js:882:12)
    at jestAdapter (/Users/brianlong/Documents/GitHub/intelgraph/server/node_modules/jest-circus/build/legacy-code-todo-rewrite/jestAdapter.js:77:13)
    at processTicksAndRejections (node:internal/process/task_queues:105:5)
    at runTestInternal (/Users/brianlong/Documents/GitHub/intelgraph/server/node_modules/jest-runner/build/runTest.js:367:16)
    at runTest (/Users/brianlong/Documents/GitHub/intelgraph/server/node_modules/jest-runner/build/runTest.js:444:34)
    at Object.worker (/Users/brianlong/Documents/GitHub/intelgraph/server/node_modules/jest-runner/build/testWorker.js:106:12)</failure>
    </testcase>
    <testcase classname="War Room Graph Sync - P0 Critical MVP1 Error Handling should handle user permission violations" name="War Room Graph Sync - P0 Critical MVP1 Error Handling should handle user permission violations" time="0">
      <failure>Error: thrown: &quot;Exceeded timeout of 30000 ms for a hook while waiting for `done()` to be called.
Add a timeout value to this test to increase the timeout, if this is a long-running test. See https://jestjs.io/docs/api#testname-fn-timeout.&quot;
    at beforeAll (/Users/brianlong/Documents/GitHub/intelgraph/server/src/tests/warRoomSync.test.js:17:3)
    at _dispatchDescribe (/Users/brianlong/Documents/GitHub/intelgraph/server/node_modules/jest-circus/build/index.js:91:26)
    at describe (/Users/brianlong/Documents/GitHub/intelgraph/server/node_modules/jest-circus/build/index.js:55:5)
    at Object.describe (/Users/brianlong/Documents/GitHub/intelgraph/server/src/tests/warRoomSync.test.js:11:1)
    at Runtime._execModule (/Users/brianlong/Documents/GitHub/intelgraph/server/node_modules/jest-runtime/build/index.js:1439:24)
    at Runtime._loadModule (/Users/brianlong/Documents/GitHub/intelgraph/server/node_modules/jest-runtime/build/index.js:1022:12)
    at Runtime.requireModule (/Users/brianlong/Documents/GitHub/intelgraph/server/node_modules/jest-runtime/build/index.js:882:12)
    at jestAdapter (/Users/brianlong/Documents/GitHub/intelgraph/server/node_modules/jest-circus/build/legacy-code-todo-rewrite/jestAdapter.js:77:13)
    at processTicksAndRejections (node:internal/process/task_queues:105:5)
    at runTestInternal (/Users/brianlong/Documents/GitHub/intelgraph/server/node_modules/jest-runner/build/runTest.js:367:16)
    at runTest (/Users/brianlong/Documents/GitHub/intelgraph/server/node_modules/jest-runner/build/runTest.js:444:34)
    at Object.worker (/Users/brianlong/Documents/GitHub/intelgraph/server/node_modules/jest-runner/build/testWorker.js:106:12)</failure>
    </testcase>
  </testsuite>
  <testsuite name="War Room Graph Sync - P0 Critical MVP1" errors="0" failures="9" skipped="0" timestamp="2025-08-14T19:29:41" time="30.077" tests="9">
    <testcase classname="War Room Graph Sync - P0 Critical MVP1 P0 Requirement: &lt;300ms Latency should initialize war room in under 50ms" name="War Room Graph Sync - P0 Critical MVP1 P0 Requirement: &lt;300ms Latency should initialize war room in under 50ms" time="0">
      <failure>Error: thrown: &quot;Exceeded timeout of 30000 ms for a hook while waiting for `done()` to be called.
Add a timeout value to this test to increase the timeout, if this is a long-running test. See https://jestjs.io/docs/api#testname-fn-timeout.&quot;
    at beforeAll (/Users/brianlong/Documents/GitHub/intelgraph/server/src/tests/warRoomSync.test.js:17:3)
    at _dispatchDescribe (/Users/brianlong/Documents/GitHub/intelgraph/server/node_modules/jest-circus/build/index.js:91:26)
    at describe (/Users/brianlong/Documents/GitHub/intelgraph/server/node_modules/jest-circus/build/index.js:55:5)
    at Object.describe (/Users/brianlong/Documents/GitHub/intelgraph/server/src/tests/warRoomSync.test.js:11:1)
    at Runtime._execModule (/Users/brianlong/Documents/GitHub/intelgraph/server/node_modules/jest-runtime/build/index.js:1439:24)
    at Runtime._loadModule (/Users/brianlong/Documents/GitHub/intelgraph/server/node_modules/jest-runtime/build/index.js:1022:12)
    at Runtime.requireModule (/Users/brianlong/Documents/GitHub/intelgraph/server/node_modules/jest-runtime/build/index.js:882:12)
    at jestAdapter (/Users/brianlong/Documents/GitHub/intelgraph/server/node_modules/jest-circus/build/legacy-code-todo-rewrite/jestAdapter.js:77:13)
    at processTicksAndRejections (node:internal/process/task_queues:105:5)
    at runTestInternal (/Users/brianlong/Documents/GitHub/intelgraph/server/node_modules/jest-runner/build/runTest.js:367:16)
    at runTest (/Users/brianlong/Documents/GitHub/intelgraph/server/node_modules/jest-runner/build/runTest.js:444:34)
    at Object.worker (/Users/brianlong/Documents/GitHub/intelgraph/server/node_modules/jest-runner/build/testWorker.js:106:12)</failure>
    </testcase>
    <testcase classname="War Room Graph Sync - P0 Critical MVP1 P0 Requirement: &lt;300ms Latency should handle graph operations with &lt;300ms latency" name="War Room Graph Sync - P0 Critical MVP1 P0 Requirement: &lt;300ms Latency should handle graph operations with &lt;300ms latency" time="0">
      <failure>Error: thrown: &quot;Exceeded timeout of 30000 ms for a hook while waiting for `done()` to be called.
Add a timeout value to this test to increase the timeout, if this is a long-running test. See https://jestjs.io/docs/api#testname-fn-timeout.&quot;
    at beforeAll (/Users/brianlong/Documents/GitHub/intelgraph/server/src/tests/warRoomSync.test.js:17:3)
    at _dispatchDescribe (/Users/brianlong/Documents/GitHub/intelgraph/server/node_modules/jest-circus/build/index.js:91:26)
    at describe (/Users/brianlong/Documents/GitHub/intelgraph/server/node_modules/jest-circus/build/index.js:55:5)
    at Object.describe (/Users/brianlong/Documents/GitHub/intelgraph/server/src/tests/warRoomSync.test.js:11:1)
    at Runtime._execModule (/Users/brianlong/Documents/GitHub/intelgraph/server/node_modules/jest-runtime/build/index.js:1439:24)
    at Runtime._loadModule (/Users/brianlong/Documents/GitHub/intelgraph/server/node_modules/jest-runtime/build/index.js:1022:12)
    at Runtime.requireModule (/Users/brianlong/Documents/GitHub/intelgraph/server/node_modules/jest-runtime/build/index.js:882:12)
    at jestAdapter (/Users/brianlong/Documents/GitHub/intelgraph/server/node_modules/jest-circus/build/legacy-code-todo-rewrite/jestAdapter.js:77:13)
    at processTicksAndRejections (node:internal/process/task_queues:105:5)
    at runTestInternal (/Users/brianlong/Documents/GitHub/intelgraph/server/node_modules/jest-runner/build/runTest.js:367:16)
    at runTest (/Users/brianlong/Documents/GitHub/intelgraph/server/node_modules/jest-runner/build/runTest.js:444:34)
    at Object.worker (/Users/brianlong/Documents/GitHub/intelgraph/server/node_modules/jest-runner/build/testWorker.js:106:12)</failure>
    </testcase>
    <testcase classname="War Room Graph Sync - P0 Critical MVP1 P0 Requirement: &lt;300ms Latency should handle concurrent operations without conflicts" name="War Room Graph Sync - P0 Critical MVP1 P0 Requirement: &lt;300ms Latency should handle concurrent operations without conflicts" time="0">
      <failure>Error: thrown: &quot;Exceeded timeout of 30000 ms for a hook while waiting for `done()` to be called.
Add a timeout value to this test to increase the timeout, if this is a long-running test. See https://jestjs.io/docs/api#testname-fn-timeout.&quot;
    at beforeAll (/Users/brianlong/Documents/GitHub/intelgraph/server/src/tests/warRoomSync.test.js:17:3)
    at _dispatchDescribe (/Users/brianlong/Documents/GitHub/intelgraph/server/node_modules/jest-circus/build/index.js:91:26)
    at describe (/Users/brianlong/Documents/GitHub/intelgraph/server/node_modules/jest-circus/build/index.js:55:5)
    at Object.describe (/Users/brianlong/Documents/GitHub/intelgraph/server/src/tests/warRoomSync.test.js:11:1)
    at Runtime._execModule (/Users/brianlong/Documents/GitHub/intelgraph/server/node_modules/jest-runtime/build/index.js:1439:24)
    at Runtime._loadModule (/Users/brianlong/Documents/GitHub/intelgraph/server/node_modules/jest-runtime/build/index.js:1022:12)
    at Runtime.requireModule (/Users/brianlong/Documents/GitHub/intelgraph/server/node_modules/jest-runtime/build/index.js:882:12)
    at jestAdapter (/Users/brianlong/Documents/GitHub/intelgraph/server/node_modules/jest-circus/build/legacy-code-todo-rewrite/jestAdapter.js:77:13)
    at processTicksAndRejections (node:internal/process/task_queues:105:5)
    at runTestInternal (/Users/brianlong/Documents/GitHub/intelgraph/server/node_modules/jest-runner/build/runTest.js:367:16)
    at runTest (/Users/brianlong/Documents/GitHub/intelgraph/server/node_modules/jest-runner/build/runTest.js:444:34)
    at Object.worker (/Users/brianlong/Documents/GitHub/intelgraph/server/node_modules/jest-runner/build/testWorker.js:106:12)</failure>
    </testcase>
    <testcase classname="War Room Graph Sync - P0 Critical MVP1 P0 Requirement: &lt;300ms Latency should resolve conflicts quickly" name="War Room Graph Sync - P0 Critical MVP1 P0 Requirement: &lt;300ms Latency should resolve conflicts quickly" time="0">
      <failure>Error: thrown: &quot;Exceeded timeout of 30000 ms for a hook while waiting for `done()` to be called.
Add a timeout value to this test to increase the timeout, if this is a long-running test. See https://jestjs.io/docs/api#testname-fn-timeout.&quot;
    at beforeAll (/Users/brianlong/Documents/GitHub/intelgraph/server/src/tests/warRoomSync.test.js:17:3)
    at _dispatchDescribe (/Users/brianlong/Documents/GitHub/intelgraph/server/node_modules/jest-circus/build/index.js:91:26)
    at describe (/Users/brianlong/Documents/GitHub/intelgraph/server/node_modules/jest-circus/build/index.js:55:5)
    at Object.describe (/Users/brianlong/Documents/GitHub/intelgraph/server/src/tests/warRoomSync.test.js:11:1)
    at Runtime._execModule (/Users/brianlong/Documents/GitHub/intelgraph/server/node_modules/jest-runtime/build/index.js:1439:24)
    at Runtime._loadModule (/Users/brianlong/Documents/GitHub/intelgraph/server/node_modules/jest-runtime/build/index.js:1022:12)
    at Runtime.requireModule (/Users/brianlong/Documents/GitHub/intelgraph/server/node_modules/jest-runtime/build/index.js:882:12)
    at jestAdapter (/Users/brianlong/Documents/GitHub/intelgraph/server/node_modules/jest-circus/build/legacy-code-todo-rewrite/jestAdapter.js:77:13)
    at processTicksAndRejections (node:internal/process/task_queues:105:5)
    at runTestInternal (/Users/brianlong/Documents/GitHub/intelgraph/server/node_modules/jest-runner/build/runTest.js:367:16)
    at runTest (/Users/brianlong/Documents/GitHub/intelgraph/server/node_modules/jest-runner/build/runTest.js:444:34)
    at Object.worker (/Users/brianlong/Documents/GitHub/intelgraph/server/node_modules/jest-runner/build/testWorker.js:106:12)</failure>
    </testcase>
    <testcase classname="War Room Graph Sync - P0 Critical MVP1 Operational Transform should transform concurrent operations correctly" name="War Room Graph Sync - P0 Critical MVP1 Operational Transform should transform concurrent operations correctly" time="0">
      <failure>Error: thrown: &quot;Exceeded timeout of 30000 ms for a hook while waiting for `done()` to be called.
Add a timeout value to this test to increase the timeout, if this is a long-running test. See https://jestjs.io/docs/api#testname-fn-timeout.&quot;
    at beforeAll (/Users/brianlong/Documents/GitHub/intelgraph/server/src/tests/warRoomSync.test.js:17:3)
    at _dispatchDescribe (/Users/brianlong/Documents/GitHub/intelgraph/server/node_modules/jest-circus/build/index.js:91:26)
    at describe (/Users/brianlong/Documents/GitHub/intelgraph/server/node_modules/jest-circus/build/index.js:55:5)
    at Object.describe (/Users/brianlong/Documents/GitHub/intelgraph/server/src/tests/warRoomSync.test.js:11:1)
    at Runtime._execModule (/Users/brianlong/Documents/GitHub/intelgraph/server/node_modules/jest-runtime/build/index.js:1439:24)
    at Runtime._loadModule (/Users/brianlong/Documents/GitHub/intelgraph/server/node_modules/jest-runtime/build/index.js:1022:12)
    at Runtime.requireModule (/Users/brianlong/Documents/GitHub/intelgraph/server/node_modules/jest-runtime/build/index.js:882:12)
    at jestAdapter (/Users/brianlong/Documents/GitHub/intelgraph/server/node_modules/jest-circus/build/legacy-code-todo-rewrite/jestAdapter.js:77:13)
    at processTicksAndRejections (node:internal/process/task_queues:105:5)
    at runTestInternal (/Users/brianlong/Documents/GitHub/intelgraph/server/node_modules/jest-runner/build/runTest.js:367:16)
    at runTest (/Users/brianlong/Documents/GitHub/intelgraph/server/node_modules/jest-runner/build/runTest.js:444:34)
    at Object.worker (/Users/brianlong/Documents/GitHub/intelgraph/server/node_modules/jest-runner/build/testWorker.js:106:12)</failure>
    </testcase>
    <testcase classname="War Room Graph Sync - P0 Critical MVP1 Performance Metrics should track performance metrics accurately" name="War Room Graph Sync - P0 Critical MVP1 Performance Metrics should track performance metrics accurately" time="0">
      <failure>Error: thrown: &quot;Exceeded timeout of 30000 ms for a hook while waiting for `done()` to be called.
Add a timeout value to this test to increase the timeout, if this is a long-running test. See https://jestjs.io/docs/api#testname-fn-timeout.&quot;
    at beforeAll (/Users/brianlong/Documents/GitHub/intelgraph/server/src/tests/warRoomSync.test.js:17:3)
    at _dispatchDescribe (/Users/brianlong/Documents/GitHub/intelgraph/server/node_modules/jest-circus/build/index.js:91:26)
    at describe (/Users/brianlong/Documents/GitHub/intelgraph/server/node_modules/jest-circus/build/index.js:55:5)
    at Object.describe (/Users/brianlong/Documents/GitHub/intelgraph/server/src/tests/warRoomSync.test.js:11:1)
    at Runtime._execModule (/Users/brianlong/Documents/GitHub/intelgraph/server/node_modules/jest-runtime/build/index.js:1439:24)
    at Runtime._loadModule (/Users/brianlong/Documents/GitHub/intelgraph/server/node_modules/jest-runtime/build/index.js:1022:12)
    at Runtime.requireModule (/Users/brianlong/Documents/GitHub/intelgraph/server/node_modules/jest-runtime/build/index.js:882:12)
    at jestAdapter (/Users/brianlong/Documents/GitHub/intelgraph/server/node_modules/jest-circus/build/legacy-code-todo-rewrite/jestAdapter.js:77:13)
    at processTicksAndRejections (node:internal/process/task_queues:105:5)
    at runTestInternal (/Users/brianlong/Documents/GitHub/intelgraph/server/node_modules/jest-runner/build/runTest.js:367:16)
    at runTest (/Users/brianlong/Documents/GitHub/intelgraph/server/node_modules/jest-runner/build/runTest.js:444:34)
    at Object.worker (/Users/brianlong/Documents/GitHub/intelgraph/server/node_modules/jest-runner/build/testWorker.js:106:12)</failure>
    </testcase>
    <testcase classname="War Room Graph Sync - P0 Critical MVP1 Performance Metrics should provide room statistics" name="War Room Graph Sync - P0 Critical MVP1 Performance Metrics should provide room statistics" time="0">
      <failure>Error: thrown: &quot;Exceeded timeout of 30000 ms for a hook while waiting for `done()` to be called.
Add a timeout value to this test to increase the timeout, if this is a long-running test. See https://jestjs.io/docs/api#testname-fn-timeout.&quot;
    at beforeAll (/Users/brianlong/Documents/GitHub/intelgraph/server/src/tests/warRoomSync.test.js:17:3)
    at _dispatchDescribe (/Users/brianlong/Documents/GitHub/intelgraph/server/node_modules/jest-circus/build/index.js:91:26)
    at describe (/Users/brianlong/Documents/GitHub/intelgraph/server/node_modules/jest-circus/build/index.js:55:5)
    at Object.describe (/Users/brianlong/Documents/GitHub/intelgraph/server/src/tests/warRoomSync.test.js:11:1)
    at Runtime._execModule (/Users/brianlong/Documents/GitHub/intelgraph/server/node_modules/jest-runtime/build/index.js:1439:24)
    at Runtime._loadModule (/Users/brianlong/Documents/GitHub/intelgraph/server/node_modules/jest-runtime/build/index.js:1022:12)
    at Runtime.requireModule (/Users/brianlong/Documents/GitHub/intelgraph/server/node_modules/jest-runtime/build/index.js:882:12)
    at jestAdapter (/Users/brianlong/Documents/GitHub/intelgraph/server/node_modules/jest-circus/build/legacy-code-todo-rewrite/jestAdapter.js:77:13)
    at processTicksAndRejections (node:internal/process/task_queues:105:5)
    at runTestInternal (/Users/brianlong/Documents/GitHub/intelgraph/server/node_modules/jest-runner/build/runTest.js:367:16)
    at runTest (/Users/brianlong/Documents/GitHub/intelgraph/server/node_modules/jest-runner/build/runTest.js:444:34)
    at Object.worker (/Users/brianlong/Documents/GitHub/intelgraph/server/node_modules/jest-runner/build/testWorker.js:106:12)</failure>
    </testcase>
    <testcase classname="War Room Graph Sync - P0 Critical MVP1 Error Handling should handle invalid operations gracefully" name="War Room Graph Sync - P0 Critical MVP1 Error Handling should handle invalid operations gracefully" time="0">
      <failure>Error: thrown: &quot;Exceeded timeout of 30000 ms for a hook while waiting for `done()` to be called.
Add a timeout value to this test to increase the timeout, if this is a long-running test. See https://jestjs.io/docs/api#testname-fn-timeout.&quot;
    at beforeAll (/Users/brianlong/Documents/GitHub/intelgraph/server/src/tests/warRoomSync.test.js:17:3)
    at _dispatchDescribe (/Users/brianlong/Documents/GitHub/intelgraph/server/node_modules/jest-circus/build/index.js:91:26)
    at describe (/Users/brianlong/Documents/GitHub/intelgraph/server/node_modules/jest-circus/build/index.js:55:5)
    at Object.describe (/Users/brianlong/Documents/GitHub/intelgraph/server/src/tests/warRoomSync.test.js:11:1)
    at Runtime._execModule (/Users/brianlong/Documents/GitHub/intelgraph/server/node_modules/jest-runtime/build/index.js:1439:24)
    at Runtime._loadModule (/Users/brianlong/Documents/GitHub/intelgraph/server/node_modules/jest-runtime/build/index.js:1022:12)
    at Runtime.requireModule (/Users/brianlong/Documents/GitHub/intelgraph/server/node_modules/jest-runtime/build/index.js:882:12)
    at jestAdapter (/Users/brianlong/Documents/GitHub/intelgraph/server/node_modules/jest-circus/build/legacy-code-todo-rewrite/jestAdapter.js:77:13)
    at processTicksAndRejections (node:internal/process/task_queues:105:5)
    at runTestInternal (/Users/brianlong/Documents/GitHub/intelgraph/server/node_modules/jest-runner/build/runTest.js:367:16)
    at runTest (/Users/brianlong/Documents/GitHub/intelgraph/server/node_modules/jest-runner/build/runTest.js:444:34)
    at Object.worker (/Users/brianlong/Documents/GitHub/intelgraph/server/node_modules/jest-runner/build/testWorker.js:106:12)</failure>
    </testcase>
    <testcase classname="War Room Graph Sync - P0 Critical MVP1 Error Handling should handle user permission violations" name="War Room Graph Sync - P0 Critical MVP1 Error Handling should handle user permission violations" time="0">
      <failure>Error: thrown: &quot;Exceeded timeout of 30000 ms for a hook while waiting for `done()` to be called.
Add a timeout value to this test to increase the timeout, if this is a long-running test. See https://jestjs.io/docs/api#testname-fn-timeout.&quot;
    at beforeAll (/Users/brianlong/Documents/GitHub/intelgraph/server/src/tests/warRoomSync.test.js:17:3)
    at _dispatchDescribe (/Users/brianlong/Documents/GitHub/intelgraph/server/node_modules/jest-circus/build/index.js:91:26)
    at describe (/Users/brianlong/Documents/GitHub/intelgraph/server/node_modules/jest-circus/build/index.js:55:5)
    at Object.describe (/Users/brianlong/Documents/GitHub/intelgraph/server/src/tests/warRoomSync.test.js:11:1)
    at Runtime._execModule (/Users/brianlong/Documents/GitHub/intelgraph/server/node_modules/jest-runtime/build/index.js:1439:24)
    at Runtime._loadModule (/Users/brianlong/Documents/GitHub/intelgraph/server/node_modules/jest-runtime/build/index.js:1022:12)
    at Runtime.requireModule (/Users/brianlong/Documents/GitHub/intelgraph/server/node_modules/jest-runtime/build/index.js:882:12)
    at jestAdapter (/Users/brianlong/Documents/GitHub/intelgraph/server/node_modules/jest-circus/build/legacy-code-todo-rewrite/jestAdapter.js:77:13)
    at processTicksAndRejections (node:internal/process/task_queues:105:5)
    at runTestInternal (/Users/brianlong/Documents/GitHub/intelgraph/server/node_modules/jest-runner/build/runTest.js:367:16)
    at runTest (/Users/brianlong/Documents/GitHub/intelgraph/server/node_modules/jest-runner/build/runTest.js:444:34)
    at Object.worker (/Users/brianlong/Documents/GitHub/intelgraph/server/node_modules/jest-runner/build/testWorker.js:106:12)</failure>
    </testcase>
  </testsuite>
  <testsuite name="Multimodal Data Service - P0 Critical MVP1" errors="0" failures="0" skipped="0" timestamp="2025-08-14T19:30:10" time="2.074" tests="15">
    <testcase classname="Multimodal Data Service - P0 Critical MVP1 Media Source Management should upload and register media source" name="Multimodal Data Service - P0 Critical MVP1 Media Source Management should upload and register media source" time="0.001">
    </testcase>
    <testcase classname="Multimodal Data Service - P0 Critical MVP1 Media Source Management should generate unique checksum for content deduplication" name="Multimodal Data Service - P0 Critical MVP1 Media Source Management should generate unique checksum for content deduplication" time="0">
    </testcase>
    <testcase classname="Multimodal Data Service - P0 Critical MVP1 Multimodal Entity Creation should create multimodal entity with extraction context" name="Multimodal Data Service - P0 Critical MVP1 Multimodal Entity Creation should create multimodal entity with extraction context" time="0">
    </testcase>
    <testcase classname="Multimodal Data Service - P0 Critical MVP1 Multimodal Entity Creation should determine confidence levels correctly" name="Multimodal Data Service - P0 Critical MVP1 Multimodal Entity Creation should determine confidence levels correctly" time="0">
    </testcase>
    <testcase classname="Multimodal Data Service - P0 Critical MVP1 Cross-Modal Matching should find cross-modal matches based on similarity" name="Multimodal Data Service - P0 Critical MVP1 Cross-Modal Matching should find cross-modal matches based on similarity" time="0.001">
    </testcase>
    <testcase classname="Multimodal Data Service - P0 Critical MVP1 Cross-Modal Matching should calculate similarity between entities" name="Multimodal Data Service - P0 Critical MVP1 Cross-Modal Matching should calculate similarity between entities" time="0">
    </testcase>
    <testcase classname="Multimodal Data Service - P0 Critical MVP1 Extraction Pipeline should start extraction job for supported media types" name="Multimodal Data Service - P0 Critical MVP1 Extraction Pipeline should start extraction job for supported media types" time="0">
    </testcase>
    <testcase classname="Multimodal Data Service - P0 Critical MVP1 Extraction Pipeline should reject invalid extraction methods" name="Multimodal Data Service - P0 Critical MVP1 Extraction Pipeline should reject invalid extraction methods" time="0.01">
    </testcase>
    <testcase classname="Multimodal Data Service - P0 Critical MVP1 Extraction Pipeline should initialize extractors with correct capabilities" name="Multimodal Data Service - P0 Critical MVP1 Extraction Pipeline should initialize extractors with correct capabilities" time="0">
    </testcase>
    <testcase classname="Multimodal Data Service - P0 Critical MVP1 Multimodal Search should perform multimodal search with filters" name="Multimodal Data Service - P0 Critical MVP1 Multimodal Search should perform multimodal search with filters" time="0.001">
    </testcase>
    <testcase classname="Multimodal Data Service - P0 Critical MVP1 Quality Thresholds should have appropriate quality thresholds" name="Multimodal Data Service - P0 Critical MVP1 Quality Thresholds should have appropriate quality thresholds" time="0">
    </testcase>
    <testcase classname="Multimodal Data Service - P0 Critical MVP1 Levenshtein Distance should calculate edit distance correctly" name="Multimodal Data Service - P0 Critical MVP1 Levenshtein Distance should calculate edit distance correctly" time="0">
    </testcase>
    <testcase classname="Multimodal Data Service - P0 Critical MVP1 Error Handling should handle database connection errors gracefully" name="Multimodal Data Service - P0 Critical MVP1 Error Handling should handle database connection errors gracefully" time="0.001">
    </testcase>
    <testcase classname="Multimodal Data Service - P0 Critical MVP1 Error Handling should handle storage service failures" name="Multimodal Data Service - P0 Critical MVP1 Error Handling should handle storage service failures" time="0">
    </testcase>
    <testcase classname="Multimodal Data Service - P0 Critical MVP1 Processing Simulation should simulate extraction for different media types" name="Multimodal Data Service - P0 Critical MVP1 Processing Simulation should simulate extraction for different media types" time="2.002">
    </testcase>
  </testsuite>
  <testsuite name="Multimodal Data Service - P0 Critical MVP1" errors="0" failures="0" skipped="0" timestamp="2025-08-14T19:30:11" time="2.04" tests="15">
    <testcase classname="Multimodal Data Service - P0 Critical MVP1 Media Source Management should upload and register media source" name="Multimodal Data Service - P0 Critical MVP1 Media Source Management should upload and register media source" time="0.001">
    </testcase>
    <testcase classname="Multimodal Data Service - P0 Critical MVP1 Media Source Management should generate unique checksum for content deduplication" name="Multimodal Data Service - P0 Critical MVP1 Media Source Management should generate unique checksum for content deduplication" time="0">
    </testcase>
    <testcase classname="Multimodal Data Service - P0 Critical MVP1 Multimodal Entity Creation should create multimodal entity with extraction context" name="Multimodal Data Service - P0 Critical MVP1 Multimodal Entity Creation should create multimodal entity with extraction context" time="0">
    </testcase>
    <testcase classname="Multimodal Data Service - P0 Critical MVP1 Multimodal Entity Creation should determine confidence levels correctly" name="Multimodal Data Service - P0 Critical MVP1 Multimodal Entity Creation should determine confidence levels correctly" time="0">
    </testcase>
    <testcase classname="Multimodal Data Service - P0 Critical MVP1 Cross-Modal Matching should find cross-modal matches based on similarity" name="Multimodal Data Service - P0 Critical MVP1 Cross-Modal Matching should find cross-modal matches based on similarity" time="0.001">
    </testcase>
    <testcase classname="Multimodal Data Service - P0 Critical MVP1 Cross-Modal Matching should calculate similarity between entities" name="Multimodal Data Service - P0 Critical MVP1 Cross-Modal Matching should calculate similarity between entities" time="0">
    </testcase>
    <testcase classname="Multimodal Data Service - P0 Critical MVP1 Extraction Pipeline should start extraction job for supported media types" name="Multimodal Data Service - P0 Critical MVP1 Extraction Pipeline should start extraction job for supported media types" time="0.001">
    </testcase>
    <testcase classname="Multimodal Data Service - P0 Critical MVP1 Extraction Pipeline should reject invalid extraction methods" name="Multimodal Data Service - P0 Critical MVP1 Extraction Pipeline should reject invalid extraction methods" time="0.009">
    </testcase>
    <testcase classname="Multimodal Data Service - P0 Critical MVP1 Extraction Pipeline should initialize extractors with correct capabilities" name="Multimodal Data Service - P0 Critical MVP1 Extraction Pipeline should initialize extractors with correct capabilities" time="0">
    </testcase>
    <testcase classname="Multimodal Data Service - P0 Critical MVP1 Multimodal Search should perform multimodal search with filters" name="Multimodal Data Service - P0 Critical MVP1 Multimodal Search should perform multimodal search with filters" time="0.001">
    </testcase>
    <testcase classname="Multimodal Data Service - P0 Critical MVP1 Quality Thresholds should have appropriate quality thresholds" name="Multimodal Data Service - P0 Critical MVP1 Quality Thresholds should have appropriate quality thresholds" time="0">
    </testcase>
    <testcase classname="Multimodal Data Service - P0 Critical MVP1 Levenshtein Distance should calculate edit distance correctly" name="Multimodal Data Service - P0 Critical MVP1 Levenshtein Distance should calculate edit distance correctly" time="0.001">
    </testcase>
    <testcase classname="Multimodal Data Service - P0 Critical MVP1 Error Handling should handle database connection errors gracefully" name="Multimodal Data Service - P0 Critical MVP1 Error Handling should handle database connection errors gracefully" time="0">
    </testcase>
    <testcase classname="Multimodal Data Service - P0 Critical MVP1 Error Handling should handle storage service failures" name="Multimodal Data Service - P0 Critical MVP1 Error Handling should handle storage service failures" time="0">
    </testcase>
    <testcase classname="Multimodal Data Service - P0 Critical MVP1 Processing Simulation should simulate extraction for different media types" name="Multimodal Data Service - P0 Critical MVP1 Processing Simulation should simulate extraction for different media types" time="2.003">
    </testcase>
  </testsuite>
  <testsuite name="Entity Model System" errors="0" failures="12" skipped="0" timestamp="2025-08-14T19:30:13" time="0.326" tests="12">
    <testcase classname="Entity Model System Migration System should initialize migration tracking table" name="Entity Model System Migration System should initialize migration tracking table" time="0.001">
      <failure>AggregateError: 
    at /Users/brianlong/Documents/GitHub/intelgraph/server/node_modules/pg-pool/index.js:45:11
    at processTicksAndRejections (node:internal/process/task_queues:105:5)
    at connectPostgres (/Users/brianlong/Documents/GitHub/intelgraph/server/src/config/database.js:112:20)
    at Object.&lt;anonymous&gt; (/Users/brianlong/Documents/GitHub/intelgraph/server/src/tests/entityModel.test.js:13:5)</failure>
    </testcase>
    <testcase classname="Entity Model System Migration System should get migration status" name="Entity Model System Migration System should get migration status" time="0">
      <failure>AggregateError: 
    at /Users/brianlong/Documents/GitHub/intelgraph/server/node_modules/pg-pool/index.js:45:11
    at processTicksAndRejections (node:internal/process/task_queues:105:5)
    at connectPostgres (/Users/brianlong/Documents/GitHub/intelgraph/server/src/config/database.js:112:20)
    at Object.&lt;anonymous&gt; (/Users/brianlong/Documents/GitHub/intelgraph/server/src/tests/entityModel.test.js:13:5)</failure>
    </testcase>
    <testcase classname="Entity Model System Migration System should track applied migrations" name="Entity Model System Migration System should track applied migrations" time="0">
      <failure>AggregateError: 
    at /Users/brianlong/Documents/GitHub/intelgraph/server/node_modules/pg-pool/index.js:45:11
    at processTicksAndRejections (node:internal/process/task_queues:105:5)
    at connectPostgres (/Users/brianlong/Documents/GitHub/intelgraph/server/src/config/database.js:112:20)
    at Object.&lt;anonymous&gt; (/Users/brianlong/Documents/GitHub/intelgraph/server/src/tests/entityModel.test.js:13:5)</failure>
    </testcase>
    <testcase classname="Entity Model System Entity Model Constraints should enforce unique entity IDs" name="Entity Model System Entity Model Constraints should enforce unique entity IDs" time="0">
      <failure>AggregateError: 
    at /Users/brianlong/Documents/GitHub/intelgraph/server/node_modules/pg-pool/index.js:45:11
    at processTicksAndRejections (node:internal/process/task_queues:105:5)
    at connectPostgres (/Users/brianlong/Documents/GitHub/intelgraph/server/src/config/database.js:112:20)
    at Object.&lt;anonymous&gt; (/Users/brianlong/Documents/GitHub/intelgraph/server/src/tests/entityModel.test.js:13:5)</failure>
    </testcase>
    <testcase classname="Entity Model System Entity Model Constraints should enforce required fields" name="Entity Model System Entity Model Constraints should enforce required fields" time="0">
      <failure>AggregateError: 
    at /Users/brianlong/Documents/GitHub/intelgraph/server/node_modules/pg-pool/index.js:45:11
    at processTicksAndRejections (node:internal/process/task_queues:105:5)
    at connectPostgres (/Users/brianlong/Documents/GitHub/intelgraph/server/src/config/database.js:112:20)
    at Object.&lt;anonymous&gt; (/Users/brianlong/Documents/GitHub/intelgraph/server/src/tests/entityModel.test.js:13:5)</failure>
    </testcase>
    <testcase classname="Entity Model System Entity Model Constraints should enforce email format for EMAIL entities" name="Entity Model System Entity Model Constraints should enforce email format for EMAIL entities" time="0">
      <failure>AggregateError: 
    at /Users/brianlong/Documents/GitHub/intelgraph/server/node_modules/pg-pool/index.js:45:11
    at processTicksAndRejections (node:internal/process/task_queues:105:5)
    at connectPostgres (/Users/brianlong/Documents/GitHub/intelgraph/server/src/config/database.js:112:20)
    at Object.&lt;anonymous&gt; (/Users/brianlong/Documents/GitHub/intelgraph/server/src/tests/entityModel.test.js:13:5)</failure>
    </testcase>
    <testcase classname="Entity Model System Entity Model Service should get entity statistics" name="Entity Model System Entity Model Service should get entity statistics" time="0">
      <failure>AggregateError: 
    at /Users/brianlong/Documents/GitHub/intelgraph/server/node_modules/pg-pool/index.js:45:11
    at processTicksAndRejections (node:internal/process/task_queues:105:5)
    at connectPostgres (/Users/brianlong/Documents/GitHub/intelgraph/server/src/config/database.js:112:20)
    at Object.&lt;anonymous&gt; (/Users/brianlong/Documents/GitHub/intelgraph/server/src/tests/entityModel.test.js:13:5)</failure>
      <failure>Error: Neo4j driver not initialized
    at getNeo4jDriver (/Users/brianlong/Documents/GitHub/intelgraph/server/src/config/database.js:266:27)
    at Object.getNeo4jDriver (/Users/brianlong/Documents/GitHub/intelgraph/server/src/tests/entityModel.test.js:181:22)
    at Promise.then.completed (/Users/brianlong/Documents/GitHub/intelgraph/server/node_modules/jest-circus/build/utils.js:298:28)
    at new Promise (&lt;anonymous&gt;)
    at callAsyncCircusFn (/Users/brianlong/Documents/GitHub/intelgraph/server/node_modules/jest-circus/build/utils.js:231:10)
    at _callCircusHook (/Users/brianlong/Documents/GitHub/intelgraph/server/node_modules/jest-circus/build/run.js:281:40)
    at processTicksAndRejections (node:internal/process/task_queues:105:5)
    at _runTest (/Users/brianlong/Documents/GitHub/intelgraph/server/node_modules/jest-circus/build/run.js:254:5)
    at _runTestsForDescribeBlock (/Users/brianlong/Documents/GitHub/intelgraph/server/node_modules/jest-circus/build/run.js:126:9)
    at _runTestsForDescribeBlock (/Users/brianlong/Documents/GitHub/intelgraph/server/node_modules/jest-circus/build/run.js:121:9)
    at _runTestsForDescribeBlock (/Users/brianlong/Documents/GitHub/intelgraph/server/node_modules/jest-circus/build/run.js:121:9)
    at run (/Users/brianlong/Documents/GitHub/intelgraph/server/node_modules/jest-circus/build/run.js:71:3)
    at runAndTransformResultsToJestFormat (/Users/brianlong/Documents/GitHub/intelgraph/server/node_modules/jest-circus/build/legacy-code-todo-rewrite/jestAdapterInit.js:122:21)
    at jestAdapter (/Users/brianlong/Documents/GitHub/intelgraph/server/node_modules/jest-circus/build/legacy-code-todo-rewrite/jestAdapter.js:79:19)
    at runTestInternal (/Users/brianlong/Documents/GitHub/intelgraph/server/node_modules/jest-runner/build/runTest.js:367:16)
    at runTest (/Users/brianlong/Documents/GitHub/intelgraph/server/node_modules/jest-runner/build/runTest.js:444:34)
    at Object.worker (/Users/brianlong/Documents/GitHub/intelgraph/server/node_modules/jest-runner/build/testWorker.js:106:12)</failure>
    </testcase>
    <testcase classname="Entity Model System Entity Model Service should find hub entities" name="Entity Model System Entity Model Service should find hub entities" time="0">
      <failure>AggregateError: 
    at /Users/brianlong/Documents/GitHub/intelgraph/server/node_modules/pg-pool/index.js:45:11
    at processTicksAndRejections (node:internal/process/task_queues:105:5)
    at connectPostgres (/Users/brianlong/Documents/GitHub/intelgraph/server/src/config/database.js:112:20)
    at Object.&lt;anonymous&gt; (/Users/brianlong/Documents/GitHub/intelgraph/server/src/tests/entityModel.test.js:13:5)</failure>
      <failure>Error: Neo4j driver not initialized
    at getNeo4jDriver (/Users/brianlong/Documents/GitHub/intelgraph/server/src/config/database.js:266:27)
    at Object.getNeo4jDriver (/Users/brianlong/Documents/GitHub/intelgraph/server/src/tests/entityModel.test.js:181:22)
    at Promise.then.completed (/Users/brianlong/Documents/GitHub/intelgraph/server/node_modules/jest-circus/build/utils.js:298:28)
    at new Promise (&lt;anonymous&gt;)
    at callAsyncCircusFn (/Users/brianlong/Documents/GitHub/intelgraph/server/node_modules/jest-circus/build/utils.js:231:10)
    at _callCircusHook (/Users/brianlong/Documents/GitHub/intelgraph/server/node_modules/jest-circus/build/run.js:281:40)
    at processTicksAndRejections (node:internal/process/task_queues:105:5)
    at _runTest (/Users/brianlong/Documents/GitHub/intelgraph/server/node_modules/jest-circus/build/run.js:254:5)
    at _runTestsForDescribeBlock (/Users/brianlong/Documents/GitHub/intelgraph/server/node_modules/jest-circus/build/run.js:126:9)
    at _runTestsForDescribeBlock (/Users/brianlong/Documents/GitHub/intelgraph/server/node_modules/jest-circus/build/run.js:121:9)
    at _runTestsForDescribeBlock (/Users/brianlong/Documents/GitHub/intelgraph/server/node_modules/jest-circus/build/run.js:121:9)
    at run (/Users/brianlong/Documents/GitHub/intelgraph/server/node_modules/jest-circus/build/run.js:71:3)
    at runAndTransformResultsToJestFormat (/Users/brianlong/Documents/GitHub/intelgraph/server/node_modules/jest-circus/build/legacy-code-todo-rewrite/jestAdapterInit.js:122:21)
    at jestAdapter (/Users/brianlong/Documents/GitHub/intelgraph/server/node_modules/jest-circus/build/legacy-code-todo-rewrite/jestAdapter.js:79:19)
    at runTestInternal (/Users/brianlong/Documents/GitHub/intelgraph/server/node_modules/jest-runner/build/runTest.js:367:16)
    at runTest (/Users/brianlong/Documents/GitHub/intelgraph/server/node_modules/jest-runner/build/runTest.js:444:34)
    at Object.worker (/Users/brianlong/Documents/GitHub/intelgraph/server/node_modules/jest-runner/build/testWorker.js:106:12)</failure>
    </testcase>
    <testcase classname="Entity Model System Entity Model Service should validate model integrity" name="Entity Model System Entity Model Service should validate model integrity" time="0">
      <failure>AggregateError: 
    at /Users/brianlong/Documents/GitHub/intelgraph/server/node_modules/pg-pool/index.js:45:11
    at processTicksAndRejections (node:internal/process/task_queues:105:5)
    at connectPostgres (/Users/brianlong/Documents/GitHub/intelgraph/server/src/config/database.js:112:20)
    at Object.&lt;anonymous&gt; (/Users/brianlong/Documents/GitHub/intelgraph/server/src/tests/entityModel.test.js:13:5)</failure>
      <failure>Error: Neo4j driver not initialized
    at getNeo4jDriver (/Users/brianlong/Documents/GitHub/intelgraph/server/src/config/database.js:266:27)
    at Object.getNeo4jDriver (/Users/brianlong/Documents/GitHub/intelgraph/server/src/tests/entityModel.test.js:181:22)
    at Promise.then.completed (/Users/brianlong/Documents/GitHub/intelgraph/server/node_modules/jest-circus/build/utils.js:298:28)
    at new Promise (&lt;anonymous&gt;)
    at callAsyncCircusFn (/Users/brianlong/Documents/GitHub/intelgraph/server/node_modules/jest-circus/build/utils.js:231:10)
    at _callCircusHook (/Users/brianlong/Documents/GitHub/intelgraph/server/node_modules/jest-circus/build/run.js:281:40)
    at processTicksAndRejections (node:internal/process/task_queues:105:5)
    at _runTest (/Users/brianlong/Documents/GitHub/intelgraph/server/node_modules/jest-circus/build/run.js:254:5)
    at _runTestsForDescribeBlock (/Users/brianlong/Documents/GitHub/intelgraph/server/node_modules/jest-circus/build/run.js:126:9)
    at _runTestsForDescribeBlock (/Users/brianlong/Documents/GitHub/intelgraph/server/node_modules/jest-circus/build/run.js:121:9)
    at _runTestsForDescribeBlock (/Users/brianlong/Documents/GitHub/intelgraph/server/node_modules/jest-circus/build/run.js:121:9)
    at run (/Users/brianlong/Documents/GitHub/intelgraph/server/node_modules/jest-circus/build/run.js:71:3)
    at runAndTransformResultsToJestFormat (/Users/brianlong/Documents/GitHub/intelgraph/server/node_modules/jest-circus/build/legacy-code-todo-rewrite/jestAdapterInit.js:122:21)
    at jestAdapter (/Users/brianlong/Documents/GitHub/intelgraph/server/node_modules/jest-circus/build/legacy-code-todo-rewrite/jestAdapter.js:79:19)
    at runTestInternal (/Users/brianlong/Documents/GitHub/intelgraph/server/node_modules/jest-runner/build/runTest.js:367:16)
    at runTest (/Users/brianlong/Documents/GitHub/intelgraph/server/node_modules/jest-runner/build/runTest.js:444:34)
    at Object.worker (/Users/brianlong/Documents/GitHub/intelgraph/server/node_modules/jest-runner/build/testWorker.js:106:12)</failure>
    </testcase>
    <testcase classname="Entity Model System Entity Model Service should get query performance stats" name="Entity Model System Entity Model Service should get query performance stats" time="0">
      <failure>AggregateError: 
    at /Users/brianlong/Documents/GitHub/intelgraph/server/node_modules/pg-pool/index.js:45:11
    at processTicksAndRejections (node:internal/process/task_queues:105:5)
    at connectPostgres (/Users/brianlong/Documents/GitHub/intelgraph/server/src/config/database.js:112:20)
    at Object.&lt;anonymous&gt; (/Users/brianlong/Documents/GitHub/intelgraph/server/src/tests/entityModel.test.js:13:5)</failure>
      <failure>Error: Neo4j driver not initialized
    at getNeo4jDriver (/Users/brianlong/Documents/GitHub/intelgraph/server/src/config/database.js:266:27)
    at Object.getNeo4jDriver (/Users/brianlong/Documents/GitHub/intelgraph/server/src/tests/entityModel.test.js:181:22)
    at Promise.then.completed (/Users/brianlong/Documents/GitHub/intelgraph/server/node_modules/jest-circus/build/utils.js:298:28)
    at new Promise (&lt;anonymous&gt;)
    at callAsyncCircusFn (/Users/brianlong/Documents/GitHub/intelgraph/server/node_modules/jest-circus/build/utils.js:231:10)
    at _callCircusHook (/Users/brianlong/Documents/GitHub/intelgraph/server/node_modules/jest-circus/build/run.js:281:40)
    at processTicksAndRejections (node:internal/process/task_queues:105:5)
    at _runTest (/Users/brianlong/Documents/GitHub/intelgraph/server/node_modules/jest-circus/build/run.js:254:5)
    at _runTestsForDescribeBlock (/Users/brianlong/Documents/GitHub/intelgraph/server/node_modules/jest-circus/build/run.js:126:9)
    at _runTestsForDescribeBlock (/Users/brianlong/Documents/GitHub/intelgraph/server/node_modules/jest-circus/build/run.js:121:9)
    at _runTestsForDescribeBlock (/Users/brianlong/Documents/GitHub/intelgraph/server/node_modules/jest-circus/build/run.js:121:9)
    at run (/Users/brianlong/Documents/GitHub/intelgraph/server/node_modules/jest-circus/build/run.js:71:3)
    at runAndTransformResultsToJestFormat (/Users/brianlong/Documents/GitHub/intelgraph/server/node_modules/jest-circus/build/legacy-code-todo-rewrite/jestAdapterInit.js:122:21)
    at jestAdapter (/Users/brianlong/Documents/GitHub/intelgraph/server/node_modules/jest-circus/build/legacy-code-todo-rewrite/jestAdapter.js:79:19)
    at runTestInternal (/Users/brianlong/Documents/GitHub/intelgraph/server/node_modules/jest-runner/build/runTest.js:367:16)
    at runTest (/Users/brianlong/Documents/GitHub/intelgraph/server/node_modules/jest-runner/build/runTest.js:444:34)
    at Object.worker (/Users/brianlong/Documents/GitHub/intelgraph/server/node_modules/jest-runner/build/testWorker.js:106:12)</failure>
    </testcase>
    <testcase classname="Entity Model System Index Performance should have efficient entity type queries" name="Entity Model System Index Performance should have efficient entity type queries" time="0">
      <failure>AggregateError: 
    at /Users/brianlong/Documents/GitHub/intelgraph/server/node_modules/pg-pool/index.js:45:11
    at processTicksAndRejections (node:internal/process/task_queues:105:5)
    at connectPostgres (/Users/brianlong/Documents/GitHub/intelgraph/server/src/config/database.js:112:20)
    at Object.&lt;anonymous&gt; (/Users/brianlong/Documents/GitHub/intelgraph/server/src/tests/entityModel.test.js:13:5)</failure>
    </testcase>
    <testcase classname="Entity Model System Index Performance should have efficient investigation queries" name="Entity Model System Index Performance should have efficient investigation queries" time="0">
      <failure>AggregateError: 
    at /Users/brianlong/Documents/GitHub/intelgraph/server/node_modules/pg-pool/index.js:45:11
    at processTicksAndRejections (node:internal/process/task_queues:105:5)
    at connectPostgres (/Users/brianlong/Documents/GitHub/intelgraph/server/src/config/database.js:112:20)
    at Object.&lt;anonymous&gt; (/Users/brianlong/Documents/GitHub/intelgraph/server/src/tests/entityModel.test.js:13:5)</failure>
    </testcase>
  </testsuite>
  <testsuite name="Entity Model System" errors="0" failures="12" skipped="0" timestamp="2025-08-14T19:30:13" time="0.077" tests="12">
    <testcase classname="Entity Model System Migration System should initialize migration tracking table" name="Entity Model System Migration System should initialize migration tracking table" time="0">
      <failure>AggregateError: 
    at /Users/brianlong/Documents/GitHub/intelgraph/server/node_modules/pg-pool/index.js:45:11
    at processTicksAndRejections (node:internal/process/task_queues:105:5)
    at connectPostgres (/Users/brianlong/Documents/GitHub/intelgraph/server/src/config/database.js:112:20)
    at Object.&lt;anonymous&gt; (/Users/brianlong/Documents/GitHub/intelgraph/server/src/tests/entityModel.test.js:13:5)</failure>
    </testcase>
    <testcase classname="Entity Model System Migration System should get migration status" name="Entity Model System Migration System should get migration status" time="0">
      <failure>AggregateError: 
    at /Users/brianlong/Documents/GitHub/intelgraph/server/node_modules/pg-pool/index.js:45:11
    at processTicksAndRejections (node:internal/process/task_queues:105:5)
    at connectPostgres (/Users/brianlong/Documents/GitHub/intelgraph/server/src/config/database.js:112:20)
    at Object.&lt;anonymous&gt; (/Users/brianlong/Documents/GitHub/intelgraph/server/src/tests/entityModel.test.js:13:5)</failure>
    </testcase>
    <testcase classname="Entity Model System Migration System should track applied migrations" name="Entity Model System Migration System should track applied migrations" time="0">
      <failure>AggregateError: 
    at /Users/brianlong/Documents/GitHub/intelgraph/server/node_modules/pg-pool/index.js:45:11
    at processTicksAndRejections (node:internal/process/task_queues:105:5)
    at connectPostgres (/Users/brianlong/Documents/GitHub/intelgraph/server/src/config/database.js:112:20)
    at Object.&lt;anonymous&gt; (/Users/brianlong/Documents/GitHub/intelgraph/server/src/tests/entityModel.test.js:13:5)</failure>
    </testcase>
    <testcase classname="Entity Model System Entity Model Constraints should enforce unique entity IDs" name="Entity Model System Entity Model Constraints should enforce unique entity IDs" time="0">
      <failure>AggregateError: 
    at /Users/brianlong/Documents/GitHub/intelgraph/server/node_modules/pg-pool/index.js:45:11
    at processTicksAndRejections (node:internal/process/task_queues:105:5)
    at connectPostgres (/Users/brianlong/Documents/GitHub/intelgraph/server/src/config/database.js:112:20)
    at Object.&lt;anonymous&gt; (/Users/brianlong/Documents/GitHub/intelgraph/server/src/tests/entityModel.test.js:13:5)</failure>
    </testcase>
    <testcase classname="Entity Model System Entity Model Constraints should enforce required fields" name="Entity Model System Entity Model Constraints should enforce required fields" time="0">
      <failure>AggregateError: 
    at /Users/brianlong/Documents/GitHub/intelgraph/server/node_modules/pg-pool/index.js:45:11
    at processTicksAndRejections (node:internal/process/task_queues:105:5)
    at connectPostgres (/Users/brianlong/Documents/GitHub/intelgraph/server/src/config/database.js:112:20)
    at Object.&lt;anonymous&gt; (/Users/brianlong/Documents/GitHub/intelgraph/server/src/tests/entityModel.test.js:13:5)</failure>
    </testcase>
    <testcase classname="Entity Model System Entity Model Constraints should enforce email format for EMAIL entities" name="Entity Model System Entity Model Constraints should enforce email format for EMAIL entities" time="0">
      <failure>AggregateError: 
    at /Users/brianlong/Documents/GitHub/intelgraph/server/node_modules/pg-pool/index.js:45:11
    at processTicksAndRejections (node:internal/process/task_queues:105:5)
    at connectPostgres (/Users/brianlong/Documents/GitHub/intelgraph/server/src/config/database.js:112:20)
    at Object.&lt;anonymous&gt; (/Users/brianlong/Documents/GitHub/intelgraph/server/src/tests/entityModel.test.js:13:5)</failure>
    </testcase>
    <testcase classname="Entity Model System Entity Model Service should get entity statistics" name="Entity Model System Entity Model Service should get entity statistics" time="0">
      <failure>AggregateError: 
    at /Users/brianlong/Documents/GitHub/intelgraph/server/node_modules/pg-pool/index.js:45:11
    at processTicksAndRejections (node:internal/process/task_queues:105:5)
    at connectPostgres (/Users/brianlong/Documents/GitHub/intelgraph/server/src/config/database.js:112:20)
    at Object.&lt;anonymous&gt; (/Users/brianlong/Documents/GitHub/intelgraph/server/src/tests/entityModel.test.js:13:5)</failure>
      <failure>Error: Neo4j driver not initialized
    at getNeo4jDriver (/Users/brianlong/Documents/GitHub/intelgraph/server/src/config/database.js:266:27)
    at Object.getNeo4jDriver (/Users/brianlong/Documents/GitHub/intelgraph/server/src/tests/entityModel.test.js:181:22)
    at Promise.then.completed (/Users/brianlong/Documents/GitHub/intelgraph/server/node_modules/jest-circus/build/utils.js:298:28)
    at new Promise (&lt;anonymous&gt;)
    at callAsyncCircusFn (/Users/brianlong/Documents/GitHub/intelgraph/server/node_modules/jest-circus/build/utils.js:231:10)
    at _callCircusHook (/Users/brianlong/Documents/GitHub/intelgraph/server/node_modules/jest-circus/build/run.js:281:40)
    at processTicksAndRejections (node:internal/process/task_queues:105:5)
    at _runTest (/Users/brianlong/Documents/GitHub/intelgraph/server/node_modules/jest-circus/build/run.js:254:5)
    at _runTestsForDescribeBlock (/Users/brianlong/Documents/GitHub/intelgraph/server/node_modules/jest-circus/build/run.js:126:9)
    at _runTestsForDescribeBlock (/Users/brianlong/Documents/GitHub/intelgraph/server/node_modules/jest-circus/build/run.js:121:9)
    at _runTestsForDescribeBlock (/Users/brianlong/Documents/GitHub/intelgraph/server/node_modules/jest-circus/build/run.js:121:9)
    at run (/Users/brianlong/Documents/GitHub/intelgraph/server/node_modules/jest-circus/build/run.js:71:3)
    at runAndTransformResultsToJestFormat (/Users/brianlong/Documents/GitHub/intelgraph/server/node_modules/jest-circus/build/legacy-code-todo-rewrite/jestAdapterInit.js:122:21)
    at jestAdapter (/Users/brianlong/Documents/GitHub/intelgraph/server/node_modules/jest-circus/build/legacy-code-todo-rewrite/jestAdapter.js:79:19)
    at runTestInternal (/Users/brianlong/Documents/GitHub/intelgraph/server/node_modules/jest-runner/build/runTest.js:367:16)
    at runTest (/Users/brianlong/Documents/GitHub/intelgraph/server/node_modules/jest-runner/build/runTest.js:444:34)
    at Object.worker (/Users/brianlong/Documents/GitHub/intelgraph/server/node_modules/jest-runner/build/testWorker.js:106:12)</failure>
    </testcase>
    <testcase classname="Entity Model System Entity Model Service should find hub entities" name="Entity Model System Entity Model Service should find hub entities" time="0">
      <failure>AggregateError: 
    at /Users/brianlong/Documents/GitHub/intelgraph/server/node_modules/pg-pool/index.js:45:11
    at processTicksAndRejections (node:internal/process/task_queues:105:5)
    at connectPostgres (/Users/brianlong/Documents/GitHub/intelgraph/server/src/config/database.js:112:20)
    at Object.&lt;anonymous&gt; (/Users/brianlong/Documents/GitHub/intelgraph/server/src/tests/entityModel.test.js:13:5)</failure>
      <failure>Error: Neo4j driver not initialized
    at getNeo4jDriver (/Users/brianlong/Documents/GitHub/intelgraph/server/src/config/database.js:266:27)
    at Object.getNeo4jDriver (/Users/brianlong/Documents/GitHub/intelgraph/server/src/tests/entityModel.test.js:181:22)
    at Promise.then.completed (/Users/brianlong/Documents/GitHub/intelgraph/server/node_modules/jest-circus/build/utils.js:298:28)
    at new Promise (&lt;anonymous&gt;)
    at callAsyncCircusFn (/Users/brianlong/Documents/GitHub/intelgraph/server/node_modules/jest-circus/build/utils.js:231:10)
    at _callCircusHook (/Users/brianlong/Documents/GitHub/intelgraph/server/node_modules/jest-circus/build/run.js:281:40)
    at processTicksAndRejections (node:internal/process/task_queues:105:5)
    at _runTest (/Users/brianlong/Documents/GitHub/intelgraph/server/node_modules/jest-circus/build/run.js:254:5)
    at _runTestsForDescribeBlock (/Users/brianlong/Documents/GitHub/intelgraph/server/node_modules/jest-circus/build/run.js:126:9)
    at _runTestsForDescribeBlock (/Users/brianlong/Documents/GitHub/intelgraph/server/node_modules/jest-circus/build/run.js:121:9)
    at _runTestsForDescribeBlock (/Users/brianlong/Documents/GitHub/intelgraph/server/node_modules/jest-circus/build/run.js:121:9)
    at run (/Users/brianlong/Documents/GitHub/intelgraph/server/node_modules/jest-circus/build/run.js:71:3)
    at runAndTransformResultsToJestFormat (/Users/brianlong/Documents/GitHub/intelgraph/server/node_modules/jest-circus/build/legacy-code-todo-rewrite/jestAdapterInit.js:122:21)
    at jestAdapter (/Users/brianlong/Documents/GitHub/intelgraph/server/node_modules/jest-circus/build/legacy-code-todo-rewrite/jestAdapter.js:79:19)
    at runTestInternal (/Users/brianlong/Documents/GitHub/intelgraph/server/node_modules/jest-runner/build/runTest.js:367:16)
    at runTest (/Users/brianlong/Documents/GitHub/intelgraph/server/node_modules/jest-runner/build/runTest.js:444:34)
    at Object.worker (/Users/brianlong/Documents/GitHub/intelgraph/server/node_modules/jest-runner/build/testWorker.js:106:12)</failure>
    </testcase>
    <testcase classname="Entity Model System Entity Model Service should validate model integrity" name="Entity Model System Entity Model Service should validate model integrity" time="0">
      <failure>AggregateError: 
    at /Users/brianlong/Documents/GitHub/intelgraph/server/node_modules/pg-pool/index.js:45:11
    at processTicksAndRejections (node:internal/process/task_queues:105:5)
    at connectPostgres (/Users/brianlong/Documents/GitHub/intelgraph/server/src/config/database.js:112:20)
    at Object.&lt;anonymous&gt; (/Users/brianlong/Documents/GitHub/intelgraph/server/src/tests/entityModel.test.js:13:5)</failure>
      <failure>Error: Neo4j driver not initialized
    at getNeo4jDriver (/Users/brianlong/Documents/GitHub/intelgraph/server/src/config/database.js:266:27)
    at Object.getNeo4jDriver (/Users/brianlong/Documents/GitHub/intelgraph/server/src/tests/entityModel.test.js:181:22)
    at Promise.then.completed (/Users/brianlong/Documents/GitHub/intelgraph/server/node_modules/jest-circus/build/utils.js:298:28)
    at new Promise (&lt;anonymous&gt;)
    at callAsyncCircusFn (/Users/brianlong/Documents/GitHub/intelgraph/server/node_modules/jest-circus/build/utils.js:231:10)
    at _callCircusHook (/Users/brianlong/Documents/GitHub/intelgraph/server/node_modules/jest-circus/build/run.js:281:40)
    at processTicksAndRejections (node:internal/process/task_queues:105:5)
    at _runTest (/Users/brianlong/Documents/GitHub/intelgraph/server/node_modules/jest-circus/build/run.js:254:5)
    at _runTestsForDescribeBlock (/Users/brianlong/Documents/GitHub/intelgraph/server/node_modules/jest-circus/build/run.js:126:9)
    at _runTestsForDescribeBlock (/Users/brianlong/Documents/GitHub/intelgraph/server/node_modules/jest-circus/build/run.js:121:9)
    at _runTestsForDescribeBlock (/Users/brianlong/Documents/GitHub/intelgraph/server/node_modules/jest-circus/build/run.js:121:9)
    at run (/Users/brianlong/Documents/GitHub/intelgraph/server/node_modules/jest-circus/build/run.js:71:3)
    at runAndTransformResultsToJestFormat (/Users/brianlong/Documents/GitHub/intelgraph/server/node_modules/jest-circus/build/legacy-code-todo-rewrite/jestAdapterInit.js:122:21)
    at jestAdapter (/Users/brianlong/Documents/GitHub/intelgraph/server/node_modules/jest-circus/build/legacy-code-todo-rewrite/jestAdapter.js:79:19)
    at runTestInternal (/Users/brianlong/Documents/GitHub/intelgraph/server/node_modules/jest-runner/build/runTest.js:367:16)
    at runTest (/Users/brianlong/Documents/GitHub/intelgraph/server/node_modules/jest-runner/build/runTest.js:444:34)
    at Object.worker (/Users/brianlong/Documents/GitHub/intelgraph/server/node_modules/jest-runner/build/testWorker.js:106:12)</failure>
    </testcase>
    <testcase classname="Entity Model System Entity Model Service should get query performance stats" name="Entity Model System Entity Model Service should get query performance stats" time="0">
      <failure>AggregateError: 
    at /Users/brianlong/Documents/GitHub/intelgraph/server/node_modules/pg-pool/index.js:45:11
    at processTicksAndRejections (node:internal/process/task_queues:105:5)
    at connectPostgres (/Users/brianlong/Documents/GitHub/intelgraph/server/src/config/database.js:112:20)
    at Object.&lt;anonymous&gt; (/Users/brianlong/Documents/GitHub/intelgraph/server/src/tests/entityModel.test.js:13:5)</failure>
      <failure>Error: Neo4j driver not initialized
    at getNeo4jDriver (/Users/brianlong/Documents/GitHub/intelgraph/server/src/config/database.js:266:27)
    at Object.getNeo4jDriver (/Users/brianlong/Documents/GitHub/intelgraph/server/src/tests/entityModel.test.js:181:22)
    at Promise.then.completed (/Users/brianlong/Documents/GitHub/intelgraph/server/node_modules/jest-circus/build/utils.js:298:28)
    at new Promise (&lt;anonymous&gt;)
    at callAsyncCircusFn (/Users/brianlong/Documents/GitHub/intelgraph/server/node_modules/jest-circus/build/utils.js:231:10)
    at _callCircusHook (/Users/brianlong/Documents/GitHub/intelgraph/server/node_modules/jest-circus/build/run.js:281:40)
    at processTicksAndRejections (node:internal/process/task_queues:105:5)
    at _runTest (/Users/brianlong/Documents/GitHub/intelgraph/server/node_modules/jest-circus/build/run.js:254:5)
    at _runTestsForDescribeBlock (/Users/brianlong/Documents/GitHub/intelgraph/server/node_modules/jest-circus/build/run.js:126:9)
    at _runTestsForDescribeBlock (/Users/brianlong/Documents/GitHub/intelgraph/server/node_modules/jest-circus/build/run.js:121:9)
    at _runTestsForDescribeBlock (/Users/brianlong/Documents/GitHub/intelgraph/server/node_modules/jest-circus/build/run.js:121:9)
    at run (/Users/brianlong/Documents/GitHub/intelgraph/server/node_modules/jest-circus/build/run.js:71:3)
    at runAndTransformResultsToJestFormat (/Users/brianlong/Documents/GitHub/intelgraph/server/node_modules/jest-circus/build/legacy-code-todo-rewrite/jestAdapterInit.js:122:21)
    at jestAdapter (/Users/brianlong/Documents/GitHub/intelgraph/server/node_modules/jest-circus/build/legacy-code-todo-rewrite/jestAdapter.js:79:19)
    at runTestInternal (/Users/brianlong/Documents/GitHub/intelgraph/server/node_modules/jest-runner/build/runTest.js:367:16)
    at runTest (/Users/brianlong/Documents/GitHub/intelgraph/server/node_modules/jest-runner/build/runTest.js:444:34)
    at Object.worker (/Users/brianlong/Documents/GitHub/intelgraph/server/node_modules/jest-runner/build/testWorker.js:106:12)</failure>
    </testcase>
    <testcase classname="Entity Model System Index Performance should have efficient entity type queries" name="Entity Model System Index Performance should have efficient entity type queries" time="0">
      <failure>AggregateError: 
    at /Users/brianlong/Documents/GitHub/intelgraph/server/node_modules/pg-pool/index.js:45:11
    at processTicksAndRejections (node:internal/process/task_queues:105:5)
    at connectPostgres (/Users/brianlong/Documents/GitHub/intelgraph/server/src/config/database.js:112:20)
    at Object.&lt;anonymous&gt; (/Users/brianlong/Documents/GitHub/intelgraph/server/src/tests/entityModel.test.js:13:5)</failure>
    </testcase>
    <testcase classname="Entity Model System Index Performance should have efficient investigation queries" name="Entity Model System Index Performance should have efficient investigation queries" time="0">
      <failure>AggregateError: 
    at /Users/brianlong/Documents/GitHub/intelgraph/server/node_modules/pg-pool/index.js:45:11
    at processTicksAndRejections (node:internal/process/task_queues:105:5)
    at connectPostgres (/Users/brianlong/Documents/GitHub/intelgraph/server/src/config/database.js:112:20)
    at Object.&lt;anonymous&gt; (/Users/brianlong/Documents/GitHub/intelgraph/server/src/tests/entityModel.test.js:13:5)</failure>
    </testcase>
  </testsuite>
  <testsuite name="Entity Model Structure" errors="0" failures="0" skipped="0" timestamp="2025-08-14T19:30:13" time="0.049" tests="12">
    <testcase classname="Entity Model Structure Migration System Structure should have migration manager module" name="Entity Model Structure Migration System Structure should have migration manager module" time="0.031">
    </testcase>
    <testcase classname="Entity Model Structure Migration System Structure should have migration files in correct format" name="Entity Model Structure Migration System Structure should have migration files in correct format" time="0.003">
    </testcase>
    <testcase classname="Entity Model Structure Migration System Structure migration files should follow naming convention" name="Entity Model Structure Migration System Structure migration files should follow naming convention" time="0">
    </testcase>
    <testcase classname="Entity Model Structure Entity Model Service Structure should have EntityModelService class" name="Entity Model Structure Entity Model Service Structure should have EntityModelService class" time="0">
    </testcase>
    <testcase classname="Entity Model Structure Entity Model Service Structure should have required service methods" name="Entity Model Structure Entity Model Service Structure should have required service methods" time="0.001">
    </testcase>
    <testcase classname="Entity Model Structure Migration Scripts should have migration CLI script" name="Entity Model Structure Migration Scripts should have migration CLI script" time="0.001">
    </testcase>
    <testcase classname="Entity Model Structure Migration Scripts should have npm script commands" name="Entity Model Structure Migration Scripts should have npm script commands" time="0">
    </testcase>
    <testcase classname="Entity Model Structure Migration Content Validation initial migration should have comprehensive constraints" name="Entity Model Structure Migration Content Validation initial migration should have comprehensive constraints" time="0.001">
    </testcase>
    <testcase classname="Entity Model Structure Migration Content Validation specialization migration should have type-specific constraints" name="Entity Model Structure Migration Content Validation specialization migration should have type-specific constraints" time="0">
    </testcase>
    <testcase classname="Entity Model Structure Entity Model Constants and Types should define entity types from GraphQL schema file" name="Entity Model Structure Entity Model Constants and Types should define entity types from GraphQL schema file" time="0">
    </testcase>
    <testcase classname="Entity Model Structure Entity Model Constants and Types should define relationship types from GraphQL schema file" name="Entity Model Structure Entity Model Constants and Types should define relationship types from GraphQL schema file" time="0">
    </testcase>
    <testcase classname="Entity Model Structure Database Configuration Integration should integrate migration system with database config" name="Entity Model Structure Database Configuration Integration should integrate migration system with database config" time="0">
    </testcase>
  </testsuite>
  <testsuite name="Entity Model Structure" errors="0" failures="0" skipped="0" timestamp="2025-08-14T19:30:13" time="0.047" tests="12">
    <testcase classname="Entity Model Structure Migration System Structure should have migration manager module" name="Entity Model Structure Migration System Structure should have migration manager module" time="0.028">
    </testcase>
    <testcase classname="Entity Model Structure Migration System Structure should have migration files in correct format" name="Entity Model Structure Migration System Structure should have migration files in correct format" time="0.002">
    </testcase>
    <testcase classname="Entity Model Structure Migration System Structure migration files should follow naming convention" name="Entity Model Structure Migration System Structure migration files should follow naming convention" time="0.003">
    </testcase>
    <testcase classname="Entity Model Structure Entity Model Service Structure should have EntityModelService class" name="Entity Model Structure Entity Model Service Structure should have EntityModelService class" time="0">
    </testcase>
    <testcase classname="Entity Model Structure Entity Model Service Structure should have required service methods" name="Entity Model Structure Entity Model Service Structure should have required service methods" time="0">
    </testcase>
    <testcase classname="Entity Model Structure Migration Scripts should have migration CLI script" name="Entity Model Structure Migration Scripts should have migration CLI script" time="0">
    </testcase>
    <testcase classname="Entity Model Structure Migration Scripts should have npm script commands" name="Entity Model Structure Migration Scripts should have npm script commands" time="0.001">
    </testcase>
    <testcase classname="Entity Model Structure Migration Content Validation initial migration should have comprehensive constraints" name="Entity Model Structure Migration Content Validation initial migration should have comprehensive constraints" time="0">
    </testcase>
    <testcase classname="Entity Model Structure Migration Content Validation specialization migration should have type-specific constraints" name="Entity Model Structure Migration Content Validation specialization migration should have type-specific constraints" time="0">
    </testcase>
    <testcase classname="Entity Model Structure Entity Model Constants and Types should define entity types from GraphQL schema file" name="Entity Model Structure Entity Model Constants and Types should define entity types from GraphQL schema file" time="0.001">
    </testcase>
    <testcase classname="Entity Model Structure Entity Model Constants and Types should define relationship types from GraphQL schema file" name="Entity Model Structure Entity Model Constants and Types should define relationship types from GraphQL schema file" time="0">
    </testcase>
    <testcase classname="Entity Model Structure Database Configuration Integration should integrate migration system with database config" name="Entity Model Structure Database Configuration Integration should integrate migration system with database config" time="0">
    </testcase>
  </testsuite>
  <testsuite name="Entity Model Structure" errors="0" failures="0" skipped="0" timestamp="2025-08-14T19:30:13" time="0.069" tests="12">
    <testcase classname="Entity Model Structure Migration System Structure should have migration manager module" name="Entity Model Structure Migration System Structure should have migration manager module" time="0.052">
    </testcase>
    <testcase classname="Entity Model Structure Migration System Structure should have migration files in correct format" name="Entity Model Structure Migration System Structure should have migration files in correct format" time="0.002">
    </testcase>
    <testcase classname="Entity Model Structure Migration System Structure migration files should follow naming convention" name="Entity Model Structure Migration System Structure migration files should follow naming convention" time="0">
    </testcase>
    <testcase classname="Entity Model Structure Entity Model Service Structure should have EntityModelService class" name="Entity Model Structure Entity Model Service Structure should have EntityModelService class" time="0.001">
    </testcase>
    <testcase classname="Entity Model Structure Entity Model Service Structure should have required service methods" name="Entity Model Structure Entity Model Service Structure should have required service methods" time="0">
    </testcase>
    <testcase classname="Entity Model Structure Migration Scripts should have migration CLI script" name="Entity Model Structure Migration Scripts should have migration CLI script" time="0.001">
    </testcase>
    <testcase classname="Entity Model Structure Migration Scripts should have npm script commands" name="Entity Model Structure Migration Scripts should have npm script commands" time="0">
    </testcase>
    <testcase classname="Entity Model Structure Migration Content Validation initial migration should have comprehensive constraints" name="Entity Model Structure Migration Content Validation initial migration should have comprehensive constraints" time="0">
    </testcase>
    <testcase classname="Entity Model Structure Migration Content Validation specialization migration should have type-specific constraints" name="Entity Model Structure Migration Content Validation specialization migration should have type-specific constraints" time="0.001">
    </testcase>
    <testcase classname="Entity Model Structure Entity Model Constants and Types should define entity types from GraphQL schema file" name="Entity Model Structure Entity Model Constants and Types should define entity types from GraphQL schema file" time="0">
    </testcase>
    <testcase classname="Entity Model Structure Entity Model Constants and Types should define relationship types from GraphQL schema file" name="Entity Model Structure Entity Model Constants and Types should define relationship types from GraphQL schema file" time="0">
    </testcase>
    <testcase classname="Entity Model Structure Database Configuration Integration should integrate migration system with database config" name="Entity Model Structure Database Configuration Integration should integrate migration system with database config" time="0">
    </testcase>
  </testsuite>
  <testsuite name="Notification Service - P1 Priority" errors="0" failures="0" skipped="0" timestamp="2025-08-14T19:30:14" time="0.017" tests="9">
    <testcase classname="Notification Service - P1 Priority Notification Templates should initialize all required notification templates" name="Notification Service - P1 Priority Notification Templates should initialize all required notification templates" time="0">
    </testcase>
    <testcase classname="Notification Service - P1 Priority Notification Templates should configure template priorities correctly" name="Notification Service - P1 Priority Notification Templates should configure template priorities correctly" time="0">
    </testcase>
    <testcase classname="Notification Service - P1 Priority Notification Creation and Delivery should create and send notifications successfully" name="Notification Service - P1 Priority Notification Creation and Delivery should create and send notifications successfully" time="0">
    </testcase>
    <testcase classname="Notification Service - P1 Priority Notification Creation and Delivery should handle multiple delivery channels" name="Notification Service - P1 Priority Notification Creation and Delivery should handle multiple delivery channels" time="0.001">
    </testcase>
    <testcase classname="Notification Service - P1 Priority Notification Creation and Delivery should validate notification data before sending" name="Notification Service - P1 Priority Notification Creation and Delivery should validate notification data before sending" time="0">
    </testcase>
    <testcase classname="Notification Service - P1 Priority Notification Creation and Delivery should handle delivery failures gracefully" name="Notification Service - P1 Priority Notification Creation and Delivery should handle delivery failures gracefully" time="0">
    </testcase>
    <testcase classname="Notification Service - P1 Priority WebSocket Real-time Delivery should deliver websocket notifications in real-time" name="Notification Service - P1 Priority WebSocket Real-time Delivery should deliver websocket notifications in real-time" time="0">
    </testcase>
    <testcase classname="Notification Service - P1 Priority WebSocket Real-time Delivery should broadcast to investigation rooms" name="Notification Service - P1 Priority WebSocket Real-time Delivery should broadcast to investigation rooms" time="0.001">
    </testcase>
    <testcase classname="Notification Service - P1 Priority WebSocket Real-time Delivery should handle user presence checking" name="Notification Service - P1 Priority WebSocket Real-time Delivery should handle user presence checking" time="0">
    </testcase>
  </testsuite>
  <testsuite name="Notification Service - P1 Priority" errors="0" failures="0" skipped="0" timestamp="2025-08-14T19:30:14" time="0.014" tests="9">
    <testcase classname="Notification Service - P1 Priority Notification Templates should initialize all required notification templates" name="Notification Service - P1 Priority Notification Templates should initialize all required notification templates" time="0.001">
    </testcase>
    <testcase classname="Notification Service - P1 Priority Notification Templates should configure template priorities correctly" name="Notification Service - P1 Priority Notification Templates should configure template priorities correctly" time="0">
    </testcase>
    <testcase classname="Notification Service - P1 Priority Notification Creation and Delivery should create and send notifications successfully" name="Notification Service - P1 Priority Notification Creation and Delivery should create and send notifications successfully" time="0">
    </testcase>
    <testcase classname="Notification Service - P1 Priority Notification Creation and Delivery should handle multiple delivery channels" name="Notification Service - P1 Priority Notification Creation and Delivery should handle multiple delivery channels" time="0.001">
    </testcase>
    <testcase classname="Notification Service - P1 Priority Notification Creation and Delivery should validate notification data before sending" name="Notification Service - P1 Priority Notification Creation and Delivery should validate notification data before sending" time="0">
    </testcase>
    <testcase classname="Notification Service - P1 Priority Notification Creation and Delivery should handle delivery failures gracefully" name="Notification Service - P1 Priority Notification Creation and Delivery should handle delivery failures gracefully" time="0">
    </testcase>
    <testcase classname="Notification Service - P1 Priority WebSocket Real-time Delivery should deliver websocket notifications in real-time" name="Notification Service - P1 Priority WebSocket Real-time Delivery should deliver websocket notifications in real-time" time="0">
    </testcase>
    <testcase classname="Notification Service - P1 Priority WebSocket Real-time Delivery should broadcast to investigation rooms" name="Notification Service - P1 Priority WebSocket Real-time Delivery should broadcast to investigation rooms" time="0">
    </testcase>
    <testcase classname="Notification Service - P1 Priority WebSocket Real-time Delivery should handle user presence checking" name="Notification Service - P1 Priority WebSocket Real-time Delivery should handle user presence checking" time="0">
    </testcase>
  </testsuite>
  <testsuite name="Notification Service - P1 Priority" errors="0" failures="0" skipped="0" timestamp="2025-08-14T19:30:14" time="0.015" tests="9">
    <testcase classname="Notification Service - P1 Priority Notification Templates should initialize all required notification templates" name="Notification Service - P1 Priority Notification Templates should initialize all required notification templates" time="0.001">
    </testcase>
    <testcase classname="Notification Service - P1 Priority Notification Templates should configure template priorities correctly" name="Notification Service - P1 Priority Notification Templates should configure template priorities correctly" time="0">
    </testcase>
    <testcase classname="Notification Service - P1 Priority Notification Creation and Delivery should create and send notifications successfully" name="Notification Service - P1 Priority Notification Creation and Delivery should create and send notifications successfully" time="0.001">
    </testcase>
    <testcase classname="Notification Service - P1 Priority Notification Creation and Delivery should handle multiple delivery channels" name="Notification Service - P1 Priority Notification Creation and Delivery should handle multiple delivery channels" time="0">
    </testcase>
    <testcase classname="Notification Service - P1 Priority Notification Creation and Delivery should validate notification data before sending" name="Notification Service - P1 Priority Notification Creation and Delivery should validate notification data before sending" time="0">
    </testcase>
    <testcase classname="Notification Service - P1 Priority Notification Creation and Delivery should handle delivery failures gracefully" name="Notification Service - P1 Priority Notification Creation and Delivery should handle delivery failures gracefully" time="0">
    </testcase>
    <testcase classname="Notification Service - P1 Priority WebSocket Real-time Delivery should deliver websocket notifications in real-time" name="Notification Service - P1 Priority WebSocket Real-time Delivery should deliver websocket notifications in real-time" time="0.001">
    </testcase>
    <testcase classname="Notification Service - P1 Priority WebSocket Real-time Delivery should broadcast to investigation rooms" name="Notification Service - P1 Priority WebSocket Real-time Delivery should broadcast to investigation rooms" time="0">
    </testcase>
    <testcase classname="Notification Service - P1 Priority WebSocket Real-time Delivery should handle user presence checking" name="Notification Service - P1 Priority WebSocket Real-time Delivery should handle user presence checking" time="0">
    </testcase>
  </testsuite>
  <testsuite name="Multimodal Data Service - P0 Critical MVP1" errors="0" failures="0" skipped="0" timestamp="2025-08-14T19:30:12" time="2.039" tests="15">
    <testcase classname="Multimodal Data Service - P0 Critical MVP1 Media Source Management should upload and register media source" name="Multimodal Data Service - P0 Critical MVP1 Media Source Management should upload and register media source" time="0.001">
    </testcase>
    <testcase classname="Multimodal Data Service - P0 Critical MVP1 Media Source Management should generate unique checksum for content deduplication" name="Multimodal Data Service - P0 Critical MVP1 Media Source Management should generate unique checksum for content deduplication" time="0">
    </testcase>
    <testcase classname="Multimodal Data Service - P0 Critical MVP1 Multimodal Entity Creation should create multimodal entity with extraction context" name="Multimodal Data Service - P0 Critical MVP1 Multimodal Entity Creation should create multimodal entity with extraction context" time="0">
    </testcase>
    <testcase classname="Multimodal Data Service - P0 Critical MVP1 Multimodal Entity Creation should determine confidence levels correctly" name="Multimodal Data Service - P0 Critical MVP1 Multimodal Entity Creation should determine confidence levels correctly" time="0">
    </testcase>
    <testcase classname="Multimodal Data Service - P0 Critical MVP1 Cross-Modal Matching should find cross-modal matches based on similarity" name="Multimodal Data Service - P0 Critical MVP1 Cross-Modal Matching should find cross-modal matches based on similarity" time="0.001">
    </testcase>
    <testcase classname="Multimodal Data Service - P0 Critical MVP1 Cross-Modal Matching should calculate similarity between entities" name="Multimodal Data Service - P0 Critical MVP1 Cross-Modal Matching should calculate similarity between entities" time="0">
    </testcase>
    <testcase classname="Multimodal Data Service - P0 Critical MVP1 Extraction Pipeline should start extraction job for supported media types" name="Multimodal Data Service - P0 Critical MVP1 Extraction Pipeline should start extraction job for supported media types" time="0">
    </testcase>
    <testcase classname="Multimodal Data Service - P0 Critical MVP1 Extraction Pipeline should reject invalid extraction methods" name="Multimodal Data Service - P0 Critical MVP1 Extraction Pipeline should reject invalid extraction methods" time="0.009">
    </testcase>
    <testcase classname="Multimodal Data Service - P0 Critical MVP1 Extraction Pipeline should initialize extractors with correct capabilities" name="Multimodal Data Service - P0 Critical MVP1 Extraction Pipeline should initialize extractors with correct capabilities" time="0.001">
    </testcase>
    <testcase classname="Multimodal Data Service - P0 Critical MVP1 Multimodal Search should perform multimodal search with filters" name="Multimodal Data Service - P0 Critical MVP1 Multimodal Search should perform multimodal search with filters" time="0">
    </testcase>
    <testcase classname="Multimodal Data Service - P0 Critical MVP1 Quality Thresholds should have appropriate quality thresholds" name="Multimodal Data Service - P0 Critical MVP1 Quality Thresholds should have appropriate quality thresholds" time="0.001">
    </testcase>
    <testcase classname="Multimodal Data Service - P0 Critical MVP1 Levenshtein Distance should calculate edit distance correctly" name="Multimodal Data Service - P0 Critical MVP1 Levenshtein Distance should calculate edit distance correctly" time="0">
    </testcase>
    <testcase classname="Multimodal Data Service - P0 Critical MVP1 Error Handling should handle database connection errors gracefully" name="Multimodal Data Service - P0 Critical MVP1 Error Handling should handle database connection errors gracefully" time="0">
    </testcase>
    <testcase classname="Multimodal Data Service - P0 Critical MVP1 Error Handling should handle storage service failures" name="Multimodal Data Service - P0 Critical MVP1 Error Handling should handle storage service failures" time="0">
    </testcase>
    <testcase classname="Multimodal Data Service - P0 Critical MVP1 Processing Simulation should simulate extraction for different media types" name="Multimodal Data Service - P0 Critical MVP1 Processing Simulation should simulate extraction for different media types" time="2.002">
    </testcase>
  </testsuite>
  <testsuite name="Plugin Service - P2 Priority" errors="0" failures="0" skipped="0" timestamp="2025-08-14T19:30:14" time="3.079" tests="40">
    <testcase classname="Plugin Service - P2 Priority Extension Points Initialization should initialize all required extension points" name="Plugin Service - P2 Priority Extension Points Initialization should initialize all required extension points" time="0.001">
    </testcase>
    <testcase classname="Plugin Service - P2 Priority Extension Points Initialization should configure extension point interfaces correctly" name="Plugin Service - P2 Priority Extension Points Initialization should configure extension point interfaces correctly" time="0">
    </testcase>
    <testcase classname="Plugin Service - P2 Priority Extension Points Initialization should define security requirements for extension points" name="Plugin Service - P2 Priority Extension Points Initialization should define security requirements for extension points" time="0">
    </testcase>
    <testcase classname="Plugin Service - P2 Priority Plugin Registration should register valid plugins successfully" name="Plugin Service - P2 Priority Plugin Registration should register valid plugins successfully" time="0.001">
    </testcase>
    <testcase classname="Plugin Service - P2 Priority Plugin Registration should validate plugin data during registration" name="Plugin Service - P2 Priority Plugin Registration should validate plugin data during registration" time="0.012">
    </testcase>
    <testcase classname="Plugin Service - P2 Priority Plugin Registration should check plugin dependencies" name="Plugin Service - P2 Priority Plugin Registration should check plugin dependencies" time="0">
    </testcase>
    <testcase classname="Plugin Service - P2 Priority Plugin Registration should reject plugins with missing dependencies" name="Plugin Service - P2 Priority Plugin Registration should reject plugins with missing dependencies" time="0.001">
    </testcase>
    <testcase classname="Plugin Service - P2 Priority Plugin Loading and Sandboxing should create secure sandboxes for plugins" name="Plugin Service - P2 Priority Plugin Loading and Sandboxing should create secure sandboxes for plugins" time="0">
    </testcase>
    <testcase classname="Plugin Service - P2 Priority Plugin Loading and Sandboxing should provide restricted API to sandboxed plugins" name="Plugin Service - P2 Priority Plugin Loading and Sandboxing should provide restricted API to sandboxed plugins" time="0.001">
    </testcase>
    <testcase classname="Plugin Service - P2 Priority Plugin Loading and Sandboxing should restrict API access based on permissions" name="Plugin Service - P2 Priority Plugin Loading and Sandboxing should restrict API access based on permissions" time="0">
    </testcase>
    <testcase classname="Plugin Service - P2 Priority Plugin Loading and Sandboxing should validate required modules in sandbox" name="Plugin Service - P2 Priority Plugin Loading and Sandboxing should validate required modules in sandbox" time="0.009">
    </testcase>
    <testcase classname="Plugin Service - P2 Priority Plugin Lifecycle Management should load plugins correctly" name="Plugin Service - P2 Priority Plugin Lifecycle Management should load plugins correctly" time="0">
    </testcase>
    <testcase classname="Plugin Service - P2 Priority Plugin Lifecycle Management should activate plugins successfully" name="Plugin Service - P2 Priority Plugin Lifecycle Management should activate plugins successfully" time="0.001">
    </testcase>
    <testcase classname="Plugin Service - P2 Priority Plugin Lifecycle Management should deactivate plugins cleanly" name="Plugin Service - P2 Priority Plugin Lifecycle Management should deactivate plugins cleanly" time="0.001">
    </testcase>
    <testcase classname="Plugin Service - P2 Priority Plugin Lifecycle Management should handle plugin loading failures" name="Plugin Service - P2 Priority Plugin Lifecycle Management should handle plugin loading failures" time="0">
    </testcase>
    <testcase classname="Plugin Service - P2 Priority Hook System should register and execute plugin hooks" name="Plugin Service - P2 Priority Hook System should register and execute plugin hooks" time="0.001">
    </testcase>
    <testcase classname="Plugin Service - P2 Priority Hook System should handle hook execution failures gracefully" name="Plugin Service - P2 Priority Hook System should handle hook execution failures gracefully" time="0">
    </testcase>
    <testcase classname="Plugin Service - P2 Priority Hook System should respect hook priorities" name="Plugin Service - P2 Priority Hook System should respect hook priorities" time="0.001">
    </testcase>
    <testcase classname="Plugin Service - P2 Priority Extension System should register plugin extensions" name="Plugin Service - P2 Priority Extension System should register plugin extensions" time="0.001">
    </testcase>
    <testcase classname="Plugin Service - P2 Priority Extension System should execute extensions" name="Plugin Service - P2 Priority Extension System should execute extensions" time="0">
    </testcase>
    <testcase classname="Plugin Service - P2 Priority Extension System should validate extension permissions" name="Plugin Service - P2 Priority Extension System should validate extension permissions" time="0">
    </testcase>
    <testcase classname="Plugin Service - P2 Priority Plugin Installation and Updates should install plugin packages" name="Plugin Service - P2 Priority Plugin Installation and Updates should install plugin packages" time="0.001">
    </testcase>
    <testcase classname="Plugin Service - P2 Priority Plugin Installation and Updates should update existing plugins" name="Plugin Service - P2 Priority Plugin Installation and Updates should update existing plugins" time="0.001">
    </testcase>
    <testcase classname="Plugin Service - P2 Priority Plugin Installation and Updates should restore backup on update failure" name="Plugin Service - P2 Priority Plugin Installation and Updates should restore backup on update failure" time="0">
    </testcase>
    <testcase classname="Plugin Service - P2 Priority Plugin Configuration should save and load plugin configurations" name="Plugin Service - P2 Priority Plugin Configuration should save and load plugin configurations" time="0">
    </testcase>
    <testcase classname="Plugin Service - P2 Priority Plugin Configuration should handle configuration loading errors" name="Plugin Service - P2 Priority Plugin Configuration should handle configuration loading errors" time="0">
    </testcase>
    <testcase classname="Plugin Service - P2 Priority Security and Access Control should encrypt and decrypt plugin data" name="Plugin Service - P2 Priority Security and Access Control should encrypt and decrypt plugin data" time="0">
    </testcase>
    <testcase classname="Plugin Service - P2 Priority Security and Access Control should validate plugin API access" name="Plugin Service - P2 Priority Security and Access Control should validate plugin API access" time="0">
    </testcase>
    <testcase classname="Plugin Service - P2 Priority Security and Access Control should audit plugin security operations" name="Plugin Service - P2 Priority Security and Access Control should audit plugin security operations" time="0">
    </testcase>
    <testcase classname="Plugin Service - P2 Priority Plugin Management API should list plugins with filtering" name="Plugin Service - P2 Priority Plugin Management API should list plugins with filtering" time="0.001">
    </testcase>
    <testcase classname="Plugin Service - P2 Priority Plugin Management API should get plugin details" name="Plugin Service - P2 Priority Plugin Management API should get plugin details" time="0">
    </testcase>
    <testcase classname="Plugin Service - P2 Priority Plugin Management API should remove plugins completely" name="Plugin Service - P2 Priority Plugin Management API should remove plugins completely" time="0">
    </testcase>
    <testcase classname="Plugin Service - P2 Priority Metrics and Monitoring should track plugin system metrics" name="Plugin Service - P2 Priority Metrics and Monitoring should track plugin system metrics" time="0.002">
    </testcase>
    <testcase classname="Plugin Service - P2 Priority Metrics and Monitoring should provide plugin performance data" name="Plugin Service - P2 Priority Metrics and Monitoring should provide plugin performance data" time="0">
    </testcase>
    <testcase classname="Plugin Service - P2 Priority Error Handling and Recovery should handle sandbox creation failures" name="Plugin Service - P2 Priority Error Handling and Recovery should handle sandbox creation failures" time="0.001">
    </testcase>
    <testcase classname="Plugin Service - P2 Priority Error Handling and Recovery should handle plugin timeout scenarios" name="Plugin Service - P2 Priority Error Handling and Recovery should handle plugin timeout scenarios" time="3.001">
    </testcase>
    <testcase classname="Plugin Service - P2 Priority Version Compatibility should check semantic version compatibility" name="Plugin Service - P2 Priority Version Compatibility should check semantic version compatibility" time="0">
    </testcase>
    <testcase classname="Plugin Service - P2 Priority Version Compatibility should handle version range specifications" name="Plugin Service - P2 Priority Version Compatibility should handle version range specifications" time="0">
    </testcase>
    <testcase classname="Plugin Service Performance should handle many plugins efficiently" name="Plugin Service Performance should handle many plugins efficiently" time="0">
    </testcase>
    <testcase classname="Plugin Service Performance should execute hooks efficiently with many plugins" name="Plugin Service Performance should execute hooks efficiently with many plugins" time="0.012">
    </testcase>
  </testsuite>
  <testsuite name="Multimodal Data Service - P0 Critical MVP1" errors="0" failures="0" skipped="0" timestamp="2025-08-14T19:30:17" time="2.031" tests="15">
    <testcase classname="Multimodal Data Service - P0 Critical MVP1 Media Source Management should upload and register media source" name="Multimodal Data Service - P0 Critical MVP1 Media Source Management should upload and register media source" time="0">
    </testcase>
    <testcase classname="Multimodal Data Service - P0 Critical MVP1 Media Source Management should generate unique checksum for content deduplication" name="Multimodal Data Service - P0 Critical MVP1 Media Source Management should generate unique checksum for content deduplication" time="0.001">
    </testcase>
    <testcase classname="Multimodal Data Service - P0 Critical MVP1 Multimodal Entity Creation should create multimodal entity with extraction context" name="Multimodal Data Service - P0 Critical MVP1 Multimodal Entity Creation should create multimodal entity with extraction context" time="0">
    </testcase>
    <testcase classname="Multimodal Data Service - P0 Critical MVP1 Multimodal Entity Creation should determine confidence levels correctly" name="Multimodal Data Service - P0 Critical MVP1 Multimodal Entity Creation should determine confidence levels correctly" time="0">
    </testcase>
    <testcase classname="Multimodal Data Service - P0 Critical MVP1 Cross-Modal Matching should find cross-modal matches based on similarity" name="Multimodal Data Service - P0 Critical MVP1 Cross-Modal Matching should find cross-modal matches based on similarity" time="0">
    </testcase>
    <testcase classname="Multimodal Data Service - P0 Critical MVP1 Cross-Modal Matching should calculate similarity between entities" name="Multimodal Data Service - P0 Critical MVP1 Cross-Modal Matching should calculate similarity between entities" time="0">
    </testcase>
    <testcase classname="Multimodal Data Service - P0 Critical MVP1 Extraction Pipeline should start extraction job for supported media types" name="Multimodal Data Service - P0 Critical MVP1 Extraction Pipeline should start extraction job for supported media types" time="0.001">
    </testcase>
    <testcase classname="Multimodal Data Service - P0 Critical MVP1 Extraction Pipeline should reject invalid extraction methods" name="Multimodal Data Service - P0 Critical MVP1 Extraction Pipeline should reject invalid extraction methods" time="0.009">
    </testcase>
    <testcase classname="Multimodal Data Service - P0 Critical MVP1 Extraction Pipeline should initialize extractors with correct capabilities" name="Multimodal Data Service - P0 Critical MVP1 Extraction Pipeline should initialize extractors with correct capabilities" time="0.002">
    </testcase>
    <testcase classname="Multimodal Data Service - P0 Critical MVP1 Multimodal Search should perform multimodal search with filters" name="Multimodal Data Service - P0 Critical MVP1 Multimodal Search should perform multimodal search with filters" time="0">
    </testcase>
    <testcase classname="Multimodal Data Service - P0 Critical MVP1 Quality Thresholds should have appropriate quality thresholds" name="Multimodal Data Service - P0 Critical MVP1 Quality Thresholds should have appropriate quality thresholds" time="0">
    </testcase>
    <testcase classname="Multimodal Data Service - P0 Critical MVP1 Levenshtein Distance should calculate edit distance correctly" name="Multimodal Data Service - P0 Critical MVP1 Levenshtein Distance should calculate edit distance correctly" time="0">
    </testcase>
    <testcase classname="Multimodal Data Service - P0 Critical MVP1 Error Handling should handle database connection errors gracefully" name="Multimodal Data Service - P0 Critical MVP1 Error Handling should handle database connection errors gracefully" time="0.001">
    </testcase>
    <testcase classname="Multimodal Data Service - P0 Critical MVP1 Error Handling should handle storage service failures" name="Multimodal Data Service - P0 Critical MVP1 Error Handling should handle storage service failures" time="0">
    </testcase>
    <testcase classname="Multimodal Data Service - P0 Critical MVP1 Processing Simulation should simulate extraction for different media types" name="Multimodal Data Service - P0 Critical MVP1 Processing Simulation should simulate extraction for different media types" time="2.002">
    </testcase>
  </testsuite>
  <testsuite name="Simulation Engine Service - P0 Critical MVP1" errors="0" failures="0" skipped="0" timestamp="2025-08-14T19:30:19" time="1.7" tests="41">
    <testcase classname="Simulation Engine Service - P0 Critical MVP1 Simulation Engine Initialization should initialize all required simulation engines" name="Simulation Engine Service - P0 Critical MVP1 Simulation Engine Initialization should initialize all required simulation engines" time="0.002">
    </testcase>
    <testcase classname="Simulation Engine Service - P0 Critical MVP1 Simulation Engine Initialization should configure engine parameters correctly" name="Simulation Engine Service - P0 Critical MVP1 Simulation Engine Initialization should configure engine parameters correctly" time="0">
    </testcase>
    <testcase classname="Simulation Engine Service - P0 Critical MVP1 Simulation Engine Initialization should load scenario templates" name="Simulation Engine Service - P0 Critical MVP1 Simulation Engine Initialization should load scenario templates" time="0">
    </testcase>
    <testcase classname="Simulation Engine Service - P0 Critical MVP1 Simulation Configuration and Validation should validate simulation configuration" name="Simulation Engine Service - P0 Critical MVP1 Simulation Configuration and Validation should validate simulation configuration" time="0.001">
    </testcase>
    <testcase classname="Simulation Engine Service - P0 Critical MVP1 Simulation Configuration and Validation should reject unknown engines" name="Simulation Engine Service - P0 Critical MVP1 Simulation Configuration and Validation should reject unknown engines" time="0.016">
    </testcase>
    <testcase classname="Simulation Engine Service - P0 Critical MVP1 Simulation Configuration and Validation should validate engine parameters" name="Simulation Engine Service - P0 Critical MVP1 Simulation Configuration and Validation should validate engine parameters" time="0.001">
    </testcase>
    <testcase classname="Simulation Engine Service - P0 Critical MVP1 Simulation Configuration and Validation should reject simulations with no graph data" name="Simulation Engine Service - P0 Critical MVP1 Simulation Configuration and Validation should reject simulations with no graph data" time="0">
    </testcase>
    <testcase classname="Simulation Engine Service - P0 Critical MVP1 Graph Data Loading should load graph data from Neo4j" name="Simulation Engine Service - P0 Critical MVP1 Graph Data Loading should load graph data from Neo4j" time="0">
    </testcase>
    <testcase classname="Simulation Engine Service - P0 Critical MVP1 Graph Data Loading should handle database connection errors" name="Simulation Engine Service - P0 Critical MVP1 Graph Data Loading should handle database connection errors" time="0">
    </testcase>
    <testcase classname="Simulation Engine Service - P0 Critical MVP1 Simulation Execution should run complete simulation successfully" name="Simulation Engine Service - P0 Critical MVP1 Simulation Execution should run complete simulation successfully" time="0.001">
    </testcase>
    <testcase classname="Simulation Engine Service - P0 Critical MVP1 Simulation Execution should handle simulation initialization failure" name="Simulation Engine Service - P0 Critical MVP1 Simulation Execution should handle simulation initialization failure" time="0">
    </testcase>
    <testcase classname="Simulation Engine Service - P0 Critical MVP1 Simulation Execution should emit simulation lifecycle events" name="Simulation Engine Service - P0 Critical MVP1 Simulation Execution should emit simulation lifecycle events" time="0.001">
    </testcase>
    <testcase classname="Simulation Engine Service - P0 Critical MVP1 Network Propagation Engine should simulate network propagation correctly" name="Simulation Engine Service - P0 Critical MVP1 Network Propagation Engine should simulate network propagation correctly" time="0">
    </testcase>
    <testcase classname="Simulation Engine Service - P0 Critical MVP1 Network Propagation Engine should handle convergence detection" name="Simulation Engine Service - P0 Critical MVP1 Network Propagation Engine should handle convergence detection" time="0">
    </testcase>
    <testcase classname="Simulation Engine Service - P0 Critical MVP1 Behavioral Prediction Engine should generate behavioral predictions" name="Simulation Engine Service - P0 Critical MVP1 Behavioral Prediction Engine should generate behavioral predictions" time="0.001">
    </testcase>
    <testcase classname="Simulation Engine Service - P0 Critical MVP1 Behavioral Prediction Engine should include temporal factors in predictions" name="Simulation Engine Service - P0 Critical MVP1 Behavioral Prediction Engine should include temporal factors in predictions" time="0">
    </testcase>
    <testcase classname="Simulation Engine Service - P0 Critical MVP1 Risk Assessment Engine should assess risk for entities" name="Simulation Engine Service - P0 Critical MVP1 Risk Assessment Engine should assess risk for entities" time="0">
    </testcase>
    <testcase classname="Simulation Engine Service - P0 Critical MVP1 Risk Assessment Engine should identify risk clusters" name="Simulation Engine Service - P0 Critical MVP1 Risk Assessment Engine should identify risk clusters" time="0.001">
    </testcase>
    <testcase classname="Simulation Engine Service - P0 Critical MVP1 Monte Carlo Engine should run Monte Carlo simulation" name="Simulation Engine Service - P0 Critical MVP1 Monte Carlo Engine should run Monte Carlo simulation" time="1.155">
    </testcase>
    <testcase classname="Simulation Engine Service - P0 Critical MVP1 Monte Carlo Engine should calculate statistical measures correctly" name="Simulation Engine Service - P0 Critical MVP1 Monte Carlo Engine should calculate statistical measures correctly" time="0.001">
    </testcase>
    <testcase classname="Simulation Engine Service - P0 Critical MVP1 Monte Carlo Engine should handle parallel execution" name="Simulation Engine Service - P0 Critical MVP1 Monte Carlo Engine should handle parallel execution" time="0.117">
    </testcase>
    <testcase classname="Simulation Engine Service - P0 Critical MVP1 Event Cascade Engine should simulate event cascades" name="Simulation Engine Service - P0 Critical MVP1 Event Cascade Engine should simulate event cascades" time="0.002">
    </testcase>
    <testcase classname="Simulation Engine Service - P0 Critical MVP1 Event Cascade Engine should respect cascade depth limits" name="Simulation Engine Service - P0 Critical MVP1 Event Cascade Engine should respect cascade depth limits" time="0.001">
    </testcase>
    <testcase classname="Simulation Engine Service - P0 Critical MVP1 Resource Allocation Engine should optimize resource allocation" name="Simulation Engine Service - P0 Critical MVP1 Resource Allocation Engine should optimize resource allocation" time="0.001">
    </testcase>
    <testcase classname="Simulation Engine Service - P0 Critical MVP1 Resource Allocation Engine should track resource utilization over time" name="Simulation Engine Service - P0 Critical MVP1 Resource Allocation Engine should track resource utilization over time" time="0.002">
    </testcase>
    <testcase classname="Simulation Engine Service - P0 Critical MVP1 Simulation Management should track active simulations" name="Simulation Engine Service - P0 Critical MVP1 Simulation Management should track active simulations" time="0">
    </testcase>
    <testcase classname="Simulation Engine Service - P0 Critical MVP1 Simulation Management should get simulation status" name="Simulation Engine Service - P0 Critical MVP1 Simulation Management should get simulation status" time="0.001">
    </testcase>
    <testcase classname="Simulation Engine Service - P0 Critical MVP1 Simulation Management should cancel running simulation" name="Simulation Engine Service - P0 Critical MVP1 Simulation Management should cancel running simulation" time="0.119">
    </testcase>
    <testcase classname="Simulation Engine Service - P0 Critical MVP1 Performance Metrics should track simulation metrics" name="Simulation Engine Service - P0 Critical MVP1 Performance Metrics should track simulation metrics" time="0">
    </testcase>
    <testcase classname="Simulation Engine Service - P0 Critical MVP1 Performance Metrics should calculate success rate" name="Simulation Engine Service - P0 Critical MVP1 Performance Metrics should calculate success rate" time="0">
    </testcase>
    <testcase classname="Simulation Engine Service - P0 Critical MVP1 Error Handling should handle engine execution failures gracefully" name="Simulation Engine Service - P0 Critical MVP1 Error Handling should handle engine execution failures gracefully" time="0.001">
    </testcase>
    <testcase classname="Simulation Engine Service - P0 Critical MVP1 Error Handling should validate parameter ranges" name="Simulation Engine Service - P0 Critical MVP1 Error Handling should validate parameter ranges" time="0.001">
    </testcase>
    <testcase classname="Simulation Engine Service - P0 Critical MVP1 Utility Functions should calculate statistical measures correctly" name="Simulation Engine Service - P0 Critical MVP1 Utility Functions should calculate statistical measures correctly" time="0.001">
    </testcase>
    <testcase classname="Simulation Engine Service - P0 Critical MVP1 Utility Functions should calculate Value at Risk correctly" name="Simulation Engine Service - P0 Critical MVP1 Utility Functions should calculate Value at Risk correctly" time="0">
    </testcase>
    <testcase classname="Simulation Engine Service - P0 Critical MVP1 Utility Functions should calculate Conditional Value at Risk correctly" name="Simulation Engine Service - P0 Critical MVP1 Utility Functions should calculate Conditional Value at Risk correctly" time="0">
    </testcase>
    <testcase classname="Simulation Engine Service - P0 Critical MVP1 Utility Functions should create proper delay promises" name="Simulation Engine Service - P0 Critical MVP1 Utility Functions should create proper delay promises" time="0.102">
    </testcase>
    <testcase classname="Simulation Engine Service - P0 Critical MVP1 Scenario Templates should provide threat propagation scenario" name="Simulation Engine Service - P0 Critical MVP1 Scenario Templates should provide threat propagation scenario" time="0.001">
    </testcase>
    <testcase classname="Simulation Engine Service - P0 Critical MVP1 Scenario Templates should provide operational planning scenario" name="Simulation Engine Service - P0 Critical MVP1 Scenario Templates should provide operational planning scenario" time="0">
    </testcase>
    <testcase classname="Simulation Engine Service - P0 Critical MVP1 Scenario Templates should provide crisis response scenario" name="Simulation Engine Service - P0 Critical MVP1 Scenario Templates should provide crisis response scenario" time="0">
    </testcase>
    <testcase classname="Simulation Engine Performance - P0 Critical should complete network propagation simulation within reasonable time" name="Simulation Engine Performance - P0 Critical should complete network propagation simulation within reasonable time" time="0.025">
    </testcase>
    <testcase classname="Simulation Engine Performance - P0 Critical should handle Monte Carlo simulation with many iterations efficiently" name="Simulation Engine Performance - P0 Critical should handle Monte Carlo simulation with many iterations efficiently" time="0.118">
    </testcase>
  </testsuite>
  <testsuite name="Advanced Analytics Service - P1 Priority" errors="0" failures="0" skipped="0" timestamp="2025-08-14T19:30:21" time="1.2" tests="27">
    <testcase classname="Advanced Analytics Service - P1 Priority ML Model Initialization should initialize all required ML models" name="Advanced Analytics Service - P1 Priority ML Model Initialization should initialize all required ML models" time="0.001">
    </testcase>
    <testcase classname="Advanced Analytics Service - P1 Priority ML Model Initialization should configure model parameters correctly" name="Advanced Analytics Service - P1 Priority ML Model Initialization should configure model parameters correctly" time="0.001">
    </testcase>
    <testcase classname="Advanced Analytics Service - P1 Priority Anomaly Detection should initialize anomaly detectors" name="Advanced Analytics Service - P1 Priority Anomaly Detection should initialize anomaly detectors" time="0">
    </testcase>
    <testcase classname="Advanced Analytics Service - P1 Priority Anomaly Detection should configure detector thresholds" name="Advanced Analytics Service - P1 Priority Anomaly Detection should configure detector thresholds" time="0">
    </testcase>
    <testcase classname="Advanced Analytics Service - P1 Priority Link Prediction should perform link prediction analysis" name="Advanced Analytics Service - P1 Priority Link Prediction should perform link prediction analysis" time="0.001">
    </testcase>
    <testcase classname="Advanced Analytics Service - P1 Priority Link Prediction should calculate link prediction features" name="Advanced Analytics Service - P1 Priority Link Prediction should calculate link prediction features" time="0">
    </testcase>
    <testcase classname="Advanced Analytics Service - P1 Priority Link Prediction should predict link probability" name="Advanced Analytics Service - P1 Priority Link Prediction should predict link probability" time="0">
    </testcase>
    <testcase classname="Advanced Analytics Service - P1 Priority Entity Classification should classify entities using ML features" name="Advanced Analytics Service - P1 Priority Entity Classification should classify entities using ML features" time="0">
    </testcase>
    <testcase classname="Advanced Analytics Service - P1 Priority Entity Classification should extract entity features" name="Advanced Analytics Service - P1 Priority Entity Classification should extract entity features" time="0.001">
    </testcase>
    <testcase classname="Advanced Analytics Service - P1 Priority Entity Classification should classify entity based on features" name="Advanced Analytics Service - P1 Priority Entity Classification should classify entity based on features" time="0">
    </testcase>
    <testcase classname="Advanced Analytics Service - P1 Priority Behavior Prediction should predict behavioral patterns" name="Advanced Analytics Service - P1 Priority Behavior Prediction should predict behavioral patterns" time="0">
    </testcase>
    <testcase classname="Advanced Analytics Service - P1 Priority Behavior Prediction should analyze historical patterns" name="Advanced Analytics Service - P1 Priority Behavior Prediction should analyze historical patterns" time="0.001">
    </testcase>
    <testcase classname="Advanced Analytics Service - P1 Priority Behavior Prediction should predict future behavior" name="Advanced Analytics Service - P1 Priority Behavior Prediction should predict future behavior" time="0">
    </testcase>
    <testcase classname="Advanced Analytics Service - P1 Priority Risk Scoring should calculate comprehensive risk scores" name="Advanced Analytics Service - P1 Priority Risk Scoring should calculate comprehensive risk scores" time="0">
    </testcase>
    <testcase classname="Advanced Analytics Service - P1 Priority Risk Scoring should calculate risk components" name="Advanced Analytics Service - P1 Priority Risk Scoring should calculate risk components" time="0">
    </testcase>
    <testcase classname="Advanced Analytics Service - P1 Priority Community Detection should detect communities in networks" name="Advanced Analytics Service - P1 Priority Community Detection should detect communities in networks" time="0.001">
    </testcase>
    <testcase classname="Advanced Analytics Service - P1 Priority Community Detection should build adjacency list from edges" name="Advanced Analytics Service - P1 Priority Community Detection should build adjacency list from edges" time="0">
    </testcase>
    <testcase classname="Advanced Analytics Service - P1 Priority Community Detection should calculate community density" name="Advanced Analytics Service - P1 Priority Community Detection should calculate community density" time="0">
    </testcase>
    <testcase classname="Advanced Analytics Service - P1 Priority Analytics Job Management should queue and track analytics jobs" name="Advanced Analytics Service - P1 Priority Analytics Job Management should queue and track analytics jobs" time="0">
    </testcase>
    <testcase classname="Advanced Analytics Service - P1 Priority Analytics Job Management should retrieve job status" name="Advanced Analytics Service - P1 Priority Analytics Job Management should retrieve job status" time="0.001">
    </testcase>
    <testcase classname="Advanced Analytics Service - P1 Priority Analytics Job Management should get active jobs" name="Advanced Analytics Service - P1 Priority Analytics Job Management should get active jobs" time="0">
    </testcase>
    <testcase classname="Advanced Analytics Service - P1 Priority Metrics and Performance should track analytics metrics" name="Advanced Analytics Service - P1 Priority Metrics and Performance should track analytics metrics" time="0">
    </testcase>
    <testcase classname="Advanced Analytics Service - P1 Priority Metrics and Performance should calculate success rate correctly" name="Advanced Analytics Service - P1 Priority Metrics and Performance should calculate success rate correctly" time="0">
    </testcase>
    <testcase classname="Advanced Analytics Service - P1 Priority Utility Functions should calculate shortest path correctly" name="Advanced Analytics Service - P1 Priority Utility Functions should calculate shortest path correctly" time="0">
    </testcase>
    <testcase classname="Advanced Analytics Service - P1 Priority Utility Functions should handle no path found" name="Advanced Analytics Service - P1 Priority Utility Functions should handle no path found" time="0.001">
    </testcase>
    <testcase classname="Advanced Analytics Service - P1 Priority Utility Functions should check behavior type matching" name="Advanced Analytics Service - P1 Priority Utility Functions should check behavior type matching" time="0">
    </testcase>
    <testcase classname="Advanced Analytics Performance should handle large datasets efficiently" name="Advanced Analytics Performance should handle large datasets efficiently" time="1.164">
    </testcase>
  </testsuite>
  <testsuite name="Integration Service - P2 Priority" errors="0" failures="0" skipped="0" timestamp="2025-08-14T19:30:22" time="1.149" tests="49">
    <testcase classname="Integration Service - P2 Priority Connector Initialization should initialize all enterprise connectors" name="Integration Service - P2 Priority Connector Initialization should initialize all enterprise connectors" time="0.002">
    </testcase>
    <testcase classname="Integration Service - P2 Priority Connector Initialization should configure connector categories correctly" name="Integration Service - P2 Priority Connector Initialization should configure connector categories correctly" time="0">
    </testcase>
    <testcase classname="Integration Service - P2 Priority Connector Initialization should define authentication methods for each connector" name="Integration Service - P2 Priority Connector Initialization should define authentication methods for each connector" time="0">
    </testcase>
    <testcase classname="Integration Service - P2 Priority Connector Initialization should configure data types for each connector" name="Integration Service - P2 Priority Connector Initialization should configure data types for each connector" time="0">
    </testcase>
    <testcase classname="Integration Service - P2 Priority Connection Management should create connections successfully" name="Integration Service - P2 Priority Connection Management should create connections successfully" time="0.001">
    </testcase>
    <testcase classname="Integration Service - P2 Priority Connection Management should validate authentication before creating connections" name="Integration Service - P2 Priority Connection Management should validate authentication before creating connections" time="0.014">
    </testcase>
    <testcase classname="Integration Service - P2 Priority Connection Management should reject connections with invalid connectors" name="Integration Service - P2 Priority Connection Management should reject connections with invalid connectors" time="0">
    </testcase>
    <testcase classname="Integration Service - P2 Priority Connection Management should fail connection creation on test failure" name="Integration Service - P2 Priority Connection Management should fail connection creation on test failure" time="0.001">
    </testcase>
    <testcase classname="Integration Service - P2 Priority Connection Management should update existing connections" name="Integration Service - P2 Priority Connection Management should update existing connections" time="0">
    </testcase>
    <testcase classname="Integration Service - P2 Priority Connection Management should delete connections and cleanup sync jobs" name="Integration Service - P2 Priority Connection Management should delete connections and cleanup sync jobs" time="0">
    </testcase>
    <testcase classname="Integration Service - P2 Priority Authentication Validation should validate API key authentication" name="Integration Service - P2 Priority Authentication Validation should validate API key authentication" time="0">
    </testcase>
    <testcase classname="Integration Service - P2 Priority Authentication Validation should validate username/password authentication" name="Integration Service - P2 Priority Authentication Validation should validate username/password authentication" time="0">
    </testcase>
    <testcase classname="Integration Service - P2 Priority Authentication Validation should validate OAuth2 authentication" name="Integration Service - P2 Priority Authentication Validation should validate OAuth2 authentication" time="0">
    </testcase>
    <testcase classname="Integration Service - P2 Priority Authentication Validation should validate AWS credentials" name="Integration Service - P2 Priority Authentication Validation should validate AWS credentials" time="0.001">
    </testcase>
    <testcase classname="Integration Service - P2 Priority Authentication Validation should reject unsupported authentication types" name="Integration Service - P2 Priority Authentication Validation should reject unsupported authentication types" time="0">
    </testcase>
    <testcase classname="Integration Service - P2 Priority Authentication Validation should reject incomplete credentials" name="Integration Service - P2 Priority Authentication Validation should reject incomplete credentials" time="0">
    </testcase>
    <testcase classname="Integration Service - P2 Priority Connection Testing should test connections successfully" name="Integration Service - P2 Priority Connection Testing should test connections successfully" time="0">
    </testcase>
    <testcase classname="Integration Service - P2 Priority Connection Testing should handle connection test failures" name="Integration Service - P2 Priority Connection Testing should handle connection test failures" time="0">
    </testcase>
    <testcase classname="Integration Service - P2 Priority Connection Testing should use appropriate test endpoints for each connector" name="Integration Service - P2 Priority Connection Testing should use appropriate test endpoints for each connector" time="0.001">
    </testcase>
    <testcase classname="Integration Service - P2 Priority Data Operations should execute queries on active connections" name="Integration Service - P2 Priority Data Operations should execute queries on active connections" time="0">
    </testcase>
    <testcase classname="Integration Service - P2 Priority Data Operations should reject queries on inactive connections" name="Integration Service - P2 Priority Data Operations should reject queries on inactive connections" time="0">
    </testcase>
    <testcase classname="Integration Service - P2 Priority Data Operations should handle query execution failures" name="Integration Service - P2 Priority Data Operations should handle query execution failures" time="0">
    </testcase>
    <testcase classname="Integration Service - P2 Priority Sync Job Management should create sync jobs" name="Integration Service - P2 Priority Sync Job Management should create sync jobs" time="0.001">
    </testcase>
    <testcase classname="Integration Service - P2 Priority Sync Job Management should run sync jobs successfully" name="Integration Service - P2 Priority Sync Job Management should run sync jobs successfully" time="0">
    </testcase>
    <testcase classname="Integration Service - P2 Priority Sync Job Management should handle sync job failures" name="Integration Service - P2 Priority Sync Job Management should handle sync job failures" time="0">
    </testcase>
    <testcase classname="Integration Service - P2 Priority Sync Job Management should process scheduled syncs" name="Integration Service - P2 Priority Sync Job Management should process scheduled syncs" time="0.002">
    </testcase>
    <testcase classname="Integration Service - P2 Priority Webhook Management should create webhooks" name="Integration Service - P2 Priority Webhook Management should create webhooks" time="0">
    </testcase>
    <testcase classname="Integration Service - P2 Priority Webhook Management should trigger webhooks for matching events" name="Integration Service - P2 Priority Webhook Management should trigger webhooks for matching events" time="0.001">
    </testcase>
    <testcase classname="Integration Service - P2 Priority Webhook Management should handle webhook delivery failures with retry" name="Integration Service - P2 Priority Webhook Management should handle webhook delivery failures with retry" time="1.102">
    </testcase>
    <testcase classname="Integration Service - P2 Priority Webhook Management should skip disabled webhooks" name="Integration Service - P2 Priority Webhook Management should skip disabled webhooks" time="0">
    </testcase>
    <testcase classname="Integration Service - P2 Priority Webhook Management should filter events based on webhook configuration" name="Integration Service - P2 Priority Webhook Management should filter events based on webhook configuration" time="0">
    </testcase>
    <testcase classname="Integration Service - P2 Priority Security and Encryption should encrypt and decrypt credentials" name="Integration Service - P2 Priority Security and Encryption should encrypt and decrypt credentials" time="0">
    </testcase>
    <testcase classname="Integration Service - P2 Priority Security and Encryption should generate webhook signatures" name="Integration Service - P2 Priority Security and Encryption should generate webhook signatures" time="0.001">
    </testcase>
    <testcase classname="Integration Service - P2 Priority Security and Encryption should generate consistent signatures" name="Integration Service - P2 Priority Security and Encryption should generate consistent signatures" time="0">
    </testcase>
    <testcase classname="Integration Service - P2 Priority Connection Health and Metrics should track connection metrics" name="Integration Service - P2 Priority Connection Health and Metrics should track connection metrics" time="0">
    </testcase>
    <testcase classname="Integration Service - P2 Priority Connection Health and Metrics should calculate connection health percentage" name="Integration Service - P2 Priority Connection Health and Metrics should calculate connection health percentage" time="0">
    </testcase>
    <testcase classname="Integration Service - P2 Priority Connection Health and Metrics should provide connector breakdown statistics" name="Integration Service - P2 Priority Connection Health and Metrics should provide connector breakdown statistics" time="0">
    </testcase>
    <testcase classname="Integration Service - P2 Priority API Methods should list connectors" name="Integration Service - P2 Priority API Methods should list connectors" time="0">
    </testcase>
    <testcase classname="Integration Service - P2 Priority API Methods should get specific connector details" name="Integration Service - P2 Priority API Methods should get specific connector details" time="0.001">
    </testcase>
    <testcase classname="Integration Service - P2 Priority API Methods should list connections with user filtering" name="Integration Service - P2 Priority API Methods should list connections with user filtering" time="0">
    </testcase>
    <testcase classname="Integration Service - P2 Priority API Methods should list webhooks with user filtering" name="Integration Service - P2 Priority API Methods should list webhooks with user filtering" time="0">
    </testcase>
    <testcase classname="Integration Service - P2 Priority API Methods should list sync jobs with connection filtering" name="Integration Service - P2 Priority API Methods should list sync jobs with connection filtering" time="0">
    </testcase>
    <testcase classname="Integration Service - P2 Priority Error Handling should handle connection not found errors" name="Integration Service - P2 Priority Error Handling should handle connection not found errors" time="0">
    </testcase>
    <testcase classname="Integration Service - P2 Priority Error Handling should handle sync job not found errors" name="Integration Service - P2 Priority Error Handling should handle sync job not found errors" time="0">
    </testcase>
    <testcase classname="Integration Service - P2 Priority Error Handling should handle webhook not found gracefully" name="Integration Service - P2 Priority Error Handling should handle webhook not found gracefully" time="0.001">
    </testcase>
    <testcase classname="Integration Service - P2 Priority Utility Methods should calculate next run times" name="Integration Service - P2 Priority Utility Methods should calculate next run times" time="0">
    </testcase>
    <testcase classname="Integration Service - P2 Priority Utility Methods should make HTTP requests" name="Integration Service - P2 Priority Utility Methods should make HTTP requests" time="0">
    </testcase>
    <testcase classname="Integration Service Performance should handle many concurrent connections efficiently" name="Integration Service Performance should handle many concurrent connections efficiently" time="0.001">
    </testcase>
    <testcase classname="Integration Service Performance should efficiently process webhook deliveries" name="Integration Service Performance should efficiently process webhook deliveries" time="0.001">
    </testcase>
  </testsuite>
  <testsuite name="Reporting Service - P1 Priority" errors="0" failures="0" skipped="0" timestamp="2025-08-14T19:30:23" time="0.272" tests="30">
    <testcase classname="Reporting Service - P1 Priority Report Template Management should initialize all required report templates" name="Reporting Service - P1 Priority Report Template Management should initialize all required report templates" time="0.001">
    </testcase>
    <testcase classname="Reporting Service - P1 Priority Report Template Management should configure template metadata correctly" name="Reporting Service - P1 Priority Report Template Management should configure template metadata correctly" time="0">
    </testcase>
    <testcase classname="Reporting Service - P1 Priority Report Template Management should validate template sections and parameters" name="Reporting Service - P1 Priority Report Template Management should validate template sections and parameters" time="0">
    </testcase>
    <testcase classname="Reporting Service - P1 Priority Report Generation should generate comprehensive investigation report" name="Reporting Service - P1 Priority Report Generation should generate comprehensive investigation report" time="0.001">
    </testcase>
    <testcase classname="Reporting Service - P1 Priority Report Generation should handle entity analysis reports" name="Reporting Service - P1 Priority Report Generation should handle entity analysis reports" time="0">
    </testcase>
    <testcase classname="Reporting Service - P1 Priority Report Generation should generate network analysis reports" name="Reporting Service - P1 Priority Report Generation should generate network analysis reports" time="0">
    </testcase>
    <testcase classname="Reporting Service - P1 Priority Export Format Support should export reports to PDF format" name="Reporting Service - P1 Priority Export Format Support should export reports to PDF format" time="0">
    </testcase>
    <testcase classname="Reporting Service - P1 Priority Export Format Support should export reports to DOCX format" name="Reporting Service - P1 Priority Export Format Support should export reports to DOCX format" time="0.001">
    </testcase>
    <testcase classname="Reporting Service - P1 Priority Export Format Support should export reports to HTML format" name="Reporting Service - P1 Priority Export Format Support should export reports to HTML format" time="0">
    </testcase>
    <testcase classname="Reporting Service - P1 Priority Export Format Support should export reports to JSON format" name="Reporting Service - P1 Priority Export Format Support should export reports to JSON format" time="0">
    </testcase>
    <testcase classname="Reporting Service - P1 Priority Export Format Support should export reports to CSV format" name="Reporting Service - P1 Priority Export Format Support should export reports to CSV format" time="0">
    </testcase>
    <testcase classname="Reporting Service - P1 Priority Export Format Support should export reports to Excel format" name="Reporting Service - P1 Priority Export Format Support should export reports to Excel format" time="0.001">
    </testcase>
    <testcase classname="Reporting Service - P1 Priority Advanced Export Formats should export reports to PowerPoint format" name="Reporting Service - P1 Priority Advanced Export Formats should export reports to PowerPoint format" time="0">
    </testcase>
    <testcase classname="Reporting Service - P1 Priority Advanced Export Formats should export reports to Gephi format" name="Reporting Service - P1 Priority Advanced Export Formats should export reports to Gephi format" time="0">
    </testcase>
    <testcase classname="Reporting Service - P1 Priority Report Scheduling should create scheduled reports" name="Reporting Service - P1 Priority Report Scheduling should create scheduled reports" time="0">
    </testcase>
    <testcase classname="Reporting Service - P1 Priority Report Scheduling should execute scheduled reports" name="Reporting Service - P1 Priority Report Scheduling should execute scheduled reports" time="0">
    </testcase>
    <testcase classname="Reporting Service - P1 Priority Report Scheduling should handle scheduled report failures gracefully" name="Reporting Service - P1 Priority Report Scheduling should handle scheduled report failures gracefully" time="0.004">
    </testcase>
    <testcase classname="Reporting Service - P1 Priority Report Templates and Customization should allow custom template creation" name="Reporting Service - P1 Priority Report Templates and Customization should allow custom template creation" time="0">
    </testcase>
    <testcase classname="Reporting Service - P1 Priority Report Templates and Customization should validate template configurations" name="Reporting Service - P1 Priority Report Templates and Customization should validate template configurations" time="0.016">
    </testcase>
    <testcase classname="Reporting Service - P1 Priority Report Templates and Customization should support template inheritance" name="Reporting Service - P1 Priority Report Templates and Customization should support template inheritance" time="0">
    </testcase>
    <testcase classname="Reporting Service - P1 Priority Data Processing and Analysis should process complex investigation data" name="Reporting Service - P1 Priority Data Processing and Analysis should process complex investigation data" time="0">
    </testcase>
    <testcase classname="Reporting Service - P1 Priority Data Processing and Analysis should calculate network metrics for reports" name="Reporting Service - P1 Priority Data Processing and Analysis should calculate network metrics for reports" time="0.001">
    </testcase>
    <testcase classname="Reporting Service - P1 Priority Report Management should list user reports with filtering" name="Reporting Service - P1 Priority Report Management should list user reports with filtering" time="0">
    </testcase>
    <testcase classname="Reporting Service - P1 Priority Report Management should delete reports and cleanup files" name="Reporting Service - P1 Priority Report Management should delete reports and cleanup files" time="0">
    </testcase>
    <testcase classname="Reporting Service - P1 Priority Report Management should get report download URLs" name="Reporting Service - P1 Priority Report Management should get report download URLs" time="0">
    </testcase>
    <testcase classname="Reporting Service - P1 Priority Metrics and Analytics should track reporting metrics" name="Reporting Service - P1 Priority Metrics and Analytics should track reporting metrics" time="0">
    </testcase>
    <testcase classname="Reporting Service - P1 Priority Metrics and Analytics should provide usage analytics" name="Reporting Service - P1 Priority Metrics and Analytics should provide usage analytics" time="0">
    </testcase>
    <testcase classname="Reporting Service - P1 Priority Error Handling and Recovery should handle data source failures gracefully" name="Reporting Service - P1 Priority Error Handling and Recovery should handle data source failures gracefully" time="0.001">
    </testcase>
    <testcase classname="Reporting Service - P1 Priority Error Handling and Recovery should retry failed report generation" name="Reporting Service - P1 Priority Error Handling and Recovery should retry failed report generation" time="0">
    </testcase>
    <testcase classname="Reporting Service Performance should handle large dataset processing efficiently" name="Reporting Service Performance should handle large dataset processing efficiently" time="0">
    </testcase>
  </testsuite>
  <testsuite name="Copilot Orchestration Service - P0 Critical MVP1" errors="0" failures="0" skipped="0" timestamp="2025-08-14T19:30:14" time="10.058" tests="37">
    <testcase classname="Copilot Orchestration Service - P0 Critical MVP1 Query Planner Initialization should initialize all required query planners" name="Copilot Orchestration Service - P0 Critical MVP1 Query Planner Initialization should initialize all required query planners" time="0.001">
    </testcase>
    <testcase classname="Copilot Orchestration Service - P0 Critical MVP1 Query Planner Initialization should configure planner patterns correctly" name="Copilot Orchestration Service - P0 Critical MVP1 Query Planner Initialization should configure planner patterns correctly" time="0">
    </testcase>
    <testcase classname="Copilot Orchestration Service - P0 Critical MVP1 Natural Language Query Analysis should analyze entity-focused queries" name="Copilot Orchestration Service - P0 Critical MVP1 Natural Language Query Analysis should analyze entity-focused queries" time="0.001">
    </testcase>
    <testcase classname="Copilot Orchestration Service - P0 Critical MVP1 Natural Language Query Analysis should analyze relationship discovery queries" name="Copilot Orchestration Service - P0 Critical MVP1 Natural Language Query Analysis should analyze relationship discovery queries" time="0">
    </testcase>
    <testcase classname="Copilot Orchestration Service - P0 Critical MVP1 Natural Language Query Analysis should analyze temporal queries" name="Copilot Orchestration Service - P0 Critical MVP1 Natural Language Query Analysis should analyze temporal queries" time="0">
    </testcase>
    <testcase classname="Copilot Orchestration Service - P0 Critical MVP1 Natural Language Query Analysis should classify query intents correctly" name="Copilot Orchestration Service - P0 Critical MVP1 Natural Language Query Analysis should classify query intents correctly" time="0.001">
    </testcase>
    <testcase classname="Copilot Orchestration Service - P0 Critical MVP1 Natural Language Query Analysis should extract keywords from query text" name="Copilot Orchestration Service - P0 Critical MVP1 Natural Language Query Analysis should extract keywords from query text" time="0">
    </testcase>
    <testcase classname="Copilot Orchestration Service - P0 Critical MVP1 Natural Language Query Analysis should identify query types using pattern matching" name="Copilot Orchestration Service - P0 Critical MVP1 Natural Language Query Analysis should identify query types using pattern matching" time="0">
    </testcase>
    <testcase classname="Copilot Orchestration Service - P0 Critical MVP1 Execution Plan Generation should generate entity analysis plan" name="Copilot Orchestration Service - P0 Critical MVP1 Execution Plan Generation should generate entity analysis plan" time="0.001">
    </testcase>
    <testcase classname="Copilot Orchestration Service - P0 Critical MVP1 Execution Plan Generation should generate relationship discovery plan" name="Copilot Orchestration Service - P0 Critical MVP1 Execution Plan Generation should generate relationship discovery plan" time="0">
    </testcase>
    <testcase classname="Copilot Orchestration Service - P0 Critical MVP1 Execution Plan Generation should generate multi-source investigation plan" name="Copilot Orchestration Service - P0 Critical MVP1 Execution Plan Generation should generate multi-source investigation plan" time="0">
    </testcase>
    <testcase classname="Copilot Orchestration Service - P0 Critical MVP1 Execution Plan Generation should handle unknown query type" name="Copilot Orchestration Service - P0 Critical MVP1 Execution Plan Generation should handle unknown query type" time="0.011">
    </testcase>
    <testcase classname="Copilot Orchestration Service - P0 Critical MVP1 Query Orchestration End-to-End should orchestrate simple entity query" name="Copilot Orchestration Service - P0 Critical MVP1 Query Orchestration End-to-End should orchestrate simple entity query" time="1.203">
    </testcase>
    <testcase classname="Copilot Orchestration Service - P0 Critical MVP1 Query Orchestration End-to-End should handle query orchestration failure" name="Copilot Orchestration Service - P0 Critical MVP1 Query Orchestration End-to-End should handle query orchestration failure" time="1.203">
    </testcase>
    <testcase classname="Copilot Orchestration Service - P0 Critical MVP1 Query Orchestration End-to-End should track active queries" name="Copilot Orchestration Service - P0 Critical MVP1 Query Orchestration End-to-End should track active queries" time="1.201">
    </testcase>
    <testcase classname="Copilot Orchestration Service - P0 Critical MVP1 Query Orchestration End-to-End should emit query lifecycle events" name="Copilot Orchestration Service - P0 Critical MVP1 Query Orchestration End-to-End should emit query lifecycle events" time="1.202">
    </testcase>
    <testcase classname="Copilot Orchestration Service - P0 Critical MVP1 Step Execution should execute graph query steps" name="Copilot Orchestration Service - P0 Critical MVP1 Step Execution should execute graph query steps" time="0.502">
    </testcase>
    <testcase classname="Copilot Orchestration Service - P0 Critical MVP1 Step Execution should execute multimodal search steps" name="Copilot Orchestration Service - P0 Critical MVP1 Step Execution should execute multimodal search steps" time="1.504">
    </testcase>
    <testcase classname="Copilot Orchestration Service - P0 Critical MVP1 Step Execution should execute federated search steps" name="Copilot Orchestration Service - P0 Critical MVP1 Step Execution should execute federated search steps" time="2.004">
    </testcase>
    <testcase classname="Copilot Orchestration Service - P0 Critical MVP1 Step Execution should handle step execution errors" name="Copilot Orchestration Service - P0 Critical MVP1 Step Execution should handle step execution errors" time="0.001">
    </testcase>
    <testcase classname="Copilot Orchestration Service - P0 Critical MVP1 Domain Knowledge and Understanding should load entity type knowledge" name="Copilot Orchestration Service - P0 Critical MVP1 Domain Knowledge and Understanding should load entity type knowledge" time="0">
    </testcase>
    <testcase classname="Copilot Orchestration Service - P0 Critical MVP1 Domain Knowledge and Understanding should load relationship type knowledge" name="Copilot Orchestration Service - P0 Critical MVP1 Domain Knowledge and Understanding should load relationship type knowledge" time="0.001">
    </testcase>
    <testcase classname="Copilot Orchestration Service - P0 Critical MVP1 Domain Knowledge and Understanding should extract entity mentions from text" name="Copilot Orchestration Service - P0 Critical MVP1 Domain Knowledge and Understanding should extract entity mentions from text" time="0">
    </testcase>
    <testcase classname="Copilot Orchestration Service - P0 Critical MVP1 Domain Knowledge and Understanding should extract relationship mentions" name="Copilot Orchestration Service - P0 Critical MVP1 Domain Knowledge and Understanding should extract relationship mentions" time="0.001">
    </testcase>
    <testcase classname="Copilot Orchestration Service - P0 Critical MVP1 Domain Knowledge and Understanding should extract temporal scope from queries" name="Copilot Orchestration Service - P0 Critical MVP1 Domain Knowledge and Understanding should extract temporal scope from queries" time="0">
    </testcase>
    <testcase classname="Copilot Orchestration Service - P0 Critical MVP1 Domain Knowledge and Understanding should extract spatial scope from queries" name="Copilot Orchestration Service - P0 Critical MVP1 Domain Knowledge and Understanding should extract spatial scope from queries" time="0">
    </testcase>
    <testcase classname="Copilot Orchestration Service - P0 Critical MVP1 Query Complexity and Confidence Calculation should calculate query complexity correctly" name="Copilot Orchestration Service - P0 Critical MVP1 Query Complexity and Confidence Calculation should calculate query complexity correctly" time="0.001">
    </testcase>
    <testcase classname="Copilot Orchestration Service - P0 Critical MVP1 Query Complexity and Confidence Calculation should calculate analysis confidence" name="Copilot Orchestration Service - P0 Critical MVP1 Query Complexity and Confidence Calculation should calculate analysis confidence" time="0">
    </testcase>
    <testcase classname="Copilot Orchestration Service - P0 Critical MVP1 Results Processing and Insights should merge step results correctly" name="Copilot Orchestration Service - P0 Critical MVP1 Results Processing and Insights should merge step results correctly" time="0">
    </testcase>
    <testcase classname="Copilot Orchestration Service - P0 Critical MVP1 Results Processing and Insights should generate query summary" name="Copilot Orchestration Service - P0 Critical MVP1 Results Processing and Insights should generate query summary" time="0.001">
    </testcase>
    <testcase classname="Copilot Orchestration Service - P0 Critical MVP1 Results Processing and Insights should generate insights from results" name="Copilot Orchestration Service - P0 Critical MVP1 Results Processing and Insights should generate insights from results" time="0">
    </testcase>
    <testcase classname="Copilot Orchestration Service - P0 Critical MVP1 Performance Metrics should track orchestration metrics" name="Copilot Orchestration Service - P0 Critical MVP1 Performance Metrics should track orchestration metrics" time="0">
    </testcase>
    <testcase classname="Copilot Orchestration Service - P0 Critical MVP1 Performance Metrics should calculate success rate correctly" name="Copilot Orchestration Service - P0 Critical MVP1 Performance Metrics should calculate success rate correctly" time="0.001">
    </testcase>
    <testcase classname="Copilot Orchestration Service - P0 Critical MVP1 Performance Metrics should update execution time metrics" name="Copilot Orchestration Service - P0 Critical MVP1 Performance Metrics should update execution time metrics" time="0">
    </testcase>
    <testcase classname="Copilot Orchestration Service - P0 Critical MVP1 Query Management should get query status" name="Copilot Orchestration Service - P0 Critical MVP1 Query Management should get query status" time="0">
    </testcase>
    <testcase classname="Copilot Orchestration Service - P0 Critical MVP1 Query Management should cancel active query" name="Copilot Orchestration Service - P0 Critical MVP1 Query Management should cancel active query" time="1.202">
    </testcase>
    <testcase classname="Copilot Orchestration Service - P0 Critical MVP1 Query Management should return false for cancelling non-existent query" name="Copilot Orchestration Service - P0 Critical MVP1 Query Management should return false for cancelling non-existent query" time="0.001">
    </testcase>
  </testsuite>
  <testsuite name="Enterprise Security Service - P1 Priority" errors="0" failures="0" skipped="0" timestamp="2025-08-14T19:30:23" time="0.202" tests="31">
    <testcase classname="Enterprise Security Service - P1 Priority RBAC System Initialization should initialize all system permissions" name="Enterprise Security Service - P1 Priority RBAC System Initialization should initialize all system permissions" time="0.001">
    </testcase>
    <testcase classname="Enterprise Security Service - P1 Priority RBAC System Initialization should initialize system roles with correct permissions" name="Enterprise Security Service - P1 Priority RBAC System Initialization should initialize system roles with correct permissions" time="0">
    </testcase>
    <testcase classname="Enterprise Security Service - P1 Priority RBAC System Initialization should configure role hierarchy correctly" name="Enterprise Security Service - P1 Priority RBAC System Initialization should configure role hierarchy correctly" time="0">
    </testcase>
    <testcase classname="Enterprise Security Service - P1 Priority Authentication System should authenticate valid user credentials" name="Enterprise Security Service - P1 Priority Authentication System should authenticate valid user credentials" time="0.003">
    </testcase>
    <testcase classname="Enterprise Security Service - P1 Priority Authentication System should reject invalid credentials" name="Enterprise Security Service - P1 Priority Authentication System should reject invalid credentials" time="0.013">
    </testcase>
    <testcase classname="Enterprise Security Service - P1 Priority Authentication System should enforce rate limiting" name="Enterprise Security Service - P1 Priority Authentication System should enforce rate limiting" time="0">
    </testcase>
    <testcase classname="Enterprise Security Service - P1 Priority Authentication System should reject disabled accounts" name="Enterprise Security Service - P1 Priority Authentication System should reject disabled accounts" time="0">
    </testcase>
    <testcase classname="Enterprise Security Service - P1 Priority Session Management should create secure sessions" name="Enterprise Security Service - P1 Priority Session Management should create secure sessions" time="0.001">
    </testcase>
    <testcase classname="Enterprise Security Service - P1 Priority Session Management should verify valid sessions" name="Enterprise Security Service - P1 Priority Session Management should verify valid sessions" time="0">
    </testcase>
    <testcase classname="Enterprise Security Service - P1 Priority Session Management should reject expired sessions" name="Enterprise Security Service - P1 Priority Session Management should reject expired sessions" time="0">
    </testcase>
    <testcase classname="Enterprise Security Service - P1 Priority Session Management should handle idle timeout" name="Enterprise Security Service - P1 Priority Session Management should handle idle timeout" time="0">
    </testcase>
    <testcase classname="Enterprise Security Service - P1 Priority Permission System should grant access with valid permissions" name="Enterprise Security Service - P1 Priority Permission System should grant access with valid permissions" time="0.001">
    </testcase>
    <testcase classname="Enterprise Security Service - P1 Priority Permission System should deny access without required permissions" name="Enterprise Security Service - P1 Priority Permission System should deny access without required permissions" time="0">
    </testcase>
    <testcase classname="Enterprise Security Service - P1 Priority Permission System should deny access to higher classification data" name="Enterprise Security Service - P1 Priority Permission System should deny access to higher classification data" time="0">
    </testcase>
    <testcase classname="Enterprise Security Service - P1 Priority User Management should create new users with proper validation" name="Enterprise Security Service - P1 Priority User Management should create new users with proper validation" time="0.046">
    </testcase>
    <testcase classname="Enterprise Security Service - P1 Priority User Management should validate user data before creation" name="Enterprise Security Service - P1 Priority User Management should validate user data before creation" time="0">
    </testcase>
    <testcase classname="Enterprise Security Service - P1 Priority User Management should validate password strength" name="Enterprise Security Service - P1 Priority User Management should validate password strength" time="0.001">
    </testcase>
    <testcase classname="Enterprise Security Service - P1 Priority Audit Logging should log security events with required fields" name="Enterprise Security Service - P1 Priority Audit Logging should log security events with required fields" time="0">
    </testcase>
    <testcase classname="Enterprise Security Service - P1 Priority Audit Logging should determine compliance flags correctly" name="Enterprise Security Service - P1 Priority Audit Logging should determine compliance flags correctly" time="0">
    </testcase>
    <testcase classname="Enterprise Security Service - P1 Priority Audit Logging should track metrics for audit events" name="Enterprise Security Service - P1 Priority Audit Logging should track metrics for audit events" time="0">
    </testcase>
    <testcase classname="Enterprise Security Service - P1 Priority API Token Management should generate secure API tokens" name="Enterprise Security Service - P1 Priority API Token Management should generate secure API tokens" time="0.034">
    </testcase>
    <testcase classname="Enterprise Security Service - P1 Priority API Token Management should verify valid API tokens" name="Enterprise Security Service - P1 Priority API Token Management should verify valid API tokens" time="0.04">
    </testcase>
    <testcase classname="Enterprise Security Service - P1 Priority API Token Management should reject expired API tokens" name="Enterprise Security Service - P1 Priority API Token Management should reject expired API tokens" time="0">
    </testcase>
    <testcase classname="Enterprise Security Service - P1 Priority Compliance Reporting should generate SOC2 compliance reports" name="Enterprise Security Service - P1 Priority Compliance Reporting should generate SOC2 compliance reports" time="0.001">
    </testcase>
    <testcase classname="Enterprise Security Service - P1 Priority Compliance Reporting should calculate compliance scores accurately" name="Enterprise Security Service - P1 Priority Compliance Reporting should calculate compliance scores accurately" time="0">
    </testcase>
    <testcase classname="Enterprise Security Service - P1 Priority Security Monitoring should detect brute force attacks" name="Enterprise Security Service - P1 Priority Security Monitoring should detect brute force attacks" time="0">
    </testcase>
    <testcase classname="Enterprise Security Service - P1 Priority Security Monitoring should trigger security alerts for violations" name="Enterprise Security Service - P1 Priority Security Monitoring should trigger security alerts for violations" time="0">
    </testcase>
    <testcase classname="Enterprise Security Service - P1 Priority Metrics and Performance should track security metrics accurately" name="Enterprise Security Service - P1 Priority Metrics and Performance should track security metrics accurately" time="0.001">
    </testcase>
    <testcase classname="Enterprise Security Service - P1 Priority Metrics and Performance should calculate success rate correctly" name="Enterprise Security Service - P1 Priority Metrics and Performance should calculate success rate correctly" time="0">
    </testcase>
    <testcase classname="Enterprise Security Service - P1 Priority Email Validation should validate email addresses correctly" name="Enterprise Security Service - P1 Priority Email Validation should validate email addresses correctly" time="0">
    </testcase>
    <testcase classname="Enterprise Security Service - P1 Priority Time Parsing should parse time strings correctly" name="Enterprise Security Service - P1 Priority Time Parsing should parse time strings correctly" time="0">
    </testcase>
  </testsuite>
  <testsuite name="Mobile Service - P2 Priority" errors="0" failures="0" skipped="0" timestamp="2025-08-14T19:30:24" time="0.058" tests="39">
    <testcase classname="Mobile Service - P2 Priority Mobile Client Registration should register mobile clients successfully" name="Mobile Service - P2 Priority Mobile Client Registration should register mobile clients successfully" time="0.001">
    </testcase>
    <testcase classname="Mobile Service - P2 Priority Mobile Client Registration should initialize offline data for new clients" name="Mobile Service - P2 Priority Mobile Client Registration should initialize offline data for new clients" time="0">
    </testcase>
    <testcase classname="Mobile Service - P2 Priority Mobile Client Registration should handle device token mapping" name="Mobile Service - P2 Priority Mobile Client Registration should handle device token mapping" time="0.001">
    </testcase>
    <testcase classname="Mobile Service - P2 Priority Offline Data Management should provide offline investigations data" name="Mobile Service - P2 Priority Offline Data Management should provide offline investigations data" time="0">
    </testcase>
    <testcase classname="Mobile Service - P2 Priority Offline Data Management should provide lightweight entity data" name="Mobile Service - P2 Priority Offline Data Management should provide lightweight entity data" time="0">
    </testcase>
    <testcase classname="Mobile Service - P2 Priority Offline Data Management should provide offline notifications" name="Mobile Service - P2 Priority Offline Data Management should provide offline notifications" time="0.001">
    </testcase>
    <testcase classname="Mobile Service - P2 Priority Offline Data Management should provide user settings" name="Mobile Service - P2 Priority Offline Data Management should provide user settings" time="0">
    </testcase>
    <testcase classname="Mobile Service - P2 Priority Sync Operations should handle full sync requests" name="Mobile Service - P2 Priority Sync Operations should handle full sync requests" time="0">
    </testcase>
    <testcase classname="Mobile Service - P2 Priority Sync Operations should handle incremental sync requests" name="Mobile Service - P2 Priority Sync Operations should handle incremental sync requests" time="0">
    </testcase>
    <testcase classname="Mobile Service - P2 Priority Sync Operations should process offline operations during sync" name="Mobile Service - P2 Priority Sync Operations should process offline operations during sync" time="0.001">
    </testcase>
    <testcase classname="Mobile Service - P2 Priority Sync Operations should optimize changes for mobile consumption" name="Mobile Service - P2 Priority Sync Operations should optimize changes for mobile consumption" time="0">
    </testcase>
    <testcase classname="Mobile Service - P2 Priority Sync Operations should handle sync failures gracefully" name="Mobile Service - P2 Priority Sync Operations should handle sync failures gracefully" time="0.008">
    </testcase>
    <testcase classname="Mobile Service - P2 Priority Offline Operations Processing should process entity creation operations" name="Mobile Service - P2 Priority Offline Operations Processing should process entity creation operations" time="0.001">
    </testcase>
    <testcase classname="Mobile Service - P2 Priority Offline Operations Processing should handle invalid operations gracefully" name="Mobile Service - P2 Priority Offline Operations Processing should handle invalid operations gracefully" time="0">
    </testcase>
    <testcase classname="Mobile Service - P2 Priority Offline Operations Processing should process multiple operation types" name="Mobile Service - P2 Priority Offline Operations Processing should process multiple operation types" time="0">
    </testcase>
    <testcase classname="Mobile Service - P2 Priority Mobile-Optimized API Endpoints should provide investigation summaries" name="Mobile Service - P2 Priority Mobile-Optimized API Endpoints should provide investigation summaries" time="0">
    </testcase>
    <testcase classname="Mobile Service - P2 Priority Mobile-Optimized API Endpoints should provide lightweight entity data" name="Mobile Service - P2 Priority Mobile-Optimized API Endpoints should provide lightweight entity data" time="0.001">
    </testcase>
    <testcase classname="Mobile Service - P2 Priority Mobile-Optimized API Endpoints should provide mobile-optimized notifications" name="Mobile Service - P2 Priority Mobile-Optimized API Endpoints should provide mobile-optimized notifications" time="0">
    </testcase>
    <testcase classname="Mobile Service - P2 Priority Push Notification Support should send push notifications to mobile devices" name="Mobile Service - P2 Priority Push Notification Support should send push notifications to mobile devices" time="0">
    </testcase>
    <testcase classname="Mobile Service - P2 Priority Push Notification Support should customize notifications for iOS platform" name="Mobile Service - P2 Priority Push Notification Support should customize notifications for iOS platform" time="0">
    </testcase>
    <testcase classname="Mobile Service - P2 Priority Push Notification Support should customize notifications for Android platform" name="Mobile Service - P2 Priority Push Notification Support should customize notifications for Android platform" time="0.001">
    </testcase>
    <testcase classname="Mobile Service - P2 Priority Push Notification Support should handle push notification failures" name="Mobile Service - P2 Priority Push Notification Support should handle push notification failures" time="0">
    </testcase>
    <testcase classname="Mobile Service - P2 Priority Mobile Client Management should update mobile client information" name="Mobile Service - P2 Priority Mobile Client Management should update mobile client information" time="0">
    </testcase>
    <testcase classname="Mobile Service - P2 Priority Mobile Client Management should deregister mobile clients" name="Mobile Service - P2 Priority Mobile Client Management should deregister mobile clients" time="0">
    </testcase>
    <testcase classname="Mobile Service - P2 Priority Background Sync and Cleanup should perform background sync for clients" name="Mobile Service - P2 Priority Background Sync and Cleanup should perform background sync for clients" time="0.001">
    </testcase>
    <testcase classname="Mobile Service - P2 Priority Background Sync and Cleanup should skip background sync for disabled clients" name="Mobile Service - P2 Priority Background Sync and Cleanup should skip background sync for disabled clients" time="0">
    </testcase>
    <testcase classname="Mobile Service - P2 Priority Background Sync and Cleanup should clean up expired sync data" name="Mobile Service - P2 Priority Background Sync and Cleanup should clean up expired sync data" time="0">
    </testcase>
    <testcase classname="Mobile Service - P2 Priority Helper Methods should generate current sync version" name="Mobile Service - P2 Priority Helper Methods should generate current sync version" time="0">
    </testcase>
    <testcase classname="Mobile Service - P2 Priority Helper Methods should get appropriate notification icons" name="Mobile Service - P2 Priority Helper Methods should get appropriate notification icons" time="0">
    </testcase>
    <testcase classname="Mobile Service - P2 Priority Helper Methods should detect important changes" name="Mobile Service - P2 Priority Helper Methods should detect important changes" time="0">
    </testcase>
    <testcase classname="Mobile Service - P2 Priority Helper Methods should calculate unread notification count" name="Mobile Service - P2 Priority Helper Methods should calculate unread notification count" time="0.001">
    </testcase>
    <testcase classname="Mobile Service - P2 Priority Analytics and Metrics should track mobile service metrics" name="Mobile Service - P2 Priority Analytics and Metrics should track mobile service metrics" time="0">
    </testcase>
    <testcase classname="Mobile Service - P2 Priority Analytics and Metrics should provide platform breakdown" name="Mobile Service - P2 Priority Analytics and Metrics should provide platform breakdown" time="0">
    </testcase>
    <testcase classname="Mobile Service - P2 Priority Analytics and Metrics should calculate average sync interval" name="Mobile Service - P2 Priority Analytics and Metrics should calculate average sync interval" time="0">
    </testcase>
    <testcase classname="Mobile Service - P2 Priority Error Handling should handle client not found errors" name="Mobile Service - P2 Priority Error Handling should handle client not found errors" time="0.004">
    </testcase>
    <testcase classname="Mobile Service - P2 Priority Error Handling should handle push notification errors gracefully" name="Mobile Service - P2 Priority Error Handling should handle push notification errors gracefully" time="0">
    </testcase>
    <testcase classname="Mobile Service - P2 Priority Error Handling should handle background sync failures" name="Mobile Service - P2 Priority Error Handling should handle background sync failures" time="0.001">
    </testcase>
    <testcase classname="Mobile Service Performance should handle many concurrent sync operations" name="Mobile Service Performance should handle many concurrent sync operations" time="0">
    </testcase>
    <testcase classname="Mobile Service Performance should efficiently manage large offline datasets" name="Mobile Service Performance should efficiently manage large offline datasets" time="0.017">
    </testcase>
  </testsuite>
  <testsuite name="Entity Model Structure" errors="0" failures="0" skipped="0" timestamp="2025-08-14T19:30:24" time="0.097" tests="12">
    <testcase classname="Entity Model Structure Migration System Structure should have migration manager module" name="Entity Model Structure Migration System Structure should have migration manager module" time="0.073">
    </testcase>
    <testcase classname="Entity Model Structure Migration System Structure should have migration files in correct format" name="Entity Model Structure Migration System Structure should have migration files in correct format" time="0.003">
    </testcase>
    <testcase classname="Entity Model Structure Migration System Structure migration files should follow naming convention" name="Entity Model Structure Migration System Structure migration files should follow naming convention" time="0">
    </testcase>
    <testcase classname="Entity Model Structure Entity Model Service Structure should have EntityModelService class" name="Entity Model Structure Entity Model Service Structure should have EntityModelService class" time="0.001">
    </testcase>
    <testcase classname="Entity Model Structure Entity Model Service Structure should have required service methods" name="Entity Model Structure Entity Model Service Structure should have required service methods" time="0">
    </testcase>
    <testcase classname="Entity Model Structure Migration Scripts should have migration CLI script" name="Entity Model Structure Migration Scripts should have migration CLI script" time="0.001">
    </testcase>
    <testcase classname="Entity Model Structure Migration Scripts should have npm script commands" name="Entity Model Structure Migration Scripts should have npm script commands" time="0">
    </testcase>
    <testcase classname="Entity Model Structure Migration Content Validation initial migration should have comprehensive constraints" name="Entity Model Structure Migration Content Validation initial migration should have comprehensive constraints" time="0.001">
    </testcase>
    <testcase classname="Entity Model Structure Migration Content Validation specialization migration should have type-specific constraints" name="Entity Model Structure Migration Content Validation specialization migration should have type-specific constraints" time="0">
    </testcase>
    <testcase classname="Entity Model Structure Entity Model Constants and Types should define entity types from GraphQL schema file" name="Entity Model Structure Entity Model Constants and Types should define entity types from GraphQL schema file" time="0">
    </testcase>
    <testcase classname="Entity Model Structure Entity Model Constants and Types should define relationship types from GraphQL schema file" name="Entity Model Structure Entity Model Constants and Types should define relationship types from GraphQL schema file" time="0">
    </testcase>
    <testcase classname="Entity Model Structure Database Configuration Integration should integrate migration system with database config" name="Entity Model Structure Database Configuration Integration should integrate migration system with database config" time="0.001">
    </testcase>
  </testsuite>
  <testsuite name="Docker Security Configuration" errors="0" failures="0" skipped="0" timestamp="2025-08-14T19:30:24" time="0.02" tests="14">
    <testcase classname="Docker Security Configuration Dockerfile Security Dockerfile.secure should implement security best practices" name="Docker Security Configuration Dockerfile Security Dockerfile.secure should implement security best practices" time="0.001">
    </testcase>
    <testcase classname="Docker Security Configuration Dockerfile Security production Dockerfile should be secure" name="Docker Security Configuration Dockerfile Security production Dockerfile should be secure" time="0">
    </testcase>
    <testcase classname="Docker Security Configuration Docker Compose Security docker-compose.secure.yml should implement security hardening" name="Docker Security Configuration Docker Compose Security docker-compose.secure.yml should implement security hardening" time="0">
    </testcase>
    <testcase classname="Docker Security Configuration Docker Compose Security volumes should have security mount options" name="Docker Security Configuration Docker Compose Security volumes should have security mount options" time="0.001">
    </testcase>
    <testcase classname="Docker Security Configuration Nginx Security Configuration nginx-secure.conf should implement security headers" name="Docker Security Configuration Nginx Security Configuration nginx-secure.conf should implement security headers" time="0">
    </testcase>
    <testcase classname="Docker Security Configuration Nginx Security Configuration security-headers.conf should have comprehensive headers" name="Docker Security Configuration Nginx Security Configuration security-headers.conf should have comprehensive headers" time="0.001">
    </testcase>
    <testcase classname="Docker Security Configuration Falco Security Rules Falco rules should monitor IntelGraph containers" name="Docker Security Configuration Falco Security Rules Falco rules should monitor IntelGraph containers" time="0.001">
    </testcase>
    <testcase classname="Docker Security Configuration Security Scripts docker-security-audit.sh should be executable and comprehensive" name="Docker Security Configuration Security Scripts docker-security-audit.sh should be executable and comprehensive" time="0">
    </testcase>
    <testcase classname="Docker Security Configuration Security Scripts generate-secrets.sh should create secure secrets" name="Docker Security Configuration Security Scripts generate-secrets.sh should create secure secrets" time="0.001">
    </testcase>
    <testcase classname="Docker Security Configuration Package.json Security Scripts should have Docker security npm scripts" name="Docker Security Configuration Package.json Security Scripts should have Docker security npm scripts" time="0">
    </testcase>
    <testcase classname="Docker Security Configuration Security Best Practices should use secure secrets management in secure configurations" name="Docker Security Configuration Security Best Practices should use secure secrets management in secure configurations" time="0.001">
    </testcase>
    <testcase classname="Docker Security Configuration Security Best Practices should have proper .dockerignore" name="Docker Security Configuration Security Best Practices should have proper .dockerignore" time="0">
    </testcase>
    <testcase classname="Docker Security Configuration Security Best Practices should use proper file structure for security" name="Docker Security Configuration Security Best Practices should use proper file structure for security" time="0">
    </testcase>
    <testcase classname="Docker Security Configuration Security Documentation should have security documentation" name="Docker Security Configuration Security Documentation should have security documentation" time="0">
    </testcase>
  </testsuite>
  <testsuite name="Notification Service - P1 Priority" errors="0" failures="0" skipped="0" timestamp="2025-08-14T19:30:24" time="0.015" tests="9">
    <testcase classname="Notification Service - P1 Priority Notification Templates should initialize all required notification templates" name="Notification Service - P1 Priority Notification Templates should initialize all required notification templates" time="0.001">
    </testcase>
    <testcase classname="Notification Service - P1 Priority Notification Templates should configure template priorities correctly" name="Notification Service - P1 Priority Notification Templates should configure template priorities correctly" time="0">
    </testcase>
    <testcase classname="Notification Service - P1 Priority Notification Creation and Delivery should create and send notifications successfully" name="Notification Service - P1 Priority Notification Creation and Delivery should create and send notifications successfully" time="0">
    </testcase>
    <testcase classname="Notification Service - P1 Priority Notification Creation and Delivery should handle multiple delivery channels" name="Notification Service - P1 Priority Notification Creation and Delivery should handle multiple delivery channels" time="0.001">
    </testcase>
    <testcase classname="Notification Service - P1 Priority Notification Creation and Delivery should validate notification data before sending" name="Notification Service - P1 Priority Notification Creation and Delivery should validate notification data before sending" time="0">
    </testcase>
    <testcase classname="Notification Service - P1 Priority Notification Creation and Delivery should handle delivery failures gracefully" name="Notification Service - P1 Priority Notification Creation and Delivery should handle delivery failures gracefully" time="0">
    </testcase>
    <testcase classname="Notification Service - P1 Priority WebSocket Real-time Delivery should deliver websocket notifications in real-time" name="Notification Service - P1 Priority WebSocket Real-time Delivery should deliver websocket notifications in real-time" time="0">
    </testcase>
    <testcase classname="Notification Service - P1 Priority WebSocket Real-time Delivery should broadcast to investigation rooms" name="Notification Service - P1 Priority WebSocket Real-time Delivery should broadcast to investigation rooms" time="0">
    </testcase>
    <testcase classname="Notification Service - P1 Priority WebSocket Real-time Delivery should handle user presence checking" name="Notification Service - P1 Priority WebSocket Real-time Delivery should handle user presence checking" time="0">
    </testcase>
  </testsuite>
  <testsuite name="AI Extraction Service - P0 Critical MVP1" errors="0" failures="4" skipped="0" timestamp="2025-08-14T19:29:11" time="77.591" tests="24">
    <testcase classname="AI Extraction Service - P0 Critical MVP1 Pipeline Initialization should initialize all required extraction pipelines" name="AI Extraction Service - P0 Critical MVP1 Pipeline Initialization should initialize all required extraction pipelines" time="0.001">
    </testcase>
    <testcase classname="AI Extraction Service - P0 Critical MVP1 Pipeline Initialization should configure pipeline capabilities correctly" name="AI Extraction Service - P0 Critical MVP1 Pipeline Initialization should configure pipeline capabilities correctly" time="0.001">
    </testcase>
    <testcase classname="AI Extraction Service - P0 Critical MVP1 Job Submission and Queue Management should queue extraction job successfully" name="AI Extraction Service - P0 Critical MVP1 Job Submission and Queue Management should queue extraction job successfully" time="0">
    </testcase>
    <testcase classname="AI Extraction Service - P0 Critical MVP1 Job Submission and Queue Management should handle concurrent job submissions" name="AI Extraction Service - P0 Critical MVP1 Job Submission and Queue Management should handle concurrent job submissions" time="0">
    </testcase>
    <testcase classname="AI Extraction Service - P0 Critical MVP1 Job Submission and Queue Management should enforce maximum concurrent jobs limit" name="AI Extraction Service - P0 Critical MVP1 Job Submission and Queue Management should enforce maximum concurrent jobs limit" time="0">
    </testcase>
    <testcase classname="AI Extraction Service - P0 Critical MVP1 Text Processing Pipelines should extract entities from text using spaCy pipeline" name="AI Extraction Service - P0 Critical MVP1 Text Processing Pipelines should extract entities from text using spaCy pipeline" time="0.502">
    </testcase>
    <testcase classname="AI Extraction Service - P0 Critical MVP1 Text Processing Pipelines should extract entities using Transformers pipeline" name="AI Extraction Service - P0 Critical MVP1 Text Processing Pipelines should extract entities using Transformers pipeline" time="2.002">
    </testcase>
    <testcase classname="AI Extraction Service - P0 Critical MVP1 Computer Vision Pipeline should extract entities from images" name="AI Extraction Service - P0 Critical MVP1 Computer Vision Pipeline should extract entities from images" time="3.001">
    </testcase>
    <testcase classname="AI Extraction Service - P0 Critical MVP1 Computer Vision Pipeline should detect vehicles in images" name="AI Extraction Service - P0 Critical MVP1 Computer Vision Pipeline should detect vehicles in images" time="3.002">
    </testcase>
    <testcase classname="AI Extraction Service - P0 Critical MVP1 OCR Pipeline should extract text and entities from images using OCR" name="AI Extraction Service - P0 Critical MVP1 OCR Pipeline should extract text and entities from images using OCR" time="4.002">
    </testcase>
    <testcase classname="AI Extraction Service - P0 Critical MVP1 Speech-to-Text Pipeline should extract entities from audio transcription" name="AI Extraction Service - P0 Critical MVP1 Speech-to-Text Pipeline should extract entities from audio transcription" time="8.002">
    </testcase>
    <testcase classname="AI Extraction Service - P0 Critical MVP1 Hybrid AI Pipeline should combine multiple extraction methods" name="AI Extraction Service - P0 Critical MVP1 Hybrid AI Pipeline should combine multiple extraction methods" time="21.005">
    </testcase>
    <testcase classname="AI Extraction Service - P0 Critical MVP1 Hybrid AI Pipeline should boost confidence for consensus entities" name="AI Extraction Service - P0 Critical MVP1 Hybrid AI Pipeline should boost confidence for consensus entities" time="0.001">
    </testcase>
    <testcase classname="AI Extraction Service - P0 Critical MVP1 Processing Loop and Job Execution should execute extraction job with proper lifecycle" name="AI Extraction Service - P0 Critical MVP1 Processing Loop and Job Execution should execute extraction job with proper lifecycle" time="30.004">
      <failure>Error: thrown: &quot;Exceeded timeout of 30000 ms for a test.
Add a timeout value to this test to increase the timeout, if this is a long-running test. See https://jestjs.io/docs/api#testname-fn-timeout.&quot;
    at test (/Users/brianlong/Documents/GitHub/intelgraph/server/src/tests/aiExtraction.test.js:293:5)
    at _dispatchDescribe (/Users/brianlong/Documents/GitHub/intelgraph/server/node_modules/jest-circus/build/index.js:91:26)
    at describe (/Users/brianlong/Documents/GitHub/intelgraph/server/node_modules/jest-circus/build/index.js:55:5)
    at describe (/Users/brianlong/Documents/GitHub/intelgraph/server/src/tests/aiExtraction.test.js:292:3)
    at _dispatchDescribe (/Users/brianlong/Documents/GitHub/intelgraph/server/node_modules/jest-circus/build/index.js:91:26)
    at describe (/Users/brianlong/Documents/GitHub/intelgraph/server/node_modules/jest-circus/build/index.js:55:5)
    at Object.describe (/Users/brianlong/Documents/GitHub/intelgraph/server/src/tests/aiExtraction.test.js:8:1)
    at Runtime._execModule (/Users/brianlong/Documents/GitHub/intelgraph/server/node_modules/jest-runtime/build/index.js:1439:24)
    at Runtime._loadModule (/Users/brianlong/Documents/GitHub/intelgraph/server/node_modules/jest-runtime/build/index.js:1022:12)
    at Runtime.requireModule (/Users/brianlong/Documents/GitHub/intelgraph/server/node_modules/jest-runtime/build/index.js:882:12)
    at jestAdapter (/Users/brianlong/Documents/GitHub/intelgraph/server/node_modules/jest-circus/build/legacy-code-todo-rewrite/jestAdapter.js:77:13)
    at processTicksAndRejections (node:internal/process/task_queues:105:5)
    at runTestInternal (/Users/brianlong/Documents/GitHub/intelgraph/server/node_modules/jest-runner/build/runTest.js:367:16)
    at runTest (/Users/brianlong/Documents/GitHub/intelgraph/server/node_modules/jest-runner/build/runTest.js:444:34)
    at Object.worker (/Users/brianlong/Documents/GitHub/intelgraph/server/node_modules/jest-runner/build/testWorker.js:106:12)</failure>
    </testcase>
    <testcase classname="AI Extraction Service - P0 Critical MVP1 Processing Loop and Job Execution should handle job failures gracefully" name="AI Extraction Service - P0 Critical MVP1 Processing Loop and Job Execution should handle job failures gracefully" time="2.002">
      <failure>TypeError: Cannot read properties of null (reading &apos;status&apos;)
    at Object.status (/Users/brianlong/Documents/GitHub/intelgraph/server/src/tests/aiExtraction.test.js:351:24)</failure>
    </testcase>
    <testcase classname="AI Extraction Service - P0 Critical MVP1 Performance Metrics should track extraction metrics accurately" name="AI Extraction Service - P0 Critical MVP1 Performance Metrics should track extraction metrics accurately" time="1.503">
    </testcase>
    <testcase classname="AI Extraction Service - P0 Critical MVP1 Performance Metrics should calculate success rate correctly" name="AI Extraction Service - P0 Critical MVP1 Performance Metrics should calculate success rate correctly" time="0">
    </testcase>
    <testcase classname="AI Extraction Service - P0 Critical MVP1 Performance Metrics should track entities and relationships extracted" name="AI Extraction Service - P0 Critical MVP1 Performance Metrics should track entities and relationships extracted" time="0">
    </testcase>
    <testcase classname="AI Extraction Service - P0 Critical MVP1 Entity Similarity and Fusion should identify similar entities correctly" name="AI Extraction Service - P0 Critical MVP1 Entity Similarity and Fusion should identify similar entities correctly" time="0">
    </testcase>
    <testcase classname="AI Extraction Service - P0 Critical MVP1 Entity Similarity and Fusion should calculate string similarity accurately" name="AI Extraction Service - P0 Critical MVP1 Entity Similarity and Fusion should calculate string similarity accurately" time="0.001">
    </testcase>
    <testcase classname="AI Extraction Service - P0 Critical MVP1 Entity Similarity and Fusion should group similar entities for fusion" name="AI Extraction Service - P0 Critical MVP1 Entity Similarity and Fusion should group similar entities for fusion" time="0">
    </testcase>
    <testcase classname="AI Extraction Service - P0 Critical MVP1 Error Handling and Validation should validate extraction methods" name="AI Extraction Service - P0 Critical MVP1 Error Handling and Validation should validate extraction methods" time="0.001">
      <failure>Error: expect(received).toContain(expected) // indexOf

Expected value: &quot;Unknown extraction method: NONEXISTENT_METHOD&quot;
Received array: []
    at Object.toContain (/Users/brianlong/Documents/GitHub/intelgraph/server/src/tests/aiExtraction.test.js:431:28)
    at runNextTicks (node:internal/process/task_queues:65:5)
    at processTimers (node:internal/timers:540:9)</failure>
    </testcase>
    <testcase classname="AI Extraction Service - P0 Critical MVP1 Error Handling and Validation should handle media source not found" name="AI Extraction Service - P0 Critical MVP1 Error Handling and Validation should handle media source not found" time="1.001">
      <failure>TypeError: Cannot read properties of null (reading &apos;status&apos;)
    at Object.status (/Users/brianlong/Documents/GitHub/intelgraph/server/src/tests/aiExtraction.test.js:449:24)</failure>
    </testcase>
    <testcase classname="AI Extraction Service - P0 Critical MVP1 Event Emission should emit job lifecycle events" name="AI Extraction Service - P0 Critical MVP1 Event Emission should emit job lifecycle events" time="1.503">
    </testcase>
  </testsuite>
  <testsuite name="AI Extraction Service - P0 Critical MVP1" errors="0" failures="4" skipped="0" timestamp="2025-08-14T19:29:21" time="77.606" tests="24">
    <testcase classname="AI Extraction Service - P0 Critical MVP1 Pipeline Initialization should initialize all required extraction pipelines" name="AI Extraction Service - P0 Critical MVP1 Pipeline Initialization should initialize all required extraction pipelines" time="0.002">
    </testcase>
    <testcase classname="AI Extraction Service - P0 Critical MVP1 Pipeline Initialization should configure pipeline capabilities correctly" name="AI Extraction Service - P0 Critical MVP1 Pipeline Initialization should configure pipeline capabilities correctly" time="0">
    </testcase>
    <testcase classname="AI Extraction Service - P0 Critical MVP1 Job Submission and Queue Management should queue extraction job successfully" name="AI Extraction Service - P0 Critical MVP1 Job Submission and Queue Management should queue extraction job successfully" time="0.001">
    </testcase>
    <testcase classname="AI Extraction Service - P0 Critical MVP1 Job Submission and Queue Management should handle concurrent job submissions" name="AI Extraction Service - P0 Critical MVP1 Job Submission and Queue Management should handle concurrent job submissions" time="0">
    </testcase>
    <testcase classname="AI Extraction Service - P0 Critical MVP1 Job Submission and Queue Management should enforce maximum concurrent jobs limit" name="AI Extraction Service - P0 Critical MVP1 Job Submission and Queue Management should enforce maximum concurrent jobs limit" time="0">
    </testcase>
    <testcase classname="AI Extraction Service - P0 Critical MVP1 Text Processing Pipelines should extract entities from text using spaCy pipeline" name="AI Extraction Service - P0 Critical MVP1 Text Processing Pipelines should extract entities from text using spaCy pipeline" time="0.502">
    </testcase>
    <testcase classname="AI Extraction Service - P0 Critical MVP1 Text Processing Pipelines should extract entities using Transformers pipeline" name="AI Extraction Service - P0 Critical MVP1 Text Processing Pipelines should extract entities using Transformers pipeline" time="2.003">
    </testcase>
    <testcase classname="AI Extraction Service - P0 Critical MVP1 Computer Vision Pipeline should extract entities from images" name="AI Extraction Service - P0 Critical MVP1 Computer Vision Pipeline should extract entities from images" time="3.003">
    </testcase>
    <testcase classname="AI Extraction Service - P0 Critical MVP1 Computer Vision Pipeline should detect vehicles in images" name="AI Extraction Service - P0 Critical MVP1 Computer Vision Pipeline should detect vehicles in images" time="3.003">
    </testcase>
    <testcase classname="AI Extraction Service - P0 Critical MVP1 OCR Pipeline should extract text and entities from images using OCR" name="AI Extraction Service - P0 Critical MVP1 OCR Pipeline should extract text and entities from images using OCR" time="4.004">
    </testcase>
    <testcase classname="AI Extraction Service - P0 Critical MVP1 Speech-to-Text Pipeline should extract entities from audio transcription" name="AI Extraction Service - P0 Critical MVP1 Speech-to-Text Pipeline should extract entities from audio transcription" time="8.002">
    </testcase>
    <testcase classname="AI Extraction Service - P0 Critical MVP1 Hybrid AI Pipeline should combine multiple extraction methods" name="AI Extraction Service - P0 Critical MVP1 Hybrid AI Pipeline should combine multiple extraction methods" time="21.005">
    </testcase>
    <testcase classname="AI Extraction Service - P0 Critical MVP1 Hybrid AI Pipeline should boost confidence for consensus entities" name="AI Extraction Service - P0 Critical MVP1 Hybrid AI Pipeline should boost confidence for consensus entities" time="0.001">
    </testcase>
    <testcase classname="AI Extraction Service - P0 Critical MVP1 Processing Loop and Job Execution should execute extraction job with proper lifecycle" name="AI Extraction Service - P0 Critical MVP1 Processing Loop and Job Execution should execute extraction job with proper lifecycle" time="30.003">
      <failure>Error: thrown: &quot;Exceeded timeout of 30000 ms for a test.
Add a timeout value to this test to increase the timeout, if this is a long-running test. See https://jestjs.io/docs/api#testname-fn-timeout.&quot;
    at test (/Users/brianlong/Documents/GitHub/intelgraph/server/src/tests/aiExtraction.test.js:293:5)
    at _dispatchDescribe (/Users/brianlong/Documents/GitHub/intelgraph/server/node_modules/jest-circus/build/index.js:91:26)
    at describe (/Users/brianlong/Documents/GitHub/intelgraph/server/node_modules/jest-circus/build/index.js:55:5)
    at describe (/Users/brianlong/Documents/GitHub/intelgraph/server/src/tests/aiExtraction.test.js:292:3)
    at _dispatchDescribe (/Users/brianlong/Documents/GitHub/intelgraph/server/node_modules/jest-circus/build/index.js:91:26)
    at describe (/Users/brianlong/Documents/GitHub/intelgraph/server/node_modules/jest-circus/build/index.js:55:5)
    at Object.describe (/Users/brianlong/Documents/GitHub/intelgraph/server/src/tests/aiExtraction.test.js:8:1)
    at Runtime._execModule (/Users/brianlong/Documents/GitHub/intelgraph/server/node_modules/jest-runtime/build/index.js:1439:24)
    at Runtime._loadModule (/Users/brianlong/Documents/GitHub/intelgraph/server/node_modules/jest-runtime/build/index.js:1022:12)
    at Runtime.requireModule (/Users/brianlong/Documents/GitHub/intelgraph/server/node_modules/jest-runtime/build/index.js:882:12)
    at jestAdapter (/Users/brianlong/Documents/GitHub/intelgraph/server/node_modules/jest-circus/build/legacy-code-todo-rewrite/jestAdapter.js:77:13)
    at processTicksAndRejections (node:internal/process/task_queues:105:5)
    at runTestInternal (/Users/brianlong/Documents/GitHub/intelgraph/server/node_modules/jest-runner/build/runTest.js:367:16)
    at runTest (/Users/brianlong/Documents/GitHub/intelgraph/server/node_modules/jest-runner/build/runTest.js:444:34)
    at Object.worker (/Users/brianlong/Documents/GitHub/intelgraph/server/node_modules/jest-runner/build/testWorker.js:106:12)</failure>
    </testcase>
    <testcase classname="AI Extraction Service - P0 Critical MVP1 Processing Loop and Job Execution should handle job failures gracefully" name="AI Extraction Service - P0 Critical MVP1 Processing Loop and Job Execution should handle job failures gracefully" time="2.001">
      <failure>TypeError: Cannot read properties of null (reading &apos;status&apos;)
    at Object.status (/Users/brianlong/Documents/GitHub/intelgraph/server/src/tests/aiExtraction.test.js:351:24)</failure>
    </testcase>
    <testcase classname="AI Extraction Service - P0 Critical MVP1 Performance Metrics should track extraction metrics accurately" name="AI Extraction Service - P0 Critical MVP1 Performance Metrics should track extraction metrics accurately" time="1.504">
    </testcase>
    <testcase classname="AI Extraction Service - P0 Critical MVP1 Performance Metrics should calculate success rate correctly" name="AI Extraction Service - P0 Critical MVP1 Performance Metrics should calculate success rate correctly" time="0.001">
    </testcase>
    <testcase classname="AI Extraction Service - P0 Critical MVP1 Performance Metrics should track entities and relationships extracted" name="AI Extraction Service - P0 Critical MVP1 Performance Metrics should track entities and relationships extracted" time="0">
    </testcase>
    <testcase classname="AI Extraction Service - P0 Critical MVP1 Entity Similarity and Fusion should identify similar entities correctly" name="AI Extraction Service - P0 Critical MVP1 Entity Similarity and Fusion should identify similar entities correctly" time="0.001">
    </testcase>
    <testcase classname="AI Extraction Service - P0 Critical MVP1 Entity Similarity and Fusion should calculate string similarity accurately" name="AI Extraction Service - P0 Critical MVP1 Entity Similarity and Fusion should calculate string similarity accurately" time="0.001">
    </testcase>
    <testcase classname="AI Extraction Service - P0 Critical MVP1 Entity Similarity and Fusion should group similar entities for fusion" name="AI Extraction Service - P0 Critical MVP1 Entity Similarity and Fusion should group similar entities for fusion" time="0.001">
    </testcase>
    <testcase classname="AI Extraction Service - P0 Critical MVP1 Error Handling and Validation should validate extraction methods" name="AI Extraction Service - P0 Critical MVP1 Error Handling and Validation should validate extraction methods" time="0.002">
      <failure>Error: expect(received).toContain(expected) // indexOf

Expected value: &quot;Unknown extraction method: NONEXISTENT_METHOD&quot;
Received array: []
    at Object.toContain (/Users/brianlong/Documents/GitHub/intelgraph/server/src/tests/aiExtraction.test.js:431:28)
    at runNextTicks (node:internal/process/task_queues:65:5)
    at processTimers (node:internal/timers:540:9)</failure>
    </testcase>
    <testcase classname="AI Extraction Service - P0 Critical MVP1 Error Handling and Validation should handle media source not found" name="AI Extraction Service - P0 Critical MVP1 Error Handling and Validation should handle media source not found" time="1.001">
      <failure>TypeError: Cannot read properties of null (reading &apos;status&apos;)
    at Object.status (/Users/brianlong/Documents/GitHub/intelgraph/server/src/tests/aiExtraction.test.js:449:24)</failure>
    </testcase>
    <testcase classname="AI Extraction Service - P0 Critical MVP1 Event Emission should emit job lifecycle events" name="AI Extraction Service - P0 Critical MVP1 Event Emission should emit job lifecycle events" time="1.503">
    </testcase>
  </testsuite>
</testsuites>